{"D:\\02_Work\\external_repo\\kokomaya\\LLPlayer\\aurora-player\\packages\\plugins\\src\\plugin.ts": {"path":"D:\\02_Work\\external_repo\\kokomaya\\LLPlayer\\aurora-player\\packages\\plugins\\src\\plugin.ts","all":true,"statementMap":{},"s":{},"branchMap":{"0":{"type":"branch","line":1,"loc":{"start":{"line":1,"column":2968},"end":{"line":66,"column":1}},"locations":[{"start":{"line":1,"column":2968},"end":{"line":66,"column":1}}]}},"b":{"0":[1]},"fnMap":{"0":{"name":"(empty-report)","decl":{"start":{"line":1,"column":2968},"end":{"line":66,"column":1}},"loc":{"start":{"line":1,"column":2968},"end":{"line":66,"column":1}},"line":1}},"f":{"0":1}}
,"D:\\02_Work\\external_repo\\kokomaya\\LLPlayer\\aurora-player\\packages\\plugins\\src\\registry.ts": {"path":"D:\\02_Work\\external_repo\\kokomaya\\LLPlayer\\aurora-player\\packages\\plugins\\src\\registry.ts","all":false,"statementMap":{"0":{"start":{"line":1,"column":0},"end":{"line":1,"column":58}},"52":{"start":{"line":53,"column":0},"end":{"line":53,"column":29}},"53":{"start":{"line":54,"column":0},"end":{"line":54,"column":35}},"54":{"start":{"line":55,"column":0},"end":{"line":55,"column":56}},"55":{"start":{"line":56,"column":0},"end":{"line":56,"column":40}},"56":{"start":{"line":57,"column":0},"end":{"line":57,"column":50}},"57":{"start":{"line":58,"column":0},"end":{"line":58,"column":46}},"58":{"start":{"line":59,"column":0},"end":{"line":59,"column":53}},"60":{"start":{"line":61,"column":0},"end":{"line":61,"column":46}},"61":{"start":{"line":62,"column":0},"end":{"line":62,"column":55}},"62":{"start":{"line":63,"column":0},"end":{"line":63,"column":36}},"63":{"start":{"line":64,"column":0},"end":{"line":64,"column":3}},"66":{"start":{"line":67,"column":0},"end":{"line":67,"column":34}},"67":{"start":{"line":68,"column":0},"end":{"line":68,"column":31}},"68":{"start":{"line":69,"column":0},"end":{"line":69,"column":16}},"69":{"start":{"line":70,"column":0},"end":{"line":70,"column":3}},"72":{"start":{"line":73,"column":0},"end":{"line":73,"column":33}},"73":{"start":{"line":74,"column":0},"end":{"line":74,"column":25}},"74":{"start":{"line":75,"column":0},"end":{"line":75,"column":3}},"77":{"start":{"line":78,"column":0},"end":{"line":78,"column":50}},"78":{"start":{"line":79,"column":0},"end":{"line":79,"column":76}},"79":{"start":{"line":80,"column":0},"end":{"line":80,"column":3}},"81":{"start":{"line":82,"column":0},"end":{"line":82,"column":53}},"82":{"start":{"line":83,"column":0},"end":{"line":83,"column":35}},"83":{"start":{"line":84,"column":0},"end":{"line":84,"column":3}},"85":{"start":{"line":86,"column":0},"end":{"line":86,"column":37}},"86":{"start":{"line":87,"column":0},"end":{"line":87,"column":27}},"87":{"start":{"line":88,"column":0},"end":{"line":88,"column":3}},"89":{"start":{"line":90,"column":0},"end":{"line":90,"column":47}},"90":{"start":{"line":91,"column":0},"end":{"line":91,"column":32}},"91":{"start":{"line":92,"column":0},"end":{"line":92,"column":3}},"106":{"start":{"line":107,"column":0},"end":{"line":107,"column":20}},"107":{"start":{"line":108,"column":0},"end":{"line":108,"column":35}},"108":{"start":{"line":109,"column":0},"end":{"line":109,"column":32}},"109":{"start":{"line":110,"column":0},"end":{"line":110,"column":46}},"110":{"start":{"line":111,"column":0},"end":{"line":111,"column":35}},"111":{"start":{"line":112,"column":0},"end":{"line":112,"column":45}},"112":{"start":{"line":113,"column":0},"end":{"line":113,"column":41}},"114":{"start":{"line":115,"column":0},"end":{"line":115,"column":41}},"115":{"start":{"line":116,"column":0},"end":{"line":116,"column":83}},"116":{"start":{"line":117,"column":0},"end":{"line":117,"column":69}},"117":{"start":{"line":118,"column":0},"end":{"line":118,"column":54}},"118":{"start":{"line":119,"column":0},"end":{"line":119,"column":81}},"119":{"start":{"line":120,"column":0},"end":{"line":120,"column":17}},"120":{"start":{"line":121,"column":0},"end":{"line":121,"column":7}},"121":{"start":{"line":122,"column":0},"end":{"line":122,"column":48}},"122":{"start":{"line":123,"column":0},"end":{"line":123,"column":40}},"123":{"start":{"line":124,"column":0},"end":{"line":124,"column":45}},"124":{"start":{"line":125,"column":0},"end":{"line":125,"column":34}},"125":{"start":{"line":126,"column":0},"end":{"line":126,"column":59}},"126":{"start":{"line":127,"column":0},"end":{"line":127,"column":51}},"127":{"start":{"line":128,"column":0},"end":{"line":128,"column":58}},"128":{"start":{"line":129,"column":0},"end":{"line":129,"column":56}},"129":{"start":{"line":130,"column":0},"end":{"line":130,"column":8}},"130":{"start":{"line":131,"column":0},"end":{"line":131,"column":11}},"131":{"start":{"line":132,"column":0},"end":{"line":132,"column":35}},"132":{"start":{"line":133,"column":0},"end":{"line":133,"column":51}},"133":{"start":{"line":134,"column":0},"end":{"line":134,"column":43}},"134":{"start":{"line":135,"column":0},"end":{"line":135,"column":48}},"135":{"start":{"line":136,"column":0},"end":{"line":136,"column":34}},"136":{"start":{"line":137,"column":0},"end":{"line":137,"column":23}},"137":{"start":{"line":138,"column":0},"end":{"line":138,"column":80}},"138":{"start":{"line":139,"column":0},"end":{"line":139,"column":54}},"139":{"start":{"line":140,"column":0},"end":{"line":140,"column":73}},"140":{"start":{"line":141,"column":0},"end":{"line":141,"column":7}},"141":{"start":{"line":142,"column":0},"end":{"line":142,"column":5}},"143":{"start":{"line":144,"column":0},"end":{"line":144,"column":44}},"144":{"start":{"line":145,"column":0},"end":{"line":145,"column":3}},"145":{"start":{"line":146,"column":0},"end":{"line":146,"column":1}}},"s":{"0":1,"52":1,"53":8,"54":8,"55":8,"56":8,"57":8,"58":8,"60":8,"61":8,"62":8,"63":8,"66":8,"67":15,"68":15,"69":15,"72":8,"73":1,"74":1,"77":8,"78":2,"79":2,"81":8,"82":3,"83":3,"85":8,"86":3,"87":3,"89":8,"90":3,"91":3,"106":8,"107":7,"108":7,"109":7,"110":7,"111":7,"112":7,"114":7,"115":13,"116":2,"117":2,"118":2,"119":2,"120":2,"121":11,"122":11,"123":11,"124":11,"125":11,"126":11,"127":11,"128":11,"129":11,"130":11,"131":11,"132":9,"133":9,"134":9,"135":9,"136":13,"137":2,"138":2,"139":2,"140":2,"141":13,"143":7,"144":7,"145":8},"branchMap":{"0":{"type":"branch","line":53,"loc":{"start":{"line":53,"column":7},"end":{"line":146,"column":1}},"locations":[{"start":{"line":53,"column":7},"end":{"line":146,"column":1}}]},"1":{"type":"branch","line":61,"loc":{"start":{"line":61,"column":2},"end":{"line":64,"column":3}},"locations":[{"start":{"line":61,"column":2},"end":{"line":64,"column":3}}]},"2":{"type":"branch","line":62,"loc":{"start":{"line":62,"column":27},"end":{"line":62,"column":55}},"locations":[{"start":{"line":62,"column":27},"end":{"line":62,"column":55}}]},"3":{"type":"branch","line":62,"loc":{"start":{"line":62,"column":38},"end":{"line":62,"column":55}},"locations":[{"start":{"line":62,"column":38},"end":{"line":62,"column":55}}]},"4":{"type":"branch","line":67,"loc":{"start":{"line":67,"column":2},"end":{"line":70,"column":3}},"locations":[{"start":{"line":67,"column":2},"end":{"line":70,"column":3}}]},"5":{"type":"branch","line":73,"loc":{"start":{"line":73,"column":2},"end":{"line":75,"column":3}},"locations":[{"start":{"line":73,"column":2},"end":{"line":75,"column":3}}]},"6":{"type":"branch","line":78,"loc":{"start":{"line":78,"column":2},"end":{"line":80,"column":3}},"locations":[{"start":{"line":78,"column":2},"end":{"line":80,"column":3}}]},"7":{"type":"branch","line":79,"loc":{"start":{"line":79,"column":32},"end":{"line":79,"column":74}},"locations":[{"start":{"line":79,"column":32},"end":{"line":79,"column":74}}]},"8":{"type":"branch","line":82,"loc":{"start":{"line":82,"column":2},"end":{"line":84,"column":3}},"locations":[{"start":{"line":82,"column":2},"end":{"line":84,"column":3}}]},"9":{"type":"branch","line":86,"loc":{"start":{"line":86,"column":2},"end":{"line":88,"column":3}},"locations":[{"start":{"line":86,"column":2},"end":{"line":88,"column":3}}]},"10":{"type":"branch","line":90,"loc":{"start":{"line":90,"column":2},"end":{"line":92,"column":3}},"locations":[{"start":{"line":90,"column":2},"end":{"line":92,"column":3}}]},"11":{"type":"branch","line":107,"loc":{"start":{"line":107,"column":2},"end":{"line":145,"column":3}},"locations":[{"start":{"line":107,"column":2},"end":{"line":145,"column":3}}]},"12":{"type":"branch","line":110,"loc":{"start":{"line":110,"column":20},"end":{"line":110,"column":46}},"locations":[{"start":{"line":110,"column":20},"end":{"line":110,"column":46}}]},"13":{"type":"branch","line":115,"loc":{"start":{"line":115,"column":40},"end":{"line":142,"column":5}},"locations":[{"start":{"line":115,"column":40},"end":{"line":142,"column":5}}]},"14":{"type":"branch","line":116,"loc":{"start":{"line":116,"column":22},"end":{"line":116,"column":82}},"locations":[{"start":{"line":116,"column":22},"end":{"line":116,"column":82}}]},"15":{"type":"branch","line":116,"loc":{"start":{"line":116,"column":82},"end":{"line":121,"column":7}},"locations":[{"start":{"line":116,"column":82},"end":{"line":121,"column":7}}]},"16":{"type":"branch","line":121,"loc":{"start":{"line":121,"column":6},"end":{"line":132,"column":35}},"locations":[{"start":{"line":121,"column":6},"end":{"line":132,"column":35}}]},"17":{"type":"branch","line":132,"loc":{"start":{"line":132,"column":33},"end":{"line":137,"column":15}},"locations":[{"start":{"line":132,"column":33},"end":{"line":137,"column":15}}]},"18":{"type":"branch","line":137,"loc":{"start":{"line":137,"column":6},"end":{"line":141,"column":7}},"locations":[{"start":{"line":137,"column":6},"end":{"line":141,"column":7}}]},"19":{"type":"branch","line":138,"loc":{"start":{"line":138,"column":47},"end":{"line":138,"column":80}},"locations":[{"start":{"line":138,"column":47},"end":{"line":138,"column":80}}]},"20":{"type":"branch","line":126,"loc":{"start":{"line":126,"column":34},"end":{"line":126,"column":59}},"locations":[{"start":{"line":126,"column":34},"end":{"line":126,"column":59}}]},"21":{"type":"branch","line":127,"loc":{"start":{"line":127,"column":26},"end":{"line":127,"column":51}},"locations":[{"start":{"line":127,"column":26},"end":{"line":127,"column":51}}]},"22":{"type":"branch","line":128,"loc":{"start":{"line":128,"column":31},"end":{"line":128,"column":58}},"locations":[{"start":{"line":128,"column":31},"end":{"line":128,"column":58}}]},"23":{"type":"branch","line":129,"loc":{"start":{"line":129,"column":13},"end":{"line":129,"column":56}},"locations":[{"start":{"line":129,"column":13},"end":{"line":129,"column":56}}]}},"b":{"0":[8],"1":[8],"2":[7],"3":[8],"4":[15],"5":[1],"6":[2],"7":[4],"8":[3],"9":[3],"10":[3],"11":[7],"12":[6],"13":[13],"14":[5],"15":[2],"16":[11],"17":[9],"18":[2],"19":[0],"20":[4],"21":[4],"22":[2],"23":[7]},"fnMap":{"0":{"name":"<instance_members_initializer>","decl":{"start":{"line":53,"column":7},"end":{"line":146,"column":1}},"loc":{"start":{"line":53,"column":7},"end":{"line":146,"column":1}},"line":53},"1":{"name":"PluginRegistry","decl":{"start":{"line":61,"column":2},"end":{"line":64,"column":3}},"loc":{"start":{"line":61,"column":2},"end":{"line":64,"column":3}},"line":61},"2":{"name":"PluginRegistry.#logger","decl":{"start":{"line":62,"column":38},"end":{"line":62,"column":55}},"loc":{"start":{"line":62,"column":38},"end":{"line":62,"column":55}},"line":62},"3":{"name":"register","decl":{"start":{"line":67,"column":2},"end":{"line":70,"column":3}},"loc":{"start":{"line":67,"column":2},"end":{"line":70,"column":3}},"line":67},"4":{"name":"discover","decl":{"start":{"line":73,"column":2},"end":{"line":75,"column":3}},"loc":{"start":{"line":73,"column":2},"end":{"line":75,"column":3}},"line":73},"5":{"name":"get","decl":{"start":{"line":78,"column":2},"end":{"line":80,"column":3}},"loc":{"start":{"line":78,"column":2},"end":{"line":80,"column":3}},"line":78},"6":{"name":"subtitleProviders","decl":{"start":{"line":82,"column":2},"end":{"line":84,"column":3}},"loc":{"start":{"line":82,"column":2},"end":{"line":84,"column":3}},"line":82},"7":{"name":"exporters","decl":{"start":{"line":86,"column":2},"end":{"line":88,"column":3}},"loc":{"start":{"line":86,"column":2},"end":{"line":88,"column":3}},"line":86},"8":{"name":"mediaImporters","decl":{"start":{"line":90,"column":2},"end":{"line":92,"column":3}},"loc":{"start":{"line":90,"column":2},"end":{"line":92,"column":3}},"line":90},"9":{"name":"activateAll","decl":{"start":{"line":107,"column":2},"end":{"line":145,"column":3}},"loc":{"start":{"line":107,"column":2},"end":{"line":145,"column":3}},"line":107},"10":{"name":"registerSubtitleProvider","decl":{"start":{"line":126,"column":34},"end":{"line":126,"column":59}},"loc":{"start":{"line":126,"column":34},"end":{"line":126,"column":59}},"line":126},"11":{"name":"registerExporter","decl":{"start":{"line":127,"column":26},"end":{"line":127,"column":51}},"loc":{"start":{"line":127,"column":26},"end":{"line":127,"column":51}},"line":127},"12":{"name":"registerMediaImporter","decl":{"start":{"line":128,"column":31},"end":{"line":128,"column":58}},"loc":{"start":{"line":128,"column":31},"end":{"line":128,"column":58}},"line":128},"13":{"name":"log","decl":{"start":{"line":129,"column":13},"end":{"line":129,"column":56}},"loc":{"start":{"line":129,"column":13},"end":{"line":129,"column":56}},"line":129}},"f":{"0":8,"1":8,"2":8,"3":15,"4":1,"5":2,"6":3,"7":3,"8":3,"9":7,"10":4,"11":4,"12":2,"13":7}}
,"D:\\02_Work\\external_repo\\kokomaya\\LLPlayer\\aurora-player\\packages\\plugins\\src\\distribution\\policy.ts": {"path":"D:\\02_Work\\external_repo\\kokomaya\\LLPlayer\\aurora-player\\packages\\plugins\\src\\distribution\\policy.ts","all":false,"statementMap":{"14":{"start":{"line":15,"column":0},"end":{"line":15,"column":63}},"30":{"start":{"line":31,"column":0},"end":{"line":31,"column":31}},"31":{"start":{"line":32,"column":0},"end":{"line":32,"column":37}},"32":{"start":{"line":33,"column":0},"end":{"line":33,"column":31}},"33":{"start":{"line":34,"column":0},"end":{"line":34,"column":15}},"34":{"start":{"line":35,"column":0},"end":{"line":35,"column":27}},"35":{"start":{"line":36,"column":0},"end":{"line":36,"column":16}},"36":{"start":{"line":37,"column":0},"end":{"line":37,"column":3}},"37":{"start":{"line":38,"column":0},"end":{"line":38,"column":6}},"38":{"start":{"line":39,"column":0},"end":{"line":39,"column":35}},"39":{"start":{"line":40,"column":0},"end":{"line":40,"column":46}},"40":{"start":{"line":41,"column":0},"end":{"line":41,"column":5}},"41":{"start":{"line":42,"column":0},"end":{"line":42,"column":17}},"42":{"start":{"line":43,"column":0},"end":{"line":43,"column":3}},"43":{"start":{"line":44,"column":0},"end":{"line":44,"column":33}},"44":{"start":{"line":45,"column":0},"end":{"line":45,"column":23}},"45":{"start":{"line":46,"column":0},"end":{"line":46,"column":53}},"46":{"start":{"line":47,"column":0},"end":{"line":47,"column":37}},"47":{"start":{"line":48,"column":0},"end":{"line":48,"column":22}},"48":{"start":{"line":49,"column":0},"end":{"line":49,"column":19}},"49":{"start":{"line":50,"column":0},"end":{"line":50,"column":5}},"50":{"start":{"line":51,"column":0},"end":{"line":51,"column":3}},"51":{"start":{"line":52,"column":0},"end":{"line":52,"column":14}},"52":{"start":{"line":53,"column":0},"end":{"line":53,"column":2}},"55":{"start":{"line":56,"column":0},"end":{"line":56,"column":32}},"56":{"start":{"line":57,"column":0},"end":{"line":57,"column":37}},"57":{"start":{"line":58,"column":0},"end":{"line":58,"column":31}},"58":{"start":{"line":59,"column":0},"end":{"line":59,"column":14}},"59":{"start":{"line":60,"column":0},"end":{"line":60,"column":84}},"60":{"start":{"line":61,"column":0},"end":{"line":61,"column":95}},"61":{"start":{"line":62,"column":0},"end":{"line":62,"column":3}},"62":{"start":{"line":63,"column":0},"end":{"line":63,"column":70}},"63":{"start":{"line":64,"column":0},"end":{"line":64,"column":2}},"66":{"start":{"line":67,"column":0},"end":{"line":67,"column":70}},"67":{"start":{"line":68,"column":0},"end":{"line":68,"column":68}},"68":{"start":{"line":69,"column":0},"end":{"line":69,"column":76}},"69":{"start":{"line":70,"column":0},"end":{"line":70,"column":78}}},"s":{"14":1,"30":1,"31":24,"32":24,"33":24,"34":24,"35":7,"36":7,"37":17,"38":17,"39":12,"40":24,"41":6,"42":6,"43":20,"44":10,"45":10,"46":3,"47":10,"48":2,"49":2,"50":10,"51":9,"52":9,"55":1,"56":4,"57":4,"58":4,"59":4,"60":3,"61":3,"62":1,"63":1,"66":1,"67":1,"68":1,"69":1},"branchMap":{"0":{"type":"branch","line":31,"loc":{"start":{"line":31,"column":30},"end":{"line":53,"column":2}},"locations":[{"start":{"line":31,"column":30},"end":{"line":53,"column":2}}]},"1":{"type":"branch","line":35,"loc":{"start":{"line":35,"column":26},"end":{"line":37,"column":3}},"locations":[{"start":{"line":35,"column":26},"end":{"line":37,"column":3}}]},"2":{"type":"branch","line":37,"loc":{"start":{"line":37,"column":2},"end":{"line":40,"column":46}},"locations":[{"start":{"line":37,"column":2},"end":{"line":40,"column":46}}]},"3":{"type":"branch","line":37,"loc":{"start":{"line":37,"column":2},"end":{"line":39,"column":35}},"locations":[{"start":{"line":37,"column":2},"end":{"line":39,"column":35}}]},"4":{"type":"branch","line":39,"loc":{"start":{"line":39,"column":23},"end":{"line":40,"column":46}},"locations":[{"start":{"line":39,"column":23},"end":{"line":40,"column":46}}]},"5":{"type":"branch","line":41,"loc":{"start":{"line":41,"column":4},"end":{"line":43,"column":3}},"locations":[{"start":{"line":41,"column":4},"end":{"line":43,"column":3}}]},"6":{"type":"branch","line":43,"loc":{"start":{"line":43,"column":2},"end":{"line":51,"column":3}},"locations":[{"start":{"line":43,"column":2},"end":{"line":51,"column":3}}]},"7":{"type":"branch","line":43,"loc":{"start":{"line":43,"column":2},"end":{"line":44,"column":32}},"locations":[{"start":{"line":43,"column":2},"end":{"line":44,"column":32}}]},"8":{"type":"branch","line":44,"loc":{"start":{"line":44,"column":32},"end":{"line":51,"column":3}},"locations":[{"start":{"line":44,"column":32},"end":{"line":51,"column":3}}]},"9":{"type":"branch","line":46,"loc":{"start":{"line":46,"column":49},"end":{"line":47,"column":37}},"locations":[{"start":{"line":46,"column":49},"end":{"line":47,"column":37}}]},"10":{"type":"branch","line":48,"loc":{"start":{"line":48,"column":21},"end":{"line":50,"column":5}},"locations":[{"start":{"line":48,"column":21},"end":{"line":50,"column":5}}]},"11":{"type":"branch","line":51,"loc":{"start":{"line":51,"column":2},"end":{"line":53,"column":2}},"locations":[{"start":{"line":51,"column":2},"end":{"line":53,"column":2}}]},"12":{"type":"branch","line":56,"loc":{"start":{"line":56,"column":31},"end":{"line":64,"column":2}},"locations":[{"start":{"line":56,"column":31},"end":{"line":64,"column":2}}]},"13":{"type":"branch","line":60,"loc":{"start":{"line":60,"column":26},"end":{"line":60,"column":83}},"locations":[{"start":{"line":60,"column":26},"end":{"line":60,"column":83}}]},"14":{"type":"branch","line":60,"loc":{"start":{"line":60,"column":83},"end":{"line":64,"column":2}},"locations":[{"start":{"line":60,"column":83},"end":{"line":64,"column":2}}]},"15":{"type":"branch","line":62,"loc":{"start":{"line":62,"column":2},"end":{"line":64,"column":2}},"locations":[{"start":{"line":62,"column":2},"end":{"line":64,"column":2}}]}},"b":{"0":[24],"1":[7],"2":[22],"3":[17],"4":[12],"5":[6],"6":[20],"7":[11],"8":[10],"9":[3],"10":[2],"11":[9],"12":[4],"13":[3],"14":[3],"15":[1]},"fnMap":{"0":{"name":"isAllowedUnder","decl":{"start":{"line":31,"column":30},"end":{"line":53,"column":2}},"loc":{"start":{"line":31,"column":30},"end":{"line":53,"column":2}},"line":31},"1":{"name":"exclusionReason","decl":{"start":{"line":56,"column":31},"end":{"line":64,"column":2}},"loc":{"start":{"line":56,"column":31},"end":{"line":64,"column":2}},"line":56}},"f":{"0":24,"1":4}}
,"D:\\02_Work\\external_repo\\kokomaya\\LLPlayer\\aurora-player\\packages\\plugins\\src\\exporter\\anki-exporter.ts": {"path":"D:\\02_Work\\external_repo\\kokomaya\\LLPlayer\\aurora-player\\packages\\plugins\\src\\exporter\\anki-exporter.ts","all":false,"statementMap":{"5":{"start":{"line":6,"column":0},"end":{"line":6,"column":81}},"14":{"start":{"line":15,"column":0},"end":{"line":15,"column":48}},"15":{"start":{"line":16,"column":0},"end":{"line":16,"column":23}},"16":{"start":{"line":17,"column":0},"end":{"line":17,"column":31}},"18":{"start":{"line":19,"column":0},"end":{"line":19,"column":38}},"19":{"start":{"line":20,"column":0},"end":{"line":20,"column":35}},"20":{"start":{"line":21,"column":0},"end":{"line":21,"column":63}},"21":{"start":{"line":22,"column":0},"end":{"line":22,"column":19}},"22":{"start":{"line":23,"column":0},"end":{"line":23,"column":37}},"23":{"start":{"line":24,"column":0},"end":{"line":24,"column":44}},"24":{"start":{"line":25,"column":0},"end":{"line":25,"column":45}},"25":{"start":{"line":26,"column":0},"end":{"line":26,"column":44}},"26":{"start":{"line":27,"column":0},"end":{"line":27,"column":9}},"27":{"start":{"line":28,"column":0},"end":{"line":28,"column":27}},"28":{"start":{"line":29,"column":0},"end":{"line":29,"column":3}},"29":{"start":{"line":30,"column":0},"end":{"line":30,"column":1}},"36":{"start":{"line":37,"column":0},"end":{"line":37,"column":51}},"37":{"start":{"line":38,"column":0},"end":{"line":38,"column":32}},"38":{"start":{"line":39,"column":0},"end":{"line":39,"column":29}},"39":{"start":{"line":40,"column":0},"end":{"line":40,"column":48}},"41":{"start":{"line":42,"column":0},"end":{"line":42,"column":38}},"42":{"start":{"line":43,"column":0},"end":{"line":43,"column":45}},"43":{"start":{"line":44,"column":0},"end":{"line":44,"column":44}},"44":{"start":{"line":45,"column":0},"end":{"line":45,"column":3}},"45":{"start":{"line":46,"column":0},"end":{"line":46,"column":1}}},"s":{"5":1,"14":1,"15":11,"16":11,"18":11,"19":7,"20":7,"21":7,"22":10,"23":10,"24":10,"25":10,"26":7,"27":7,"28":7,"29":11,"36":1,"37":4,"38":4,"39":4,"41":4,"42":3,"43":3,"44":3,"45":4},"branchMap":{"0":{"type":"branch","line":6,"loc":{"start":{"line":6,"column":14},"end":{"line":6,"column":81}},"locations":[{"start":{"line":6,"column":14},"end":{"line":6,"column":81}}]},"1":{"type":"branch","line":15,"loc":{"start":{"line":15,"column":7},"end":{"line":30,"column":1}},"locations":[{"start":{"line":15,"column":7},"end":{"line":30,"column":1}}]},"2":{"type":"branch","line":19,"loc":{"start":{"line":19,"column":2},"end":{"line":29,"column":3}},"locations":[{"start":{"line":19,"column":2},"end":{"line":29,"column":3}}]},"3":{"type":"branch","line":21,"loc":{"start":{"line":21,"column":12},"end":{"line":21,"column":62}},"locations":[{"start":{"line":21,"column":12},"end":{"line":21,"column":62}}]},"4":{"type":"branch","line":21,"loc":{"start":{"line":21,"column":37},"end":{"line":21,"column":62}},"locations":[{"start":{"line":21,"column":37},"end":{"line":21,"column":62}}]},"5":{"type":"branch","line":22,"loc":{"start":{"line":22,"column":11},"end":{"line":27,"column":7}},"locations":[{"start":{"line":22,"column":11},"end":{"line":27,"column":7}}]},"6":{"type":"branch","line":24,"loc":{"start":{"line":24,"column":29},"end":{"line":24,"column":42}},"locations":[{"start":{"line":24,"column":29},"end":{"line":24,"column":42}}]},"7":{"type":"branch","line":37,"loc":{"start":{"line":37,"column":7},"end":{"line":46,"column":1}},"locations":[{"start":{"line":37,"column":7},"end":{"line":46,"column":1}}]},"8":{"type":"branch","line":42,"loc":{"start":{"line":42,"column":2},"end":{"line":45,"column":3}},"locations":[{"start":{"line":42,"column":2},"end":{"line":45,"column":3}}]}},"b":{"0":[20],"1":[11],"2":[7],"3":[4],"4":[0],"5":[10],"6":[1],"7":[4],"8":[3]},"fnMap":{"0":{"name":"clean","decl":{"start":{"line":6,"column":14},"end":{"line":6,"column":81}},"loc":{"start":{"line":6,"column":14},"end":{"line":6,"column":81}},"line":6},"1":{"name":"<instance_members_initializer>","decl":{"start":{"line":15,"column":7},"end":{"line":30,"column":1}},"loc":{"start":{"line":15,"column":7},"end":{"line":30,"column":1}},"line":15},"2":{"name":"export","decl":{"start":{"line":19,"column":2},"end":{"line":29,"column":3}},"loc":{"start":{"line":19,"column":2},"end":{"line":29,"column":3}},"line":19},"3":{"name":"<instance_members_initializer>","decl":{"start":{"line":37,"column":7},"end":{"line":46,"column":1}},"loc":{"start":{"line":37,"column":7},"end":{"line":46,"column":1}},"line":37},"4":{"name":"activate","decl":{"start":{"line":42,"column":2},"end":{"line":45,"column":3}},"loc":{"start":{"line":42,"column":2},"end":{"line":45,"column":3}},"line":42}},"f":{"0":20,"1":11,"2":7,"3":4,"4":3}}
,"D:\\02_Work\\external_repo\\kokomaya\\LLPlayer\\aurora-player\\packages\\plugins\\src\\exporter\\port.ts": {"path":"D:\\02_Work\\external_repo\\kokomaya\\LLPlayer\\aurora-player\\packages\\plugins\\src\\exporter\\port.ts","all":true,"statementMap":{},"s":{},"branchMap":{"0":{"type":"branch","line":1,"loc":{"start":{"line":1,"column":1099},"end":{"line":27,"column":1}},"locations":[{"start":{"line":1,"column":1099},"end":{"line":27,"column":1}}]}},"b":{"0":[1]},"fnMap":{"0":{"name":"(empty-report)","decl":{"start":{"line":1,"column":1099},"end":{"line":27,"column":1}},"loc":{"start":{"line":1,"column":1099},"end":{"line":27,"column":1}},"line":1}},"f":{"0":1}}
,"D:\\02_Work\\external_repo\\kokomaya\\LLPlayer\\aurora-player\\packages\\plugins\\src\\importer\\manifest-importer.ts": {"path":"D:\\02_Work\\external_repo\\kokomaya\\LLPlayer\\aurora-player\\packages\\plugins\\src\\importer\\manifest-importer.ts","all":false,"statementMap":{"0":{"start":{"line":1,"column":0},"end":{"line":1,"column":80}},"18":{"start":{"line":19,"column":0},"end":{"line":19,"column":70}},"19":{"start":{"line":20,"column":0},"end":{"line":20,"column":46}},"21":{"start":{"line":22,"column":0},"end":{"line":22,"column":61}},"22":{"start":{"line":23,"column":0},"end":{"line":23,"column":56}},"23":{"start":{"line":24,"column":0},"end":{"line":24,"column":71}},"24":{"start":{"line":25,"column":0},"end":{"line":25,"column":3}},"25":{"start":{"line":26,"column":0},"end":{"line":26,"column":15}},"26":{"start":{"line":27,"column":0},"end":{"line":27,"column":2}},"29":{"start":{"line":30,"column":0},"end":{"line":30,"column":51}},"30":{"start":{"line":31,"column":0},"end":{"line":31,"column":19}},"31":{"start":{"line":32,"column":0},"end":{"line":32,"column":7}},"32":{"start":{"line":33,"column":0},"end":{"line":33,"column":27}},"33":{"start":{"line":34,"column":0},"end":{"line":34,"column":19}},"34":{"start":{"line":35,"column":0},"end":{"line":35,"column":76}},"35":{"start":{"line":36,"column":0},"end":{"line":36,"column":3}},"36":{"start":{"line":37,"column":0},"end":{"line":37,"column":23}},"37":{"start":{"line":38,"column":0},"end":{"line":38,"column":56}},"38":{"start":{"line":39,"column":0},"end":{"line":39,"column":3}},"39":{"start":{"line":40,"column":0},"end":{"line":40,"column":51}},"40":{"start":{"line":41,"column":0},"end":{"line":41,"column":32}},"41":{"start":{"line":42,"column":0},"end":{"line":42,"column":32}},"42":{"start":{"line":43,"column":0},"end":{"line":43,"column":62}},"43":{"start":{"line":44,"column":0},"end":{"line":44,"column":3}},"44":{"start":{"line":45,"column":0},"end":{"line":45,"column":63}},"45":{"start":{"line":46,"column":0},"end":{"line":46,"column":25}},"46":{"start":{"line":47,"column":0},"end":{"line":47,"column":69}},"47":{"start":{"line":48,"column":0},"end":{"line":48,"column":5}},"48":{"start":{"line":49,"column":0},"end":{"line":49,"column":69}},"49":{"start":{"line":50,"column":0},"end":{"line":50,"column":43}},"50":{"start":{"line":51,"column":0},"end":{"line":51,"column":43}},"51":{"start":{"line":52,"column":0},"end":{"line":52,"column":20}},"52":{"start":{"line":53,"column":0},"end":{"line":53,"column":5}},"53":{"start":{"line":54,"column":0},"end":{"line":54,"column":10}},"54":{"start":{"line":55,"column":0},"end":{"line":55,"column":12}},"55":{"start":{"line":56,"column":0},"end":{"line":56,"column":67}},"56":{"start":{"line":57,"column":0},"end":{"line":57,"column":82}},"57":{"start":{"line":58,"column":0},"end":{"line":58,"column":14}},"58":{"start":{"line":59,"column":0},"end":{"line":59,"column":4}},"59":{"start":{"line":60,"column":0},"end":{"line":60,"column":2}},"70":{"start":{"line":71,"column":0},"end":{"line":71,"column":62}},"71":{"start":{"line":72,"column":0},"end":{"line":72,"column":27}},"73":{"start":{"line":74,"column":0},"end":{"line":74,"column":37}},"74":{"start":{"line":75,"column":0},"end":{"line":75,"column":51}},"75":{"start":{"line":76,"column":0},"end":{"line":76,"column":3}},"77":{"start":{"line":78,"column":0},"end":{"line":78,"column":55}},"78":{"start":{"line":79,"column":0},"end":{"line":79,"column":36}},"79":{"start":{"line":80,"column":0},"end":{"line":80,"column":76}},"80":{"start":{"line":81,"column":0},"end":{"line":81,"column":5}},"81":{"start":{"line":82,"column":0},"end":{"line":82,"column":48}},"82":{"start":{"line":83,"column":0},"end":{"line":83,"column":45}},"83":{"start":{"line":84,"column":0},"end":{"line":84,"column":70}},"84":{"start":{"line":85,"column":0},"end":{"line":85,"column":19}},"85":{"start":{"line":86,"column":0},"end":{"line":86,"column":38}},"86":{"start":{"line":87,"column":0},"end":{"line":87,"column":36}},"87":{"start":{"line":88,"column":0},"end":{"line":88,"column":62}},"88":{"start":{"line":89,"column":0},"end":{"line":89,"column":39}},"89":{"start":{"line":90,"column":0},"end":{"line":90,"column":10}},"90":{"start":{"line":91,"column":0},"end":{"line":91,"column":25}},"91":{"start":{"line":92,"column":0},"end":{"line":92,"column":26}},"92":{"start":{"line":93,"column":0},"end":{"line":93,"column":78}},"93":{"start":{"line":94,"column":0},"end":{"line":94,"column":12}},"94":{"start":{"line":95,"column":0},"end":{"line":95,"column":9}},"95":{"start":{"line":96,"column":0},"end":{"line":96,"column":28}},"96":{"start":{"line":97,"column":0},"end":{"line":97,"column":8}},"97":{"start":{"line":98,"column":0},"end":{"line":98,"column":6}},"98":{"start":{"line":99,"column":0},"end":{"line":99,"column":12}},"99":{"start":{"line":100,"column":0},"end":{"line":100,"column":32}},"100":{"start":{"line":101,"column":0},"end":{"line":101,"column":73}},"101":{"start":{"line":102,"column":0},"end":{"line":102,"column":43}},"102":{"start":{"line":103,"column":0},"end":{"line":103,"column":45}},"103":{"start":{"line":104,"column":0},"end":{"line":104,"column":14}},"104":{"start":{"line":105,"column":0},"end":{"line":105,"column":21}},"105":{"start":{"line":106,"column":0},"end":{"line":106,"column":6}},"106":{"start":{"line":107,"column":0},"end":{"line":107,"column":3}},"107":{"start":{"line":108,"column":0},"end":{"line":108,"column":1}},"114":{"start":{"line":115,"column":0},"end":{"line":115,"column":52}},"115":{"start":{"line":116,"column":0},"end":{"line":116,"column":36}},"116":{"start":{"line":117,"column":0},"end":{"line":117,"column":29}},"117":{"start":{"line":118,"column":0},"end":{"line":118,"column":54}},"119":{"start":{"line":120,"column":0},"end":{"line":120,"column":38}},"120":{"start":{"line":121,"column":0},"end":{"line":121,"column":59}},"121":{"start":{"line":122,"column":0},"end":{"line":122,"column":50}},"122":{"start":{"line":123,"column":0},"end":{"line":123,"column":3}},"123":{"start":{"line":124,"column":0},"end":{"line":124,"column":1}}},"s":{"0":1,"18":1,"19":14,"21":1,"22":14,"23":1,"24":1,"25":13,"26":13,"29":1,"30":9,"31":9,"32":9,"33":9,"34":1,"35":1,"36":9,"37":0,"38":0,"39":8,"40":8,"41":9,"42":1,"43":1,"44":6,"45":6,"46":0,"47":0,"48":6,"49":6,"50":6,"51":0,"52":6,"53":6,"54":6,"55":9,"56":9,"57":9,"58":9,"59":9,"70":1,"71":9,"73":9,"74":2,"75":2,"77":9,"78":10,"79":1,"80":1,"81":9,"82":9,"83":9,"84":9,"85":6,"86":6,"87":6,"88":0,"89":6,"90":6,"91":1,"92":1,"93":1,"94":1,"95":5,"96":6,"97":9,"98":9,"99":9,"100":10,"101":10,"102":4,"103":1,"104":10,"105":10,"106":10,"107":9,"114":1,"115":0,"116":0,"117":0,"119":0,"120":0,"121":0,"122":0,"123":0},"branchMap":{"0":{"type":"branch","line":19,"loc":{"start":{"line":19,"column":17},"end":{"line":20,"column":46}},"locations":[{"start":{"line":19,"column":17},"end":{"line":20,"column":46}}]},"1":{"type":"branch","line":22,"loc":{"start":{"line":22,"column":17},"end":{"line":27,"column":2}},"locations":[{"start":{"line":22,"column":17},"end":{"line":27,"column":2}}]},"2":{"type":"branch","line":23,"loc":{"start":{"line":23,"column":23},"end":{"line":23,"column":55}},"locations":[{"start":{"line":23,"column":23},"end":{"line":23,"column":55}}]},"3":{"type":"branch","line":23,"loc":{"start":{"line":23,"column":55},"end":{"line":25,"column":3}},"locations":[{"start":{"line":23,"column":55},"end":{"line":25,"column":3}}]},"4":{"type":"branch","line":25,"loc":{"start":{"line":25,"column":2},"end":{"line":27,"column":2}},"locations":[{"start":{"line":25,"column":2},"end":{"line":27,"column":2}}]},"5":{"type":"branch","line":30,"loc":{"start":{"line":30,"column":22},"end":{"line":60,"column":2}},"locations":[{"start":{"line":30,"column":22},"end":{"line":60,"column":2}}]},"6":{"type":"branch","line":34,"loc":{"start":{"line":34,"column":2},"end":{"line":36,"column":3}},"locations":[{"start":{"line":34,"column":2},"end":{"line":36,"column":3}}]},"7":{"type":"branch","line":36,"loc":{"start":{"line":36,"column":2},"end":{"line":37,"column":22}},"locations":[{"start":{"line":36,"column":2},"end":{"line":37,"column":22}}]},"8":{"type":"branch","line":37,"loc":{"start":{"line":37,"column":22},"end":{"line":39,"column":3}},"locations":[{"start":{"line":37,"column":22},"end":{"line":39,"column":3}}]},"9":{"type":"branch","line":39,"loc":{"start":{"line":39,"column":2},"end":{"line":42,"column":31}},"locations":[{"start":{"line":39,"column":2},"end":{"line":42,"column":31}}]},"10":{"type":"branch","line":42,"loc":{"start":{"line":42,"column":31},"end":{"line":44,"column":3}},"locations":[{"start":{"line":42,"column":31},"end":{"line":44,"column":3}}]},"11":{"type":"branch","line":44,"loc":{"start":{"line":44,"column":2},"end":{"line":56,"column":40}},"locations":[{"start":{"line":44,"column":2},"end":{"line":56,"column":40}}]},"12":{"type":"branch","line":56,"loc":{"start":{"line":56,"column":29},"end":{"line":56,"column":63}},"locations":[{"start":{"line":56,"column":29},"end":{"line":56,"column":63}}]},"13":{"type":"branch","line":56,"loc":{"start":{"line":56,"column":59},"end":{"line":56,"column":67}},"locations":[{"start":{"line":56,"column":59},"end":{"line":56,"column":67}}]},"14":{"type":"branch","line":57,"loc":{"start":{"line":57,"column":34},"end":{"line":57,"column":78}},"locations":[{"start":{"line":57,"column":34},"end":{"line":57,"column":78}}]},"15":{"type":"branch","line":57,"loc":{"start":{"line":57,"column":74},"end":{"line":57,"column":82}},"locations":[{"start":{"line":57,"column":74},"end":{"line":57,"column":82}}]},"16":{"type":"branch","line":45,"loc":{"start":{"line":45,"column":32},"end":{"line":53,"column":3}},"locations":[{"start":{"line":45,"column":32},"end":{"line":53,"column":3}}]},"17":{"type":"branch","line":46,"loc":{"start":{"line":46,"column":24},"end":{"line":48,"column":5}},"locations":[{"start":{"line":46,"column":24},"end":{"line":48,"column":5}}]},"18":{"type":"branch","line":51,"loc":{"start":{"line":51,"column":42},"end":{"line":52,"column":20}},"locations":[{"start":{"line":51,"column":42},"end":{"line":52,"column":20}}]},"19":{"type":"branch","line":71,"loc":{"start":{"line":71,"column":7},"end":{"line":108,"column":1}},"locations":[{"start":{"line":71,"column":7},"end":{"line":108,"column":1}}]},"20":{"type":"branch","line":74,"loc":{"start":{"line":74,"column":2},"end":{"line":76,"column":3}},"locations":[{"start":{"line":74,"column":2},"end":{"line":76,"column":3}}]},"21":{"type":"branch","line":78,"loc":{"start":{"line":78,"column":2},"end":{"line":107,"column":3}},"locations":[{"start":{"line":78,"column":2},"end":{"line":107,"column":3}}]},"22":{"type":"branch","line":79,"loc":{"start":{"line":79,"column":35},"end":{"line":81,"column":5}},"locations":[{"start":{"line":79,"column":35},"end":{"line":81,"column":5}}]},"23":{"type":"branch","line":81,"loc":{"start":{"line":81,"column":4},"end":{"line":101,"column":41}},"locations":[{"start":{"line":81,"column":4},"end":{"line":101,"column":41}}]},"24":{"type":"branch","line":101,"loc":{"start":{"line":101,"column":29},"end":{"line":101,"column":69}},"locations":[{"start":{"line":101,"column":29},"end":{"line":101,"column":69}}]},"25":{"type":"branch","line":101,"loc":{"start":{"line":101,"column":65},"end":{"line":101,"column":73}},"locations":[{"start":{"line":101,"column":65},"end":{"line":101,"column":73}}]},"26":{"type":"branch","line":102,"loc":{"start":{"line":102,"column":34},"end":{"line":103,"column":45}},"locations":[{"start":{"line":102,"column":34},"end":{"line":103,"column":45}}]},"27":{"type":"branch","line":103,"loc":{"start":{"line":103,"column":44},"end":{"line":104,"column":14}},"locations":[{"start":{"line":103,"column":44},"end":{"line":104,"column":14}}]},"28":{"type":"branch","line":85,"loc":{"start":{"line":85,"column":6},"end":{"line":97,"column":8}},"locations":[{"start":{"line":85,"column":6},"end":{"line":97,"column":8}}]},"29":{"type":"branch","line":88,"loc":{"start":{"line":88,"column":61},"end":{"line":89,"column":39}},"locations":[{"start":{"line":88,"column":61},"end":{"line":89,"column":39}}]},"30":{"type":"branch","line":91,"loc":{"start":{"line":91,"column":24},"end":{"line":95,"column":9}},"locations":[{"start":{"line":91,"column":24},"end":{"line":95,"column":9}}]},"31":{"type":"branch","line":95,"loc":{"start":{"line":95,"column":8},"end":{"line":96,"column":28}},"locations":[{"start":{"line":95,"column":8},"end":{"line":96,"column":28}}]},"32":{"type":"branch","line":115,"loc":{"start":{"line":115,"column":7},"end":{"line":124,"column":1}},"locations":[{"start":{"line":115,"column":7},"end":{"line":124,"column":1}}]}},"b":{"0":[14],"1":[14],"2":[13],"3":[1],"4":[13],"5":[9],"6":[1],"7":[8],"8":[0],"9":[8],"10":[1],"11":[6],"12":[4],"13":[2],"14":[4],"15":[2],"16":[6],"17":[0],"18":[0],"19":[9],"20":[2],"21":[10],"22":[1],"23":[9],"24":[4],"25":[1],"26":[4],"27":[1],"28":[6],"29":[0],"30":[1],"31":[5],"32":[0]},"fnMap":{"0":{"name":"isRecord","decl":{"start":{"line":19,"column":17},"end":{"line":20,"column":46}},"loc":{"start":{"line":19,"column":17},"end":{"line":20,"column":46}},"line":19},"1":{"name":"asString","decl":{"start":{"line":22,"column":17},"end":{"line":27,"column":2}},"loc":{"start":{"line":22,"column":17},"end":{"line":27,"column":2}},"line":22},"2":{"name":"parseManifest","decl":{"start":{"line":30,"column":22},"end":{"line":60,"column":2}},"loc":{"start":{"line":30,"column":22},"end":{"line":60,"column":2}},"line":30},"3":{"name":"<instance_members_initializer>","decl":{"start":{"line":71,"column":7},"end":{"line":108,"column":1}},"loc":{"start":{"line":71,"column":7},"end":{"line":108,"column":1}},"line":71},"4":{"name":"canImport","decl":{"start":{"line":74,"column":2},"end":{"line":76,"column":3}},"loc":{"start":{"line":74,"column":2},"end":{"line":76,"column":3}},"line":74},"5":{"name":"import","decl":{"start":{"line":78,"column":2},"end":{"line":107,"column":3}},"loc":{"start":{"line":78,"column":2},"end":{"line":107,"column":3}},"line":78},"6":{"name":"<instance_members_initializer>","decl":{"start":{"line":115,"column":7},"end":{"line":124,"column":1}},"loc":{"start":{"line":115,"column":7},"end":{"line":124,"column":1}},"line":115}},"f":{"0":14,"1":14,"2":9,"3":9,"4":2,"5":10,"6":0}}
,"D:\\02_Work\\external_repo\\kokomaya\\LLPlayer\\aurora-player\\packages\\plugins\\src\\importer\\port.ts": {"path":"D:\\02_Work\\external_repo\\kokomaya\\LLPlayer\\aurora-player\\packages\\plugins\\src\\importer\\port.ts","all":true,"statementMap":{},"s":{},"branchMap":{"0":{"type":"branch","line":1,"loc":{"start":{"line":1,"column":1686},"end":{"line":41,"column":1}},"locations":[{"start":{"line":1,"column":1686},"end":{"line":41,"column":1}}]}},"b":{"0":[1]},"fnMap":{"0":{"name":"(empty-report)","decl":{"start":{"line":1,"column":1686},"end":{"line":41,"column":1}},"loc":{"start":{"line":1,"column":1686},"end":{"line":41,"column":1}},"line":1}},"f":{"0":1}}
,"D:\\02_Work\\external_repo\\kokomaya\\LLPlayer\\aurora-player\\packages\\plugins\\src\\whisper\\offline-whisper-provider.ts": {"path":"D:\\02_Work\\external_repo\\kokomaya\\LLPlayer\\aurora-player\\packages\\plugins\\src\\whisper\\offline-whisper-provider.ts","all":false,"statementMap":{"0":{"start":{"line":1,"column":0},"end":{"line":1,"column":84}},"18":{"start":{"line":19,"column":0},"end":{"line":19,"column":48}},"19":{"start":{"line":20,"column":0},"end":{"line":20,"column":21}},"20":{"start":{"line":21,"column":0},"end":{"line":21,"column":27}},"21":{"start":{"line":22,"column":0},"end":{"line":22,"column":2}},"22":{"start":{"line":23,"column":0},"end":{"line":23,"column":20}},"25":{"start":{"line":26,"column":0},"end":{"line":26,"column":62}},"26":{"start":{"line":27,"column":0},"end":{"line":27,"column":44}},"27":{"start":{"line":28,"column":0},"end":{"line":28,"column":14}},"28":{"start":{"line":29,"column":0},"end":{"line":29,"column":18}},"29":{"start":{"line":30,"column":0},"end":{"line":30,"column":3}},"30":{"start":{"line":31,"column":0},"end":{"line":31,"column":17}},"31":{"start":{"line":32,"column":0},"end":{"line":32,"column":2}},"39":{"start":{"line":40,"column":0},"end":{"line":40,"column":66}},"40":{"start":{"line":41,"column":0},"end":{"line":41,"column":34}},"42":{"start":{"line":43,"column":0},"end":{"line":43,"column":13}},"43":{"start":{"line":44,"column":0},"end":{"line":44,"column":27}},"44":{"start":{"line":45,"column":0},"end":{"line":45,"column":23}},"45":{"start":{"line":46,"column":0},"end":{"line":46,"column":32}},"46":{"start":{"line":47,"column":0},"end":{"line":47,"column":19}},"47":{"start":{"line":48,"column":0},"end":{"line":48,"column":61}},"48":{"start":{"line":49,"column":0},"end":{"line":49,"column":27}},"49":{"start":{"line":50,"column":0},"end":{"line":50,"column":50}},"50":{"start":{"line":51,"column":0},"end":{"line":51,"column":33}},"51":{"start":{"line":52,"column":0},"end":{"line":52,"column":26}},"52":{"start":{"line":53,"column":0},"end":{"line":53,"column":84}},"53":{"start":{"line":54,"column":0},"end":{"line":54,"column":9}},"54":{"start":{"line":55,"column":0},"end":{"line":55,"column":14}},"55":{"start":{"line":56,"column":0},"end":{"line":56,"column":24}},"56":{"start":{"line":57,"column":0},"end":{"line":57,"column":36}},"57":{"start":{"line":58,"column":0},"end":{"line":58,"column":31}},"58":{"start":{"line":59,"column":0},"end":{"line":59,"column":14}},"59":{"start":{"line":60,"column":0},"end":{"line":60,"column":8}},"60":{"start":{"line":61,"column":0},"end":{"line":61,"column":7}},"62":{"start":{"line":63,"column":0},"end":{"line":63,"column":28}},"63":{"start":{"line":64,"column":0},"end":{"line":64,"column":12}},"64":{"start":{"line":65,"column":0},"end":{"line":65,"column":72}},"65":{"start":{"line":66,"column":0},"end":{"line":66,"column":27}},"66":{"start":{"line":67,"column":0},"end":{"line":67,"column":7}},"67":{"start":{"line":68,"column":0},"end":{"line":68,"column":3}},"68":{"start":{"line":69,"column":0},"end":{"line":69,"column":1}},"74":{"start":{"line":75,"column":0},"end":{"line":75,"column":46}},"75":{"start":{"line":76,"column":0},"end":{"line":76,"column":34}},"76":{"start":{"line":77,"column":0},"end":{"line":77,"column":29}},"77":{"start":{"line":78,"column":0},"end":{"line":78,"column":57}},"79":{"start":{"line":80,"column":0},"end":{"line":80,"column":38}},"80":{"start":{"line":81,"column":0},"end":{"line":81,"column":63}},"81":{"start":{"line":82,"column":0},"end":{"line":82,"column":51}},"82":{"start":{"line":83,"column":0},"end":{"line":83,"column":3}},"83":{"start":{"line":84,"column":0},"end":{"line":84,"column":1}}},"s":{"0":1,"18":1,"19":1,"20":1,"21":1,"22":1,"25":1,"26":21,"27":21,"28":0,"29":0,"30":21,"31":21,"39":1,"40":7,"42":7,"43":3,"44":3,"45":3,"46":3,"47":3,"48":6,"49":6,"50":15,"51":15,"52":15,"53":6,"54":6,"55":6,"56":6,"57":6,"58":6,"59":6,"60":3,"62":3,"63":3,"64":3,"65":3,"66":3,"67":3,"68":7,"74":1,"75":5,"76":5,"77":5,"79":5,"80":4,"81":4,"82":4,"83":5},"branchMap":{"0":{"type":"branch","line":26,"loc":{"start":{"line":26,"column":14},"end":{"line":32,"column":2}},"locations":[{"start":{"line":26,"column":14},"end":{"line":32,"column":2}}]},"1":{"type":"branch","line":28,"loc":{"start":{"line":28,"column":13},"end":{"line":30,"column":3}},"locations":[{"start":{"line":28,"column":13},"end":{"line":30,"column":3}}]},"2":{"type":"branch","line":40,"loc":{"start":{"line":40,"column":7},"end":{"line":69,"column":1}},"locations":[{"start":{"line":40,"column":7},"end":{"line":69,"column":1}}]},"3":{"type":"branch","line":43,"loc":{"start":{"line":43,"column":2},"end":{"line":68,"column":3}},"locations":[{"start":{"line":43,"column":2},"end":{"line":68,"column":3}}]},"4":{"type":"branch","line":48,"loc":{"start":{"line":48,"column":45},"end":{"line":61,"column":5}},"locations":[{"start":{"line":48,"column":45},"end":{"line":61,"column":5}}]},"5":{"type":"branch","line":50,"loc":{"start":{"line":50,"column":39},"end":{"line":54,"column":7}},"locations":[{"start":{"line":50,"column":39},"end":{"line":54,"column":7}}]},"6":{"type":"branch","line":75,"loc":{"start":{"line":75,"column":7},"end":{"line":84,"column":1}},"locations":[{"start":{"line":75,"column":7},"end":{"line":84,"column":1}}]},"7":{"type":"branch","line":80,"loc":{"start":{"line":80,"column":2},"end":{"line":83,"column":3}},"locations":[{"start":{"line":80,"column":2},"end":{"line":83,"column":3}}]}},"b":{"0":[21],"1":[0],"2":[7],"3":[3],"4":[6],"5":[15],"6":[5],"7":[4]},"fnMap":{"0":{"name":"range","decl":{"start":{"line":26,"column":14},"end":{"line":32,"column":2}},"loc":{"start":{"line":26,"column":14},"end":{"line":32,"column":2}},"line":26},"1":{"name":"<instance_members_initializer>","decl":{"start":{"line":40,"column":7},"end":{"line":69,"column":1}},"loc":{"start":{"line":40,"column":7},"end":{"line":69,"column":1}},"line":40},"2":{"name":"transcribe","decl":{"start":{"line":43,"column":2},"end":{"line":68,"column":3}},"loc":{"start":{"line":43,"column":2},"end":{"line":68,"column":3}},"line":43},"3":{"name":"<instance_members_initializer>","decl":{"start":{"line":75,"column":7},"end":{"line":84,"column":1}},"loc":{"start":{"line":75,"column":7},"end":{"line":84,"column":1}},"line":75},"4":{"name":"activate","decl":{"start":{"line":80,"column":2},"end":{"line":83,"column":3}},"loc":{"start":{"line":80,"column":2},"end":{"line":83,"column":3}},"line":80}},"f":{"0":21,"1":7,"2":3,"3":5,"4":4}}
}
