{"D:\\02_Work\\external_repo\\kokomaya\\LLPlayer\\aurora-player\\packages\\domain\\src\\errors.ts": {"path":"D:\\02_Work\\external_repo\\kokomaya\\LLPlayer\\aurora-player\\packages\\domain\\src\\errors.ts","all":false,"statementMap":{"4":{"start":{"line":5,"column":0},"end":{"line":5,"column":49}},"7":{"start":{"line":8,"column":0},"end":{"line":8,"column":73}},"8":{"start":{"line":9,"column":0},"end":{"line":9,"column":44}},"9":{"start":{"line":10,"column":0},"end":{"line":10,"column":32}},"10":{"start":{"line":11,"column":0},"end":{"line":11,"column":3}},"11":{"start":{"line":12,"column":0},"end":{"line":12,"column":1}},"14":{"start":{"line":15,"column":0},"end":{"line":15,"column":50}},"15":{"start":{"line":16,"column":0},"end":{"line":16,"column":40}},"17":{"start":{"line":18,"column":0},"end":{"line":18,"column":63}},"18":{"start":{"line":19,"column":0},"end":{"line":19,"column":28}},"19":{"start":{"line":20,"column":0},"end":{"line":20,"column":3}},"20":{"start":{"line":21,"column":0},"end":{"line":21,"column":1}},"23":{"start":{"line":24,"column":0},"end":{"line":24,"column":48}},"24":{"start":{"line":25,"column":0},"end":{"line":25,"column":39}},"26":{"start":{"line":27,"column":0},"end":{"line":27,"column":63}},"27":{"start":{"line":28,"column":0},"end":{"line":28,"column":28}},"28":{"start":{"line":29,"column":0},"end":{"line":29,"column":3}},"29":{"start":{"line":30,"column":0},"end":{"line":30,"column":1}},"32":{"start":{"line":33,"column":0},"end":{"line":33,"column":45}},"33":{"start":{"line":34,"column":0},"end":{"line":34,"column":35}},"35":{"start":{"line":36,"column":0},"end":{"line":36,"column":63}},"36":{"start":{"line":37,"column":0},"end":{"line":37,"column":28}},"37":{"start":{"line":38,"column":0},"end":{"line":38,"column":3}},"38":{"start":{"line":39,"column":0},"end":{"line":39,"column":1}}},"s":{"4":1,"7":1,"8":18,"9":18,"10":18,"11":1,"14":1,"15":15,"17":15,"18":15,"19":15,"20":15,"23":1,"24":1,"26":1,"27":1,"28":1,"29":1,"32":1,"33":2,"35":2,"36":2,"37":2,"38":2},"branchMap":{"0":{"type":"branch","line":8,"loc":{"start":{"line":8,"column":12},"end":{"line":11,"column":3}},"locations":[{"start":{"line":8,"column":12},"end":{"line":11,"column":3}}]},"1":{"type":"branch","line":15,"loc":{"start":{"line":15,"column":7},"end":{"line":21,"column":1}},"locations":[{"start":{"line":15,"column":7},"end":{"line":21,"column":1}}]},"2":{"type":"branch","line":18,"loc":{"start":{"line":18,"column":2},"end":{"line":20,"column":3}},"locations":[{"start":{"line":18,"column":2},"end":{"line":20,"column":3}}]},"3":{"type":"branch","line":24,"loc":{"start":{"line":24,"column":7},"end":{"line":30,"column":1}},"locations":[{"start":{"line":24,"column":7},"end":{"line":30,"column":1}}]},"4":{"type":"branch","line":27,"loc":{"start":{"line":27,"column":2},"end":{"line":29,"column":3}},"locations":[{"start":{"line":27,"column":2},"end":{"line":29,"column":3}}]},"5":{"type":"branch","line":33,"loc":{"start":{"line":33,"column":7},"end":{"line":39,"column":1}},"locations":[{"start":{"line":33,"column":7},"end":{"line":39,"column":1}}]},"6":{"type":"branch","line":36,"loc":{"start":{"line":36,"column":2},"end":{"line":38,"column":3}},"locations":[{"start":{"line":36,"column":2},"end":{"line":38,"column":3}}]}},"b":{"0":[18],"1":[15],"2":[15],"3":[1],"4":[1],"5":[2],"6":[2]},"fnMap":{"0":{"name":"DomainError","decl":{"start":{"line":8,"column":12},"end":{"line":11,"column":3}},"loc":{"start":{"line":8,"column":12},"end":{"line":11,"column":3}},"line":8},"1":{"name":"<instance_members_initializer>","decl":{"start":{"line":15,"column":7},"end":{"line":21,"column":1}},"loc":{"start":{"line":15,"column":7},"end":{"line":21,"column":1}},"line":15},"2":{"name":"ValidationError","decl":{"start":{"line":18,"column":2},"end":{"line":20,"column":3}},"loc":{"start":{"line":18,"column":2},"end":{"line":20,"column":3}},"line":18},"3":{"name":"<instance_members_initializer>","decl":{"start":{"line":24,"column":7},"end":{"line":30,"column":1}},"loc":{"start":{"line":24,"column":7},"end":{"line":30,"column":1}},"line":24},"4":{"name":"NotFoundError","decl":{"start":{"line":27,"column":2},"end":{"line":29,"column":3}},"loc":{"start":{"line":27,"column":2},"end":{"line":29,"column":3}},"line":27},"5":{"name":"<instance_members_initializer>","decl":{"start":{"line":33,"column":7},"end":{"line":39,"column":1}},"loc":{"start":{"line":33,"column":7},"end":{"line":39,"column":1}},"line":33},"6":{"name":"ParseError","decl":{"start":{"line":36,"column":2},"end":{"line":38,"column":3}},"loc":{"start":{"line":36,"column":2},"end":{"line":38,"column":3}},"line":36}},"f":{"0":18,"1":15,"2":15,"3":1,"4":1,"5":2,"6":2}}
,"D:\\02_Work\\external_repo\\kokomaya\\LLPlayer\\aurora-player\\packages\\domain\\src\\result.ts": {"path":"D:\\02_Work\\external_repo\\kokomaya\\LLPlayer\\aurora-player\\packages\\domain\\src\\result.ts","all":false,"statementMap":{"9":{"start":{"line":10,"column":0},"end":{"line":10,"column":75}},"11":{"start":{"line":12,"column":0},"end":{"line":12,"column":77}},"13":{"start":{"line":14,"column":0},"end":{"line":14,"column":27}},"14":{"start":{"line":15,"column":0},"end":{"line":15,"column":23}},"15":{"start":{"line":16,"column":0},"end":{"line":16,"column":67}},"17":{"start":{"line":18,"column":0},"end":{"line":18,"column":28}},"18":{"start":{"line":19,"column":0},"end":{"line":19,"column":23}},"19":{"start":{"line":20,"column":0},"end":{"line":20,"column":69}},"21":{"start":{"line":22,"column":0},"end":{"line":22,"column":29}},"22":{"start":{"line":23,"column":0},"end":{"line":23,"column":23}},"23":{"start":{"line":24,"column":0},"end":{"line":24,"column":22}},"24":{"start":{"line":25,"column":0},"end":{"line":25,"column":63}},"26":{"start":{"line":27,"column":0},"end":{"line":27,"column":32}},"27":{"start":{"line":28,"column":0},"end":{"line":28,"column":23}},"28":{"start":{"line":29,"column":0},"end":{"line":29,"column":22}},"29":{"start":{"line":30,"column":0},"end":{"line":30,"column":64}},"31":{"start":{"line":32,"column":0},"end":{"line":32,"column":71}},"32":{"start":{"line":33,"column":0},"end":{"line":33,"column":38}},"35":{"start":{"line":36,"column":0},"end":{"line":36,"column":58}},"36":{"start":{"line":37,"column":0},"end":{"line":37,"column":18}},"37":{"start":{"line":38,"column":0},"end":{"line":38,"column":24}},"38":{"start":{"line":39,"column":0},"end":{"line":39,"column":3}},"39":{"start":{"line":40,"column":0},"end":{"line":40,"column":37}},"40":{"start":{"line":41,"column":0},"end":{"line":41,"column":18}},"41":{"start":{"line":42,"column":0},"end":{"line":42,"column":38}},"42":{"start":{"line":43,"column":0},"end":{"line":43,"column":2}}},"s":{"9":1,"11":1,"13":1,"14":30,"15":30,"17":1,"18":14,"19":14,"21":1,"22":2,"23":2,"24":2,"26":1,"27":2,"28":2,"29":2,"31":1,"32":2,"35":1,"36":3,"37":1,"38":1,"39":2,"40":1,"41":1,"42":3},"branchMap":{"0":{"type":"branch","line":10,"loc":{"start":{"line":10,"column":18},"end":{"line":10,"column":75}},"locations":[{"start":{"line":10,"column":18},"end":{"line":10,"column":75}}]},"1":{"type":"branch","line":12,"loc":{"start":{"line":12,"column":19},"end":{"line":12,"column":77}},"locations":[{"start":{"line":12,"column":19},"end":{"line":12,"column":77}}]},"2":{"type":"branch","line":14,"loc":{"start":{"line":14,"column":20},"end":{"line":16,"column":67}},"locations":[{"start":{"line":14,"column":20},"end":{"line":16,"column":67}}]},"3":{"type":"branch","line":18,"loc":{"start":{"line":18,"column":21},"end":{"line":20,"column":69}},"locations":[{"start":{"line":18,"column":21},"end":{"line":20,"column":69}}]},"4":{"type":"branch","line":22,"loc":{"start":{"line":22,"column":19},"end":{"line":25,"column":63}},"locations":[{"start":{"line":22,"column":19},"end":{"line":25,"column":63}}]},"5":{"type":"branch","line":25,"loc":{"start":{"line":25,"column":27},"end":{"line":25,"column":55}},"locations":[{"start":{"line":25,"column":27},"end":{"line":25,"column":55}}]},"6":{"type":"branch","line":25,"loc":{"start":{"line":25,"column":51},"end":{"line":25,"column":63}},"locations":[{"start":{"line":25,"column":51},"end":{"line":25,"column":63}}]},"7":{"type":"branch","line":27,"loc":{"start":{"line":27,"column":22},"end":{"line":30,"column":64}},"locations":[{"start":{"line":27,"column":22},"end":{"line":30,"column":64}}]},"8":{"type":"branch","line":30,"loc":{"start":{"line":30,"column":27},"end":{"line":30,"column":41}},"locations":[{"start":{"line":30,"column":27},"end":{"line":30,"column":41}}]},"9":{"type":"branch","line":30,"loc":{"start":{"line":30,"column":32},"end":{"line":30,"column":64}},"locations":[{"start":{"line":30,"column":32},"end":{"line":30,"column":64}}]},"10":{"type":"branch","line":32,"loc":{"start":{"line":32,"column":24},"end":{"line":33,"column":38}},"locations":[{"start":{"line":32,"column":24},"end":{"line":33,"column":38}}]},"11":{"type":"branch","line":33,"loc":{"start":{"line":33,"column":9},"end":{"line":33,"column":29}},"locations":[{"start":{"line":33,"column":9},"end":{"line":33,"column":29}}]},"12":{"type":"branch","line":33,"loc":{"start":{"line":33,"column":21},"end":{"line":33,"column":38}},"locations":[{"start":{"line":33,"column":21},"end":{"line":33,"column":38}}]},"13":{"type":"branch","line":36,"loc":{"start":{"line":36,"column":22},"end":{"line":43,"column":2}},"locations":[{"start":{"line":36,"column":22},"end":{"line":43,"column":2}}]},"14":{"type":"branch","line":37,"loc":{"start":{"line":37,"column":17},"end":{"line":39,"column":3}},"locations":[{"start":{"line":37,"column":17},"end":{"line":39,"column":3}}]},"15":{"type":"branch","line":39,"loc":{"start":{"line":39,"column":2},"end":{"line":40,"column":37}},"locations":[{"start":{"line":39,"column":2},"end":{"line":40,"column":37}}]},"16":{"type":"branch","line":40,"loc":{"start":{"line":40,"column":32},"end":{"line":41,"column":18}},"locations":[{"start":{"line":40,"column":32},"end":{"line":41,"column":18}}]},"17":{"type":"branch","line":41,"loc":{"start":{"line":41,"column":13},"end":{"line":42,"column":38}},"locations":[{"start":{"line":41,"column":13},"end":{"line":42,"column":38}}]}},"b":{"0":[24],"1":[22],"2":[30],"3":[14],"4":[2],"5":[1],"6":[1],"7":[2],"8":[1],"9":[1],"10":[2],"11":[1],"12":[1],"13":[3],"14":[1],"15":[2],"16":[1],"17":[1]},"fnMap":{"0":{"name":"ok","decl":{"start":{"line":10,"column":18},"end":{"line":10,"column":75}},"loc":{"start":{"line":10,"column":18},"end":{"line":10,"column":75}},"line":10},"1":{"name":"err","decl":{"start":{"line":12,"column":19},"end":{"line":12,"column":77}},"loc":{"start":{"line":12,"column":19},"end":{"line":12,"column":77}},"line":12},"2":{"name":"isOk","decl":{"start":{"line":14,"column":20},"end":{"line":16,"column":67}},"loc":{"start":{"line":14,"column":20},"end":{"line":16,"column":67}},"line":14},"3":{"name":"isErr","decl":{"start":{"line":18,"column":21},"end":{"line":20,"column":69}},"loc":{"start":{"line":18,"column":21},"end":{"line":20,"column":69}},"line":18},"4":{"name":"map","decl":{"start":{"line":22,"column":19},"end":{"line":25,"column":63}},"loc":{"start":{"line":22,"column":19},"end":{"line":25,"column":63}},"line":22},"5":{"name":"mapErr","decl":{"start":{"line":27,"column":22},"end":{"line":30,"column":64}},"loc":{"start":{"line":27,"column":22},"end":{"line":30,"column":64}},"line":27},"6":{"name":"unwrapOr","decl":{"start":{"line":32,"column":24},"end":{"line":33,"column":38}},"loc":{"start":{"line":32,"column":24},"end":{"line":33,"column":38}},"line":32},"7":{"name":"unwrap","decl":{"start":{"line":36,"column":22},"end":{"line":43,"column":2}},"loc":{"start":{"line":36,"column":22},"end":{"line":43,"column":2}},"line":36}},"f":{"0":24,"1":22,"2":30,"3":14,"4":2,"5":2,"6":2,"7":3}}
,"D:\\02_Work\\external_repo\\kokomaya\\LLPlayer\\aurora-player\\packages\\domain\\src\\ai\\cache.ts": {"path":"D:\\02_Work\\external_repo\\kokomaya\\LLPlayer\\aurora-player\\packages\\domain\\src\\ai\\cache.ts","all":true,"statementMap":{},"s":{},"branchMap":{"0":{"type":"branch","line":1,"loc":{"start":{"line":1,"column":1798},"end":{"line":41,"column":1}},"locations":[{"start":{"line":1,"column":1798},"end":{"line":41,"column":1}}]}},"b":{"0":[1]},"fnMap":{"0":{"name":"(empty-report)","decl":{"start":{"line":1,"column":1798},"end":{"line":41,"column":1}},"loc":{"start":{"line":1,"column":1798},"end":{"line":41,"column":1}},"line":1}},"f":{"0":1}}
,"D:\\02_Work\\external_repo\\kokomaya\\LLPlayer\\aurora-player\\packages\\domain\\src\\dsar\\export.ts": {"path":"D:\\02_Work\\external_repo\\kokomaya\\LLPlayer\\aurora-player\\packages\\domain\\src\\dsar\\export.ts","all":false,"statementMap":{"32":{"start":{"line":33,"column":0},"end":{"line":33,"column":37}},"47":{"start":{"line":48,"column":0},"end":{"line":48,"column":27}},"48":{"start":{"line":49,"column":0},"end":{"line":49,"column":21}},"49":{"start":{"line":50,"column":0},"end":{"line":50,"column":25}},"50":{"start":{"line":51,"column":0},"end":{"line":51,"column":19}},"51":{"start":{"line":52,"column":0},"end":{"line":52,"column":31}},"52":{"start":{"line":53,"column":0},"end":{"line":53,"column":13}},"53":{"start":{"line":54,"column":0},"end":{"line":54,"column":21}},"54":{"start":{"line":55,"column":0},"end":{"line":55,"column":25}},"55":{"start":{"line":56,"column":0},"end":{"line":56,"column":25}},"56":{"start":{"line":57,"column":0},"end":{"line":57,"column":3}}},"s":{"32":1,"47":1,"48":4,"49":4,"50":4,"51":4,"52":4,"53":4,"54":4,"55":4,"56":4},"branchMap":{"0":{"type":"branch","line":48,"loc":{"start":{"line":48,"column":26},"end":{"line":57,"column":3}},"locations":[{"start":{"line":48,"column":26},"end":{"line":57,"column":3}}]}},"b":{"0":[4]},"fnMap":{"0":{"name":"dataExport","decl":{"start":{"line":48,"column":26},"end":{"line":57,"column":3}},"loc":{"start":{"line":48,"column":26},"end":{"line":57,"column":3}},"line":48}},"f":{"0":4}}
,"D:\\02_Work\\external_repo\\kokomaya\\LLPlayer\\aurora-player\\packages\\domain\\src\\events\\catalog.ts": {"path":"D:\\02_Work\\external_repo\\kokomaya\\LLPlayer\\aurora-player\\packages\\domain\\src\\events\\catalog.ts","all":false,"statementMap":{"64":{"start":{"line":65,"column":0},"end":{"line":65,"column":49}},"65":{"start":{"line":66,"column":0},"end":{"line":66,"column":10}},"66":{"start":{"line":67,"column":0},"end":{"line":67,"column":28}},"67":{"start":{"line":68,"column":0},"end":{"line":68,"column":34}},"68":{"start":{"line":69,"column":0},"end":{"line":69,"column":55}}},"s":{"64":1,"65":9,"66":9,"67":9,"68":9},"branchMap":{"0":{"type":"branch","line":65,"loc":{"start":{"line":65,"column":27},"end":{"line":69,"column":55}},"locations":[{"start":{"line":65,"column":27},"end":{"line":69,"column":55}}]}},"b":{"0":[9]},"fnMap":{"0":{"name":"createEvent","decl":{"start":{"line":65,"column":27},"end":{"line":69,"column":55}},"loc":{"start":{"line":65,"column":27},"end":{"line":69,"column":55}},"line":65}},"f":{"0":9}}
,"D:\\02_Work\\external_repo\\kokomaya\\LLPlayer\\aurora-player\\packages\\domain\\src\\events\\domain-event.ts": {"path":"D:\\02_Work\\external_repo\\kokomaya\\LLPlayer\\aurora-player\\packages\\domain\\src\\events\\domain-event.ts","all":true,"statementMap":{},"s":{},"branchMap":{"0":{"type":"branch","line":1,"loc":{"start":{"line":1,"column":351},"end":{"line":13,"column":1}},"locations":[{"start":{"line":1,"column":351},"end":{"line":13,"column":1}}]}},"b":{"0":[1]},"fnMap":{"0":{"name":"(empty-report)","decl":{"start":{"line":1,"column":351},"end":{"line":13,"column":1}},"loc":{"start":{"line":1,"column":351},"end":{"line":13,"column":1}},"line":1}},"f":{"0":1}}
,"D:\\02_Work\\external_repo\\kokomaya\\LLPlayer\\aurora-player\\packages\\domain\\src\\events\\event-bus.ts": {"path":"D:\\02_Work\\external_repo\\kokomaya\\LLPlayer\\aurora-player\\packages\\domain\\src\\events\\event-bus.ts","all":false,"statementMap":{"26":{"start":{"line":27,"column":0},"end":{"line":27,"column":23}},"29":{"start":{"line":30,"column":0},"end":{"line":30,"column":74}},"30":{"start":{"line":31,"column":0},"end":{"line":31,"column":73}},"32":{"start":{"line":33,"column":0},"end":{"line":33,"column":46}},"33":{"start":{"line":34,"column":0},"end":{"line":34,"column":36}},"34":{"start":{"line":35,"column":0},"end":{"line":35,"column":3}},"36":{"start":{"line":37,"column":0},"end":{"line":37,"column":33}},"37":{"start":{"line":38,"column":0},"end":{"line":38,"column":12}},"38":{"start":{"line":39,"column":0},"end":{"line":39,"column":29}},"39":{"start":{"line":40,"column":0},"end":{"line":40,"column":18}},"40":{"start":{"line":41,"column":0},"end":{"line":41,"column":39}},"41":{"start":{"line":42,"column":0},"end":{"line":42,"column":15}},"42":{"start":{"line":43,"column":0},"end":{"line":43,"column":22}},"43":{"start":{"line":44,"column":0},"end":{"line":44,"column":36}},"44":{"start":{"line":45,"column":0},"end":{"line":45,"column":5}},"45":{"start":{"line":46,"column":0},"end":{"line":46,"column":55}},"46":{"start":{"line":47,"column":0},"end":{"line":47,"column":21}},"47":{"start":{"line":48,"column":0},"end":{"line":48,"column":18}},"48":{"start":{"line":49,"column":0},"end":{"line":49,"column":26}},"49":{"start":{"line":50,"column":0},"end":{"line":50,"column":27}},"50":{"start":{"line":51,"column":0},"end":{"line":51,"column":36}},"51":{"start":{"line":52,"column":0},"end":{"line":52,"column":7}},"52":{"start":{"line":53,"column":0},"end":{"line":53,"column":6}},"53":{"start":{"line":54,"column":0},"end":{"line":54,"column":3}},"55":{"start":{"line":56,"column":0},"end":{"line":56,"column":63}},"56":{"start":{"line":57,"column":0},"end":{"line":57,"column":47}},"57":{"start":{"line":58,"column":0},"end":{"line":58,"column":33}},"58":{"start":{"line":59,"column":0},"end":{"line":59,"column":13}},"59":{"start":{"line":60,"column":0},"end":{"line":60,"column":5}},"61":{"start":{"line":62,"column":0},"end":{"line":62,"column":37}},"62":{"start":{"line":63,"column":0},"end":{"line":63,"column":11}},"63":{"start":{"line":64,"column":0},"end":{"line":64,"column":23}},"64":{"start":{"line":65,"column":0},"end":{"line":65,"column":23}},"65":{"start":{"line":66,"column":0},"end":{"line":66,"column":53}},"66":{"start":{"line":67,"column":0},"end":{"line":67,"column":7}},"67":{"start":{"line":68,"column":0},"end":{"line":68,"column":5}},"68":{"start":{"line":69,"column":0},"end":{"line":69,"column":3}},"71":{"start":{"line":72,"column":0},"end":{"line":72,"column":42}},"72":{"start":{"line":73,"column":0},"end":{"line":73,"column":47}},"73":{"start":{"line":74,"column":0},"end":{"line":74,"column":3}},"75":{"start":{"line":76,"column":0},"end":{"line":76,"column":17}},"76":{"start":{"line":77,"column":0},"end":{"line":77,"column":27}},"77":{"start":{"line":78,"column":0},"end":{"line":78,"column":3}},"78":{"start":{"line":79,"column":0},"end":{"line":79,"column":1}}},"s":{"26":1,"29":6,"30":6,"32":6,"33":6,"34":6,"36":6,"37":8,"38":8,"39":8,"40":8,"41":8,"42":6,"43":6,"44":6,"45":8,"46":8,"47":8,"48":1,"49":1,"50":1,"51":1,"52":1,"53":8,"55":6,"56":6,"57":6,"58":2,"59":2,"61":6,"62":5,"63":5,"64":5,"65":1,"66":1,"67":5,"68":6,"71":6,"72":3,"73":3,"75":6,"76":1,"77":1,"78":6},"branchMap":{"0":{"type":"branch","line":27,"loc":{"start":{"line":27,"column":7},"end":{"line":79,"column":1}},"locations":[{"start":{"line":27,"column":7},"end":{"line":79,"column":1}}]},"1":{"type":"branch","line":33,"loc":{"start":{"line":33,"column":2},"end":{"line":35,"column":3}},"locations":[{"start":{"line":33,"column":2},"end":{"line":35,"column":3}}]},"2":{"type":"branch","line":37,"loc":{"start":{"line":37,"column":2},"end":{"line":54,"column":3}},"locations":[{"start":{"line":37,"column":2},"end":{"line":54,"column":3}}]},"3":{"type":"branch","line":42,"loc":{"start":{"line":42,"column":14},"end":{"line":45,"column":5}},"locations":[{"start":{"line":42,"column":14},"end":{"line":45,"column":5}}]},"4":{"type":"branch","line":48,"loc":{"start":{"line":48,"column":11},"end":{"line":53,"column":6}},"locations":[{"start":{"line":48,"column":11},"end":{"line":53,"column":6}}]},"5":{"type":"branch","line":56,"loc":{"start":{"line":56,"column":2},"end":{"line":69,"column":3}},"locations":[{"start":{"line":56,"column":2},"end":{"line":69,"column":3}}]},"6":{"type":"branch","line":58,"loc":{"start":{"line":58,"column":9},"end":{"line":58,"column":32}},"locations":[{"start":{"line":58,"column":9},"end":{"line":58,"column":32}}]},"7":{"type":"branch","line":58,"loc":{"start":{"line":58,"column":32},"end":{"line":60,"column":5}},"locations":[{"start":{"line":58,"column":32},"end":{"line":60,"column":5}}]},"8":{"type":"branch","line":60,"loc":{"start":{"line":60,"column":4},"end":{"line":62,"column":36}},"locations":[{"start":{"line":60,"column":4},"end":{"line":62,"column":36}}]},"9":{"type":"branch","line":62,"loc":{"start":{"line":62,"column":36},"end":{"line":68,"column":5}},"locations":[{"start":{"line":62,"column":36},"end":{"line":68,"column":5}}]},"10":{"type":"branch","line":65,"loc":{"start":{"line":65,"column":6},"end":{"line":67,"column":7}},"locations":[{"start":{"line":65,"column":6},"end":{"line":67,"column":7}}]},"11":{"type":"branch","line":68,"loc":{"start":{"line":68,"column":4},"end":{"line":68,"column":5}},"locations":[{"start":{"line":68,"column":4},"end":{"line":68,"column":5}}]},"12":{"type":"branch","line":72,"loc":{"start":{"line":72,"column":2},"end":{"line":74,"column":3}},"locations":[{"start":{"line":72,"column":2},"end":{"line":74,"column":3}}]},"13":{"type":"branch","line":73,"loc":{"start":{"line":73,"column":34},"end":{"line":73,"column":45}},"locations":[{"start":{"line":73,"column":34},"end":{"line":73,"column":45}}]},"14":{"type":"branch","line":73,"loc":{"start":{"line":73,"column":37},"end":{"line":73,"column":47}},"locations":[{"start":{"line":73,"column":37},"end":{"line":73,"column":47}}]},"15":{"type":"branch","line":76,"loc":{"start":{"line":76,"column":2},"end":{"line":78,"column":3}},"locations":[{"start":{"line":76,"column":2},"end":{"line":78,"column":3}}]}},"b":{"0":[6],"1":[6],"2":[8],"3":[6],"4":[1],"5":[6],"6":[4],"7":[2],"8":[4],"9":[5],"10":[1],"11":[4],"12":[3],"13":[1],"14":[2],"15":[1]},"fnMap":{"0":{"name":"<instance_members_initializer>","decl":{"start":{"line":27,"column":7},"end":{"line":79,"column":1}},"loc":{"start":{"line":27,"column":7},"end":{"line":79,"column":1}},"line":27},"1":{"name":"EventBus","decl":{"start":{"line":33,"column":2},"end":{"line":35,"column":3}},"loc":{"start":{"line":33,"column":2},"end":{"line":35,"column":3}},"line":33},"2":{"name":"subscribe","decl":{"start":{"line":37,"column":2},"end":{"line":54,"column":3}},"loc":{"start":{"line":37,"column":2},"end":{"line":54,"column":3}},"line":37},"3":{"name":"publish","decl":{"start":{"line":56,"column":2},"end":{"line":69,"column":3}},"loc":{"start":{"line":56,"column":2},"end":{"line":69,"column":3}},"line":56},"4":{"name":"listenerCount","decl":{"start":{"line":72,"column":2},"end":{"line":74,"column":3}},"loc":{"start":{"line":72,"column":2},"end":{"line":74,"column":3}},"line":72},"5":{"name":"clear","decl":{"start":{"line":76,"column":2},"end":{"line":78,"column":3}},"loc":{"start":{"line":76,"column":2},"end":{"line":78,"column":3}},"line":76}},"f":{"0":6,"1":6,"2":8,"3":6,"4":3,"5":1}}
,"D:\\02_Work\\external_repo\\kokomaya\\LLPlayer\\aurora-player\\packages\\domain\\src\\learning\\cards.ts": {"path":"D:\\02_Work\\external_repo\\kokomaya\\LLPlayer\\aurora-player\\packages\\domain\\src\\learning\\cards.ts","all":true,"statementMap":{},"s":{},"branchMap":{"0":{"type":"branch","line":1,"loc":{"start":{"line":1,"column":2466},"end":{"line":59,"column":1}},"locations":[{"start":{"line":1,"column":2466},"end":{"line":59,"column":1}}]}},"b":{"0":[1]},"fnMap":{"0":{"name":"(empty-report)","decl":{"start":{"line":1,"column":2466},"end":{"line":59,"column":1}},"loc":{"start":{"line":1,"column":2466},"end":{"line":59,"column":1}},"line":1}},"f":{"0":1}}
,"D:\\02_Work\\external_repo\\kokomaya\\LLPlayer\\aurora-player\\packages\\domain\\src\\learning\\rating.ts": {"path":"D:\\02_Work\\external_repo\\kokomaya\\LLPlayer\\aurora-player\\packages\\domain\\src\\learning\\rating.ts","all":false,"statementMap":{"13":{"start":{"line":14,"column":0},"end":{"line":14,"column":76}},"15":{"start":{"line":16,"column":0},"end":{"line":16,"column":59}},"16":{"start":{"line":17,"column":0},"end":{"line":17,"column":49}}},"s":{"13":1,"15":1,"16":4},"branchMap":{"0":{"type":"branch","line":16,"loc":{"start":{"line":16,"column":24},"end":{"line":17,"column":49}},"locations":[{"start":{"line":16,"column":24},"end":{"line":17,"column":49}}]}},"b":{"0":[4]},"fnMap":{"0":{"name":"isRating","decl":{"start":{"line":16,"column":24},"end":{"line":17,"column":49}},"loc":{"start":{"line":16,"column":24},"end":{"line":17,"column":49}},"line":16}},"f":{"0":4}}
,"D:\\02_Work\\external_repo\\kokomaya\\LLPlayer\\aurora-player\\packages\\domain\\src\\learning\\repositories.ts": {"path":"D:\\02_Work\\external_repo\\kokomaya\\LLPlayer\\aurora-player\\packages\\domain\\src\\learning\\repositories.ts","all":true,"statementMap":{},"s":{},"branchMap":{"0":{"type":"branch","line":1,"loc":{"start":{"line":1,"column":1642},"end":{"line":37,"column":1}},"locations":[{"start":{"line":1,"column":1642},"end":{"line":37,"column":1}}]}},"b":{"0":[1]},"fnMap":{"0":{"name":"(empty-report)","decl":{"start":{"line":1,"column":1642},"end":{"line":37,"column":1}},"loc":{"start":{"line":1,"column":1642},"end":{"line":37,"column":1}},"line":1}},"f":{"0":1}}
,"D:\\02_Work\\external_repo\\kokomaya\\LLPlayer\\aurora-player\\packages\\domain\\src\\media\\catalog.ts": {"path":"D:\\02_Work\\external_repo\\kokomaya\\LLPlayer\\aurora-player\\packages\\domain\\src\\media\\catalog.ts","all":true,"statementMap":{},"s":{},"branchMap":{"0":{"type":"branch","line":1,"loc":{"start":{"line":1,"column":1547},"end":{"line":34,"column":1}},"locations":[{"start":{"line":1,"column":1547},"end":{"line":34,"column":1}}]}},"b":{"0":[1]},"fnMap":{"0":{"name":"(empty-report)","decl":{"start":{"line":1,"column":1547},"end":{"line":34,"column":1}},"loc":{"start":{"line":1,"column":1547},"end":{"line":34,"column":1}},"line":1}},"f":{"0":1}}
,"D:\\02_Work\\external_repo\\kokomaya\\LLPlayer\\aurora-player\\packages\\domain\\src\\media\\package.ts": {"path":"D:\\02_Work\\external_repo\\kokomaya\\LLPlayer\\aurora-player\\packages\\domain\\src\\media\\package.ts","all":false,"statementMap":{"103":{"start":{"line":104,"column":0},"end":{"line":104,"column":55}},"104":{"start":{"line":105,"column":0},"end":{"line":105,"column":45}},"115":{"start":{"line":116,"column":0},"end":{"line":116,"column":37}},"116":{"start":{"line":117,"column":0},"end":{"line":117,"column":20}},"117":{"start":{"line":118,"column":0},"end":{"line":118,"column":30}},"118":{"start":{"line":119,"column":0},"end":{"line":119,"column":41}},"119":{"start":{"line":120,"column":0},"end":{"line":120,"column":43}},"120":{"start":{"line":121,"column":0},"end":{"line":121,"column":76}},"121":{"start":{"line":122,"column":0},"end":{"line":122,"column":61}},"122":{"start":{"line":123,"column":0},"end":{"line":123,"column":4}},"123":{"start":{"line":124,"column":0},"end":{"line":124,"column":76}},"124":{"start":{"line":125,"column":0},"end":{"line":125,"column":65}},"125":{"start":{"line":126,"column":0},"end":{"line":126,"column":4}},"127":{"start":{"line":128,"column":0},"end":{"line":128,"column":50}},"128":{"start":{"line":129,"column":0},"end":{"line":129,"column":49}},"129":{"start":{"line":130,"column":0},"end":{"line":130,"column":40}},"131":{"start":{"line":132,"column":0},"end":{"line":132,"column":28}},"132":{"start":{"line":133,"column":0},"end":{"line":133,"column":66}},"133":{"start":{"line":134,"column":0},"end":{"line":134,"column":3}},"135":{"start":{"line":136,"column":0},"end":{"line":136,"column":31}},"136":{"start":{"line":137,"column":0},"end":{"line":137,"column":73}},"137":{"start":{"line":138,"column":0},"end":{"line":138,"column":64}},"138":{"start":{"line":139,"column":0},"end":{"line":139,"column":9}},"139":{"start":{"line":140,"column":0},"end":{"line":140,"column":21}},"140":{"start":{"line":141,"column":0},"end":{"line":141,"column":95}},"141":{"start":{"line":142,"column":0},"end":{"line":142,"column":6}},"142":{"start":{"line":143,"column":0},"end":{"line":143,"column":3}},"144":{"start":{"line":145,"column":0},"end":{"line":145,"column":29}},"145":{"start":{"line":146,"column":0},"end":{"line":146,"column":58}},"146":{"start":{"line":147,"column":0},"end":{"line":147,"column":3}},"147":{"start":{"line":148,"column":0},"end":{"line":148,"column":56}},"148":{"start":{"line":149,"column":0},"end":{"line":149,"column":80}},"149":{"start":{"line":150,"column":0},"end":{"line":150,"column":3}},"150":{"start":{"line":151,"column":0},"end":{"line":151,"column":58}},"151":{"start":{"line":152,"column":0},"end":{"line":152,"column":9}},"152":{"start":{"line":153,"column":0},"end":{"line":153,"column":26}},"153":{"start":{"line":154,"column":0},"end":{"line":154,"column":59}},"154":{"start":{"line":155,"column":0},"end":{"line":155,"column":6}},"155":{"start":{"line":156,"column":0},"end":{"line":156,"column":3}},"157":{"start":{"line":158,"column":0},"end":{"line":158,"column":74}},"158":{"start":{"line":159,"column":0},"end":{"line":159,"column":80}},"159":{"start":{"line":160,"column":0},"end":{"line":160,"column":3}},"161":{"start":{"line":162,"column":0},"end":{"line":162,"column":55}},"162":{"start":{"line":163,"column":0},"end":{"line":163,"column":2}},"165":{"start":{"line":166,"column":0},"end":{"line":166,"column":38}},"166":{"start":{"line":167,"column":0},"end":{"line":167,"column":20}},"167":{"start":{"line":168,"column":0},"end":{"line":168,"column":27}},"168":{"start":{"line":169,"column":0},"end":{"line":169,"column":65}},"169":{"start":{"line":170,"column":0},"end":{"line":170,"column":10}},"170":{"start":{"line":171,"column":0},"end":{"line":171,"column":15}},"171":{"start":{"line":172,"column":0},"end":{"line":172,"column":26}},"172":{"start":{"line":173,"column":0},"end":{"line":173,"column":36}},"173":{"start":{"line":174,"column":0},"end":{"line":174,"column":40}},"174":{"start":{"line":175,"column":0},"end":{"line":175,"column":56}},"175":{"start":{"line":176,"column":0},"end":{"line":176,"column":72}},"176":{"start":{"line":177,"column":0},"end":{"line":177,"column":4}},"177":{"start":{"line":178,"column":0},"end":{"line":178,"column":2}}},"s":{"103":1,"104":52,"115":1,"116":13,"117":13,"118":13,"119":13,"120":13,"121":16,"122":16,"123":13,"124":5,"125":5,"127":13,"128":13,"129":13,"131":13,"132":4,"133":4,"135":13,"136":3,"137":13,"138":1,"139":1,"140":1,"141":1,"142":1,"144":13,"145":3,"146":3,"147":13,"148":3,"149":3,"150":13,"151":3,"152":3,"153":3,"154":3,"155":3,"157":13,"158":4,"159":4,"161":13,"162":13,"165":1,"166":4,"167":4,"168":4,"169":4,"170":4,"171":4,"172":4,"173":4,"174":4,"175":4,"176":4,"177":4},"branchMap":{"0":{"type":"branch","line":104,"loc":{"start":{"line":104,"column":16},"end":{"line":105,"column":45}},"locations":[{"start":{"line":104,"column":16},"end":{"line":105,"column":45}}]},"1":{"type":"branch","line":105,"loc":{"start":{"line":105,"column":12},"end":{"line":105,"column":45}},"locations":[{"start":{"line":105,"column":12},"end":{"line":105,"column":45}}]},"2":{"type":"branch","line":116,"loc":{"start":{"line":116,"column":36},"end":{"line":163,"column":2}},"locations":[{"start":{"line":116,"column":36},"end":{"line":163,"column":2}}]},"3":{"type":"branch","line":130,"loc":{"start":{"line":130,"column":24},"end":{"line":130,"column":40}},"locations":[{"start":{"line":130,"column":24},"end":{"line":130,"column":40}}]},"4":{"type":"branch","line":132,"loc":{"start":{"line":132,"column":14},"end":{"line":132,"column":24}},"locations":[{"start":{"line":132,"column":14},"end":{"line":132,"column":24}}]},"5":{"type":"branch","line":132,"loc":{"start":{"line":132,"column":27},"end":{"line":134,"column":3}},"locations":[{"start":{"line":132,"column":27},"end":{"line":134,"column":3}}]},"6":{"type":"branch","line":136,"loc":{"start":{"line":136,"column":30},"end":{"line":138,"column":13}},"locations":[{"start":{"line":136,"column":30},"end":{"line":138,"column":13}}]},"7":{"type":"branch","line":138,"loc":{"start":{"line":138,"column":2},"end":{"line":143,"column":3}},"locations":[{"start":{"line":138,"column":2},"end":{"line":143,"column":3}}]},"8":{"type":"branch","line":138,"loc":{"start":{"line":138,"column":63},"end":{"line":143,"column":3}},"locations":[{"start":{"line":138,"column":63},"end":{"line":143,"column":3}}]},"9":{"type":"branch","line":145,"loc":{"start":{"line":145,"column":14},"end":{"line":145,"column":25}},"locations":[{"start":{"line":145,"column":14},"end":{"line":145,"column":25}}]},"10":{"type":"branch","line":145,"loc":{"start":{"line":145,"column":28},"end":{"line":147,"column":3}},"locations":[{"start":{"line":145,"column":28},"end":{"line":147,"column":3}}]},"11":{"type":"branch","line":148,"loc":{"start":{"line":148,"column":14},"end":{"line":148,"column":52}},"locations":[{"start":{"line":148,"column":14},"end":{"line":148,"column":52}}]},"12":{"type":"branch","line":148,"loc":{"start":{"line":148,"column":55},"end":{"line":150,"column":3}},"locations":[{"start":{"line":148,"column":55},"end":{"line":150,"column":3}}]},"13":{"type":"branch","line":151,"loc":{"start":{"line":151,"column":14},"end":{"line":151,"column":54}},"locations":[{"start":{"line":151,"column":14},"end":{"line":151,"column":54}}]},"14":{"type":"branch","line":151,"loc":{"start":{"line":151,"column":57},"end":{"line":156,"column":3}},"locations":[{"start":{"line":151,"column":57},"end":{"line":156,"column":3}}]},"15":{"type":"branch","line":158,"loc":{"start":{"line":158,"column":6},"end":{"line":158,"column":28}},"locations":[{"start":{"line":158,"column":6},"end":{"line":158,"column":28}}]},"16":{"type":"branch","line":158,"loc":{"start":{"line":158,"column":28},"end":{"line":158,"column":73}},"locations":[{"start":{"line":158,"column":28},"end":{"line":158,"column":73}}]},"17":{"type":"branch","line":158,"loc":{"start":{"line":158,"column":41},"end":{"line":158,"column":62}},"locations":[{"start":{"line":158,"column":41},"end":{"line":158,"column":62}}]},"18":{"type":"branch","line":158,"loc":{"start":{"line":158,"column":73},"end":{"line":160,"column":3}},"locations":[{"start":{"line":158,"column":73},"end":{"line":160,"column":3}}]},"19":{"type":"branch","line":121,"loc":{"start":{"line":121,"column":15},"end":{"line":123,"column":4}},"locations":[{"start":{"line":121,"column":15},"end":{"line":123,"column":4}}]},"20":{"type":"branch","line":124,"loc":{"start":{"line":124,"column":15},"end":{"line":126,"column":4}},"locations":[{"start":{"line":124,"column":15},"end":{"line":126,"column":4}}]},"21":{"type":"branch","line":138,"loc":{"start":{"line":138,"column":29},"end":{"line":138,"column":60}},"locations":[{"start":{"line":138,"column":29},"end":{"line":138,"column":60}}]},"22":{"type":"branch","line":166,"loc":{"start":{"line":166,"column":37},"end":{"line":178,"column":2}},"locations":[{"start":{"line":166,"column":37},"end":{"line":178,"column":2}}]},"23":{"type":"branch","line":169,"loc":{"start":{"line":169,"column":31},"end":{"line":169,"column":65}},"locations":[{"start":{"line":169,"column":31},"end":{"line":169,"column":65}}]},"24":{"type":"branch","line":175,"loc":{"start":{"line":175,"column":23},"end":{"line":175,"column":52}},"locations":[{"start":{"line":175,"column":23},"end":{"line":175,"column":52}}]},"25":{"type":"branch","line":175,"loc":{"start":{"line":175,"column":48},"end":{"line":175,"column":56}},"locations":[{"start":{"line":175,"column":48},"end":{"line":175,"column":56}}]},"26":{"type":"branch","line":176,"loc":{"start":{"line":176,"column":39},"end":{"line":176,"column":70}},"locations":[{"start":{"line":176,"column":39},"end":{"line":176,"column":70}}]}},"b":{"0":[52],"1":[48],"2":[13],"3":[1],"4":[12],"5":[4],"6":[3],"7":[10],"8":[1],"9":[12],"10":[3],"11":[12],"12":[3],"13":[12],"14":[3],"15":[12],"16":[7],"17":[6],"18":[4],"19":[16],"20":[5],"21":[10],"22":[4],"23":[2],"24":[3],"25":[1],"26":[5]},"fnMap":{"0":{"name":"isBlank","decl":{"start":{"line":104,"column":16},"end":{"line":105,"column":45}},"loc":{"start":{"line":104,"column":16},"end":{"line":105,"column":45}},"line":104},"1":{"name":"validateMediaPackage","decl":{"start":{"line":116,"column":36},"end":{"line":163,"column":2}},"loc":{"start":{"line":116,"column":36},"end":{"line":163,"column":2}},"line":116},"2":{"name":"fail","decl":{"start":{"line":121,"column":15},"end":{"line":123,"column":4}},"loc":{"start":{"line":121,"column":15},"end":{"line":123,"column":4}},"line":121},"3":{"name":"warn","decl":{"start":{"line":124,"column":15},"end":{"line":126,"column":4}},"loc":{"start":{"line":124,"column":15},"end":{"line":126,"column":4}},"line":124},"4":{"name":"summarizeMediaPackage","decl":{"start":{"line":166,"column":37},"end":{"line":178,"column":2}},"loc":{"start":{"line":166,"column":37},"end":{"line":178,"column":2}},"line":166}},"f":{"0":52,"1":13,"2":16,"3":5,"4":4}}
,"D:\\02_Work\\external_repo\\kokomaya\\LLPlayer\\aurora-player\\packages\\domain\\src\\privacy\\consent.ts": {"path":"D:\\02_Work\\external_repo\\kokomaya\\LLPlayer\\aurora-player\\packages\\domain\\src\\privacy\\consent.ts","all":false,"statementMap":{"28":{"start":{"line":29,"column":0},"end":{"line":29,"column":46}},"29":{"start":{"line":30,"column":0},"end":{"line":30,"column":12}},"30":{"start":{"line":31,"column":0},"end":{"line":31,"column":16}},"31":{"start":{"line":32,"column":0},"end":{"line":32,"column":8}},"32":{"start":{"line":33,"column":0},"end":{"line":33,"column":14}},"33":{"start":{"line":34,"column":0},"end":{"line":34,"column":2}},"36":{"start":{"line":37,"column":0},"end":{"line":37,"column":61}},"37":{"start":{"line":38,"column":0},"end":{"line":38,"column":51}},"58":{"start":{"line":59,"column":0},"end":{"line":59,"column":47}},"59":{"start":{"line":60,"column":0},"end":{"line":60,"column":36}},"65":{"start":{"line":66,"column":0},"end":{"line":66,"column":28}},"66":{"start":{"line":67,"column":0},"end":{"line":67,"column":22}},"67":{"start":{"line":68,"column":0},"end":{"line":68,"column":15}},"68":{"start":{"line":69,"column":0},"end":{"line":69,"column":19}},"69":{"start":{"line":70,"column":0},"end":{"line":70,"column":13}},"70":{"start":{"line":71,"column":0},"end":{"line":71,"column":20}},"71":{"start":{"line":72,"column":0},"end":{"line":72,"column":30}},"72":{"start":{"line":73,"column":0},"end":{"line":73,"column":38}},"73":{"start":{"line":74,"column":0},"end":{"line":74,"column":14}},"74":{"start":{"line":75,"column":0},"end":{"line":75,"column":2}},"77":{"start":{"line":78,"column":0},"end":{"line":78,"column":72}},"78":{"start":{"line":79,"column":0},"end":{"line":79,"column":35}}},"s":{"28":1,"29":1,"30":1,"31":1,"32":1,"33":1,"36":1,"37":4,"58":1,"59":3,"65":1,"66":3,"67":3,"68":3,"69":3,"70":3,"71":3,"72":3,"73":3,"74":3,"77":1,"78":7},"branchMap":{"0":{"type":"branch","line":37,"loc":{"start":{"line":37,"column":25},"end":{"line":38,"column":51}},"locations":[{"start":{"line":37,"column":25},"end":{"line":38,"column":51}}]},"1":{"type":"branch","line":59,"loc":{"start":{"line":59,"column":28},"end":{"line":60,"column":36}},"locations":[{"start":{"line":59,"column":28},"end":{"line":60,"column":36}}]},"2":{"type":"branch","line":66,"loc":{"start":{"line":66,"column":27},"end":{"line":75,"column":2}},"locations":[{"start":{"line":66,"column":27},"end":{"line":75,"column":2}}]},"3":{"type":"branch","line":78,"loc":{"start":{"line":78,"column":25},"end":{"line":79,"column":35}},"locations":[{"start":{"line":78,"column":25},"end":{"line":79,"column":35}}]},"4":{"type":"branch","line":79,"loc":{"start":{"line":79,"column":15},"end":{"line":79,"column":30}},"locations":[{"start":{"line":79,"column":15},"end":{"line":79,"column":30}}]}},"b":{"0":[4],"1":[3],"2":[3],"3":[7],"4":[2]},"fnMap":{"0":{"name":"isDataUse","decl":{"start":{"line":37,"column":25},"end":{"line":38,"column":51}},"loc":{"start":{"line":37,"column":25},"end":{"line":38,"column":51}},"line":37},"1":{"name":"emptyConsent","decl":{"start":{"line":59,"column":28},"end":{"line":60,"column":36}},"loc":{"start":{"line":59,"column":28},"end":{"line":60,"column":36}},"line":59},"2":{"name":"withConsent","decl":{"start":{"line":66,"column":27},"end":{"line":75,"column":2}},"loc":{"start":{"line":66,"column":27},"end":{"line":75,"column":2}},"line":66},"3":{"name":"isGranted","decl":{"start":{"line":78,"column":25},"end":{"line":79,"column":35}},"loc":{"start":{"line":78,"column":25},"end":{"line":79,"column":35}},"line":78}},"f":{"0":4,"1":3,"2":3,"3":7}}
,"D:\\02_Work\\external_repo\\kokomaya\\LLPlayer\\aurora-player\\packages\\domain\\src\\privacy\\repository.ts": {"path":"D:\\02_Work\\external_repo\\kokomaya\\LLPlayer\\aurora-player\\packages\\domain\\src\\privacy\\repository.ts","all":true,"statementMap":{},"s":{},"branchMap":{"0":{"type":"branch","line":1,"loc":{"start":{"line":1,"column":1510},"end":{"line":30,"column":1}},"locations":[{"start":{"line":1,"column":1510},"end":{"line":30,"column":1}}]}},"b":{"0":[1]},"fnMap":{"0":{"name":"(empty-report)","decl":{"start":{"line":1,"column":1510},"end":{"line":30,"column":1}},"loc":{"start":{"line":1,"column":1510},"end":{"line":30,"column":1}},"line":1}},"f":{"0":1}}
,"D:\\02_Work\\external_repo\\kokomaya\\LLPlayer\\aurora-player\\packages\\domain\\src\\telemetry\\event.ts": {"path":"D:\\02_Work\\external_repo\\kokomaya\\LLPlayer\\aurora-player\\packages\\domain\\src\\telemetry\\event.ts","all":false,"statementMap":{"36":{"start":{"line":37,"column":0},"end":{"line":37,"column":64}},"37":{"start":{"line":38,"column":0},"end":{"line":38,"column":25}},"38":{"start":{"line":39,"column":0},"end":{"line":39,"column":61}},"39":{"start":{"line":40,"column":0},"end":{"line":40,"column":2}},"46":{"start":{"line":47,"column":0},"end":{"line":47,"column":31}},"47":{"start":{"line":48,"column":0},"end":{"line":48,"column":15}},"48":{"start":{"line":49,"column":0},"end":{"line":49,"column":13}},"49":{"start":{"line":50,"column":0},"end":{"line":50,"column":52}},"50":{"start":{"line":51,"column":0},"end":{"line":51,"column":22}},"51":{"start":{"line":52,"column":0},"end":{"line":52,"column":27}},"52":{"start":{"line":53,"column":0},"end":{"line":53,"column":62}},"53":{"start":{"line":54,"column":0},"end":{"line":54,"column":3}},"54":{"start":{"line":55,"column":0},"end":{"line":55,"column":28}},"55":{"start":{"line":56,"column":0},"end":{"line":56,"column":24}},"56":{"start":{"line":57,"column":0},"end":{"line":57,"column":3}},"57":{"start":{"line":58,"column":0},"end":{"line":58,"column":53}},"58":{"start":{"line":59,"column":0},"end":{"line":59,"column":27}},"59":{"start":{"line":60,"column":0},"end":{"line":60,"column":22}},"60":{"start":{"line":61,"column":0},"end":{"line":61,"column":104}},"61":{"start":{"line":62,"column":0},"end":{"line":62,"column":8}},"62":{"start":{"line":63,"column":0},"end":{"line":63,"column":5}},"63":{"start":{"line":64,"column":0},"end":{"line":64,"column":3}},"64":{"start":{"line":65,"column":0},"end":{"line":65,"column":29}},"65":{"start":{"line":66,"column":0},"end":{"line":66,"column":2}}},"s":{"36":1,"37":6,"38":6,"39":6,"46":1,"47":7,"48":7,"49":7,"50":7,"51":7,"52":2,"53":2,"54":7,"55":1,"56":1,"57":7,"58":6,"59":3,"60":3,"61":3,"62":3,"63":6,"64":1,"65":1},"branchMap":{"0":{"type":"branch","line":37,"loc":{"start":{"line":37,"column":17},"end":{"line":40,"column":2}},"locations":[{"start":{"line":37,"column":17},"end":{"line":40,"column":2}}]},"1":{"type":"branch","line":39,"loc":{"start":{"line":39,"column":15},"end":{"line":39,"column":45}},"locations":[{"start":{"line":39,"column":15},"end":{"line":39,"column":45}}]},"2":{"type":"branch","line":39,"loc":{"start":{"line":39,"column":33},"end":{"line":39,"column":61}},"locations":[{"start":{"line":39,"column":33},"end":{"line":39,"column":61}}]},"3":{"type":"branch","line":47,"loc":{"start":{"line":47,"column":30},"end":{"line":66,"column":2}},"locations":[{"start":{"line":47,"column":30},"end":{"line":66,"column":2}}]},"4":{"type":"branch","line":52,"loc":{"start":{"line":52,"column":26},"end":{"line":54,"column":3}},"locations":[{"start":{"line":52,"column":26},"end":{"line":54,"column":3}}]},"5":{"type":"branch","line":54,"loc":{"start":{"line":54,"column":2},"end":{"line":55,"column":27}},"locations":[{"start":{"line":54,"column":2},"end":{"line":55,"column":27}}]},"6":{"type":"branch","line":55,"loc":{"start":{"line":55,"column":27},"end":{"line":57,"column":3}},"locations":[{"start":{"line":55,"column":27},"end":{"line":57,"column":3}}]},"7":{"type":"branch","line":57,"loc":{"start":{"line":57,"column":2},"end":{"line":58,"column":52}},"locations":[{"start":{"line":57,"column":2},"end":{"line":58,"column":52}}]},"8":{"type":"branch","line":58,"loc":{"start":{"line":58,"column":52},"end":{"line":64,"column":3}},"locations":[{"start":{"line":58,"column":52},"end":{"line":64,"column":3}}]},"9":{"type":"branch","line":59,"loc":{"start":{"line":59,"column":26},"end":{"line":63,"column":5}},"locations":[{"start":{"line":59,"column":26},"end":{"line":63,"column":5}}]},"10":{"type":"branch","line":64,"loc":{"start":{"line":64,"column":2},"end":{"line":66,"column":2}},"locations":[{"start":{"line":64,"column":2},"end":{"line":66,"column":2}}]}},"b":{"0":[6],"1":[5],"2":[4],"3":[7],"4":[2],"5":[5],"6":[1],"7":[4],"8":[6],"9":[3],"10":[1]},"fnMap":{"0":{"name":"isScalar","decl":{"start":{"line":37,"column":17},"end":{"line":40,"column":2}},"loc":{"start":{"line":37,"column":17},"end":{"line":40,"column":2}},"line":37},"1":{"name":"telemetryEvent","decl":{"start":{"line":47,"column":30},"end":{"line":66,"column":2}},"loc":{"start":{"line":47,"column":30},"end":{"line":66,"column":2}},"line":47}},"f":{"0":6,"1":7}}
,"D:\\02_Work\\external_repo\\kokomaya\\LLPlayer\\aurora-player\\packages\\domain\\src\\telemetry\\sink.ts": {"path":"D:\\02_Work\\external_repo\\kokomaya\\LLPlayer\\aurora-player\\packages\\domain\\src\\telemetry\\sink.ts","all":true,"statementMap":{},"s":{},"branchMap":{"0":{"type":"branch","line":1,"loc":{"start":{"line":1,"column":1039},"end":{"line":22,"column":1}},"locations":[{"start":{"line":1,"column":1039},"end":{"line":22,"column":1}}]}},"b":{"0":[1]},"fnMap":{"0":{"name":"(empty-report)","decl":{"start":{"line":1,"column":1039},"end":{"line":22,"column":1}},"loc":{"start":{"line":1,"column":1039},"end":{"line":22,"column":1}},"line":1}},"f":{"0":1}}
,"D:\\02_Work\\external_repo\\kokomaya\\LLPlayer\\aurora-player\\packages\\domain\\src\\value-objects\\language-code.ts": {"path":"D:\\02_Work\\external_repo\\kokomaya\\LLPlayer\\aurora-player\\packages\\domain\\src\\value-objects\\language-code.ts","all":false,"statementMap":{"0":{"start":{"line":1,"column":0},"end":{"line":1,"column":47}},"10":{"start":{"line":11,"column":0},"end":{"line":11,"column":49}},"12":{"start":{"line":13,"column":0},"end":{"line":13,"column":29}},"13":{"start":{"line":14,"column":0},"end":{"line":14,"column":14}},"14":{"start":{"line":15,"column":0},"end":{"line":15,"column":45}},"15":{"start":{"line":16,"column":0},"end":{"line":16,"column":55}},"16":{"start":{"line":17,"column":0},"end":{"line":17,"column":20}},"17":{"start":{"line":18,"column":0},"end":{"line":18,"column":28}},"18":{"start":{"line":19,"column":0},"end":{"line":19,"column":71}},"19":{"start":{"line":20,"column":0},"end":{"line":20,"column":39}},"20":{"start":{"line":21,"column":0},"end":{"line":21,"column":38}},"21":{"start":{"line":22,"column":0},"end":{"line":22,"column":71}},"22":{"start":{"line":23,"column":0},"end":{"line":23,"column":3}},"23":{"start":{"line":24,"column":0},"end":{"line":24,"column":40}},"24":{"start":{"line":25,"column":0},"end":{"line":25,"column":2}},"26":{"start":{"line":27,"column":0},"end":{"line":27,"column":67}},"27":{"start":{"line":28,"column":0},"end":{"line":28,"column":23}}},"s":{"0":1,"10":1,"12":1,"13":13,"14":13,"15":13,"16":13,"17":13,"18":2,"19":11,"20":13,"21":6,"22":6,"23":7,"24":7,"26":1,"27":2},"branchMap":{"0":{"type":"branch","line":13,"loc":{"start":{"line":13,"column":28},"end":{"line":25,"column":2}},"locations":[{"start":{"line":13,"column":28},"end":{"line":25,"column":2}}]},"1":{"type":"branch","line":18,"loc":{"start":{"line":18,"column":19},"end":{"line":19,"column":71}},"locations":[{"start":{"line":18,"column":19},"end":{"line":19,"column":71}}]},"2":{"type":"branch","line":19,"loc":{"start":{"line":19,"column":12},"end":{"line":19,"column":28}},"locations":[{"start":{"line":19,"column":12},"end":{"line":19,"column":28}}]},"3":{"type":"branch","line":19,"loc":{"start":{"line":19,"column":69},"end":{"line":20,"column":39}},"locations":[{"start":{"line":19,"column":69},"end":{"line":20,"column":39}}]},"4":{"type":"branch","line":20,"loc":{"start":{"line":20,"column":9},"end":{"line":20,"column":25}},"locations":[{"start":{"line":20,"column":9},"end":{"line":20,"column":25}}]},"5":{"type":"branch","line":21,"loc":{"start":{"line":21,"column":37},"end":{"line":23,"column":3}},"locations":[{"start":{"line":21,"column":37},"end":{"line":23,"column":3}}]},"6":{"type":"branch","line":23,"loc":{"start":{"line":23,"column":2},"end":{"line":25,"column":2}},"locations":[{"start":{"line":23,"column":2},"end":{"line":25,"column":2}}]},"7":{"type":"branch","line":27,"loc":{"start":{"line":27,"column":30},"end":{"line":28,"column":23}},"locations":[{"start":{"line":27,"column":30},"end":{"line":28,"column":23}}]}},"b":{"0":[13],"1":[2],"2":[0],"3":[11],"4":[0],"5":[6],"6":[7],"7":[2]},"fnMap":{"0":{"name":"languageCode","decl":{"start":{"line":13,"column":28},"end":{"line":25,"column":2}},"loc":{"start":{"line":13,"column":28},"end":{"line":25,"column":2}},"line":13},"1":{"name":"isLanguageCode","decl":{"start":{"line":27,"column":30},"end":{"line":28,"column":23}},"loc":{"start":{"line":27,"column":30},"end":{"line":28,"column":23}},"line":27}},"f":{"0":13,"1":2}}
,"D:\\02_Work\\external_repo\\kokomaya\\LLPlayer\\aurora-player\\packages\\domain\\src\\value-objects\\lemma.ts": {"path":"D:\\02_Work\\external_repo\\kokomaya\\LLPlayer\\aurora-player\\packages\\domain\\src\\value-objects\\lemma.ts","all":false,"statementMap":{"9":{"start":{"line":10,"column":0},"end":{"line":10,"column":55}},"11":{"start":{"line":12,"column":0},"end":{"line":12,"column":54}},"12":{"start":{"line":13,"column":0},"end":{"line":13,"column":61}}},"s":{"9":1,"11":1,"12":8},"branchMap":{"0":{"type":"branch","line":12,"loc":{"start":{"line":12,"column":30},"end":{"line":13,"column":61}},"locations":[{"start":{"line":12,"column":30},"end":{"line":13,"column":61}}]}},"b":{"0":[8]},"fnMap":{"0":{"name":"normalizeLemma","decl":{"start":{"line":12,"column":30},"end":{"line":13,"column":61}},"loc":{"start":{"line":12,"column":30},"end":{"line":13,"column":61}},"line":12}},"f":{"0":8}}
,"D:\\02_Work\\external_repo\\kokomaya\\LLPlayer\\aurora-player\\packages\\domain\\src\\value-objects\\time-range.ts": {"path":"D:\\02_Work\\external_repo\\kokomaya\\LLPlayer\\aurora-player\\packages\\domain\\src\\value-objects\\time-range.ts","all":false,"statementMap":{"0":{"start":{"line":1,"column":0},"end":{"line":1,"column":47}},"15":{"start":{"line":16,"column":0},"end":{"line":16,"column":32}},"16":{"start":{"line":17,"column":0},"end":{"line":17,"column":18}},"17":{"start":{"line":18,"column":0},"end":{"line":18,"column":16}},"18":{"start":{"line":19,"column":0},"end":{"line":19,"column":42}},"19":{"start":{"line":20,"column":0},"end":{"line":20,"column":61}},"20":{"start":{"line":21,"column":0},"end":{"line":21,"column":79}},"21":{"start":{"line":22,"column":0},"end":{"line":22,"column":3}},"22":{"start":{"line":23,"column":0},"end":{"line":23,"column":20}},"23":{"start":{"line":24,"column":0},"end":{"line":24,"column":87}},"24":{"start":{"line":25,"column":0},"end":{"line":25,"column":3}},"25":{"start":{"line":26,"column":0},"end":{"line":26,"column":24}},"26":{"start":{"line":27,"column":0},"end":{"line":27,"column":15}},"27":{"start":{"line":28,"column":0},"end":{"line":28,"column":26}},"28":{"start":{"line":29,"column":0},"end":{"line":29,"column":69}},"29":{"start":{"line":30,"column":0},"end":{"line":30,"column":8}},"30":{"start":{"line":31,"column":0},"end":{"line":31,"column":6}},"31":{"start":{"line":32,"column":0},"end":{"line":32,"column":3}},"32":{"start":{"line":33,"column":0},"end":{"line":33,"column":32}},"33":{"start":{"line":34,"column":0},"end":{"line":34,"column":2}},"35":{"start":{"line":36,"column":0},"end":{"line":36,"column":55}},"36":{"start":{"line":37,"column":0},"end":{"line":37,"column":30}},"39":{"start":{"line":40,"column":0},"end":{"line":40,"column":70}},"40":{"start":{"line":41,"column":0},"end":{"line":41,"column":51}},"42":{"start":{"line":43,"column":0},"end":{"line":43,"column":64}},"43":{"start":{"line":44,"column":0},"end":{"line":44,"column":47}}},"s":{"0":1,"15":1,"16":5,"17":5,"18":5,"19":5,"20":1,"21":1,"22":5,"23":1,"24":1,"25":5,"26":1,"27":1,"28":1,"29":1,"30":1,"31":1,"32":2,"33":2,"35":1,"36":1,"39":1,"40":5,"42":1,"43":2},"branchMap":{"0":{"type":"branch","line":16,"loc":{"start":{"line":16,"column":31},"end":{"line":34,"column":2}},"locations":[{"start":{"line":16,"column":31},"end":{"line":34,"column":2}}]},"1":{"type":"branch","line":20,"loc":{"start":{"line":20,"column":30},"end":{"line":20,"column":60}},"locations":[{"start":{"line":20,"column":30},"end":{"line":20,"column":60}}]},"2":{"type":"branch","line":20,"loc":{"start":{"line":20,"column":60},"end":{"line":22,"column":3}},"locations":[{"start":{"line":20,"column":60},"end":{"line":22,"column":3}}]},"3":{"type":"branch","line":22,"loc":{"start":{"line":22,"column":2},"end":{"line":23,"column":19}},"locations":[{"start":{"line":22,"column":2},"end":{"line":23,"column":19}}]},"4":{"type":"branch","line":23,"loc":{"start":{"line":23,"column":19},"end":{"line":25,"column":3}},"locations":[{"start":{"line":23,"column":19},"end":{"line":25,"column":3}}]},"5":{"type":"branch","line":25,"loc":{"start":{"line":25,"column":2},"end":{"line":26,"column":23}},"locations":[{"start":{"line":25,"column":2},"end":{"line":26,"column":23}}]},"6":{"type":"branch","line":26,"loc":{"start":{"line":26,"column":23},"end":{"line":32,"column":3}},"locations":[{"start":{"line":26,"column":23},"end":{"line":32,"column":3}}]},"7":{"type":"branch","line":32,"loc":{"start":{"line":32,"column":2},"end":{"line":34,"column":2}},"locations":[{"start":{"line":32,"column":2},"end":{"line":34,"column":2}}]},"8":{"type":"branch","line":36,"loc":{"start":{"line":36,"column":26},"end":{"line":37,"column":30}},"locations":[{"start":{"line":36,"column":26},"end":{"line":37,"column":30}}]},"9":{"type":"branch","line":40,"loc":{"start":{"line":40,"column":24},"end":{"line":41,"column":51}},"locations":[{"start":{"line":40,"column":24},"end":{"line":41,"column":51}}]},"10":{"type":"branch","line":41,"loc":{"start":{"line":41,"column":19},"end":{"line":41,"column":51}},"locations":[{"start":{"line":41,"column":19},"end":{"line":41,"column":51}}]},"11":{"type":"branch","line":43,"loc":{"start":{"line":43,"column":24},"end":{"line":44,"column":47}},"locations":[{"start":{"line":43,"column":24},"end":{"line":44,"column":47}}]}},"b":{"0":[5],"1":[4],"2":[1],"3":[4],"4":[1],"5":[3],"6":[1],"7":[2],"8":[1],"9":[5],"10":[4],"11":[2]},"fnMap":{"0":{"name":"createTimeRange","decl":{"start":{"line":16,"column":31},"end":{"line":34,"column":2}},"loc":{"start":{"line":16,"column":31},"end":{"line":34,"column":2}},"line":16},"1":{"name":"durationMs","decl":{"start":{"line":36,"column":26},"end":{"line":37,"column":30}},"loc":{"start":{"line":36,"column":26},"end":{"line":37,"column":30}},"line":36},"2":{"name":"contains","decl":{"start":{"line":40,"column":24},"end":{"line":41,"column":51}},"loc":{"start":{"line":40,"column":24},"end":{"line":41,"column":51}},"line":40},"3":{"name":"overlaps","decl":{"start":{"line":43,"column":24},"end":{"line":44,"column":47}},"loc":{"start":{"line":43,"column":24},"end":{"line":44,"column":47}},"line":43}},"f":{"0":5,"1":1,"2":5,"3":2}}
,"D:\\02_Work\\external_repo\\kokomaya\\LLPlayer\\aurora-player\\packages\\domain\\src\\value-objects\\timestamp.ts": {"path":"D:\\02_Work\\external_repo\\kokomaya\\LLPlayer\\aurora-player\\packages\\domain\\src\\value-objects\\timestamp.ts","all":false,"statementMap":{"0":{"start":{"line":1,"column":0},"end":{"line":1,"column":47}},"9":{"start":{"line":10,"column":0},"end":{"line":10,"column":70}},"11":{"start":{"line":12,"column":0},"end":{"line":12,"column":77}},"12":{"start":{"line":13,"column":0},"end":{"line":13,"column":42}},"13":{"start":{"line":14,"column":0},"end":{"line":14,"column":15}},"14":{"start":{"line":15,"column":0},"end":{"line":15,"column":67}},"15":{"start":{"line":16,"column":0},"end":{"line":16,"column":3}},"16":{"start":{"line":17,"column":0},"end":{"line":17,"column":37}},"17":{"start":{"line":18,"column":0},"end":{"line":18,"column":36}},"18":{"start":{"line":19,"column":0},"end":{"line":19,"column":29}},"19":{"start":{"line":20,"column":0},"end":{"line":20,"column":29}},"20":{"start":{"line":21,"column":0},"end":{"line":21,"column":37}},"21":{"start":{"line":22,"column":0},"end":{"line":22,"column":78}},"22":{"start":{"line":23,"column":0},"end":{"line":23,"column":3}},"24":{"start":{"line":25,"column":0},"end":{"line":25,"column":56}},"25":{"start":{"line":26,"column":0},"end":{"line":26,"column":69}},"26":{"start":{"line":27,"column":0},"end":{"line":27,"column":2}},"29":{"start":{"line":30,"column":0},"end":{"line":30,"column":28}},"30":{"start":{"line":31,"column":0},"end":{"line":31,"column":18}},"31":{"start":{"line":32,"column":0},"end":{"line":32,"column":37}},"32":{"start":{"line":33,"column":0},"end":{"line":33,"column":14}},"33":{"start":{"line":34,"column":0},"end":{"line":34,"column":51}},"34":{"start":{"line":35,"column":0},"end":{"line":35,"column":28}},"35":{"start":{"line":36,"column":0},"end":{"line":36,"column":50}},"36":{"start":{"line":37,"column":0},"end":{"line":37,"column":36}},"37":{"start":{"line":38,"column":0},"end":{"line":38,"column":53}},"38":{"start":{"line":39,"column":0},"end":{"line":39,"column":48}},"39":{"start":{"line":40,"column":0},"end":{"line":40,"column":79}},"40":{"start":{"line":41,"column":0},"end":{"line":41,"column":90}},"41":{"start":{"line":42,"column":0},"end":{"line":42,"column":2}}},"s":{"0":1,"9":1,"11":1,"12":11,"13":11,"14":3,"15":3,"16":8,"17":11,"18":11,"19":11,"20":11,"21":1,"22":1,"24":11,"25":11,"26":11,"29":1,"30":5,"31":5,"32":5,"33":5,"34":5,"35":5,"36":5,"37":5,"38":5,"39":5,"40":5,"41":5},"branchMap":{"0":{"type":"branch","line":12,"loc":{"start":{"line":12,"column":26},"end":{"line":27,"column":2}},"locations":[{"start":{"line":12,"column":26},"end":{"line":27,"column":2}}]},"1":{"type":"branch","line":14,"loc":{"start":{"line":14,"column":14},"end":{"line":16,"column":3}},"locations":[{"start":{"line":14,"column":14},"end":{"line":16,"column":3}}]},"2":{"type":"branch","line":16,"loc":{"start":{"line":16,"column":2},"end":{"line":18,"column":21}},"locations":[{"start":{"line":16,"column":2},"end":{"line":18,"column":21}}]},"3":{"type":"branch","line":18,"loc":{"start":{"line":18,"column":16},"end":{"line":18,"column":34}},"locations":[{"start":{"line":18,"column":16},"end":{"line":18,"column":34}}]},"4":{"type":"branch","line":18,"loc":{"start":{"line":18,"column":30},"end":{"line":18,"column":36}},"locations":[{"start":{"line":18,"column":30},"end":{"line":18,"column":36}}]},"5":{"type":"branch","line":21,"loc":{"start":{"line":21,"column":16},"end":{"line":21,"column":36}},"locations":[{"start":{"line":21,"column":16},"end":{"line":21,"column":36}}]},"6":{"type":"branch","line":21,"loc":{"start":{"line":21,"column":36},"end":{"line":23,"column":3}},"locations":[{"start":{"line":21,"column":36},"end":{"line":23,"column":3}}]},"7":{"type":"branch","line":23,"loc":{"start":{"line":23,"column":2},"end":{"line":25,"column":54}},"locations":[{"start":{"line":23,"column":2},"end":{"line":25,"column":54}}]},"8":{"type":"branch","line":25,"loc":{"start":{"line":25,"column":50},"end":{"line":25,"column":56}},"locations":[{"start":{"line":25,"column":50},"end":{"line":25,"column":56}}]},"9":{"type":"branch","line":30,"loc":{"start":{"line":30,"column":27},"end":{"line":42,"column":2}},"locations":[{"start":{"line":30,"column":27},"end":{"line":42,"column":2}}]},"10":{"type":"branch","line":40,"loc":{"start":{"line":40,"column":14},"end":{"line":40,"column":79}},"locations":[{"start":{"line":40,"column":14},"end":{"line":40,"column":79}}]}},"b":{"0":[11],"1":[3],"2":[8],"3":[7],"4":[1],"5":[7],"6":[1],"7":[7],"8":[0],"9":[5],"10":[20]},"fnMap":{"0":{"name":"parseClock","decl":{"start":{"line":12,"column":26},"end":{"line":27,"column":2}},"loc":{"start":{"line":12,"column":26},"end":{"line":27,"column":2}},"line":12},"1":{"name":"formatClock","decl":{"start":{"line":30,"column":27},"end":{"line":42,"column":2}},"loc":{"start":{"line":30,"column":27},"end":{"line":42,"column":2}},"line":30},"2":{"name":"pad","decl":{"start":{"line":40,"column":14},"end":{"line":40,"column":79}},"loc":{"start":{"line":40,"column":14},"end":{"line":40,"column":79}},"line":40}},"f":{"0":11,"1":5,"2":20}}
}
