{"D:\\02_Work\\external_repo\\kokomaya\\LLPlayer\\aurora-player\\packages\\storage\\src\\port.ts": {"path":"D:\\02_Work\\external_repo\\kokomaya\\LLPlayer\\aurora-player\\packages\\storage\\src\\port.ts","all":true,"statementMap":{},"s":{},"branchMap":{"0":{"type":"branch","line":1,"loc":{"start":{"line":1,"column":1023},"end":{"line":22,"column":1}},"locations":[{"start":{"line":1,"column":1023},"end":{"line":22,"column":1}}]}},"b":{"0":[1]},"fnMap":{"0":{"name":"(empty-report)","decl":{"start":{"line":1,"column":1023},"end":{"line":22,"column":1}},"loc":{"start":{"line":1,"column":1023},"end":{"line":22,"column":1}},"line":1}},"f":{"0":1}}
,"D:\\02_Work\\external_repo\\kokomaya\\LLPlayer\\aurora-player\\packages\\storage\\src\\settings-repository.ts": {"path":"D:\\02_Work\\external_repo\\kokomaya\\LLPlayer\\aurora-player\\packages\\storage\\src\\settings-repository.ts","all":false,"statementMap":{"7":{"start":{"line":8,"column":0},"end":{"line":8,"column":33}},"8":{"start":{"line":9,"column":0},"end":{"line":9,"column":14}},"9":{"start":{"line":10,"column":0},"end":{"line":10,"column":42}},"10":{"start":{"line":11,"column":0},"end":{"line":11,"column":44}},"11":{"start":{"line":12,"column":0},"end":{"line":12,"column":6}},"13":{"start":{"line":14,"column":0},"end":{"line":14,"column":29}},"14":{"start":{"line":15,"column":0},"end":{"line":15,"column":38}},"15":{"start":{"line":16,"column":0},"end":{"line":16,"column":3}},"17":{"start":{"line":18,"column":0},"end":{"line":18,"column":55}},"18":{"start":{"line":19,"column":0},"end":{"line":19,"column":42}},"19":{"start":{"line":20,"column":0},"end":{"line":20,"column":3}},"21":{"start":{"line":22,"column":0},"end":{"line":22,"column":56}},"22":{"start":{"line":23,"column":0},"end":{"line":23,"column":49}},"23":{"start":{"line":24,"column":0},"end":{"line":24,"column":3}},"25":{"start":{"line":26,"column":0},"end":{"line":26,"column":57}},"26":{"start":{"line":27,"column":0},"end":{"line":27,"column":53}},"27":{"start":{"line":28,"column":0},"end":{"line":28,"column":28}},"28":{"start":{"line":29,"column":0},"end":{"line":29,"column":23}},"29":{"start":{"line":30,"column":0},"end":{"line":30,"column":5}},"30":{"start":{"line":31,"column":0},"end":{"line":31,"column":32}},"31":{"start":{"line":32,"column":0},"end":{"line":32,"column":3}},"33":{"start":{"line":34,"column":0},"end":{"line":34,"column":52}},"34":{"start":{"line":35,"column":0},"end":{"line":35,"column":65}},"35":{"start":{"line":36,"column":0},"end":{"line":36,"column":3}},"37":{"start":{"line":38,"column":0},"end":{"line":38,"column":38}},"38":{"start":{"line":39,"column":0},"end":{"line":39,"column":45}},"39":{"start":{"line":40,"column":0},"end":{"line":40,"column":3}},"40":{"start":{"line":41,"column":0},"end":{"line":41,"column":1}}},"s":{"7":1,"8":1,"9":5,"10":5,"11":5,"13":1,"14":11,"15":11,"17":1,"18":3,"19":3,"21":1,"22":4,"23":4,"25":1,"26":2,"27":2,"28":1,"29":1,"30":1,"31":2,"33":1,"34":1,"35":1,"37":1,"38":1,"39":1,"40":1},"branchMap":{"0":{"type":"branch","line":9,"loc":{"start":{"line":9,"column":2},"end":{"line":12,"column":6}},"locations":[{"start":{"line":9,"column":2},"end":{"line":12,"column":6}}]},"1":{"type":"branch","line":14,"loc":{"start":{"line":14,"column":2},"end":{"line":16,"column":3}},"locations":[{"start":{"line":14,"column":2},"end":{"line":16,"column":3}}]},"2":{"type":"branch","line":18,"loc":{"start":{"line":18,"column":2},"end":{"line":20,"column":3}},"locations":[{"start":{"line":18,"column":2},"end":{"line":20,"column":3}}]},"3":{"type":"branch","line":22,"loc":{"start":{"line":22,"column":2},"end":{"line":24,"column":3}},"locations":[{"start":{"line":22,"column":2},"end":{"line":24,"column":3}}]},"4":{"type":"branch","line":26,"loc":{"start":{"line":26,"column":2},"end":{"line":32,"column":3}},"locations":[{"start":{"line":26,"column":2},"end":{"line":32,"column":3}}]},"5":{"type":"branch","line":28,"loc":{"start":{"line":28,"column":27},"end":{"line":31,"column":32}},"locations":[{"start":{"line":28,"column":27},"end":{"line":31,"column":32}}]},"6":{"type":"branch","line":34,"loc":{"start":{"line":34,"column":2},"end":{"line":36,"column":3}},"locations":[{"start":{"line":34,"column":2},"end":{"line":36,"column":3}}]},"7":{"type":"branch","line":38,"loc":{"start":{"line":38,"column":2},"end":{"line":40,"column":3}},"locations":[{"start":{"line":38,"column":2},"end":{"line":40,"column":3}}]}},"b":{"0":[5],"1":[11],"2":[3],"3":[4],"4":[2],"5":[1],"6":[1],"7":[1]},"fnMap":{"0":{"name":"SettingsRepository","decl":{"start":{"line":9,"column":2},"end":{"line":12,"column":6}},"loc":{"start":{"line":9,"column":2},"end":{"line":12,"column":6}},"line":9},"1":{"name":"#key","decl":{"start":{"line":14,"column":2},"end":{"line":16,"column":3}},"loc":{"start":{"line":14,"column":2},"end":{"line":16,"column":3}},"line":14},"2":{"name":"getString","decl":{"start":{"line":18,"column":2},"end":{"line":20,"column":3}},"loc":{"start":{"line":18,"column":2},"end":{"line":20,"column":3}},"line":18},"3":{"name":"setString","decl":{"start":{"line":22,"column":2},"end":{"line":24,"column":3}},"loc":{"start":{"line":22,"column":2},"end":{"line":24,"column":3}},"line":22},"4":{"name":"getJSON","decl":{"start":{"line":26,"column":2},"end":{"line":32,"column":3}},"loc":{"start":{"line":26,"column":2},"end":{"line":32,"column":3}},"line":26},"5":{"name":"setJSON","decl":{"start":{"line":34,"column":2},"end":{"line":36,"column":3}},"loc":{"start":{"line":34,"column":2},"end":{"line":36,"column":3}},"line":34},"6":{"name":"remove","decl":{"start":{"line":38,"column":2},"end":{"line":40,"column":3}},"loc":{"start":{"line":38,"column":2},"end":{"line":40,"column":3}},"line":38}},"f":{"0":5,"1":11,"2":3,"3":4,"4":2,"5":1,"6":1}}
,"D:\\02_Work\\external_repo\\kokomaya\\LLPlayer\\aurora-player\\packages\\storage\\src\\adapters\\in-memory-cache-repository.ts": {"path":"D:\\02_Work\\external_repo\\kokomaya\\LLPlayer\\aurora-player\\packages\\storage\\src\\adapters\\in-memory-cache-repository.ts","all":false,"statementMap":{"7":{"start":{"line":8,"column":0},"end":{"line":8,"column":65}},"8":{"start":{"line":9,"column":0},"end":{"line":9,"column":48}},"10":{"start":{"line":11,"column":0},"end":{"line":11,"column":62}},"11":{"start":{"line":12,"column":0},"end":{"line":12,"column":37}},"12":{"start":{"line":13,"column":0},"end":{"line":13,"column":30}},"13":{"start":{"line":14,"column":0},"end":{"line":14,"column":40}},"14":{"start":{"line":15,"column":0},"end":{"line":15,"column":5}},"15":{"start":{"line":16,"column":0},"end":{"line":16,"column":66}},"16":{"start":{"line":17,"column":0},"end":{"line":17,"column":28}},"17":{"start":{"line":18,"column":0},"end":{"line":18,"column":40}},"18":{"start":{"line":19,"column":0},"end":{"line":19,"column":5}},"19":{"start":{"line":20,"column":0},"end":{"line":20,"column":40}},"20":{"start":{"line":21,"column":0},"end":{"line":21,"column":3}},"22":{"start":{"line":23,"column":0},"end":{"line":23,"column":79}},"23":{"start":{"line":24,"column":0},"end":{"line":24,"column":24}},"24":{"start":{"line":25,"column":0},"end":{"line":25,"column":10}},"25":{"start":{"line":26,"column":0},"end":{"line":26,"column":12}},"26":{"start":{"line":27,"column":0},"end":{"line":27,"column":21}},"27":{"start":{"line":28,"column":0},"end":{"line":28,"column":65}},"28":{"start":{"line":29,"column":0},"end":{"line":29,"column":7}},"29":{"start":{"line":30,"column":0},"end":{"line":30,"column":29}},"30":{"start":{"line":31,"column":0},"end":{"line":31,"column":3}},"32":{"start":{"line":33,"column":0},"end":{"line":33,"column":38}},"33":{"start":{"line":34,"column":0},"end":{"line":34,"column":26}},"34":{"start":{"line":35,"column":0},"end":{"line":35,"column":29}},"35":{"start":{"line":36,"column":0},"end":{"line":36,"column":3}},"36":{"start":{"line":37,"column":0},"end":{"line":37,"column":1}}},"s":{"7":1,"8":7,"10":7,"11":9,"12":9,"13":3,"14":3,"15":9,"16":1,"17":1,"18":1,"19":5,"20":9,"22":7,"23":8,"24":8,"25":8,"26":8,"27":8,"28":8,"29":8,"30":8,"32":7,"33":2,"34":2,"35":2,"36":7},"branchMap":{"0":{"type":"branch","line":8,"loc":{"start":{"line":8,"column":7},"end":{"line":37,"column":1}},"locations":[{"start":{"line":8,"column":7},"end":{"line":37,"column":1}}]},"1":{"type":"branch","line":11,"loc":{"start":{"line":11,"column":2},"end":{"line":21,"column":3}},"locations":[{"start":{"line":11,"column":2},"end":{"line":21,"column":3}}]},"2":{"type":"branch","line":13,"loc":{"start":{"line":13,"column":29},"end":{"line":15,"column":5}},"locations":[{"start":{"line":13,"column":29},"end":{"line":15,"column":5}}]},"3":{"type":"branch","line":15,"loc":{"start":{"line":15,"column":4},"end":{"line":16,"column":41}},"locations":[{"start":{"line":15,"column":4},"end":{"line":16,"column":41}}]},"4":{"type":"branch","line":16,"loc":{"start":{"line":16,"column":28},"end":{"line":16,"column":65}},"locations":[{"start":{"line":16,"column":28},"end":{"line":16,"column":65}}]},"5":{"type":"branch","line":16,"loc":{"start":{"line":16,"column":65},"end":{"line":19,"column":5}},"locations":[{"start":{"line":16,"column":65},"end":{"line":19,"column":5}}]},"6":{"type":"branch","line":19,"loc":{"start":{"line":19,"column":4},"end":{"line":20,"column":40}},"locations":[{"start":{"line":19,"column":4},"end":{"line":20,"column":40}}]},"7":{"type":"branch","line":23,"loc":{"start":{"line":23,"column":2},"end":{"line":31,"column":3}},"locations":[{"start":{"line":23,"column":2},"end":{"line":31,"column":3}}]},"8":{"type":"branch","line":28,"loc":{"start":{"line":28,"column":20},"end":{"line":28,"column":61}},"locations":[{"start":{"line":28,"column":20},"end":{"line":28,"column":61}}]},"9":{"type":"branch","line":28,"loc":{"start":{"line":28,"column":57},"end":{"line":28,"column":65}},"locations":[{"start":{"line":28,"column":57},"end":{"line":28,"column":65}}]},"10":{"type":"branch","line":33,"loc":{"start":{"line":33,"column":2},"end":{"line":36,"column":3}},"locations":[{"start":{"line":33,"column":2},"end":{"line":36,"column":3}}]}},"b":{"0":[7],"1":[9],"2":[3],"3":[6],"4":[3],"5":[1],"6":[5],"7":[8],"8":[4],"9":[4],"10":[2]},"fnMap":{"0":{"name":"<instance_members_initializer>","decl":{"start":{"line":8,"column":7},"end":{"line":37,"column":1}},"loc":{"start":{"line":8,"column":7},"end":{"line":37,"column":1}},"line":8},"1":{"name":"get","decl":{"start":{"line":11,"column":2},"end":{"line":21,"column":3}},"loc":{"start":{"line":11,"column":2},"end":{"line":21,"column":3}},"line":11},"2":{"name":"set","decl":{"start":{"line":23,"column":2},"end":{"line":31,"column":3}},"loc":{"start":{"line":23,"column":2},"end":{"line":31,"column":3}},"line":23},"3":{"name":"delete","decl":{"start":{"line":33,"column":2},"end":{"line":36,"column":3}},"loc":{"start":{"line":33,"column":2},"end":{"line":36,"column":3}},"line":33}},"f":{"0":7,"1":9,"2":8,"3":2}}
,"D:\\02_Work\\external_repo\\kokomaya\\LLPlayer\\aurora-player\\packages\\storage\\src\\adapters\\in-memory-catalog.ts": {"path":"D:\\02_Work\\external_repo\\kokomaya\\LLPlayer\\aurora-player\\packages\\storage\\src\\adapters\\in-memory-catalog.ts","all":false,"statementMap":{"0":{"start":{"line":1,"column":0},"end":{"line":1,"column":13}},"18":{"start":{"line":19,"column":0},"end":{"line":19,"column":57}},"19":{"start":{"line":20,"column":0},"end":{"line":20,"column":50}},"21":{"start":{"line":22,"column":0},"end":{"line":22,"column":51}},"22":{"start":{"line":23,"column":0},"end":{"line":23,"column":27}},"23":{"start":{"line":24,"column":0},"end":{"line":24,"column":57}},"24":{"start":{"line":25,"column":0},"end":{"line":25,"column":6}},"25":{"start":{"line":26,"column":0},"end":{"line":26,"column":3}},"27":{"start":{"line":28,"column":0},"end":{"line":28,"column":54}},"28":{"start":{"line":29,"column":0},"end":{"line":29,"column":46}},"29":{"start":{"line":30,"column":0},"end":{"line":30,"column":3}},"31":{"start":{"line":32,"column":0},"end":{"line":32,"column":59}},"32":{"start":{"line":33,"column":0},"end":{"line":33,"column":49}},"33":{"start":{"line":34,"column":0},"end":{"line":34,"column":25}},"34":{"start":{"line":35,"column":0},"end":{"line":35,"column":66}},"35":{"start":{"line":36,"column":0},"end":{"line":36,"column":5}},"36":{"start":{"line":37,"column":0},"end":{"line":37,"column":31}},"37":{"start":{"line":38,"column":0},"end":{"line":38,"column":53}},"38":{"start":{"line":39,"column":0},"end":{"line":39,"column":3}},"39":{"start":{"line":40,"column":0},"end":{"line":40,"column":1}}},"s":{"0":1,"18":1,"19":4,"21":4,"22":4,"23":4,"24":4,"25":4,"27":4,"28":3,"29":3,"31":4,"32":4,"33":4,"34":1,"35":1,"36":3,"37":3,"38":4,"39":4},"branchMap":{"0":{"type":"branch","line":19,"loc":{"start":{"line":19,"column":7},"end":{"line":40,"column":1}},"locations":[{"start":{"line":19,"column":7},"end":{"line":40,"column":1}}]},"1":{"type":"branch","line":22,"loc":{"start":{"line":22,"column":2},"end":{"line":26,"column":3}},"locations":[{"start":{"line":22,"column":2},"end":{"line":26,"column":3}}]},"2":{"type":"branch","line":28,"loc":{"start":{"line":28,"column":2},"end":{"line":30,"column":3}},"locations":[{"start":{"line":28,"column":2},"end":{"line":30,"column":3}}]},"3":{"type":"branch","line":32,"loc":{"start":{"line":32,"column":2},"end":{"line":39,"column":3}},"locations":[{"start":{"line":32,"column":2},"end":{"line":39,"column":3}}]},"4":{"type":"branch","line":34,"loc":{"start":{"line":34,"column":24},"end":{"line":36,"column":5}},"locations":[{"start":{"line":34,"column":24},"end":{"line":36,"column":5}}]},"5":{"type":"branch","line":36,"loc":{"start":{"line":36,"column":4},"end":{"line":38,"column":53}},"locations":[{"start":{"line":36,"column":4},"end":{"line":38,"column":53}}]}},"b":{"0":[4],"1":[4],"2":[3],"3":[4],"4":[1],"5":[3]},"fnMap":{"0":{"name":"<instance_members_initializer>","decl":{"start":{"line":19,"column":7},"end":{"line":40,"column":1}},"loc":{"start":{"line":19,"column":7},"end":{"line":40,"column":1}},"line":19},"1":{"name":"list","decl":{"start":{"line":22,"column":2},"end":{"line":26,"column":3}},"loc":{"start":{"line":22,"column":2},"end":{"line":26,"column":3}},"line":22},"2":{"name":"get","decl":{"start":{"line":28,"column":2},"end":{"line":30,"column":3}},"loc":{"start":{"line":28,"column":2},"end":{"line":30,"column":3}},"line":28},"3":{"name":"upload","decl":{"start":{"line":32,"column":2},"end":{"line":39,"column":3}},"loc":{"start":{"line":32,"column":2},"end":{"line":39,"column":3}},"line":32}},"f":{"0":4,"1":4,"2":3,"3":4}}
,"D:\\02_Work\\external_repo\\kokomaya\\LLPlayer\\aurora-player\\packages\\storage\\src\\adapters\\in-memory-consent-repository.ts": {"path":"D:\\02_Work\\external_repo\\kokomaya\\LLPlayer\\aurora-player\\packages\\storage\\src\\adapters\\in-memory-consent-repository.ts","all":false,"statementMap":{"0":{"start":{"line":1,"column":0},"end":{"line":1,"column":8}},"14":{"start":{"line":15,"column":0},"end":{"line":15,"column":69}},"15":{"start":{"line":16,"column":0},"end":{"line":16,"column":40}},"17":{"start":{"line":18,"column":0},"end":{"line":18,"column":33}},"18":{"start":{"line":19,"column":0},"end":{"line":19,"column":40}},"19":{"start":{"line":20,"column":0},"end":{"line":20,"column":3}},"21":{"start":{"line":22,"column":0},"end":{"line":22,"column":50}},"22":{"start":{"line":23,"column":0},"end":{"line":23,"column":58}},"23":{"start":{"line":24,"column":0},"end":{"line":24,"column":29}},"24":{"start":{"line":25,"column":0},"end":{"line":25,"column":3}},"26":{"start":{"line":27,"column":0},"end":{"line":27,"column":51}},"27":{"start":{"line":28,"column":0},"end":{"line":28,"column":59}},"28":{"start":{"line":29,"column":0},"end":{"line":29,"column":29}},"29":{"start":{"line":30,"column":0},"end":{"line":30,"column":3}},"31":{"start":{"line":32,"column":0},"end":{"line":32,"column":26}},"32":{"start":{"line":33,"column":0},"end":{"line":33,"column":33}},"33":{"start":{"line":34,"column":0},"end":{"line":34,"column":29}},"34":{"start":{"line":35,"column":0},"end":{"line":35,"column":3}},"35":{"start":{"line":36,"column":0},"end":{"line":36,"column":1}}},"s":{"0":1,"14":1,"15":7,"17":7,"18":8,"19":8,"21":7,"22":7,"23":7,"24":7,"26":7,"27":2,"28":2,"29":2,"31":7,"32":2,"33":2,"34":2,"35":7},"branchMap":{"0":{"type":"branch","line":15,"loc":{"start":{"line":15,"column":7},"end":{"line":36,"column":1}},"locations":[{"start":{"line":15,"column":7},"end":{"line":36,"column":1}}]},"1":{"type":"branch","line":18,"loc":{"start":{"line":18,"column":2},"end":{"line":20,"column":3}},"locations":[{"start":{"line":18,"column":2},"end":{"line":20,"column":3}}]},"2":{"type":"branch","line":22,"loc":{"start":{"line":22,"column":2},"end":{"line":25,"column":3}},"locations":[{"start":{"line":22,"column":2},"end":{"line":25,"column":3}}]},"3":{"type":"branch","line":27,"loc":{"start":{"line":27,"column":2},"end":{"line":30,"column":3}},"locations":[{"start":{"line":27,"column":2},"end":{"line":30,"column":3}}]},"4":{"type":"branch","line":32,"loc":{"start":{"line":32,"column":2},"end":{"line":35,"column":3}},"locations":[{"start":{"line":32,"column":2},"end":{"line":35,"column":3}}]}},"b":{"0":[7],"1":[8],"2":[7],"3":[2],"4":[2]},"fnMap":{"0":{"name":"<instance_members_initializer>","decl":{"start":{"line":15,"column":7},"end":{"line":36,"column":1}},"loc":{"start":{"line":15,"column":7},"end":{"line":36,"column":1}},"line":15},"1":{"name":"load","decl":{"start":{"line":18,"column":2},"end":{"line":20,"column":3}},"loc":{"start":{"line":18,"column":2},"end":{"line":20,"column":3}},"line":18},"2":{"name":"grant","decl":{"start":{"line":22,"column":2},"end":{"line":25,"column":3}},"loc":{"start":{"line":22,"column":2},"end":{"line":25,"column":3}},"line":22},"3":{"name":"revoke","decl":{"start":{"line":27,"column":2},"end":{"line":30,"column":3}},"loc":{"start":{"line":27,"column":2},"end":{"line":30,"column":3}},"line":27},"4":{"name":"clear","decl":{"start":{"line":32,"column":2},"end":{"line":35,"column":3}},"loc":{"start":{"line":32,"column":2},"end":{"line":35,"column":3}},"line":32}},"f":{"0":7,"1":8,"2":7,"3":2,"4":2}}
,"D:\\02_Work\\external_repo\\kokomaya\\LLPlayer\\aurora-player\\packages\\storage\\src\\adapters\\in-memory-review-repository.ts": {"path":"D:\\02_Work\\external_repo\\kokomaya\\LLPlayer\\aurora-player\\packages\\storage\\src\\adapters\\in-memory-review-repository.ts","all":false,"statementMap":{"7":{"start":{"line":8,"column":0},"end":{"line":8,"column":67}},"8":{"start":{"line":9,"column":0},"end":{"line":9,"column":48}},"10":{"start":{"line":11,"column":0},"end":{"line":11,"column":43}},"11":{"start":{"line":12,"column":0},"end":{"line":12,"column":33}},"12":{"start":{"line":13,"column":0},"end":{"line":13,"column":29}},"13":{"start":{"line":14,"column":0},"end":{"line":14,"column":3}},"15":{"start":{"line":16,"column":0},"end":{"line":16,"column":52}},"16":{"start":{"line":17,"column":0},"end":{"line":17,"column":46}},"17":{"start":{"line":18,"column":0},"end":{"line":18,"column":3}},"19":{"start":{"line":20,"column":0},"end":{"line":20,"column":42}},"20":{"start":{"line":21,"column":0},"end":{"line":21,"column":52}},"21":{"start":{"line":22,"column":0},"end":{"line":22,"column":3}},"23":{"start":{"line":24,"column":0},"end":{"line":24,"column":56}},"24":{"start":{"line":25,"column":0},"end":{"line":25,"column":27}},"25":{"start":{"line":26,"column":0},"end":{"line":26,"column":29}},"26":{"start":{"line":27,"column":0},"end":{"line":27,"column":36}},"27":{"start":{"line":28,"column":0},"end":{"line":28,"column":67}},"28":{"start":{"line":29,"column":0},"end":{"line":29,"column":6}},"29":{"start":{"line":30,"column":0},"end":{"line":30,"column":3}},"31":{"start":{"line":32,"column":0},"end":{"line":32,"column":37}},"32":{"start":{"line":33,"column":0},"end":{"line":33,"column":25}},"33":{"start":{"line":34,"column":0},"end":{"line":34,"column":29}},"34":{"start":{"line":35,"column":0},"end":{"line":35,"column":3}},"36":{"start":{"line":37,"column":0},"end":{"line":37,"column":26}},"37":{"start":{"line":38,"column":0},"end":{"line":38,"column":22}},"38":{"start":{"line":39,"column":0},"end":{"line":39,"column":29}},"39":{"start":{"line":40,"column":0},"end":{"line":40,"column":3}},"40":{"start":{"line":41,"column":0},"end":{"line":41,"column":1}}},"s":{"7":1,"8":8,"10":8,"11":13,"12":13,"13":13,"15":8,"16":5,"17":5,"19":8,"20":4,"21":4,"23":8,"24":3,"25":3,"26":3,"27":3,"28":3,"29":3,"31":8,"32":2,"33":2,"34":2,"36":8,"37":2,"38":2,"39":2,"40":8},"branchMap":{"0":{"type":"branch","line":8,"loc":{"start":{"line":8,"column":7},"end":{"line":41,"column":1}},"locations":[{"start":{"line":8,"column":7},"end":{"line":41,"column":1}}]},"1":{"type":"branch","line":11,"loc":{"start":{"line":11,"column":2},"end":{"line":14,"column":3}},"locations":[{"start":{"line":11,"column":2},"end":{"line":14,"column":3}}]},"2":{"type":"branch","line":16,"loc":{"start":{"line":16,"column":2},"end":{"line":18,"column":3}},"locations":[{"start":{"line":16,"column":2},"end":{"line":18,"column":3}}]},"3":{"type":"branch","line":20,"loc":{"start":{"line":20,"column":2},"end":{"line":22,"column":3}},"locations":[{"start":{"line":20,"column":2},"end":{"line":22,"column":3}}]},"4":{"type":"branch","line":24,"loc":{"start":{"line":24,"column":2},"end":{"line":30,"column":3}},"locations":[{"start":{"line":24,"column":2},"end":{"line":30,"column":3}}]},"5":{"type":"branch","line":27,"loc":{"start":{"line":27,"column":16},"end":{"line":27,"column":35}},"locations":[{"start":{"line":27,"column":16},"end":{"line":27,"column":35}}]},"6":{"type":"branch","line":28,"loc":{"start":{"line":28,"column":14},"end":{"line":28,"column":65}},"locations":[{"start":{"line":28,"column":14},"end":{"line":28,"column":65}}]},"7":{"type":"branch","line":28,"loc":{"start":{"line":28,"column":34},"end":{"line":28,"column":65}},"locations":[{"start":{"line":28,"column":34},"end":{"line":28,"column":65}}]},"8":{"type":"branch","line":32,"loc":{"start":{"line":32,"column":2},"end":{"line":35,"column":3}},"locations":[{"start":{"line":32,"column":2},"end":{"line":35,"column":3}}]},"9":{"type":"branch","line":37,"loc":{"start":{"line":37,"column":2},"end":{"line":40,"column":3}},"locations":[{"start":{"line":37,"column":2},"end":{"line":40,"column":3}}]}},"b":{"0":[8],"1":[13],"2":[5],"3":[4],"4":[3],"5":[6],"6":[3],"7":[1],"8":[2],"9":[2]},"fnMap":{"0":{"name":"<instance_members_initializer>","decl":{"start":{"line":8,"column":7},"end":{"line":41,"column":1}},"loc":{"start":{"line":8,"column":7},"end":{"line":41,"column":1}},"line":8},"1":{"name":"upsert","decl":{"start":{"line":11,"column":2},"end":{"line":14,"column":3}},"loc":{"start":{"line":11,"column":2},"end":{"line":14,"column":3}},"line":11},"2":{"name":"get","decl":{"start":{"line":16,"column":2},"end":{"line":18,"column":3}},"loc":{"start":{"line":16,"column":2},"end":{"line":18,"column":3}},"line":16},"3":{"name":"list","decl":{"start":{"line":20,"column":2},"end":{"line":22,"column":3}},"loc":{"start":{"line":20,"column":2},"end":{"line":22,"column":3}},"line":20},"4":{"name":"listDue","decl":{"start":{"line":24,"column":2},"end":{"line":30,"column":3}},"loc":{"start":{"line":24,"column":2},"end":{"line":30,"column":3}},"line":24},"5":{"name":"delete","decl":{"start":{"line":32,"column":2},"end":{"line":35,"column":3}},"loc":{"start":{"line":32,"column":2},"end":{"line":35,"column":3}},"line":32},"6":{"name":"clear","decl":{"start":{"line":37,"column":2},"end":{"line":40,"column":3}},"loc":{"start":{"line":37,"column":2},"end":{"line":40,"column":3}},"line":37}},"f":{"0":8,"1":13,"2":5,"3":4,"4":3,"5":2,"6":2}}
,"D:\\02_Work\\external_repo\\kokomaya\\LLPlayer\\aurora-player\\packages\\storage\\src\\adapters\\in-memory-store.ts": {"path":"D:\\02_Work\\external_repo\\kokomaya\\LLPlayer\\aurora-player\\packages\\storage\\src\\adapters\\in-memory-store.ts","all":false,"statementMap":{"6":{"start":{"line":7,"column":0},"end":{"line":7,"column":61}},"7":{"start":{"line":8,"column":0},"end":{"line":8,"column":44}},"9":{"start":{"line":10,"column":0},"end":{"line":10,"column":49}},"10":{"start":{"line":11,"column":0},"end":{"line":11,"column":47}},"11":{"start":{"line":12,"column":0},"end":{"line":12,"column":3}},"13":{"start":{"line":14,"column":0},"end":{"line":14,"column":50}},"14":{"start":{"line":15,"column":0},"end":{"line":15,"column":30}},"15":{"start":{"line":16,"column":0},"end":{"line":16,"column":29}},"16":{"start":{"line":17,"column":0},"end":{"line":17,"column":3}},"18":{"start":{"line":19,"column":0},"end":{"line":19,"column":38}},"19":{"start":{"line":20,"column":0},"end":{"line":20,"column":47}},"20":{"start":{"line":21,"column":0},"end":{"line":21,"column":3}},"22":{"start":{"line":23,"column":0},"end":{"line":23,"column":38}},"23":{"start":{"line":24,"column":0},"end":{"line":24,"column":26}},"24":{"start":{"line":25,"column":0},"end":{"line":25,"column":29}},"25":{"start":{"line":26,"column":0},"end":{"line":26,"column":3}},"27":{"start":{"line":28,"column":0},"end":{"line":28,"column":38}},"28":{"start":{"line":29,"column":0},"end":{"line":29,"column":50}},"29":{"start":{"line":30,"column":0},"end":{"line":30,"column":3}},"31":{"start":{"line":32,"column":0},"end":{"line":32,"column":26}},"32":{"start":{"line":33,"column":0},"end":{"line":33,"column":22}},"33":{"start":{"line":34,"column":0},"end":{"line":34,"column":29}},"34":{"start":{"line":35,"column":0},"end":{"line":35,"column":3}},"35":{"start":{"line":36,"column":0},"end":{"line":36,"column":1}}},"s":{"6":1,"7":12,"9":12,"10":14,"11":14,"13":12,"14":15,"15":15,"16":15,"18":12,"19":4,"20":4,"22":12,"23":3,"24":3,"25":3,"27":12,"28":3,"29":3,"31":12,"32":1,"33":1,"34":1,"35":12},"branchMap":{"0":{"type":"branch","line":7,"loc":{"start":{"line":7,"column":7},"end":{"line":36,"column":1}},"locations":[{"start":{"line":7,"column":7},"end":{"line":36,"column":1}}]},"1":{"type":"branch","line":10,"loc":{"start":{"line":10,"column":2},"end":{"line":12,"column":3}},"locations":[{"start":{"line":10,"column":2},"end":{"line":12,"column":3}}]},"2":{"type":"branch","line":14,"loc":{"start":{"line":14,"column":2},"end":{"line":17,"column":3}},"locations":[{"start":{"line":14,"column":2},"end":{"line":17,"column":3}}]},"3":{"type":"branch","line":19,"loc":{"start":{"line":19,"column":2},"end":{"line":21,"column":3}},"locations":[{"start":{"line":19,"column":2},"end":{"line":21,"column":3}}]},"4":{"type":"branch","line":23,"loc":{"start":{"line":23,"column":2},"end":{"line":26,"column":3}},"locations":[{"start":{"line":23,"column":2},"end":{"line":26,"column":3}}]},"5":{"type":"branch","line":28,"loc":{"start":{"line":28,"column":2},"end":{"line":30,"column":3}},"locations":[{"start":{"line":28,"column":2},"end":{"line":30,"column":3}}]},"6":{"type":"branch","line":32,"loc":{"start":{"line":32,"column":2},"end":{"line":35,"column":3}},"locations":[{"start":{"line":32,"column":2},"end":{"line":35,"column":3}}]}},"b":{"0":[12],"1":[14],"2":[15],"3":[4],"4":[3],"5":[3],"6":[1]},"fnMap":{"0":{"name":"<instance_members_initializer>","decl":{"start":{"line":7,"column":7},"end":{"line":36,"column":1}},"loc":{"start":{"line":7,"column":7},"end":{"line":36,"column":1}},"line":7},"1":{"name":"get","decl":{"start":{"line":10,"column":2},"end":{"line":12,"column":3}},"loc":{"start":{"line":10,"column":2},"end":{"line":12,"column":3}},"line":10},"2":{"name":"set","decl":{"start":{"line":14,"column":2},"end":{"line":17,"column":3}},"loc":{"start":{"line":14,"column":2},"end":{"line":17,"column":3}},"line":14},"3":{"name":"has","decl":{"start":{"line":19,"column":2},"end":{"line":21,"column":3}},"loc":{"start":{"line":19,"column":2},"end":{"line":21,"column":3}},"line":19},"4":{"name":"delete","decl":{"start":{"line":23,"column":2},"end":{"line":26,"column":3}},"loc":{"start":{"line":23,"column":2},"end":{"line":26,"column":3}},"line":23},"5":{"name":"keys","decl":{"start":{"line":28,"column":2},"end":{"line":30,"column":3}},"loc":{"start":{"line":28,"column":2},"end":{"line":30,"column":3}},"line":28},"6":{"name":"clear","decl":{"start":{"line":32,"column":2},"end":{"line":35,"column":3}},"loc":{"start":{"line":32,"column":2},"end":{"line":35,"column":3}},"line":32}},"f":{"0":12,"1":14,"2":15,"3":4,"4":3,"5":3,"6":1}}
,"D:\\02_Work\\external_repo\\kokomaya\\LLPlayer\\aurora-player\\packages\\storage\\src\\adapters\\in-memory-vocabulary-repository.ts": {"path":"D:\\02_Work\\external_repo\\kokomaya\\LLPlayer\\aurora-player\\packages\\storage\\src\\adapters\\in-memory-vocabulary-repository.ts","all":false,"statementMap":{"6":{"start":{"line":7,"column":0},"end":{"line":7,"column":75}},"7":{"start":{"line":8,"column":0},"end":{"line":8,"column":48}},"9":{"start":{"line":10,"column":0},"end":{"line":10,"column":44}},"10":{"start":{"line":11,"column":0},"end":{"line":11,"column":35}},"11":{"start":{"line":12,"column":0},"end":{"line":12,"column":29}},"12":{"start":{"line":13,"column":0},"end":{"line":13,"column":3}},"14":{"start":{"line":15,"column":0},"end":{"line":15,"column":52}},"15":{"start":{"line":16,"column":0},"end":{"line":16,"column":46}},"16":{"start":{"line":17,"column":0},"end":{"line":17,"column":3}},"18":{"start":{"line":19,"column":0},"end":{"line":19,"column":42}},"19":{"start":{"line":20,"column":0},"end":{"line":20,"column":52}},"20":{"start":{"line":21,"column":0},"end":{"line":21,"column":3}},"22":{"start":{"line":23,"column":0},"end":{"line":23,"column":37}},"23":{"start":{"line":24,"column":0},"end":{"line":24,"column":25}},"24":{"start":{"line":25,"column":0},"end":{"line":25,"column":29}},"25":{"start":{"line":26,"column":0},"end":{"line":26,"column":3}},"27":{"start":{"line":28,"column":0},"end":{"line":28,"column":26}},"28":{"start":{"line":29,"column":0},"end":{"line":29,"column":22}},"29":{"start":{"line":30,"column":0},"end":{"line":30,"column":29}},"30":{"start":{"line":31,"column":0},"end":{"line":31,"column":3}},"31":{"start":{"line":32,"column":0},"end":{"line":32,"column":1}}},"s":{"6":1,"7":11,"9":11,"10":14,"11":14,"12":14,"14":11,"15":9,"16":9,"18":11,"19":5,"20":5,"22":11,"23":2,"24":2,"25":2,"27":11,"28":2,"29":2,"30":2,"31":11},"branchMap":{"0":{"type":"branch","line":7,"loc":{"start":{"line":7,"column":7},"end":{"line":32,"column":1}},"locations":[{"start":{"line":7,"column":7},"end":{"line":32,"column":1}}]},"1":{"type":"branch","line":10,"loc":{"start":{"line":10,"column":2},"end":{"line":13,"column":3}},"locations":[{"start":{"line":10,"column":2},"end":{"line":13,"column":3}}]},"2":{"type":"branch","line":15,"loc":{"start":{"line":15,"column":2},"end":{"line":17,"column":3}},"locations":[{"start":{"line":15,"column":2},"end":{"line":17,"column":3}}]},"3":{"type":"branch","line":19,"loc":{"start":{"line":19,"column":2},"end":{"line":21,"column":3}},"locations":[{"start":{"line":19,"column":2},"end":{"line":21,"column":3}}]},"4":{"type":"branch","line":23,"loc":{"start":{"line":23,"column":2},"end":{"line":26,"column":3}},"locations":[{"start":{"line":23,"column":2},"end":{"line":26,"column":3}}]},"5":{"type":"branch","line":28,"loc":{"start":{"line":28,"column":2},"end":{"line":31,"column":3}},"locations":[{"start":{"line":28,"column":2},"end":{"line":31,"column":3}}]}},"b":{"0":[11],"1":[14],"2":[9],"3":[5],"4":[2],"5":[2]},"fnMap":{"0":{"name":"<instance_members_initializer>","decl":{"start":{"line":7,"column":7},"end":{"line":32,"column":1}},"loc":{"start":{"line":7,"column":7},"end":{"line":32,"column":1}},"line":7},"1":{"name":"upsert","decl":{"start":{"line":10,"column":2},"end":{"line":13,"column":3}},"loc":{"start":{"line":10,"column":2},"end":{"line":13,"column":3}},"line":10},"2":{"name":"get","decl":{"start":{"line":15,"column":2},"end":{"line":17,"column":3}},"loc":{"start":{"line":15,"column":2},"end":{"line":17,"column":3}},"line":15},"3":{"name":"list","decl":{"start":{"line":19,"column":2},"end":{"line":21,"column":3}},"loc":{"start":{"line":19,"column":2},"end":{"line":21,"column":3}},"line":19},"4":{"name":"delete","decl":{"start":{"line":23,"column":2},"end":{"line":26,"column":3}},"loc":{"start":{"line":23,"column":2},"end":{"line":26,"column":3}},"line":23},"5":{"name":"clear","decl":{"start":{"line":28,"column":2},"end":{"line":31,"column":3}},"loc":{"start":{"line":28,"column":2},"end":{"line":31,"column":3}},"line":28}},"f":{"0":11,"1":14,"2":9,"3":5,"4":2,"5":2}}
,"D:\\02_Work\\external_repo\\kokomaya\\LLPlayer\\aurora-player\\packages\\storage\\src\\adapters\\sqlite-cache-repository.ts": {"path":"D:\\02_Work\\external_repo\\kokomaya\\LLPlayer\\aurora-player\\packages\\storage\\src\\adapters\\sqlite-cache-repository.ts","all":false,"statementMap":{"14":{"start":{"line":15,"column":0},"end":{"line":15,"column":63}},"15":{"start":{"line":16,"column":0},"end":{"line":16,"column":56}},"17":{"start":{"line":18,"column":0},"end":{"line":18,"column":62}},"18":{"start":{"line":19,"column":0},"end":{"line":19,"column":23}},"19":{"start":{"line":20,"column":0},"end":{"line":20,"column":15}},"20":{"start":{"line":21,"column":0},"end":{"line":21,"column":35}},"22":{"start":{"line":23,"column":0},"end":{"line":23,"column":7}},"23":{"start":{"line":24,"column":0},"end":{"line":24,"column":45}},"24":{"start":{"line":25,"column":0},"end":{"line":25,"column":39}},"25":{"start":{"line":26,"column":0},"end":{"line":26,"column":3}},"27":{"start":{"line":28,"column":0},"end":{"line":28,"column":79}},"28":{"start":{"line":29,"column":0},"end":{"line":29,"column":11}},"29":{"start":{"line":30,"column":0},"end":{"line":30,"column":15}},"30":{"start":{"line":31,"column":0},"end":{"line":31,"column":64}},"35":{"start":{"line":36,"column":0},"end":{"line":36,"column":7}},"36":{"start":{"line":37,"column":0},"end":{"line":37,"column":12}},"37":{"start":{"line":38,"column":0},"end":{"line":38,"column":12}},"38":{"start":{"line":39,"column":0},"end":{"line":39,"column":14}},"39":{"start":{"line":40,"column":0},"end":{"line":40,"column":23}},"40":{"start":{"line":41,"column":0},"end":{"line":41,"column":60}},"41":{"start":{"line":42,"column":0},"end":{"line":42,"column":9}},"42":{"start":{"line":43,"column":0},"end":{"line":43,"column":29}},"43":{"start":{"line":44,"column":0},"end":{"line":44,"column":3}},"45":{"start":{"line":46,"column":0},"end":{"line":46,"column":38}},"46":{"start":{"line":47,"column":0},"end":{"line":47,"column":67}},"47":{"start":{"line":48,"column":0},"end":{"line":48,"column":29}},"48":{"start":{"line":49,"column":0},"end":{"line":49,"column":3}},"49":{"start":{"line":50,"column":0},"end":{"line":50,"column":1}}},"s":{"14":1,"15":1,"17":1,"18":9,"19":9,"20":9,"22":9,"23":9,"24":9,"25":9,"27":1,"28":8,"29":8,"30":8,"35":8,"36":8,"37":8,"38":8,"39":8,"40":8,"41":8,"42":8,"43":8,"45":1,"46":2,"47":2,"48":2,"49":1},"branchMap":{"0":{"type":"branch","line":16,"loc":{"start":{"line":16,"column":2},"end":{"line":16,"column":56}},"locations":[{"start":{"line":16,"column":2},"end":{"line":16,"column":56}}]},"1":{"type":"branch","line":18,"loc":{"start":{"line":18,"column":2},"end":{"line":26,"column":3}},"locations":[{"start":{"line":18,"column":2},"end":{"line":26,"column":3}}]},"2":{"type":"branch","line":25,"loc":{"start":{"line":25,"column":27},"end":{"line":25,"column":37}},"locations":[{"start":{"line":25,"column":27},"end":{"line":25,"column":37}}]},"3":{"type":"branch","line":28,"loc":{"start":{"line":28,"column":2},"end":{"line":44,"column":3}},"locations":[{"start":{"line":28,"column":2},"end":{"line":44,"column":3}}]},"4":{"type":"branch","line":41,"loc":{"start":{"line":41,"column":29},"end":{"line":41,"column":55}},"locations":[{"start":{"line":41,"column":29},"end":{"line":41,"column":55}}]},"5":{"type":"branch","line":41,"loc":{"start":{"line":41,"column":47},"end":{"line":41,"column":60}},"locations":[{"start":{"line":41,"column":47},"end":{"line":41,"column":60}}]},"6":{"type":"branch","line":46,"loc":{"start":{"line":46,"column":2},"end":{"line":49,"column":3}},"locations":[{"start":{"line":46,"column":2},"end":{"line":49,"column":3}}]}},"b":{"0":[7],"1":[9],"2":[5],"3":[8],"4":[4],"5":[4],"6":[2]},"fnMap":{"0":{"name":"SqliteCacheRepository","decl":{"start":{"line":16,"column":2},"end":{"line":16,"column":56}},"loc":{"start":{"line":16,"column":2},"end":{"line":16,"column":56}},"line":16},"1":{"name":"get","decl":{"start":{"line":18,"column":2},"end":{"line":26,"column":3}},"loc":{"start":{"line":18,"column":2},"end":{"line":26,"column":3}},"line":18},"2":{"name":"set","decl":{"start":{"line":28,"column":2},"end":{"line":44,"column":3}},"loc":{"start":{"line":28,"column":2},"end":{"line":44,"column":3}},"line":28},"3":{"name":"delete","decl":{"start":{"line":46,"column":2},"end":{"line":49,"column":3}},"loc":{"start":{"line":46,"column":2},"end":{"line":49,"column":3}},"line":46}},"f":{"0":7,"1":9,"2":8,"3":2}}
,"D:\\02_Work\\external_repo\\kokomaya\\LLPlayer\\aurora-player\\packages\\storage\\src\\adapters\\sqlite-consent-repository.ts": {"path":"D:\\02_Work\\external_repo\\kokomaya\\LLPlayer\\aurora-player\\packages\\storage\\src\\adapters\\sqlite-consent-repository.ts","all":false,"statementMap":{"0":{"start":{"line":1,"column":0},"end":{"line":1,"column":8}},"24":{"start":{"line":25,"column":0},"end":{"line":25,"column":67}},"25":{"start":{"line":26,"column":0},"end":{"line":26,"column":56}},"27":{"start":{"line":28,"column":0},"end":{"line":28,"column":33}},"28":{"start":{"line":29,"column":0},"end":{"line":29,"column":24}},"29":{"start":{"line":30,"column":0},"end":{"line":30,"column":54}},"30":{"start":{"line":31,"column":0},"end":{"line":31,"column":29}},"31":{"start":{"line":32,"column":0},"end":{"line":32,"column":31}},"32":{"start":{"line":33,"column":0},"end":{"line":33,"column":29}},"33":{"start":{"line":34,"column":0},"end":{"line":34,"column":31}},"34":{"start":{"line":35,"column":0},"end":{"line":35,"column":71}},"35":{"start":{"line":36,"column":0},"end":{"line":36,"column":7}},"36":{"start":{"line":37,"column":0},"end":{"line":37,"column":5}},"37":{"start":{"line":38,"column":0},"end":{"line":38,"column":34}},"38":{"start":{"line":39,"column":0},"end":{"line":39,"column":3}},"40":{"start":{"line":41,"column":0},"end":{"line":41,"column":50}},"41":{"start":{"line":42,"column":0},"end":{"line":42,"column":38}},"42":{"start":{"line":43,"column":0},"end":{"line":43,"column":3}},"44":{"start":{"line":45,"column":0},"end":{"line":45,"column":51}},"45":{"start":{"line":46,"column":0},"end":{"line":46,"column":39}},"46":{"start":{"line":47,"column":0},"end":{"line":47,"column":3}},"48":{"start":{"line":49,"column":0},"end":{"line":49,"column":26}},"49":{"start":{"line":50,"column":0},"end":{"line":50,"column":49}},"50":{"start":{"line":51,"column":0},"end":{"line":51,"column":29}},"51":{"start":{"line":52,"column":0},"end":{"line":52,"column":3}},"53":{"start":{"line":54,"column":0},"end":{"line":54,"column":69}},"54":{"start":{"line":55,"column":0},"end":{"line":55,"column":11}},"55":{"start":{"line":56,"column":0},"end":{"line":56,"column":15}},"56":{"start":{"line":57,"column":0},"end":{"line":57,"column":76}},"58":{"start":{"line":59,"column":0},"end":{"line":59,"column":7}},"59":{"start":{"line":60,"column":0},"end":{"line":60,"column":50}},"60":{"start":{"line":61,"column":0},"end":{"line":61,"column":29}},"61":{"start":{"line":62,"column":0},"end":{"line":62,"column":3}},"62":{"start":{"line":63,"column":0},"end":{"line":63,"column":1}}},"s":{"0":1,"24":1,"25":1,"27":1,"28":8,"29":8,"30":8,"31":8,"32":8,"33":5,"34":5,"35":5,"36":5,"37":8,"38":8,"40":1,"41":7,"42":7,"44":1,"45":2,"46":2,"48":1,"49":2,"50":2,"51":2,"53":1,"54":9,"55":9,"56":9,"58":9,"59":9,"60":9,"61":9,"62":1},"branchMap":{"0":{"type":"branch","line":26,"loc":{"start":{"line":26,"column":2},"end":{"line":26,"column":56}},"locations":[{"start":{"line":26,"column":2},"end":{"line":26,"column":56}}]},"1":{"type":"branch","line":28,"loc":{"start":{"line":28,"column":2},"end":{"line":39,"column":3}},"locations":[{"start":{"line":28,"column":2},"end":{"line":39,"column":3}}]},"2":{"type":"branch","line":33,"loc":{"start":{"line":33,"column":28},"end":{"line":37,"column":5}},"locations":[{"start":{"line":33,"column":28},"end":{"line":37,"column":5}}]},"3":{"type":"branch","line":41,"loc":{"start":{"line":41,"column":2},"end":{"line":43,"column":3}},"locations":[{"start":{"line":41,"column":2},"end":{"line":43,"column":3}}]},"4":{"type":"branch","line":45,"loc":{"start":{"line":45,"column":2},"end":{"line":47,"column":3}},"locations":[{"start":{"line":45,"column":2},"end":{"line":47,"column":3}}]},"5":{"type":"branch","line":49,"loc":{"start":{"line":49,"column":2},"end":{"line":52,"column":3}},"locations":[{"start":{"line":49,"column":2},"end":{"line":52,"column":3}}]},"6":{"type":"branch","line":54,"loc":{"start":{"line":54,"column":2},"end":{"line":62,"column":3}},"locations":[{"start":{"line":54,"column":2},"end":{"line":62,"column":3}}]},"7":{"type":"branch","line":60,"loc":{"start":{"line":60,"column":27},"end":{"line":60,"column":41}},"locations":[{"start":{"line":60,"column":27},"end":{"line":60,"column":41}}]},"8":{"type":"branch","line":60,"loc":{"start":{"line":60,"column":37},"end":{"line":60,"column":44}},"locations":[{"start":{"line":60,"column":37},"end":{"line":60,"column":44}}]}},"b":{"0":[7],"1":[8],"2":[5],"3":[7],"4":[2],"5":[2],"6":[9],"7":[7],"8":[2]},"fnMap":{"0":{"name":"SqliteConsentRepository","decl":{"start":{"line":26,"column":2},"end":{"line":26,"column":56}},"loc":{"start":{"line":26,"column":2},"end":{"line":26,"column":56}},"line":26},"1":{"name":"load","decl":{"start":{"line":28,"column":2},"end":{"line":39,"column":3}},"loc":{"start":{"line":28,"column":2},"end":{"line":39,"column":3}},"line":28},"2":{"name":"grant","decl":{"start":{"line":41,"column":2},"end":{"line":43,"column":3}},"loc":{"start":{"line":41,"column":2},"end":{"line":43,"column":3}},"line":41},"3":{"name":"revoke","decl":{"start":{"line":45,"column":2},"end":{"line":47,"column":3}},"loc":{"start":{"line":45,"column":2},"end":{"line":47,"column":3}},"line":45},"4":{"name":"clear","decl":{"start":{"line":49,"column":2},"end":{"line":52,"column":3}},"loc":{"start":{"line":49,"column":2},"end":{"line":52,"column":3}},"line":49},"5":{"name":"#write","decl":{"start":{"line":54,"column":2},"end":{"line":62,"column":3}},"loc":{"start":{"line":54,"column":2},"end":{"line":62,"column":3}},"line":54}},"f":{"0":7,"1":8,"2":7,"3":2,"4":2,"5":9}}
,"D:\\02_Work\\external_repo\\kokomaya\\LLPlayer\\aurora-player\\packages\\storage\\src\\adapters\\sqlite-review-repository.ts": {"path":"D:\\02_Work\\external_repo\\kokomaya\\LLPlayer\\aurora-player\\packages\\storage\\src\\adapters\\sqlite-review-repository.ts","all":false,"statementMap":{"22":{"start":{"line":23,"column":0},"end":{"line":23,"column":49}},"23":{"start":{"line":24,"column":0},"end":{"line":24,"column":13}},"24":{"start":{"line":25,"column":0},"end":{"line":25,"column":23}},"25":{"start":{"line":26,"column":0},"end":{"line":26,"column":15}},"26":{"start":{"line":27,"column":0},"end":{"line":27,"column":27}},"27":{"start":{"line":28,"column":0},"end":{"line":28,"column":29}},"28":{"start":{"line":29,"column":0},"end":{"line":29,"column":31}},"29":{"start":{"line":30,"column":0},"end":{"line":30,"column":35}},"30":{"start":{"line":31,"column":0},"end":{"line":31,"column":35}},"31":{"start":{"line":32,"column":0},"end":{"line":32,"column":17}},"32":{"start":{"line":33,"column":0},"end":{"line":33,"column":21}},"33":{"start":{"line":34,"column":0},"end":{"line":34,"column":34}},"34":{"start":{"line":35,"column":0},"end":{"line":35,"column":81}},"35":{"start":{"line":36,"column":0},"end":{"line":36,"column":3}},"42":{"start":{"line":43,"column":0},"end":{"line":43,"column":65}},"43":{"start":{"line":44,"column":0},"end":{"line":44,"column":56}},"45":{"start":{"line":46,"column":0},"end":{"line":46,"column":43}},"46":{"start":{"line":47,"column":0},"end":{"line":47,"column":11}},"47":{"start":{"line":48,"column":0},"end":{"line":48,"column":15}},"48":{"start":{"line":49,"column":0},"end":{"line":49,"column":33}},"61":{"start":{"line":62,"column":0},"end":{"line":62,"column":7}},"62":{"start":{"line":63,"column":0},"end":{"line":63,"column":12}},"63":{"start":{"line":64,"column":0},"end":{"line":64,"column":20}},"64":{"start":{"line":65,"column":0},"end":{"line":65,"column":30}},"65":{"start":{"line":66,"column":0},"end":{"line":66,"column":22}},"66":{"start":{"line":67,"column":0},"end":{"line":67,"column":34}},"67":{"start":{"line":68,"column":0},"end":{"line":68,"column":36}},"68":{"start":{"line":69,"column":0},"end":{"line":69,"column":38}},"69":{"start":{"line":70,"column":0},"end":{"line":70,"column":42}},"70":{"start":{"line":71,"column":0},"end":{"line":71,"column":42}},"71":{"start":{"line":72,"column":0},"end":{"line":72,"column":24}},"72":{"start":{"line":73,"column":0},"end":{"line":73,"column":28}},"73":{"start":{"line":74,"column":0},"end":{"line":74,"column":26}},"74":{"start":{"line":75,"column":0},"end":{"line":75,"column":52}},"75":{"start":{"line":76,"column":0},"end":{"line":76,"column":9}},"76":{"start":{"line":77,"column":0},"end":{"line":77,"column":29}},"77":{"start":{"line":78,"column":0},"end":{"line":78,"column":3}},"79":{"start":{"line":80,"column":0},"end":{"line":80,"column":52}},"80":{"start":{"line":81,"column":0},"end":{"line":81,"column":23}},"81":{"start":{"line":82,"column":0},"end":{"line":82,"column":57}},"82":{"start":{"line":83,"column":0},"end":{"line":83,"column":40}},"83":{"start":{"line":84,"column":0},"end":{"line":84,"column":58}},"84":{"start":{"line":85,"column":0},"end":{"line":85,"column":3}},"86":{"start":{"line":87,"column":0},"end":{"line":87,"column":42}},"87":{"start":{"line":88,"column":0},"end":{"line":88,"column":24}},"88":{"start":{"line":89,"column":0},"end":{"line":89,"column":61}},"89":{"start":{"line":90,"column":0},"end":{"line":90,"column":28}},"90":{"start":{"line":91,"column":0},"end":{"line":91,"column":45}},"91":{"start":{"line":92,"column":0},"end":{"line":92,"column":3}},"93":{"start":{"line":94,"column":0},"end":{"line":94,"column":56}},"94":{"start":{"line":95,"column":0},"end":{"line":95,"column":24}},"95":{"start":{"line":96,"column":0},"end":{"line":96,"column":76}},"96":{"start":{"line":97,"column":0},"end":{"line":97,"column":31}},"97":{"start":{"line":98,"column":0},"end":{"line":98,"column":45}},"98":{"start":{"line":99,"column":0},"end":{"line":99,"column":3}},"100":{"start":{"line":101,"column":0},"end":{"line":101,"column":37}},"101":{"start":{"line":102,"column":0},"end":{"line":102,"column":69}},"102":{"start":{"line":103,"column":0},"end":{"line":103,"column":29}},"103":{"start":{"line":104,"column":0},"end":{"line":104,"column":3}},"105":{"start":{"line":106,"column":0},"end":{"line":106,"column":26}},"106":{"start":{"line":107,"column":0},"end":{"line":107,"column":54}},"107":{"start":{"line":108,"column":0},"end":{"line":108,"column":29}},"108":{"start":{"line":109,"column":0},"end":{"line":109,"column":3}},"109":{"start":{"line":110,"column":0},"end":{"line":110,"column":1}}},"s":{"22":1,"23":9,"24":9,"25":9,"26":9,"27":9,"28":9,"29":9,"30":9,"31":9,"32":9,"33":9,"34":9,"35":9,"42":1,"43":1,"45":1,"46":13,"47":13,"48":13,"61":13,"62":13,"63":13,"64":13,"65":13,"66":13,"67":13,"68":13,"69":13,"70":13,"71":13,"72":13,"73":13,"74":13,"75":13,"76":13,"77":13,"79":1,"80":5,"81":5,"82":5,"83":5,"84":5,"86":1,"87":4,"88":4,"89":4,"90":4,"91":4,"93":1,"94":3,"95":3,"96":3,"97":3,"98":3,"100":1,"101":2,"102":2,"103":2,"105":1,"106":2,"107":2,"108":2,"109":1},"branchMap":{"0":{"type":"branch","line":23,"loc":{"start":{"line":23,"column":15},"end":{"line":36,"column":3}},"locations":[{"start":{"line":23,"column":15},"end":{"line":36,"column":3}}]},"1":{"type":"branch","line":35,"loc":{"start":{"line":35,"column":29},"end":{"line":35,"column":77}},"locations":[{"start":{"line":35,"column":29},"end":{"line":35,"column":77}}]},"2":{"type":"branch","line":35,"loc":{"start":{"line":35,"column":73},"end":{"line":35,"column":81}},"locations":[{"start":{"line":35,"column":73},"end":{"line":35,"column":81}}]},"3":{"type":"branch","line":44,"loc":{"start":{"line":44,"column":2},"end":{"line":44,"column":56}},"locations":[{"start":{"line":44,"column":2},"end":{"line":44,"column":56}}]},"4":{"type":"branch","line":46,"loc":{"start":{"line":46,"column":2},"end":{"line":78,"column":3}},"locations":[{"start":{"line":46,"column":2},"end":{"line":78,"column":3}}]},"5":{"type":"branch","line":75,"loc":{"start":{"line":75,"column":29},"end":{"line":75,"column":52}},"locations":[{"start":{"line":75,"column":29},"end":{"line":75,"column":52}}]},"6":{"type":"branch","line":80,"loc":{"start":{"line":80,"column":2},"end":{"line":85,"column":3}},"locations":[{"start":{"line":80,"column":2},"end":{"line":85,"column":3}}]},"7":{"type":"branch","line":84,"loc":{"start":{"line":84,"column":27},"end":{"line":84,"column":47}},"locations":[{"start":{"line":84,"column":27},"end":{"line":84,"column":47}}]},"8":{"type":"branch","line":84,"loc":{"start":{"line":84,"column":43},"end":{"line":84,"column":56}},"locations":[{"start":{"line":84,"column":43},"end":{"line":84,"column":56}}]},"9":{"type":"branch","line":87,"loc":{"start":{"line":87,"column":2},"end":{"line":92,"column":3}},"locations":[{"start":{"line":87,"column":2},"end":{"line":92,"column":3}}]},"10":{"type":"branch","line":94,"loc":{"start":{"line":94,"column":2},"end":{"line":99,"column":3}},"locations":[{"start":{"line":94,"column":2},"end":{"line":99,"column":3}}]},"11":{"type":"branch","line":101,"loc":{"start":{"line":101,"column":2},"end":{"line":104,"column":3}},"locations":[{"start":{"line":101,"column":2},"end":{"line":104,"column":3}}]},"12":{"type":"branch","line":106,"loc":{"start":{"line":106,"column":2},"end":{"line":109,"column":3}},"locations":[{"start":{"line":106,"column":2},"end":{"line":109,"column":3}}]}},"b":{"0":[9],"1":[1],"2":[8],"3":[8],"4":[13],"5":[12],"6":[5],"7":[3],"8":[2],"9":[4],"10":[3],"11":[2],"12":[2]},"fnMap":{"0":{"name":"toCard","decl":{"start":{"line":23,"column":15},"end":{"line":36,"column":3}},"loc":{"start":{"line":23,"column":15},"end":{"line":36,"column":3}},"line":23},"1":{"name":"SqliteReviewRepository","decl":{"start":{"line":44,"column":2},"end":{"line":44,"column":56}},"loc":{"start":{"line":44,"column":2},"end":{"line":44,"column":56}},"line":44},"2":{"name":"upsert","decl":{"start":{"line":46,"column":2},"end":{"line":78,"column":3}},"loc":{"start":{"line":46,"column":2},"end":{"line":78,"column":3}},"line":46},"3":{"name":"get","decl":{"start":{"line":80,"column":2},"end":{"line":85,"column":3}},"loc":{"start":{"line":80,"column":2},"end":{"line":85,"column":3}},"line":80},"4":{"name":"list","decl":{"start":{"line":87,"column":2},"end":{"line":92,"column":3}},"loc":{"start":{"line":87,"column":2},"end":{"line":92,"column":3}},"line":87},"5":{"name":"listDue","decl":{"start":{"line":94,"column":2},"end":{"line":99,"column":3}},"loc":{"start":{"line":94,"column":2},"end":{"line":99,"column":3}},"line":94},"6":{"name":"delete","decl":{"start":{"line":101,"column":2},"end":{"line":104,"column":3}},"loc":{"start":{"line":101,"column":2},"end":{"line":104,"column":3}},"line":101},"7":{"name":"clear","decl":{"start":{"line":106,"column":2},"end":{"line":109,"column":3}},"loc":{"start":{"line":106,"column":2},"end":{"line":109,"column":3}},"line":106}},"f":{"0":9,"1":8,"2":13,"3":5,"4":4,"5":3,"6":2,"7":2}}
,"D:\\02_Work\\external_repo\\kokomaya\\LLPlayer\\aurora-player\\packages\\storage\\src\\adapters\\sqlite-store.ts": {"path":"D:\\02_Work\\external_repo\\kokomaya\\LLPlayer\\aurora-player\\packages\\storage\\src\\adapters\\sqlite-store.ts","all":false,"statementMap":{"0":{"start":{"line":1,"column":0},"end":{"line":1,"column":38}},"12":{"start":{"line":13,"column":0},"end":{"line":13,"column":59}},"13":{"start":{"line":14,"column":0},"end":{"line":14,"column":34}},"19":{"start":{"line":20,"column":0},"end":{"line":20,"column":14}},"20":{"start":{"line":21,"column":0},"end":{"line":21,"column":26}},"21":{"start":{"line":22,"column":0},"end":{"line":22,"column":34}},"22":{"start":{"line":23,"column":0},"end":{"line":23,"column":5}},"23":{"start":{"line":24,"column":0},"end":{"line":24,"column":38}},"24":{"start":{"line":25,"column":0},"end":{"line":25,"column":42}},"25":{"start":{"line":26,"column":0},"end":{"line":26,"column":18}},"26":{"start":{"line":27,"column":0},"end":{"line":27,"column":93}},"27":{"start":{"line":28,"column":0},"end":{"line":28,"column":6}},"28":{"start":{"line":29,"column":0},"end":{"line":29,"column":3}},"30":{"start":{"line":31,"column":0},"end":{"line":31,"column":49}},"31":{"start":{"line":32,"column":0},"end":{"line":32,"column":24}},"32":{"start":{"line":33,"column":0},"end":{"line":33,"column":63}},"33":{"start":{"line":34,"column":0},"end":{"line":34,"column":49}},"34":{"start":{"line":35,"column":0},"end":{"line":35,"column":39}},"35":{"start":{"line":36,"column":0},"end":{"line":36,"column":3}},"37":{"start":{"line":38,"column":0},"end":{"line":38,"column":50}},"38":{"start":{"line":39,"column":0},"end":{"line":39,"column":12}},"39":{"start":{"line":40,"column":0},"end":{"line":40,"column":15}},"40":{"start":{"line":41,"column":0},"end":{"line":41,"column":61}},"42":{"start":{"line":43,"column":0},"end":{"line":43,"column":7}},"43":{"start":{"line":44,"column":0},"end":{"line":44,"column":23}},"44":{"start":{"line":45,"column":0},"end":{"line":45,"column":29}},"45":{"start":{"line":46,"column":0},"end":{"line":46,"column":3}},"47":{"start":{"line":48,"column":0},"end":{"line":48,"column":38}},"48":{"start":{"line":49,"column":0},"end":{"line":49,"column":24}},"49":{"start":{"line":50,"column":0},"end":{"line":50,"column":59}},"50":{"start":{"line":51,"column":0},"end":{"line":51,"column":16}},"51":{"start":{"line":52,"column":0},"end":{"line":52,"column":46}},"52":{"start":{"line":53,"column":0},"end":{"line":53,"column":3}},"54":{"start":{"line":55,"column":0},"end":{"line":55,"column":38}},"55":{"start":{"line":56,"column":0},"end":{"line":56,"column":73}},"56":{"start":{"line":57,"column":0},"end":{"line":57,"column":29}},"57":{"start":{"line":58,"column":0},"end":{"line":58,"column":3}},"59":{"start":{"line":60,"column":0},"end":{"line":60,"column":38}},"60":{"start":{"line":61,"column":0},"end":{"line":61,"column":25}},"61":{"start":{"line":62,"column":0},"end":{"line":62,"column":47}},"62":{"start":{"line":63,"column":0},"end":{"line":63,"column":39}},"63":{"start":{"line":64,"column":0},"end":{"line":64,"column":51}},"64":{"start":{"line":65,"column":0},"end":{"line":65,"column":3}},"66":{"start":{"line":67,"column":0},"end":{"line":67,"column":26}},"67":{"start":{"line":68,"column":0},"end":{"line":68,"column":47}},"68":{"start":{"line":69,"column":0},"end":{"line":69,"column":29}},"69":{"start":{"line":70,"column":0},"end":{"line":70,"column":3}},"72":{"start":{"line":73,"column":0},"end":{"line":73,"column":17}},"73":{"start":{"line":74,"column":0},"end":{"line":74,"column":21}},"74":{"start":{"line":75,"column":0},"end":{"line":75,"column":3}},"75":{"start":{"line":76,"column":0},"end":{"line":76,"column":1}}},"s":{"0":1,"12":1,"13":9,"19":9,"20":9,"21":9,"22":9,"23":9,"24":9,"25":9,"26":9,"27":9,"28":9,"30":9,"31":7,"32":7,"33":7,"34":7,"35":7,"37":9,"38":11,"39":11,"40":11,"42":11,"43":11,"44":11,"45":11,"47":9,"48":4,"49":4,"50":4,"51":4,"52":4,"54":9,"55":2,"56":2,"57":2,"59":9,"60":3,"61":3,"62":3,"63":3,"64":3,"66":9,"67":1,"68":1,"69":1,"72":9,"73":9,"74":9,"75":9},"branchMap":{"0":{"type":"branch","line":13,"loc":{"start":{"line":13,"column":7},"end":{"line":76,"column":1}},"locations":[{"start":{"line":13,"column":7},"end":{"line":76,"column":1}}]},"1":{"type":"branch","line":20,"loc":{"start":{"line":20,"column":2},"end":{"line":29,"column":3}},"locations":[{"start":{"line":20,"column":2},"end":{"line":29,"column":3}}]},"2":{"type":"branch","line":31,"loc":{"start":{"line":31,"column":2},"end":{"line":36,"column":3}},"locations":[{"start":{"line":31,"column":2},"end":{"line":36,"column":3}}]},"3":{"type":"branch","line":35,"loc":{"start":{"line":35,"column":27},"end":{"line":35,"column":37}},"locations":[{"start":{"line":35,"column":27},"end":{"line":35,"column":37}}]},"4":{"type":"branch","line":38,"loc":{"start":{"line":38,"column":2},"end":{"line":46,"column":3}},"locations":[{"start":{"line":38,"column":2},"end":{"line":46,"column":3}}]},"5":{"type":"branch","line":48,"loc":{"start":{"line":48,"column":2},"end":{"line":53,"column":3}},"locations":[{"start":{"line":48,"column":2},"end":{"line":53,"column":3}}]},"6":{"type":"branch","line":55,"loc":{"start":{"line":55,"column":2},"end":{"line":58,"column":3}},"locations":[{"start":{"line":55,"column":2},"end":{"line":58,"column":3}}]},"7":{"type":"branch","line":60,"loc":{"start":{"line":60,"column":2},"end":{"line":65,"column":3}},"locations":[{"start":{"line":60,"column":2},"end":{"line":65,"column":3}}]},"8":{"type":"branch","line":64,"loc":{"start":{"line":64,"column":36},"end":{"line":64,"column":48}},"locations":[{"start":{"line":64,"column":36},"end":{"line":64,"column":48}}]},"9":{"type":"branch","line":67,"loc":{"start":{"line":67,"column":2},"end":{"line":70,"column":3}},"locations":[{"start":{"line":67,"column":2},"end":{"line":70,"column":3}}]},"10":{"type":"branch","line":73,"loc":{"start":{"line":73,"column":2},"end":{"line":75,"column":3}},"locations":[{"start":{"line":73,"column":2},"end":{"line":75,"column":3}}]}},"b":{"0":[9],"1":[9],"2":[7],"3":[4],"4":[11],"5":[4],"6":[2],"7":[3],"8":[3],"9":[1],"10":[9]},"fnMap":{"0":{"name":"<instance_members_initializer>","decl":{"start":{"line":13,"column":7},"end":{"line":76,"column":1}},"loc":{"start":{"line":13,"column":7},"end":{"line":76,"column":1}},"line":13},"1":{"name":"SqliteKeyValueStore","decl":{"start":{"line":20,"column":2},"end":{"line":29,"column":3}},"loc":{"start":{"line":20,"column":2},"end":{"line":29,"column":3}},"line":20},"2":{"name":"get","decl":{"start":{"line":31,"column":2},"end":{"line":36,"column":3}},"loc":{"start":{"line":31,"column":2},"end":{"line":36,"column":3}},"line":31},"3":{"name":"set","decl":{"start":{"line":38,"column":2},"end":{"line":46,"column":3}},"loc":{"start":{"line":38,"column":2},"end":{"line":46,"column":3}},"line":38},"4":{"name":"has","decl":{"start":{"line":48,"column":2},"end":{"line":53,"column":3}},"loc":{"start":{"line":48,"column":2},"end":{"line":53,"column":3}},"line":48},"5":{"name":"delete","decl":{"start":{"line":55,"column":2},"end":{"line":58,"column":3}},"loc":{"start":{"line":55,"column":2},"end":{"line":58,"column":3}},"line":55},"6":{"name":"keys","decl":{"start":{"line":60,"column":2},"end":{"line":65,"column":3}},"loc":{"start":{"line":60,"column":2},"end":{"line":65,"column":3}},"line":60},"7":{"name":"clear","decl":{"start":{"line":67,"column":2},"end":{"line":70,"column":3}},"loc":{"start":{"line":67,"column":2},"end":{"line":70,"column":3}},"line":67},"8":{"name":"close","decl":{"start":{"line":73,"column":2},"end":{"line":75,"column":3}},"loc":{"start":{"line":73,"column":2},"end":{"line":75,"column":3}},"line":73}},"f":{"0":9,"1":9,"2":7,"3":11,"4":4,"5":2,"6":3,"7":1,"8":9}}
,"D:\\02_Work\\external_repo\\kokomaya\\LLPlayer\\aurora-player\\packages\\storage\\src\\adapters\\sqlite-vocabulary-repository.ts": {"path":"D:\\02_Work\\external_repo\\kokomaya\\LLPlayer\\aurora-player\\packages\\storage\\src\\adapters\\sqlite-vocabulary-repository.ts","all":false,"statementMap":{"20":{"start":{"line":21,"column":0},"end":{"line":21,"column":49}},"21":{"start":{"line":22,"column":0},"end":{"line":22,"column":13}},"22":{"start":{"line":23,"column":0},"end":{"line":23,"column":28}},"23":{"start":{"line":24,"column":0},"end":{"line":24,"column":33}},"24":{"start":{"line":25,"column":0},"end":{"line":25,"column":36}},"25":{"start":{"line":26,"column":0},"end":{"line":26,"column":27}},"26":{"start":{"line":27,"column":0},"end":{"line":27,"column":60}},"29":{"start":{"line":30,"column":0},"end":{"line":30,"column":84}},"30":{"start":{"line":31,"column":0},"end":{"line":31,"column":63}},"31":{"start":{"line":32,"column":0},"end":{"line":32,"column":3}},"39":{"start":{"line":40,"column":0},"end":{"line":40,"column":73}},"40":{"start":{"line":41,"column":0},"end":{"line":41,"column":56}},"42":{"start":{"line":43,"column":0},"end":{"line":43,"column":44}},"43":{"start":{"line":44,"column":0},"end":{"line":44,"column":11}},"44":{"start":{"line":45,"column":0},"end":{"line":45,"column":15}},"45":{"start":{"line":46,"column":0},"end":{"line":46,"column":93}},"51":{"start":{"line":52,"column":0},"end":{"line":52,"column":7}},"52":{"start":{"line":53,"column":0},"end":{"line":53,"column":12}},"53":{"start":{"line":54,"column":0},"end":{"line":54,"column":21}},"54":{"start":{"line":55,"column":0},"end":{"line":55,"column":27}},"55":{"start":{"line":56,"column":0},"end":{"line":56,"column":25}},"56":{"start":{"line":57,"column":0},"end":{"line":57,"column":39}},"57":{"start":{"line":58,"column":0},"end":{"line":58,"column":29}},"58":{"start":{"line":59,"column":0},"end":{"line":59,"column":35}},"59":{"start":{"line":60,"column":0},"end":{"line":60,"column":75}},"60":{"start":{"line":61,"column":0},"end":{"line":61,"column":41}},"61":{"start":{"line":62,"column":0},"end":{"line":62,"column":9}},"62":{"start":{"line":63,"column":0},"end":{"line":63,"column":29}},"63":{"start":{"line":64,"column":0},"end":{"line":64,"column":3}},"65":{"start":{"line":66,"column":0},"end":{"line":66,"column":52}},"66":{"start":{"line":67,"column":0},"end":{"line":67,"column":23}},"67":{"start":{"line":68,"column":0},"end":{"line":68,"column":55}},"68":{"start":{"line":69,"column":0},"end":{"line":69,"column":39}},"69":{"start":{"line":70,"column":0},"end":{"line":70,"column":59}},"70":{"start":{"line":71,"column":0},"end":{"line":71,"column":3}},"72":{"start":{"line":73,"column":0},"end":{"line":73,"column":42}},"73":{"start":{"line":74,"column":0},"end":{"line":74,"column":24}},"74":{"start":{"line":75,"column":0},"end":{"line":75,"column":65}},"75":{"start":{"line":76,"column":0},"end":{"line":76,"column":27}},"76":{"start":{"line":77,"column":0},"end":{"line":77,"column":46}},"77":{"start":{"line":78,"column":0},"end":{"line":78,"column":3}},"79":{"start":{"line":80,"column":0},"end":{"line":80,"column":37}},"80":{"start":{"line":81,"column":0},"end":{"line":81,"column":67}},"81":{"start":{"line":82,"column":0},"end":{"line":82,"column":29}},"82":{"start":{"line":83,"column":0},"end":{"line":83,"column":3}},"84":{"start":{"line":85,"column":0},"end":{"line":85,"column":26}},"85":{"start":{"line":86,"column":0},"end":{"line":86,"column":52}},"86":{"start":{"line":87,"column":0},"end":{"line":87,"column":29}},"87":{"start":{"line":88,"column":0},"end":{"line":88,"column":3}},"88":{"start":{"line":89,"column":0},"end":{"line":89,"column":1}}},"s":{"20":1,"21":10,"22":10,"23":10,"24":10,"25":10,"26":10,"29":10,"30":10,"31":10,"39":1,"40":1,"42":1,"43":14,"44":14,"45":14,"51":14,"52":14,"53":14,"54":14,"55":14,"56":14,"57":14,"58":14,"59":14,"60":14,"61":14,"62":14,"63":14,"65":1,"66":9,"67":9,"68":9,"69":9,"70":9,"72":1,"73":5,"74":5,"75":5,"76":5,"77":5,"79":1,"80":2,"81":2,"82":2,"84":1,"85":2,"86":2,"87":2,"88":1},"branchMap":{"0":{"type":"branch","line":21,"loc":{"start":{"line":21,"column":16},"end":{"line":32,"column":3}},"locations":[{"start":{"line":21,"column":16},"end":{"line":32,"column":3}}]},"1":{"type":"branch","line":27,"loc":{"start":{"line":27,"column":22},"end":{"line":27,"column":56}},"locations":[{"start":{"line":27,"column":22},"end":{"line":27,"column":56}}]},"2":{"type":"branch","line":27,"loc":{"start":{"line":27,"column":52},"end":{"line":27,"column":60}},"locations":[{"start":{"line":27,"column":52},"end":{"line":27,"column":60}}]},"3":{"type":"branch","line":30,"loc":{"start":{"line":30,"column":19},"end":{"line":30,"column":80}},"locations":[{"start":{"line":30,"column":19},"end":{"line":30,"column":80}}]},"4":{"type":"branch","line":30,"loc":{"start":{"line":30,"column":76},"end":{"line":30,"column":84}},"locations":[{"start":{"line":30,"column":76},"end":{"line":30,"column":84}}]},"5":{"type":"branch","line":31,"loc":{"start":{"line":31,"column":23},"end":{"line":31,"column":59}},"locations":[{"start":{"line":31,"column":23},"end":{"line":31,"column":59}}]},"6":{"type":"branch","line":31,"loc":{"start":{"line":31,"column":55},"end":{"line":31,"column":63}},"locations":[{"start":{"line":31,"column":55},"end":{"line":31,"column":63}}]},"7":{"type":"branch","line":41,"loc":{"start":{"line":41,"column":2},"end":{"line":41,"column":56}},"locations":[{"start":{"line":41,"column":2},"end":{"line":41,"column":56}}]},"8":{"type":"branch","line":43,"loc":{"start":{"line":43,"column":2},"end":{"line":64,"column":3}},"locations":[{"start":{"line":43,"column":2},"end":{"line":64,"column":3}}]},"9":{"type":"branch","line":57,"loc":{"start":{"line":57,"column":23},"end":{"line":57,"column":39}},"locations":[{"start":{"line":57,"column":23},"end":{"line":57,"column":39}}]},"10":{"type":"branch","line":60,"loc":{"start":{"line":60,"column":29},"end":{"line":60,"column":70}},"locations":[{"start":{"line":60,"column":29},"end":{"line":60,"column":70}}]},"11":{"type":"branch","line":60,"loc":{"start":{"line":60,"column":66},"end":{"line":60,"column":75}},"locations":[{"start":{"line":60,"column":66},"end":{"line":60,"column":75}}]},"12":{"type":"branch","line":61,"loc":{"start":{"line":61,"column":24},"end":{"line":61,"column":41}},"locations":[{"start":{"line":61,"column":24},"end":{"line":61,"column":41}}]},"13":{"type":"branch","line":66,"loc":{"start":{"line":66,"column":2},"end":{"line":71,"column":3}},"locations":[{"start":{"line":66,"column":2},"end":{"line":71,"column":3}}]},"14":{"type":"branch","line":70,"loc":{"start":{"line":70,"column":27},"end":{"line":70,"column":48}},"locations":[{"start":{"line":70,"column":27},"end":{"line":70,"column":48}}]},"15":{"type":"branch","line":70,"loc":{"start":{"line":70,"column":44},"end":{"line":70,"column":57}},"locations":[{"start":{"line":70,"column":44},"end":{"line":70,"column":57}}]},"16":{"type":"branch","line":73,"loc":{"start":{"line":73,"column":2},"end":{"line":78,"column":3}},"locations":[{"start":{"line":73,"column":2},"end":{"line":78,"column":3}}]},"17":{"type":"branch","line":80,"loc":{"start":{"line":80,"column":2},"end":{"line":83,"column":3}},"locations":[{"start":{"line":80,"column":2},"end":{"line":83,"column":3}}]},"18":{"type":"branch","line":85,"loc":{"start":{"line":85,"column":2},"end":{"line":88,"column":3}},"locations":[{"start":{"line":85,"column":2},"end":{"line":88,"column":3}}]}},"b":{"0":[10],"1":[1],"2":[9],"3":[3],"4":[7],"5":[2],"6":[8],"7":[11],"8":[14],"9":[13],"10":[4],"11":[10],"12":[11],"13":[9],"14":[7],"15":[2],"16":[5],"17":[2],"18":[2]},"fnMap":{"0":{"name":"toEntry","decl":{"start":{"line":21,"column":16},"end":{"line":32,"column":3}},"loc":{"start":{"line":21,"column":16},"end":{"line":32,"column":3}},"line":21},"1":{"name":"SqliteVocabularyRepository","decl":{"start":{"line":41,"column":2},"end":{"line":41,"column":56}},"loc":{"start":{"line":41,"column":2},"end":{"line":41,"column":56}},"line":41},"2":{"name":"upsert","decl":{"start":{"line":43,"column":2},"end":{"line":64,"column":3}},"loc":{"start":{"line":43,"column":2},"end":{"line":64,"column":3}},"line":43},"3":{"name":"get","decl":{"start":{"line":66,"column":2},"end":{"line":71,"column":3}},"loc":{"start":{"line":66,"column":2},"end":{"line":71,"column":3}},"line":66},"4":{"name":"list","decl":{"start":{"line":73,"column":2},"end":{"line":78,"column":3}},"loc":{"start":{"line":73,"column":2},"end":{"line":78,"column":3}},"line":73},"5":{"name":"delete","decl":{"start":{"line":80,"column":2},"end":{"line":83,"column":3}},"loc":{"start":{"line":80,"column":2},"end":{"line":83,"column":3}},"line":80},"6":{"name":"clear","decl":{"start":{"line":85,"column":2},"end":{"line":88,"column":3}},"loc":{"start":{"line":85,"column":2},"end":{"line":88,"column":3}},"line":85}},"f":{"0":10,"1":11,"2":14,"3":9,"4":5,"5":2,"6":2}}
,"D:\\02_Work\\external_repo\\kokomaya\\LLPlayer\\aurora-player\\packages\\storage\\src\\migrations\\learning-migrations.ts": {"path":"D:\\02_Work\\external_repo\\kokomaya\\LLPlayer\\aurora-player\\packages\\storage\\src\\migrations\\learning-migrations.ts","all":false,"statementMap":{"0":{"start":{"line":1,"column":0},"end":{"line":1,"column":38}},"9":{"start":{"line":10,"column":0},"end":{"line":10,"column":58}},"10":{"start":{"line":11,"column":0},"end":{"line":11,"column":3}},"11":{"start":{"line":12,"column":0},"end":{"line":12,"column":15}},"12":{"start":{"line":13,"column":0},"end":{"line":13,"column":17}},"13":{"start":{"line":14,"column":0},"end":{"line":14,"column":54}},"20":{"start":{"line":21,"column":0},"end":{"line":21,"column":10}},"21":{"start":{"line":22,"column":0},"end":{"line":22,"column":56}},"34":{"start":{"line":35,"column":0},"end":{"line":35,"column":10}},"35":{"start":{"line":36,"column":0},"end":{"line":36,"column":80}},"36":{"start":{"line":37,"column":0},"end":{"line":37,"column":6}},"37":{"start":{"line":38,"column":0},"end":{"line":38,"column":4}},"38":{"start":{"line":39,"column":0},"end":{"line":39,"column":3}},"41":{"start":{"line":42,"column":0},"end":{"line":42,"column":15}},"42":{"start":{"line":43,"column":0},"end":{"line":43,"column":17}},"43":{"start":{"line":44,"column":0},"end":{"line":44,"column":52}},"48":{"start":{"line":49,"column":0},"end":{"line":49,"column":10}},"49":{"start":{"line":50,"column":0},"end":{"line":50,"column":6}},"50":{"start":{"line":51,"column":0},"end":{"line":51,"column":4}},"51":{"start":{"line":52,"column":0},"end":{"line":52,"column":3}},"54":{"start":{"line":55,"column":0},"end":{"line":55,"column":15}},"55":{"start":{"line":56,"column":0},"end":{"line":56,"column":17}},"56":{"start":{"line":57,"column":0},"end":{"line":57,"column":51}},"60":{"start":{"line":61,"column":0},"end":{"line":61,"column":10}},"61":{"start":{"line":62,"column":0},"end":{"line":62,"column":6}},"62":{"start":{"line":63,"column":0},"end":{"line":63,"column":4}},"63":{"start":{"line":64,"column":0},"end":{"line":64,"column":3}},"68":{"start":{"line":69,"column":0},"end":{"line":69,"column":15}},"69":{"start":{"line":70,"column":0},"end":{"line":70,"column":17}},"70":{"start":{"line":71,"column":0},"end":{"line":71,"column":61}},"71":{"start":{"line":72,"column":0},"end":{"line":72,"column":65}},"72":{"start":{"line":73,"column":0},"end":{"line":73,"column":6}},"73":{"start":{"line":74,"column":0},"end":{"line":74,"column":4}},"74":{"start":{"line":75,"column":0},"end":{"line":75,"column":2}},"81":{"start":{"line":82,"column":0},"end":{"line":82,"column":37}},"82":{"start":{"line":83,"column":0},"end":{"line":83,"column":24}},"83":{"start":{"line":84,"column":0},"end":{"line":84,"column":25}},"84":{"start":{"line":85,"column":0},"end":{"line":85,"column":36}},"85":{"start":{"line":86,"column":0},"end":{"line":86,"column":34}},"86":{"start":{"line":87,"column":0},"end":{"line":87,"column":41}},"87":{"start":{"line":88,"column":0},"end":{"line":88,"column":12}},"88":{"start":{"line":89,"column":0},"end":{"line":89,"column":2}}},"s":{"0":1,"9":1,"10":1,"11":1,"12":1,"13":34,"20":34,"21":34,"34":34,"35":34,"36":34,"37":1,"38":1,"41":1,"42":1,"43":34,"48":34,"49":34,"50":1,"51":1,"54":1,"55":1,"56":34,"60":34,"61":34,"62":1,"63":1,"68":1,"69":1,"70":34,"71":34,"72":34,"73":1,"74":1,"81":1,"82":34,"83":34,"84":34,"85":34,"86":34,"87":34,"88":34},"branchMap":{"0":{"type":"branch","line":13,"loc":{"start":{"line":13,"column":8},"end":{"line":37,"column":6}},"locations":[{"start":{"line":13,"column":8},"end":{"line":37,"column":6}}]},"1":{"type":"branch","line":43,"loc":{"start":{"line":43,"column":8},"end":{"line":50,"column":6}},"locations":[{"start":{"line":43,"column":8},"end":{"line":50,"column":6}}]},"2":{"type":"branch","line":56,"loc":{"start":{"line":56,"column":8},"end":{"line":62,"column":6}},"locations":[{"start":{"line":56,"column":8},"end":{"line":62,"column":6}}]},"3":{"type":"branch","line":70,"loc":{"start":{"line":70,"column":8},"end":{"line":73,"column":6}},"locations":[{"start":{"line":70,"column":8},"end":{"line":73,"column":6}}]},"4":{"type":"branch","line":82,"loc":{"start":{"line":82,"column":36},"end":{"line":89,"column":2}},"locations":[{"start":{"line":82,"column":36},"end":{"line":89,"column":2}}]}},"b":{"0":[34],"1":[34],"2":[34],"3":[34],"4":[34]},"fnMap":{"0":{"name":"up","decl":{"start":{"line":13,"column":8},"end":{"line":37,"column":6}},"loc":{"start":{"line":13,"column":8},"end":{"line":37,"column":6}},"line":13},"1":{"name":"up","decl":{"start":{"line":43,"column":8},"end":{"line":50,"column":6}},"loc":{"start":{"line":43,"column":8},"end":{"line":50,"column":6}},"line":43},"2":{"name":"up","decl":{"start":{"line":56,"column":8},"end":{"line":62,"column":6}},"loc":{"start":{"line":56,"column":8},"end":{"line":62,"column":6}},"line":56},"3":{"name":"up","decl":{"start":{"line":70,"column":8},"end":{"line":73,"column":6}},"loc":{"start":{"line":70,"column":8},"end":{"line":73,"column":6}},"line":70},"4":{"name":"openLearningDatabase","decl":{"start":{"line":82,"column":36},"end":{"line":89,"column":2}},"loc":{"start":{"line":82,"column":36},"end":{"line":89,"column":2}},"line":82}},"f":{"0":34,"1":34,"2":34,"3":34,"4":34}}
,"D:\\02_Work\\external_repo\\kokomaya\\LLPlayer\\aurora-player\\packages\\storage\\src\\migrations\\migration-runner.ts": {"path":"D:\\02_Work\\external_repo\\kokomaya\\LLPlayer\\aurora-player\\packages\\storage\\src\\migrations\\migration-runner.ts","all":false,"statementMap":{"18":{"start":{"line":19,"column":0},"end":{"line":19,"column":30}},"19":{"start":{"line":20,"column":0},"end":{"line":20,"column":24}},"20":{"start":{"line":21,"column":0},"end":{"line":21,"column":35}},"21":{"start":{"line":22,"column":0},"end":{"line":22,"column":14}},"22":{"start":{"line":23,"column":0},"end":{"line":23,"column":10}},"23":{"start":{"line":24,"column":0},"end":{"line":24,"column":78}},"24":{"start":{"line":25,"column":0},"end":{"line":25,"column":4}},"25":{"start":{"line":26,"column":0},"end":{"line":26,"column":16}},"26":{"start":{"line":27,"column":0},"end":{"line":27,"column":60}},"27":{"start":{"line":28,"column":0},"end":{"line":28,"column":35}},"28":{"start":{"line":29,"column":0},"end":{"line":29,"column":29}},"30":{"start":{"line":31,"column":0},"end":{"line":31,"column":72}},"31":{"start":{"line":32,"column":0},"end":{"line":32,"column":79}},"32":{"start":{"line":33,"column":0},"end":{"line":33,"column":24}},"33":{"start":{"line":34,"column":0},"end":{"line":34,"column":38}},"34":{"start":{"line":35,"column":0},"end":{"line":35,"column":40}},"35":{"start":{"line":36,"column":0},"end":{"line":36,"column":25}},"36":{"start":{"line":37,"column":0},"end":{"line":37,"column":38}},"37":{"start":{"line":38,"column":0},"end":{"line":38,"column":7}},"38":{"start":{"line":39,"column":0},"end":{"line":39,"column":5}},"39":{"start":{"line":40,"column":0},"end":{"line":40,"column":7}},"41":{"start":{"line":42,"column":0},"end":{"line":42,"column":46}},"42":{"start":{"line":43,"column":0},"end":{"line":43,"column":35}},"43":{"start":{"line":44,"column":0},"end":{"line":44,"column":2}}},"s":{"18":1,"19":41,"20":41,"21":41,"22":41,"23":41,"24":41,"25":41,"26":41,"27":41,"28":41,"30":41,"31":41,"32":41,"33":41,"34":147,"35":141,"36":141,"37":141,"38":147,"39":41,"41":41,"42":41,"43":41},"branchMap":{"0":{"type":"branch","line":19,"loc":{"start":{"line":19,"column":29},"end":{"line":44,"column":2}},"locations":[{"start":{"line":19,"column":29},"end":{"line":44,"column":2}}]},"1":{"type":"branch","line":29,"loc":{"start":{"line":29,"column":22},"end":{"line":29,"column":29}},"locations":[{"start":{"line":29,"column":22},"end":{"line":29,"column":29}}]},"2":{"type":"branch","line":42,"loc":{"start":{"line":42,"column":30},"end":{"line":42,"column":44}},"locations":[{"start":{"line":42,"column":30},"end":{"line":42,"column":44}}]},"3":{"type":"branch","line":42,"loc":{"start":{"line":42,"column":33},"end":{"line":42,"column":46}},"locations":[{"start":{"line":42,"column":33},"end":{"line":42,"column":46}}]},"4":{"type":"branch","line":31,"loc":{"start":{"line":31,"column":39},"end":{"line":31,"column":70}},"locations":[{"start":{"line":31,"column":39},"end":{"line":31,"column":70}}]},"5":{"type":"branch","line":33,"loc":{"start":{"line":33,"column":17},"end":{"line":40,"column":3}},"locations":[{"start":{"line":33,"column":17},"end":{"line":40,"column":3}}]},"6":{"type":"branch","line":34,"loc":{"start":{"line":34,"column":37},"end":{"line":39,"column":5}},"locations":[{"start":{"line":34,"column":37},"end":{"line":39,"column":5}}]},"7":{"type":"branch","line":35,"loc":{"start":{"line":35,"column":39},"end":{"line":38,"column":7}},"locations":[{"start":{"line":35,"column":39},"end":{"line":38,"column":7}}]}},"b":{"0":[41],"1":[38],"2":[40],"3":[1],"4":[107],"5":[41],"6":[147],"7":[141]},"fnMap":{"0":{"name":"runMigrations","decl":{"start":{"line":19,"column":29},"end":{"line":44,"column":2}},"loc":{"start":{"line":19,"column":29},"end":{"line":44,"column":2}},"line":19}},"f":{"0":41}}
}
