{"D:\\02_Work\\external_repo\\kokomaya\\LLPlayer\\aurora-player\\packages\\ai\\src\\cache-key.ts": {"path":"D:\\02_Work\\external_repo\\kokomaya\\LLPlayer\\aurora-player\\packages\\ai\\src\\cache-key.ts","all":false,"statementMap":{"8":{"start":{"line":9,"column":0},"end":{"line":9,"column":54}},"9":{"start":{"line":10,"column":0},"end":{"line":10,"column":21}},"10":{"start":{"line":11,"column":0},"end":{"line":11,"column":45}},"11":{"start":{"line":12,"column":0},"end":{"line":12,"column":29}},"12":{"start":{"line":13,"column":0},"end":{"line":13,"column":33}},"13":{"start":{"line":14,"column":0},"end":{"line":14,"column":3}},"14":{"start":{"line":15,"column":0},"end":{"line":15,"column":49}},"15":{"start":{"line":16,"column":0},"end":{"line":16,"column":2}},"22":{"start":{"line":23,"column":0},"end":{"line":23,"column":25}},"23":{"start":{"line":24,"column":0},"end":{"line":24,"column":21}},"24":{"start":{"line":25,"column":0},"end":{"line":25,"column":15}},"25":{"start":{"line":26,"column":0},"end":{"line":26,"column":17}},"26":{"start":{"line":27,"column":0},"end":{"line":27,"column":59}}},"s":{"8":1,"9":10,"10":10,"11":781,"12":781,"13":781,"14":10,"15":10,"22":1,"23":10,"24":10,"25":10,"26":10},"branchMap":{"0":{"type":"branch","line":9,"loc":{"start":{"line":9,"column":26},"end":{"line":16,"column":2}},"locations":[{"start":{"line":9,"column":26},"end":{"line":16,"column":2}}]},"1":{"type":"branch","line":11,"loc":{"start":{"line":11,"column":44},"end":{"line":14,"column":3}},"locations":[{"start":{"line":11,"column":44},"end":{"line":14,"column":3}}]},"2":{"type":"branch","line":23,"loc":{"start":{"line":23,"column":24},"end":{"line":27,"column":59}},"locations":[{"start":{"line":23,"column":24},"end":{"line":27,"column":59}}]}},"b":{"0":[10],"1":[781],"2":[10]},"fnMap":{"0":{"name":"stableHash","decl":{"start":{"line":9,"column":26},"end":{"line":16,"column":2}},"loc":{"start":{"line":9,"column":26},"end":{"line":16,"column":2}},"line":9},"1":{"name":"cacheKey","decl":{"start":{"line":23,"column":24},"end":{"line":27,"column":59}},"loc":{"start":{"line":23,"column":24},"end":{"line":27,"column":59}},"line":23}},"f":{"0":10,"1":10}}
,"D:\\02_Work\\external_repo\\kokomaya\\LLPlayer\\aurora-player\\packages\\ai\\src\\port.ts": {"path":"D:\\02_Work\\external_repo\\kokomaya\\LLPlayer\\aurora-player\\packages\\ai\\src\\port.ts","all":true,"statementMap":{},"s":{},"branchMap":{"0":{"type":"branch","line":1,"loc":{"start":{"line":1,"column":1295},"end":{"line":34,"column":1}},"locations":[{"start":{"line":1,"column":1295},"end":{"line":34,"column":1}}]}},"b":{"0":[1]},"fnMap":{"0":{"name":"(empty-report)","decl":{"start":{"line":1,"column":1295},"end":{"line":34,"column":1}},"loc":{"start":{"line":1,"column":1295},"end":{"line":34,"column":1}},"line":1}},"f":{"0":1}}
,"D:\\02_Work\\external_repo\\kokomaya\\LLPlayer\\aurora-player\\packages\\ai\\src\\prompts.ts": {"path":"D:\\02_Work\\external_repo\\kokomaya\\LLPlayer\\aurora-player\\packages\\ai\\src\\prompts.ts","all":false,"statementMap":{"16":{"start":{"line":17,"column":0},"end":{"line":17,"column":46}},"17":{"start":{"line":18,"column":0},"end":{"line":18,"column":34}},"18":{"start":{"line":19,"column":0},"end":{"line":19,"column":99}},"19":{"start":{"line":20,"column":0},"end":{"line":20,"column":27}},"20":{"start":{"line":21,"column":0},"end":{"line":21,"column":98}},"21":{"start":{"line":22,"column":0},"end":{"line":22,"column":33}},"22":{"start":{"line":23,"column":0},"end":{"line":23,"column":43}},"23":{"start":{"line":24,"column":0},"end":{"line":24,"column":95}},"24":{"start":{"line":25,"column":0},"end":{"line":25,"column":71}},"25":{"start":{"line":26,"column":0},"end":{"line":26,"column":2}}},"s":{"16":1,"17":1,"18":5,"19":1,"20":2,"21":1,"22":3,"23":2,"24":1,"25":1},"branchMap":{"0":{"type":"branch","line":18,"loc":{"start":{"line":18,"column":13},"end":{"line":19,"column":99}},"locations":[{"start":{"line":18,"column":13},"end":{"line":19,"column":99}}]},"1":{"type":"branch","line":20,"loc":{"start":{"line":20,"column":18},"end":{"line":21,"column":98}},"locations":[{"start":{"line":20,"column":18},"end":{"line":21,"column":98}}]},"2":{"type":"branch","line":22,"loc":{"start":{"line":22,"column":15},"end":{"line":25,"column":71}},"locations":[{"start":{"line":22,"column":15},"end":{"line":25,"column":71}}]},"3":{"type":"branch","line":23,"loc":{"start":{"line":23,"column":16},"end":{"line":23,"column":43}},"locations":[{"start":{"line":23,"column":16},"end":{"line":23,"column":43}}]},"4":{"type":"branch","line":23,"loc":{"start":{"line":23,"column":41},"end":{"line":24,"column":95}},"locations":[{"start":{"line":23,"column":41},"end":{"line":24,"column":95}}]},"5":{"type":"branch","line":24,"loc":{"start":{"line":24,"column":93},"end":{"line":25,"column":71}},"locations":[{"start":{"line":24,"column":93},"end":{"line":25,"column":71}}]}},"b":{"0":[5],"1":[2],"2":[3],"3":[2],"4":[2],"5":[1]},"fnMap":{"0":{"name":"translate","decl":{"start":{"line":18,"column":13},"end":{"line":19,"column":99}},"loc":{"start":{"line":18,"column":13},"end":{"line":19,"column":99}},"line":18},"1":{"name":"explainGrammar","decl":{"start":{"line":20,"column":18},"end":{"line":21,"column":98}},"loc":{"start":{"line":20,"column":18},"end":{"line":21,"column":98}},"line":20},"2":{"name":"explainWord","decl":{"start":{"line":22,"column":15},"end":{"line":25,"column":71}},"loc":{"start":{"line":22,"column":15},"end":{"line":25,"column":71}},"line":22}},"f":{"0":5,"1":2,"2":3}}
,"D:\\02_Work\\external_repo\\kokomaya\\LLPlayer\\aurora-player\\packages\\ai\\src\\registry.ts": {"path":"D:\\02_Work\\external_repo\\kokomaya\\LLPlayer\\aurora-player\\packages\\ai\\src\\registry.ts","all":false,"statementMap":{"27":{"start":{"line":28,"column":0},"end":{"line":28,"column":77}},"28":{"start":{"line":29,"column":0},"end":{"line":29,"column":43}},"29":{"start":{"line":30,"column":0},"end":{"line":30,"column":27}},"30":{"start":{"line":31,"column":0},"end":{"line":31,"column":19}},"31":{"start":{"line":32,"column":0},"end":{"line":32,"column":3}},"32":{"start":{"line":33,"column":0},"end":{"line":33,"column":26}},"33":{"start":{"line":34,"column":0},"end":{"line":34,"column":31}},"34":{"start":{"line":35,"column":0},"end":{"line":35,"column":65}},"35":{"start":{"line":36,"column":0},"end":{"line":36,"column":5}},"36":{"start":{"line":37,"column":0},"end":{"line":37,"column":18}},"37":{"start":{"line":38,"column":0},"end":{"line":38,"column":3}},"39":{"start":{"line":40,"column":0},"end":{"line":40,"column":45}},"40":{"start":{"line":41,"column":0},"end":{"line":41,"column":2}},"43":{"start":{"line":44,"column":0},"end":{"line":44,"column":46}},"44":{"start":{"line":45,"column":0},"end":{"line":45,"column":22}},"46":{"start":{"line":47,"column":0},"end":{"line":47,"column":14}},"47":{"start":{"line":48,"column":0},"end":{"line":48,"column":43}},"48":{"start":{"line":49,"column":0},"end":{"line":49,"column":54}},"49":{"start":{"line":50,"column":0},"end":{"line":50,"column":5}},"50":{"start":{"line":51,"column":0},"end":{"line":51,"column":59}},"51":{"start":{"line":52,"column":0},"end":{"line":52,"column":3}},"53":{"start":{"line":54,"column":0},"end":{"line":54,"column":79}},"54":{"start":{"line":55,"column":0},"end":{"line":55,"column":36}},"55":{"start":{"line":56,"column":0},"end":{"line":56,"column":48}},"56":{"start":{"line":57,"column":0},"end":{"line":57,"column":5}},"57":{"start":{"line":58,"column":0},"end":{"line":58,"column":9}},"58":{"start":{"line":59,"column":0},"end":{"line":59,"column":53}},"59":{"start":{"line":60,"column":0},"end":{"line":60,"column":13}},"60":{"start":{"line":61,"column":0},"end":{"line":61,"column":48}},"61":{"start":{"line":62,"column":0},"end":{"line":62,"column":5}},"62":{"start":{"line":63,"column":0},"end":{"line":63,"column":3}},"63":{"start":{"line":64,"column":0},"end":{"line":64,"column":1}}},"s":{"27":1,"28":7,"29":7,"30":1,"31":1,"32":7,"33":2,"34":1,"35":1,"36":1,"37":1,"39":4,"40":4,"43":4,"44":4,"46":4,"47":4,"48":4,"49":4,"50":4,"51":4,"53":4,"54":4,"55":1,"56":1,"57":3,"58":3,"59":4,"60":2,"61":2,"62":4,"63":4},"branchMap":{"0":{"type":"branch","line":28,"loc":{"start":{"line":28,"column":32},"end":{"line":41,"column":2}},"locations":[{"start":{"line":28,"column":32},"end":{"line":41,"column":2}}]},"1":{"type":"branch","line":30,"loc":{"start":{"line":30,"column":26},"end":{"line":32,"column":3}},"locations":[{"start":{"line":30,"column":26},"end":{"line":32,"column":3}}]},"2":{"type":"branch","line":32,"loc":{"start":{"line":32,"column":2},"end":{"line":33,"column":25}},"locations":[{"start":{"line":32,"column":2},"end":{"line":33,"column":25}}]},"3":{"type":"branch","line":33,"loc":{"start":{"line":33,"column":25},"end":{"line":38,"column":3}},"locations":[{"start":{"line":33,"column":25},"end":{"line":38,"column":3}}]},"4":{"type":"branch","line":34,"loc":{"start":{"line":34,"column":30},"end":{"line":38,"column":3}},"locations":[{"start":{"line":34,"column":30},"end":{"line":38,"column":3}}]},"5":{"type":"branch","line":38,"loc":{"start":{"line":38,"column":2},"end":{"line":41,"column":2}},"locations":[{"start":{"line":38,"column":2},"end":{"line":41,"column":2}}]},"6":{"type":"branch","line":44,"loc":{"start":{"line":44,"column":0},"end":{"line":64,"column":1}},"locations":[{"start":{"line":44,"column":0},"end":{"line":64,"column":1}}]},"7":{"type":"branch","line":47,"loc":{"start":{"line":47,"column":2},"end":{"line":52,"column":3}},"locations":[{"start":{"line":47,"column":2},"end":{"line":52,"column":3}}]},"8":{"type":"branch","line":51,"loc":{"start":{"line":51,"column":25},"end":{"line":51,"column":48}},"locations":[{"start":{"line":51,"column":25},"end":{"line":51,"column":48}}]},"9":{"type":"branch","line":51,"loc":{"start":{"line":51,"column":37},"end":{"line":51,"column":59}},"locations":[{"start":{"line":51,"column":37},"end":{"line":51,"column":59}}]},"10":{"type":"branch","line":54,"loc":{"start":{"line":54,"column":2},"end":{"line":63,"column":3}},"locations":[{"start":{"line":54,"column":2},"end":{"line":63,"column":3}}]},"11":{"type":"branch","line":55,"loc":{"start":{"line":55,"column":35},"end":{"line":57,"column":5}},"locations":[{"start":{"line":55,"column":35},"end":{"line":57,"column":5}}]},"12":{"type":"branch","line":57,"loc":{"start":{"line":57,"column":4},"end":{"line":60,"column":12}},"locations":[{"start":{"line":57,"column":4},"end":{"line":60,"column":12}}]},"13":{"type":"branch","line":60,"loc":{"start":{"line":60,"column":4},"end":{"line":62,"column":5}},"locations":[{"start":{"line":60,"column":4},"end":{"line":62,"column":5}}]}},"b":{"0":[7],"1":[1],"2":[6],"3":[2],"4":[1],"5":[4],"6":[4],"7":[4],"8":[3],"9":[1],"10":[4],"11":[1],"12":[3],"13":[2]},"fnMap":{"0":{"name":"createLLMRuntime","decl":{"start":{"line":28,"column":32},"end":{"line":41,"column":2}},"loc":{"start":{"line":28,"column":32},"end":{"line":41,"column":2}},"line":28},"1":{"name":"<instance_members_initializer>","decl":{"start":{"line":44,"column":0},"end":{"line":64,"column":1}},"loc":{"start":{"line":44,"column":0},"end":{"line":64,"column":1}},"line":44},"2":{"name":"HybridProvider","decl":{"start":{"line":47,"column":2},"end":{"line":52,"column":3}},"loc":{"start":{"line":47,"column":2},"end":{"line":52,"column":3}},"line":47},"3":{"name":"complete","decl":{"start":{"line":54,"column":2},"end":{"line":63,"column":3}},"loc":{"start":{"line":54,"column":2},"end":{"line":63,"column":3}},"line":54}},"f":{"0":7,"1":4,"2":4,"3":4}}
,"D:\\02_Work\\external_repo\\kokomaya\\LLPlayer\\aurora-player\\packages\\ai\\src\\providers\\static-llm-provider.ts": {"path":"D:\\02_Work\\external_repo\\kokomaya\\LLPlayer\\aurora-player\\packages\\ai\\src\\providers\\static-llm-provider.ts","all":false,"statementMap":{"18":{"start":{"line":19,"column":0},"end":{"line":19,"column":56}},"19":{"start":{"line":20,"column":0},"end":{"line":20,"column":22}},"20":{"start":{"line":21,"column":0},"end":{"line":21,"column":56}},"21":{"start":{"line":22,"column":0},"end":{"line":22,"column":50}},"23":{"start":{"line":24,"column":0},"end":{"line":24,"column":44}},"24":{"start":{"line":25,"column":0},"end":{"line":25,"column":35}},"25":{"start":{"line":26,"column":0},"end":{"line":26,"column":43}},"26":{"start":{"line":27,"column":0},"end":{"line":27,"column":75}},"27":{"start":{"line":28,"column":0},"end":{"line":28,"column":3}},"29":{"start":{"line":30,"column":0},"end":{"line":30,"column":51}},"30":{"start":{"line":31,"column":0},"end":{"line":31,"column":68}},"31":{"start":{"line":32,"column":0},"end":{"line":32,"column":58}},"32":{"start":{"line":33,"column":0},"end":{"line":33,"column":3}},"33":{"start":{"line":34,"column":0},"end":{"line":34,"column":1}}},"s":{"18":1,"19":10,"20":10,"21":10,"23":10,"24":10,"25":10,"26":10,"27":10,"29":10,"30":15,"31":15,"32":15,"33":10},"branchMap":{"0":{"type":"branch","line":19,"loc":{"start":{"line":19,"column":7},"end":{"line":34,"column":1}},"locations":[{"start":{"line":19,"column":7},"end":{"line":34,"column":1}}]},"1":{"type":"branch","line":24,"loc":{"start":{"line":24,"column":2},"end":{"line":28,"column":3}},"locations":[{"start":{"line":24,"column":2},"end":{"line":28,"column":3}}]},"2":{"type":"branch","line":25,"loc":{"start":{"line":25,"column":19},"end":{"line":25,"column":35}},"locations":[{"start":{"line":25,"column":19},"end":{"line":25,"column":35}}]},"3":{"type":"branch","line":26,"loc":{"start":{"line":26,"column":27},"end":{"line":26,"column":43}},"locations":[{"start":{"line":26,"column":27},"end":{"line":26,"column":43}}]},"4":{"type":"branch","line":27,"loc":{"start":{"line":27,"column":26},"end":{"line":27,"column":75}},"locations":[{"start":{"line":27,"column":26},"end":{"line":27,"column":75}}]},"5":{"type":"branch","line":27,"loc":{"start":{"line":27,"column":39},"end":{"line":27,"column":75}},"locations":[{"start":{"line":27,"column":39},"end":{"line":27,"column":75}}]},"6":{"type":"branch","line":30,"loc":{"start":{"line":30,"column":2},"end":{"line":33,"column":3}},"locations":[{"start":{"line":30,"column":2},"end":{"line":33,"column":3}}]},"7":{"type":"branch","line":31,"loc":{"start":{"line":31,"column":43},"end":{"line":31,"column":68}},"locations":[{"start":{"line":31,"column":43},"end":{"line":31,"column":68}}]}},"b":{"0":[10],"1":[10],"2":[8],"3":[9],"4":[9],"5":[13],"6":[15],"7":[14]},"fnMap":{"0":{"name":"<instance_members_initializer>","decl":{"start":{"line":19,"column":7},"end":{"line":34,"column":1}},"loc":{"start":{"line":19,"column":7},"end":{"line":34,"column":1}},"line":19},"1":{"name":"StaticLLMProvider","decl":{"start":{"line":24,"column":2},"end":{"line":28,"column":3}},"loc":{"start":{"line":24,"column":2},"end":{"line":28,"column":3}},"line":24},"2":{"name":"StaticLLMProvider.#fallback","decl":{"start":{"line":27,"column":39},"end":{"line":27,"column":75}},"loc":{"start":{"line":27,"column":39},"end":{"line":27,"column":75}},"line":27},"3":{"name":"complete","decl":{"start":{"line":30,"column":2},"end":{"line":33,"column":3}},"loc":{"start":{"line":30,"column":2},"end":{"line":33,"column":3}},"line":30}},"f":{"0":10,"1":10,"2":13,"3":15}}
,"D:\\02_Work\\external_repo\\kokomaya\\LLPlayer\\aurora-player\\packages\\ai\\src\\use-cases\\cached-completion.ts": {"path":"D:\\02_Work\\external_repo\\kokomaya\\LLPlayer\\aurora-player\\packages\\ai\\src\\use-cases\\cached-completion.ts","all":false,"statementMap":{"0":{"start":{"line":1,"column":0},"end":{"line":1,"column":54}},"34":{"start":{"line":35,"column":0},"end":{"line":35,"column":37}},"35":{"start":{"line":36,"column":0},"end":{"line":36,"column":23}},"36":{"start":{"line":37,"column":0},"end":{"line":37,"column":29}},"37":{"start":{"line":38,"column":0},"end":{"line":38,"column":27}},"38":{"start":{"line":39,"column":0},"end":{"line":39,"column":65}},"39":{"start":{"line":40,"column":0},"end":{"line":40,"column":52}},"40":{"start":{"line":41,"column":0},"end":{"line":41,"column":26}},"41":{"start":{"line":42,"column":0},"end":{"line":42,"column":69}},"42":{"start":{"line":43,"column":0},"end":{"line":43,"column":3}},"43":{"start":{"line":44,"column":0},"end":{"line":44,"column":27}},"44":{"start":{"line":45,"column":0},"end":{"line":45,"column":24}},"45":{"start":{"line":46,"column":0},"end":{"line":46,"column":66}},"46":{"start":{"line":47,"column":0},"end":{"line":47,"column":4}},"47":{"start":{"line":48,"column":0},"end":{"line":48,"column":61}},"48":{"start":{"line":49,"column":0},"end":{"line":49,"column":62}},"49":{"start":{"line":50,"column":0},"end":{"line":50,"column":71}},"50":{"start":{"line":51,"column":0},"end":{"line":51,"column":2}}},"s":{"0":1,"34":1,"35":10,"36":10,"37":10,"38":10,"39":10,"40":10,"41":1,"42":1,"43":9,"44":9,"45":10,"46":10,"47":10,"48":9,"49":9,"50":9},"branchMap":{"0":{"type":"branch","line":35,"loc":{"start":{"line":35,"column":30},"end":{"line":51,"column":2}},"locations":[{"start":{"line":35,"column":30},"end":{"line":51,"column":2}}]},"1":{"type":"branch","line":41,"loc":{"start":{"line":41,"column":25},"end":{"line":43,"column":3}},"locations":[{"start":{"line":41,"column":25},"end":{"line":43,"column":3}}]},"2":{"type":"branch","line":43,"loc":{"start":{"line":43,"column":2},"end":{"line":46,"column":36}},"locations":[{"start":{"line":43,"column":2},"end":{"line":46,"column":36}}]},"3":{"type":"branch","line":46,"loc":{"start":{"line":46,"column":24},"end":{"line":46,"column":62}},"locations":[{"start":{"line":46,"column":24},"end":{"line":46,"column":62}}]},"4":{"type":"branch","line":46,"loc":{"start":{"line":46,"column":58},"end":{"line":46,"column":66}},"locations":[{"start":{"line":46,"column":58},"end":{"line":46,"column":66}}]},"5":{"type":"branch","line":48,"loc":{"start":{"line":48,"column":59},"end":{"line":51,"column":2}},"locations":[{"start":{"line":48,"column":59},"end":{"line":51,"column":2}}]}},"b":{"0":[10],"1":[1],"2":[9],"3":[0],"4":[9],"5":[9]},"fnMap":{"0":{"name":"cachedComplete","decl":{"start":{"line":35,"column":30},"end":{"line":51,"column":2}},"loc":{"start":{"line":35,"column":30},"end":{"line":51,"column":2}},"line":35}},"f":{"0":10}}
,"D:\\02_Work\\external_repo\\kokomaya\\LLPlayer\\aurora-player\\packages\\ai\\src\\use-cases\\explain-grammar.ts": {"path":"D:\\02_Work\\external_repo\\kokomaya\\LLPlayer\\aurora-player\\packages\\ai\\src\\use-cases\\explain-grammar.ts","all":false,"statementMap":{"0":{"start":{"line":1,"column":0},"end":{"line":1,"column":67}},"26":{"start":{"line":27,"column":0},"end":{"line":27,"column":37}},"27":{"start":{"line":28,"column":0},"end":{"line":28,"column":27}},"28":{"start":{"line":29,"column":0},"end":{"line":29,"column":29}},"29":{"start":{"line":30,"column":0},"end":{"line":30,"column":35}},"30":{"start":{"line":31,"column":0},"end":{"line":31,"column":50}},"31":{"start":{"line":32,"column":0},"end":{"line":32,"column":52}},"32":{"start":{"line":33,"column":0},"end":{"line":33,"column":43}},"33":{"start":{"line":34,"column":0},"end":{"line":34,"column":20}},"34":{"start":{"line":35,"column":0},"end":{"line":35,"column":11}},"35":{"start":{"line":36,"column":0},"end":{"line":36,"column":68}},"36":{"start":{"line":37,"column":0},"end":{"line":37,"column":5}},"37":{"start":{"line":38,"column":0},"end":{"line":38,"column":10}},"38":{"start":{"line":39,"column":0},"end":{"line":39,"column":27}},"39":{"start":{"line":40,"column":0},"end":{"line":40,"column":20}},"40":{"start":{"line":41,"column":0},"end":{"line":41,"column":32}},"41":{"start":{"line":42,"column":0},"end":{"line":42,"column":24}},"42":{"start":{"line":43,"column":0},"end":{"line":43,"column":4}},"43":{"start":{"line":44,"column":0},"end":{"line":44,"column":2}}},"s":{"0":1,"26":1,"27":2,"28":2,"29":2,"30":2,"31":2,"32":2,"33":2,"34":2,"35":2,"36":2,"37":2,"38":2,"39":2,"40":2,"41":2,"42":2,"43":2},"branchMap":{"0":{"type":"branch","line":27,"loc":{"start":{"line":27,"column":30},"end":{"line":44,"column":2}},"locations":[{"start":{"line":27,"column":30},"end":{"line":44,"column":2}}]},"1":{"type":"branch","line":36,"loc":{"start":{"line":36,"column":25},"end":{"line":36,"column":64}},"locations":[{"start":{"line":36,"column":25},"end":{"line":36,"column":64}}]}},"b":{"0":[2],"1":[0]},"fnMap":{"0":{"name":"explainGrammar","decl":{"start":{"line":27,"column":30},"end":{"line":44,"column":2}},"loc":{"start":{"line":27,"column":30},"end":{"line":44,"column":2}},"line":27}},"f":{"0":2}}
,"D:\\02_Work\\external_repo\\kokomaya\\LLPlayer\\aurora-player\\packages\\ai\\src\\use-cases\\explain-word.ts": {"path":"D:\\02_Work\\external_repo\\kokomaya\\LLPlayer\\aurora-player\\packages\\ai\\src\\use-cases\\explain-word.ts","all":false,"statementMap":{"0":{"start":{"line":1,"column":0},"end":{"line":1,"column":67}},"28":{"start":{"line":29,"column":0},"end":{"line":29,"column":34}},"29":{"start":{"line":30,"column":0},"end":{"line":30,"column":24}},"30":{"start":{"line":31,"column":0},"end":{"line":31,"column":26}},"31":{"start":{"line":32,"column":0},"end":{"line":32,"column":32}},"32":{"start":{"line":33,"column":0},"end":{"line":33,"column":50}},"33":{"start":{"line":34,"column":0},"end":{"line":34,"column":64}},"34":{"start":{"line":35,"column":0},"end":{"line":35,"column":43}},"35":{"start":{"line":36,"column":0},"end":{"line":36,"column":17}},"36":{"start":{"line":37,"column":0},"end":{"line":37,"column":11}},"37":{"start":{"line":38,"column":0},"end":{"line":38,"column":68}},"38":{"start":{"line":39,"column":0},"end":{"line":39,"column":5}},"39":{"start":{"line":40,"column":0},"end":{"line":40,"column":10}},"40":{"start":{"line":41,"column":0},"end":{"line":41,"column":21}},"41":{"start":{"line":42,"column":0},"end":{"line":42,"column":20}},"42":{"start":{"line":43,"column":0},"end":{"line":43,"column":32}},"43":{"start":{"line":44,"column":0},"end":{"line":44,"column":24}},"44":{"start":{"line":45,"column":0},"end":{"line":45,"column":4}},"45":{"start":{"line":46,"column":0},"end":{"line":46,"column":2}}},"s":{"0":1,"28":1,"29":3,"30":3,"31":3,"32":3,"33":3,"34":3,"35":3,"36":3,"37":3,"38":3,"39":3,"40":3,"41":3,"42":3,"43":3,"44":3,"45":3},"branchMap":{"0":{"type":"branch","line":29,"loc":{"start":{"line":29,"column":27},"end":{"line":46,"column":2}},"locations":[{"start":{"line":29,"column":27},"end":{"line":46,"column":2}}]},"1":{"type":"branch","line":38,"loc":{"start":{"line":38,"column":25},"end":{"line":38,"column":64}},"locations":[{"start":{"line":38,"column":25},"end":{"line":38,"column":64}}]}},"b":{"0":[3],"1":[0]},"fnMap":{"0":{"name":"explainWord","decl":{"start":{"line":29,"column":27},"end":{"line":46,"column":2}},"loc":{"start":{"line":29,"column":27},"end":{"line":46,"column":2}},"line":29}},"f":{"0":3}}
,"D:\\02_Work\\external_repo\\kokomaya\\LLPlayer\\aurora-player\\packages\\ai\\src\\use-cases\\translate-line.ts": {"path":"D:\\02_Work\\external_repo\\kokomaya\\LLPlayer\\aurora-player\\packages\\ai\\src\\use-cases\\translate-line.ts","all":false,"statementMap":{"0":{"start":{"line":1,"column":0},"end":{"line":1,"column":51}},"31":{"start":{"line":32,"column":0},"end":{"line":32,"column":36}},"32":{"start":{"line":33,"column":0},"end":{"line":33,"column":22}},"33":{"start":{"line":34,"column":0},"end":{"line":34,"column":24}},"34":{"start":{"line":35,"column":0},"end":{"line":35,"column":34}},"35":{"start":{"line":36,"column":0},"end":{"line":36,"column":50}},"36":{"start":{"line":37,"column":0},"end":{"line":37,"column":65}},"37":{"start":{"line":38,"column":0},"end":{"line":38,"column":43}},"38":{"start":{"line":39,"column":0},"end":{"line":39,"column":22}},"39":{"start":{"line":40,"column":0},"end":{"line":40,"column":11}},"40":{"start":{"line":41,"column":0},"end":{"line":41,"column":68}},"41":{"start":{"line":42,"column":0},"end":{"line":42,"column":5}},"42":{"start":{"line":43,"column":0},"end":{"line":43,"column":10}},"43":{"start":{"line":44,"column":0},"end":{"line":44,"column":27}},"44":{"start":{"line":45,"column":0},"end":{"line":45,"column":33}},"45":{"start":{"line":46,"column":0},"end":{"line":46,"column":20}},"46":{"start":{"line":47,"column":0},"end":{"line":47,"column":32}},"47":{"start":{"line":48,"column":0},"end":{"line":48,"column":24}},"48":{"start":{"line":49,"column":0},"end":{"line":49,"column":4}},"49":{"start":{"line":50,"column":0},"end":{"line":50,"column":2}}},"s":{"0":1,"31":1,"32":5,"33":5,"34":5,"35":5,"36":5,"37":5,"38":5,"39":5,"40":5,"41":5,"42":5,"43":5,"44":5,"45":5,"46":5,"47":5,"48":5,"49":5},"branchMap":{"0":{"type":"branch","line":32,"loc":{"start":{"line":32,"column":29},"end":{"line":50,"column":2}},"locations":[{"start":{"line":32,"column":29},"end":{"line":50,"column":2}}]},"1":{"type":"branch","line":41,"loc":{"start":{"line":41,"column":25},"end":{"line":41,"column":64}},"locations":[{"start":{"line":41,"column":25},"end":{"line":41,"column":64}}]}},"b":{"0":[5],"1":[0]},"fnMap":{"0":{"name":"translateLine","decl":{"start":{"line":32,"column":29},"end":{"line":50,"column":2}},"loc":{"start":{"line":32,"column":29},"end":{"line":50,"column":2}},"line":32}},"f":{"0":5}}
}
