<?xml version="1.0" encoding="UTF-8"?>
<coverage generated="1785080331645" clover="3.2.0">
  <project timestamp="1785080331645" name="All files">
    <metrics statements="264" coveredstatements="262" conditionals="89" coveredconditionals="85" methods="38" coveredmethods="38" elements="391" coveredelements="385" complexity="0" loc="264" ncloc="264" packages="1" files="7" classes="7"/>
    <file name="clock.ts" path="D:\02_Work\external_repo\kokomaya\LLPlayer\aurora-player\packages\player-api\src\clock.ts">
      <metrics statements="23" coveredstatements="23" conditionals="8" coveredconditionals="8" methods="5" coveredmethods="5"/>
      <line num="17" count="1" type="cond" truecount="1" falsecount="0"/>
      <line num="18" count="24" type="stmt"/>
      <line num="20" count="24" type="cond" truecount="1" falsecount="0"/>
      <line num="21" count="24" type="stmt"/>
      <line num="22" count="24" type="stmt"/>
      <line num="24" count="24" type="cond" truecount="1" falsecount="0"/>
      <line num="25" count="34" type="stmt"/>
      <line num="26" count="34" type="stmt"/>
      <line num="29" count="24" type="cond" truecount="1" falsecount="0"/>
      <line num="30" count="12" type="cond" truecount="1" falsecount="0"/>
      <line num="31" count="1" type="stmt"/>
      <line num="32" count="1" type="cond" truecount="1" falsecount="0"/>
      <line num="33" count="11" type="stmt"/>
      <line num="34" count="11" type="stmt"/>
      <line num="35" count="12" type="stmt"/>
      <line num="38" count="24" type="cond" truecount="1" falsecount="0"/>
      <line num="39" count="2" type="cond" truecount="1" falsecount="0"/>
      <line num="40" count="1" type="stmt"/>
      <line num="41" count="1" type="stmt"/>
      <line num="42" count="1" type="stmt"/>
      <line num="43" count="1" type="stmt"/>
      <line num="44" count="2" type="stmt"/>
      <line num="45" count="24" type="stmt"/>
    </file>
    <file name="fake-player.ts" path="D:\02_Work\external_repo\kokomaya\LLPlayer\aurora-player\packages\player-api\src\fake-player.ts">
      <metrics statements="145" coveredstatements="145" conditionals="47" coveredconditionals="46" methods="16" coveredmethods="16"/>
      <line num="1" count="1" type="stmt"/>
      <line num="17" count="1" type="cond" truecount="1" falsecount="0"/>
      <line num="18" count="23" type="cond" truecount="4" falsecount="0"/>
      <line num="30" count="1" type="cond" truecount="1" falsecount="0"/>
      <line num="31" count="23" type="stmt"/>
      <line num="32" count="23" type="stmt"/>
      <line num="33" count="23" type="stmt"/>
      <line num="35" count="23" type="stmt"/>
      <line num="36" count="23" type="stmt"/>
      <line num="37" count="23" type="stmt"/>
      <line num="38" count="23" type="stmt"/>
      <line num="42" count="23" type="stmt"/>
      <line num="43" count="23" type="stmt"/>
      <line num="44" count="23" type="stmt"/>
      <line num="46" count="23" type="cond" truecount="1" falsecount="0"/>
      <line num="47" count="23" type="stmt"/>
      <line num="48" count="23" type="stmt"/>
      <line num="50" count="23" type="cond" truecount="1" falsecount="0"/>
      <line num="51" count="12" type="stmt"/>
      <line num="52" count="12" type="stmt"/>
      <line num="54" count="23" type="cond" truecount="1" falsecount="0"/>
      <line num="55" count="3" type="stmt"/>
      <line num="56" count="3" type="stmt"/>
      <line num="58" count="23" type="cond" truecount="1" falsecount="0"/>
      <line num="59" count="23" type="cond" truecount="1" falsecount="0"/>
      <line num="60" count="6" type="stmt"/>
      <line num="61" count="6" type="cond" truecount="1" falsecount="0"/>
      <line num="62" count="17" type="stmt"/>
      <line num="63" count="17" type="stmt"/>
      <line num="64" count="23" type="stmt"/>
      <line num="66" count="23" type="cond" truecount="1" falsecount="0"/>
      <line num="67" count="11" type="stmt"/>
      <line num="68" count="11" type="cond" truecount="1" falsecount="0"/>
      <line num="69" count="1" type="stmt"/>
      <line num="70" count="1" type="stmt"/>
      <line num="71" count="11" type="stmt"/>
      <line num="73" count="23" type="cond" truecount="1" falsecount="0"/>
      <line num="76" count="19" type="stmt"/>
      <line num="77" count="19" type="stmt"/>
      <line num="79" count="19" type="cond" truecount="1" falsecount="0"/>
      <line num="80" count="19" type="cond" truecount="1" falsecount="0"/>
      <line num="83" count="2" type="stmt"/>
      <line num="84" count="2" type="stmt"/>
      <line num="85" count="2" type="stmt"/>
      <line num="86" count="2" type="stmt"/>
      <line num="87" count="2" type="stmt"/>
      <line num="88" count="2" type="stmt"/>
      <line num="89" count="2" type="stmt"/>
      <line num="90" count="2" type="cond" truecount="1" falsecount="0"/>
      <line num="92" count="17" type="stmt"/>
      <line num="93" count="17" type="stmt"/>
      <line num="94" count="19" type="cond" truecount="0" falsecount="1"/>
      <line num="95" count="19" type="stmt"/>
      <line num="96" count="19" type="stmt"/>
      <line num="98" count="19" type="stmt"/>
      <line num="99" count="19" type="stmt"/>
      <line num="100" count="19" type="stmt"/>
      <line num="101" count="19" type="stmt"/>
      <line num="102" count="19" type="stmt"/>
      <line num="103" count="19" type="stmt"/>
      <line num="104" count="19" type="stmt"/>
      <line num="105" count="19" type="stmt"/>
      <line num="106" count="19" type="stmt"/>
      <line num="108" count="23" type="cond" truecount="1" falsecount="0"/>
      <line num="109" count="17" type="cond" truecount="1" falsecount="0"/>
      <line num="110" count="1" type="stmt"/>
      <line num="111" count="1" type="cond" truecount="1" falsecount="0"/>
      <line num="112" count="16" type="stmt"/>
      <line num="113" count="16" type="stmt"/>
      <line num="114" count="16" type="stmt"/>
      <line num="115" count="16" type="stmt"/>
      <line num="116" count="17" type="stmt"/>
      <line num="118" count="23" type="cond" truecount="1" falsecount="0"/>
      <line num="119" count="5" type="cond" truecount="1" falsecount="0"/>
      <line num="120" count="1" type="stmt"/>
      <line num="121" count="1" type="cond" truecount="1" falsecount="0"/>
      <line num="123" count="4" type="stmt"/>
      <line num="124" count="4" type="stmt"/>
      <line num="125" count="4" type="stmt"/>
      <line num="126" count="5" type="stmt"/>
      <line num="128" count="23" type="cond" truecount="1" falsecount="0"/>
      <line num="129" count="7" type="cond" truecount="1" falsecount="0"/>
      <line num="130" count="1" type="stmt"/>
      <line num="131" count="1" type="stmt"/>
      <line num="132" count="1" type="stmt"/>
      <line num="133" count="1" type="cond" truecount="1" falsecount="0"/>
      <line num="134" count="6" type="stmt"/>
      <line num="135" count="6" type="stmt"/>
      <line num="137" count="6" type="stmt"/>
      <line num="138" count="6" type="stmt"/>
      <line num="139" count="7" type="cond" truecount="1" falsecount="0"/>
      <line num="140" count="1" type="stmt"/>
      <line num="141" count="1" type="stmt"/>
      <line num="142" count="1" type="cond" truecount="1" falsecount="0"/>
      <line num="144" count="6" type="stmt"/>
      <line num="145" count="7" type="cond" truecount="1" falsecount="0"/>
      <line num="146" count="2" type="stmt"/>
      <line num="147" count="2" type="cond" truecount="1" falsecount="0"/>
      <line num="148" count="6" type="stmt"/>
      <line num="149" count="7" type="stmt"/>
      <line num="151" count="23" type="cond" truecount="1" falsecount="0"/>
      <line num="152" count="4" type="cond" truecount="1" falsecount="0"/>
      <line num="153" count="2" type="stmt"/>
      <line num="154" count="2" type="stmt"/>
      <line num="155" count="4" type="cond" truecount="1" falsecount="0"/>
      <line num="157" count="1" type="stmt"/>
      <line num="158" count="1" type="stmt"/>
      <line num="159" count="1" type="stmt"/>
      <line num="160" count="1" type="cond" truecount="1" falsecount="0"/>
      <line num="161" count="2" type="stmt"/>
      <line num="162" count="4" type="stmt"/>
      <line num="169" count="23" type="cond" truecount="1" falsecount="0"/>
      <line num="170" count="9" type="cond" truecount="1" falsecount="0"/>
      <line num="171" count="2" type="stmt"/>
      <line num="172" count="2" type="cond" truecount="1" falsecount="0"/>
      <line num="173" count="7" type="stmt"/>
      <line num="174" count="9" type="cond" truecount="1" falsecount="0"/>
      <line num="175" count="1" type="stmt"/>
      <line num="176" count="1" type="stmt"/>
      <line num="177" count="1" type="stmt"/>
      <line num="178" count="1" type="stmt"/>
      <line num="179" count="1" type="stmt"/>
      <line num="180" count="1" type="stmt"/>
      <line num="181" count="1" type="cond" truecount="1" falsecount="0"/>
      <line num="182" count="6" type="stmt"/>
      <line num="183" count="9" type="stmt"/>
      <line num="185" count="23" type="cond" truecount="1" falsecount="0"/>
      <line num="186" count="1" type="stmt"/>
      <line num="187" count="1" type="stmt"/>
      <line num="188" count="1" type="stmt"/>
      <line num="189" count="1" type="stmt"/>
      <line num="190" count="1" type="stmt"/>
      <line num="192" count="23" type="cond" truecount="1" falsecount="0"/>
      <line num="193" count="45" type="stmt"/>
      <line num="194" count="45" type="cond" truecount="1" falsecount="0"/>
      <line num="195" count="2" type="stmt"/>
      <line num="196" count="2" type="cond" truecount="1" falsecount="0"/>
      <line num="197" count="43" type="stmt"/>
      <line num="198" count="45" type="stmt"/>
      <line num="200" count="23" type="cond" truecount="1" falsecount="0"/>
      <line num="201" count="98" type="cond" truecount="1" falsecount="0"/>
      <line num="202" count="19" type="stmt"/>
      <line num="203" count="19" type="stmt"/>
      <line num="204" count="98" type="stmt"/>
      <line num="205" count="23" type="stmt"/>
    </file>
    <file name="model.ts" path="D:\02_Work\external_repo\kokomaya\LLPlayer\aurora-player\packages\player-api\src\model.ts">
      <metrics statements="0" coveredstatements="0" conditionals="1" coveredconditionals="1" methods="1" coveredmethods="1"/>
    </file>
    <file name="port.ts" path="D:\02_Work\external_repo\kokomaya\LLPlayer\aurora-player\packages\player-api\src\port.ts">
      <metrics statements="14" coveredstatements="12" conditionals="6" coveredconditionals="4" methods="4" coveredmethods="4"/>
      <line num="73" count="1" type="cond" truecount="1" falsecount="0"/>
      <line num="74" count="1" type="stmt"/>
      <line num="76" count="1" type="stmt"/>
      <line num="78" count="1" type="cond" truecount="1" falsecount="0"/>
      <line num="79" count="2" type="stmt"/>
      <line num="81" count="2" type="stmt"/>
      <line num="83" count="1" type="cond" truecount="1" falsecount="0"/>
      <line num="84" count="2" type="stmt"/>
      <line num="86" count="2" type="cond" truecount="0" falsecount="1"/>
      <line num="87" count="0" type="stmt"/>
      <line num="89" count="1" type="cond" truecount="1" falsecount="0"/>
      <line num="90" count="1" type="stmt"/>
      <line num="92" count="1" type="cond" truecount="0" falsecount="1"/>
      <line num="93" count="0" type="stmt"/>
    </file>
    <file name="resolve-source.ts" path="D:\02_Work\external_repo\kokomaya\LLPlayer\aurora-player\packages\player-api\src\resolve-source.ts">
      <metrics statements="21" coveredstatements="21" conditionals="10" coveredconditionals="10" methods="2" coveredmethods="2"/>
      <line num="1" count="1" type="stmt"/>
      <line num="22" count="1" type="cond" truecount="1" falsecount="0"/>
      <line num="23" count="10" type="cond" truecount="1" falsecount="0"/>
      <line num="24" count="5" type="stmt"/>
      <line num="25" count="5" type="cond" truecount="1" falsecount="0"/>
      <line num="26" count="5" type="stmt"/>
      <line num="27" count="5" type="stmt"/>
      <line num="28" count="5" type="stmt"/>
      <line num="29" count="5" type="stmt"/>
      <line num="30" count="5" type="cond" truecount="2" falsecount="0"/>
      <line num="31" count="5" type="stmt"/>
      <line num="32" count="5" type="stmt"/>
      <line num="33" count="5" type="stmt"/>
      <line num="34" count="5" type="stmt"/>
      <line num="35" count="5" type="stmt"/>
      <line num="36" count="10" type="cond" truecount="2" falsecount="0"/>
      <line num="37" count="10" type="cond" truecount="2" falsecount="0"/>
      <line num="38" count="10" type="stmt"/>
      <line num="39" count="10" type="stmt"/>
      <line num="48" count="1" type="cond" truecount="1" falsecount="0"/>
      <line num="49" count="5" type="stmt"/>
    </file>
    <file name="source-kind.ts" path="D:\02_Work\external_repo\kokomaya\LLPlayer\aurora-player\packages\player-api\src\source-kind.ts">
      <metrics statements="14" coveredstatements="14" conditionals="8" coveredconditionals="7" methods="3" coveredmethods="3"/>
      <line num="15" count="1" type="stmt"/>
      <line num="20" count="1" type="stmt"/>
      <line num="28" count="1" type="cond" truecount="1" falsecount="0"/>
      <line num="29" count="22" type="stmt"/>
      <line num="30" count="22" type="cond" truecount="1" falsecount="0"/>
      <line num="31" count="6" type="stmt"/>
      <line num="32" count="6" type="cond" truecount="1" falsecount="0"/>
      <line num="33" count="22" type="cond" truecount="2" falsecount="0"/>
      <line num="34" count="22" type="stmt"/>
      <line num="40" count="1" type="cond" truecount="1" falsecount="0"/>
      <line num="47" count="1" type="cond" truecount="1" falsecount="0"/>
      <line num="48" count="7" type="cond" truecount="0" falsecount="1"/>
      <line num="49" count="7" type="stmt"/>
      <line num="50" count="7" type="stmt"/>
    </file>
    <file name="state-machine.ts" path="D:\02_Work\external_repo\kokomaya\LLPlayer\aurora-player\packages\player-api\src\state-machine.ts">
      <metrics statements="47" coveredstatements="47" conditionals="9" coveredconditionals="9" methods="7" coveredmethods="7"/>
      <line num="1" count="1" type="stmt"/>
      <line num="47" count="1" type="stmt"/>
      <line num="49" count="1" type="stmt"/>
      <line num="50" count="1" type="stmt"/>
      <line num="51" count="1" type="stmt"/>
      <line num="52" count="1" type="stmt"/>
      <line num="53" count="1" type="stmt"/>
      <line num="54" count="1" type="stmt"/>
      <line num="55" count="1" type="stmt"/>
      <line num="56" count="1" type="stmt"/>
      <line num="57" count="1" type="stmt"/>
      <line num="58" count="1" type="stmt"/>
      <line num="59" count="1" type="stmt"/>
      <line num="60" count="1" type="stmt"/>
      <line num="61" count="1" type="stmt"/>
      <line num="62" count="1" type="stmt"/>
      <line num="63" count="1" type="stmt"/>
      <line num="66" count="1" type="cond" truecount="1" falsecount="0"/>
      <line num="67" count="14" type="stmt"/>
      <line num="74" count="1" type="cond" truecount="1" falsecount="0"/>
      <line num="75" count="43" type="stmt"/>
      <line num="77" count="43" type="cond" truecount="1" falsecount="0"/>
      <line num="78" count="43" type="stmt"/>
      <line num="79" count="43" type="stmt"/>
      <line num="81" count="43" type="cond" truecount="1" falsecount="0"/>
      <line num="82" count="107" type="stmt"/>
      <line num="83" count="107" type="stmt"/>
      <line num="86" count="43" type="cond" truecount="1" falsecount="0"/>
      <line num="87" count="1" type="stmt"/>
      <line num="88" count="1" type="stmt"/>
      <line num="91" count="43" type="cond" truecount="1" falsecount="0"/>
      <line num="92" count="2" type="stmt"/>
      <line num="93" count="2" type="stmt"/>
      <line num="100" count="43" type="cond" truecount="1" falsecount="0"/>
      <line num="101" count="90" type="stmt"/>
      <line num="102" count="90" type="cond" truecount="1" falsecount="0"/>
      <line num="103" count="3" type="stmt"/>
      <line num="104" count="3" type="stmt"/>
      <line num="105" count="3" type="stmt"/>
      <line num="106" count="3" type="stmt"/>
      <line num="107" count="3" type="stmt"/>
      <line num="108" count="3" type="cond" truecount="1" falsecount="0"/>
      <line num="109" count="87" type="stmt"/>
      <line num="110" count="87" type="stmt"/>
      <line num="111" count="87" type="stmt"/>
      <line num="112" count="90" type="stmt"/>
      <line num="113" count="43" type="stmt"/>
    </file>
  </project>
</coverage>
