{"D:\\02_Work\\external_repo\\kokomaya\\LLPlayer\\aurora-player\\packages\\player-api\\src\\clock.ts": {"path":"D:\\02_Work\\external_repo\\kokomaya\\LLPlayer\\aurora-player\\packages\\player-api\\src\\clock.ts","all":false,"statementMap":{"16":{"start":{"line":17,"column":0},"end":{"line":17,"column":43}},"17":{"start":{"line":18,"column":0},"end":{"line":18,"column":14}},"19":{"start":{"line":20,"column":0},"end":{"line":20,"column":28}},"20":{"start":{"line":21,"column":0},"end":{"line":21,"column":23}},"21":{"start":{"line":22,"column":0},"end":{"line":22,"column":3}},"23":{"start":{"line":24,"column":0},"end":{"line":24,"column":17}},"24":{"start":{"line":25,"column":0},"end":{"line":25,"column":20}},"25":{"start":{"line":26,"column":0},"end":{"line":26,"column":3}},"28":{"start":{"line":29,"column":0},"end":{"line":29,"column":34}},"29":{"start":{"line":30,"column":0},"end":{"line":30,"column":22}},"30":{"start":{"line":31,"column":0},"end":{"line":31,"column":79}},"31":{"start":{"line":32,"column":0},"end":{"line":32,"column":5}},"32":{"start":{"line":33,"column":0},"end":{"line":33,"column":24}},"33":{"start":{"line":34,"column":0},"end":{"line":34,"column":16}},"34":{"start":{"line":35,"column":0},"end":{"line":35,"column":3}},"37":{"start":{"line":38,"column":0},"end":{"line":38,"column":25}},"38":{"start":{"line":39,"column":0},"end":{"line":39,"column":24}},"39":{"start":{"line":40,"column":0},"end":{"line":40,"column":84}},"40":{"start":{"line":41,"column":0},"end":{"line":41,"column":5}},"41":{"start":{"line":42,"column":0},"end":{"line":42,"column":18}},"42":{"start":{"line":43,"column":0},"end":{"line":43,"column":16}},"43":{"start":{"line":44,"column":0},"end":{"line":44,"column":3}},"44":{"start":{"line":45,"column":0},"end":{"line":45,"column":1}}},"s":{"16":1,"17":24,"19":24,"20":24,"21":24,"23":24,"24":34,"25":34,"28":24,"29":12,"30":1,"31":1,"32":11,"33":11,"34":12,"37":24,"38":2,"39":1,"40":1,"41":1,"42":1,"43":2,"44":24},"branchMap":{"0":{"type":"branch","line":17,"loc":{"start":{"line":17,"column":7},"end":{"line":45,"column":1}},"locations":[{"start":{"line":17,"column":7},"end":{"line":45,"column":1}}]},"1":{"type":"branch","line":20,"loc":{"start":{"line":20,"column":2},"end":{"line":22,"column":3}},"locations":[{"start":{"line":20,"column":2},"end":{"line":22,"column":3}}]},"2":{"type":"branch","line":24,"loc":{"start":{"line":24,"column":2},"end":{"line":26,"column":3}},"locations":[{"start":{"line":24,"column":2},"end":{"line":26,"column":3}}]},"3":{"type":"branch","line":29,"loc":{"start":{"line":29,"column":2},"end":{"line":35,"column":3}},"locations":[{"start":{"line":29,"column":2},"end":{"line":35,"column":3}}]},"4":{"type":"branch","line":30,"loc":{"start":{"line":30,"column":21},"end":{"line":32,"column":5}},"locations":[{"start":{"line":30,"column":21},"end":{"line":32,"column":5}}]},"5":{"type":"branch","line":32,"loc":{"start":{"line":32,"column":4},"end":{"line":34,"column":16}},"locations":[{"start":{"line":32,"column":4},"end":{"line":34,"column":16}}]},"6":{"type":"branch","line":38,"loc":{"start":{"line":38,"column":2},"end":{"line":44,"column":3}},"locations":[{"start":{"line":38,"column":2},"end":{"line":44,"column":3}}]},"7":{"type":"branch","line":39,"loc":{"start":{"line":39,"column":23},"end":{"line":43,"column":16}},"locations":[{"start":{"line":39,"column":23},"end":{"line":43,"column":16}}]}},"b":{"0":[24],"1":[24],"2":[34],"3":[12],"4":[1],"5":[11],"6":[2],"7":[1]},"fnMap":{"0":{"name":"<instance_members_initializer>","decl":{"start":{"line":17,"column":7},"end":{"line":45,"column":1}},"loc":{"start":{"line":17,"column":7},"end":{"line":45,"column":1}},"line":17},"1":{"name":"ManualClock","decl":{"start":{"line":20,"column":2},"end":{"line":22,"column":3}},"loc":{"start":{"line":20,"column":2},"end":{"line":22,"column":3}},"line":20},"2":{"name":"now","decl":{"start":{"line":24,"column":2},"end":{"line":26,"column":3}},"loc":{"start":{"line":24,"column":2},"end":{"line":26,"column":3}},"line":24},"3":{"name":"advance","decl":{"start":{"line":29,"column":2},"end":{"line":35,"column":3}},"loc":{"start":{"line":29,"column":2},"end":{"line":35,"column":3}},"line":29},"4":{"name":"set","decl":{"start":{"line":38,"column":2},"end":{"line":44,"column":3}},"loc":{"start":{"line":38,"column":2},"end":{"line":44,"column":3}},"line":38}},"f":{"0":24,"1":24,"2":34,"3":12,"4":2}}
,"D:\\02_Work\\external_repo\\kokomaya\\LLPlayer\\aurora-player\\packages\\player-api\\src\\fake-player.ts": {"path":"D:\\02_Work\\external_repo\\kokomaya\\LLPlayer\\aurora-player\\packages\\player-api\\src\\fake-player.ts","all":false,"statementMap":{"0":{"start":{"line":1,"column":0},"end":{"line":1,"column":67}},"16":{"start":{"line":17,"column":0},"end":{"line":17,"column":60}},"17":{"start":{"line":18,"column":0},"end":{"line":18,"column":32}},"29":{"start":{"line":30,"column":0},"end":{"line":30,"column":25}},"30":{"start":{"line":31,"column":0},"end":{"line":31,"column":25}},"31":{"start":{"line":32,"column":0},"end":{"line":32,"column":49}},"32":{"start":{"line":33,"column":0},"end":{"line":33,"column":50}},"34":{"start":{"line":35,"column":0},"end":{"line":35,"column":18}},"35":{"start":{"line":36,"column":0},"end":{"line":36,"column":16}},"36":{"start":{"line":37,"column":0},"end":{"line":37,"column":37}},"37":{"start":{"line":38,"column":0},"end":{"line":38,"column":13}},"41":{"start":{"line":42,"column":0},"end":{"line":42,"column":18}},"42":{"start":{"line":43,"column":0},"end":{"line":43,"column":24}},"43":{"start":{"line":44,"column":0},"end":{"line":44,"column":21}},"45":{"start":{"line":46,"column":0},"end":{"line":46,"column":43}},"46":{"start":{"line":47,"column":0},"end":{"line":47,"column":32}},"47":{"start":{"line":48,"column":0},"end":{"line":48,"column":3}},"49":{"start":{"line":50,"column":0},"end":{"line":50,"column":30}},"50":{"start":{"line":51,"column":0},"end":{"line":51,"column":31}},"51":{"start":{"line":52,"column":0},"end":{"line":52,"column":3}},"53":{"start":{"line":54,"column":0},"end":{"line":54,"column":22}},"54":{"start":{"line":55,"column":0},"end":{"line":55,"column":28}},"55":{"start":{"line":56,"column":0},"end":{"line":56,"column":3}},"57":{"start":{"line":58,"column":0},"end":{"line":58,"column":22}},"58":{"start":{"line":59,"column":0},"end":{"line":59,"column":44}},"59":{"start":{"line":60,"column":0},"end":{"line":60,"column":30}},"60":{"start":{"line":61,"column":0},"end":{"line":61,"column":5}},"61":{"start":{"line":62,"column":0},"end":{"line":62,"column":60}},"62":{"start":{"line":63,"column":0},"end":{"line":63,"column":86}},"63":{"start":{"line":64,"column":0},"end":{"line":64,"column":3}},"65":{"start":{"line":66,"column":0},"end":{"line":66,"column":52}},"66":{"start":{"line":67,"column":0},"end":{"line":67,"column":34}},"67":{"start":{"line":68,"column":0},"end":{"line":68,"column":18}},"68":{"start":{"line":69,"column":0},"end":{"line":69,"column":39}},"69":{"start":{"line":70,"column":0},"end":{"line":70,"column":6}},"70":{"start":{"line":71,"column":0},"end":{"line":71,"column":3}},"72":{"start":{"line":73,"column":0},"end":{"line":73,"column":50}},"75":{"start":{"line":76,"column":0},"end":{"line":76,"column":58}},"76":{"start":{"line":77,"column":0},"end":{"line":77,"column":74}},"78":{"start":{"line":79,"column":0},"end":{"line":79,"column":46}},"79":{"start":{"line":80,"column":0},"end":{"line":80,"column":58}},"82":{"start":{"line":83,"column":0},"end":{"line":83,"column":43}},"83":{"start":{"line":84,"column":0},"end":{"line":84,"column":73}},"84":{"start":{"line":85,"column":0},"end":{"line":85,"column":18}},"85":{"start":{"line":86,"column":0},"end":{"line":86,"column":22}},"86":{"start":{"line":87,"column":0},"end":{"line":87,"column":72}},"87":{"start":{"line":88,"column":0},"end":{"line":88,"column":9}},"88":{"start":{"line":89,"column":0},"end":{"line":89,"column":13}},"89":{"start":{"line":90,"column":0},"end":{"line":90,"column":5}},"91":{"start":{"line":92,"column":0},"end":{"line":92,"column":34}},"92":{"start":{"line":93,"column":0},"end":{"line":93,"column":30}},"93":{"start":{"line":94,"column":0},"end":{"line":94,"column":39}},"94":{"start":{"line":95,"column":0},"end":{"line":95,"column":25}},"95":{"start":{"line":96,"column":0},"end":{"line":96,"column":20}},"97":{"start":{"line":98,"column":0},"end":{"line":98,"column":37}},"98":{"start":{"line":99,"column":0},"end":{"line":99,"column":71}},"99":{"start":{"line":100,"column":0},"end":{"line":100,"column":16}},"100":{"start":{"line":101,"column":0},"end":{"line":101,"column":21}},"101":{"start":{"line":102,"column":0},"end":{"line":102,"column":29}},"102":{"start":{"line":103,"column":0},"end":{"line":103,"column":35}},"103":{"start":{"line":104,"column":0},"end":{"line":104,"column":27}},"104":{"start":{"line":105,"column":0},"end":{"line":105,"column":7}},"105":{"start":{"line":106,"column":0},"end":{"line":106,"column":3}},"107":{"start":{"line":108,"column":0},"end":{"line":108,"column":31}},"108":{"start":{"line":109,"column":0},"end":{"line":109,"column":44}},"109":{"start":{"line":110,"column":0},"end":{"line":110,"column":27}},"110":{"start":{"line":111,"column":0},"end":{"line":111,"column":5}},"111":{"start":{"line":112,"column":0},"end":{"line":112,"column":44}},"112":{"start":{"line":113,"column":0},"end":{"line":113,"column":46}},"113":{"start":{"line":114,"column":0},"end":{"line":114,"column":44}},"114":{"start":{"line":115,"column":0},"end":{"line":115,"column":65}},"115":{"start":{"line":116,"column":0},"end":{"line":116,"column":3}},"117":{"start":{"line":118,"column":0},"end":{"line":118,"column":32}},"118":{"start":{"line":119,"column":0},"end":{"line":119,"column":43}},"119":{"start":{"line":120,"column":0},"end":{"line":120,"column":27}},"120":{"start":{"line":121,"column":0},"end":{"line":121,"column":5}},"122":{"start":{"line":123,"column":0},"end":{"line":123,"column":39}},"123":{"start":{"line":124,"column":0},"end":{"line":124,"column":45}},"124":{"start":{"line":125,"column":0},"end":{"line":125,"column":65}},"125":{"start":{"line":126,"column":0},"end":{"line":126,"column":3}},"127":{"start":{"line":128,"column":0},"end":{"line":128,"column":49}},"128":{"start":{"line":129,"column":0},"end":{"line":129,"column":44}},"129":{"start":{"line":130,"column":0},"end":{"line":130,"column":32}},"130":{"start":{"line":131,"column":0},"end":{"line":131,"column":70}},"131":{"start":{"line":132,"column":0},"end":{"line":132,"column":8}},"132":{"start":{"line":133,"column":0},"end":{"line":133,"column":5}},"133":{"start":{"line":134,"column":0},"end":{"line":134,"column":70}},"134":{"start":{"line":135,"column":0},"end":{"line":135,"column":56}},"136":{"start":{"line":137,"column":0},"end":{"line":137,"column":57}},"137":{"start":{"line":138,"column":0},"end":{"line":138,"column":30}},"138":{"start":{"line":139,"column":0},"end":{"line":139,"column":21}},"139":{"start":{"line":140,"column":0},"end":{"line":140,"column":38}},"140":{"start":{"line":141,"column":0},"end":{"line":141,"column":46}},"141":{"start":{"line":142,"column":0},"end":{"line":142,"column":5}},"143":{"start":{"line":144,"column":0},"end":{"line":144,"column":44}},"144":{"start":{"line":145,"column":0},"end":{"line":145,"column":26}},"145":{"start":{"line":146,"column":0},"end":{"line":146,"column":67}},"146":{"start":{"line":147,"column":0},"end":{"line":147,"column":5}},"147":{"start":{"line":148,"column":0},"end":{"line":148,"column":55}},"148":{"start":{"line":149,"column":0},"end":{"line":149,"column":3}},"150":{"start":{"line":151,"column":0},"end":{"line":151,"column":32}},"151":{"start":{"line":152,"column":0},"end":{"line":152,"column":46}},"152":{"start":{"line":153,"column":0},"end":{"line":153,"column":75}},"153":{"start":{"line":154,"column":0},"end":{"line":154,"column":5}},"154":{"start":{"line":155,"column":0},"end":{"line":155,"column":44}},"156":{"start":{"line":157,"column":0},"end":{"line":157,"column":41}},"157":{"start":{"line":158,"column":0},"end":{"line":158,"column":48}},"158":{"start":{"line":159,"column":0},"end":{"line":159,"column":46}},"159":{"start":{"line":160,"column":0},"end":{"line":160,"column":5}},"160":{"start":{"line":161,"column":0},"end":{"line":161,"column":23}},"161":{"start":{"line":162,"column":0},"end":{"line":162,"column":3}},"168":{"start":{"line":169,"column":0},"end":{"line":169,"column":16}},"169":{"start":{"line":170,"column":0},"end":{"line":170,"column":44}},"170":{"start":{"line":171,"column":0},"end":{"line":171,"column":13}},"171":{"start":{"line":172,"column":0},"end":{"line":172,"column":5}},"172":{"start":{"line":173,"column":0},"end":{"line":173,"column":32}},"173":{"start":{"line":174,"column":0},"end":{"line":174,"column":34}},"174":{"start":{"line":175,"column":0},"end":{"line":175,"column":42}},"175":{"start":{"line":176,"column":0},"end":{"line":176,"column":36}},"176":{"start":{"line":177,"column":0},"end":{"line":177,"column":76}},"177":{"start":{"line":178,"column":0},"end":{"line":178,"column":73}},"178":{"start":{"line":179,"column":0},"end":{"line":179,"column":36}},"179":{"start":{"line":180,"column":0},"end":{"line":180,"column":13}},"180":{"start":{"line":181,"column":0},"end":{"line":181,"column":5}},"181":{"start":{"line":182,"column":0},"end":{"line":182,"column":61}},"182":{"start":{"line":183,"column":0},"end":{"line":183,"column":3}},"184":{"start":{"line":185,"column":0},"end":{"line":185,"column":19}},"185":{"start":{"line":186,"column":0},"end":{"line":186,"column":38}},"186":{"start":{"line":187,"column":0},"end":{"line":187,"column":28}},"187":{"start":{"line":188,"column":0},"end":{"line":188,"column":25}},"188":{"start":{"line":189,"column":0},"end":{"line":189,"column":25}},"189":{"start":{"line":190,"column":0},"end":{"line":190,"column":3}},"191":{"start":{"line":192,"column":0},"end":{"line":192,"column":64}},"192":{"start":{"line":193,"column":0},"end":{"line":193,"column":50}},"193":{"start":{"line":194,"column":0},"end":{"line":194,"column":21}},"194":{"start":{"line":195,"column":0},"end":{"line":195,"column":25}},"195":{"start":{"line":196,"column":0},"end":{"line":196,"column":5}},"196":{"start":{"line":197,"column":0},"end":{"line":197,"column":24}},"197":{"start":{"line":198,"column":0},"end":{"line":198,"column":3}},"199":{"start":{"line":200,"column":0},"end":{"line":200,"column":35}},"200":{"start":{"line":201,"column":0},"end":{"line":201,"column":50}},"201":{"start":{"line":202,"column":0},"end":{"line":202,"column":22}},"202":{"start":{"line":203,"column":0},"end":{"line":203,"column":5}},"203":{"start":{"line":204,"column":0},"end":{"line":204,"column":3}},"204":{"start":{"line":205,"column":0},"end":{"line":205,"column":1}}},"s":{"0":1,"16":1,"17":23,"29":1,"30":23,"31":23,"32":23,"34":23,"35":23,"36":23,"37":23,"41":23,"42":23,"43":23,"45":23,"46":23,"47":23,"49":23,"50":12,"51":12,"53":23,"54":3,"55":3,"57":23,"58":23,"59":6,"60":6,"61":17,"62":17,"63":23,"65":23,"66":11,"67":11,"68":1,"69":1,"70":11,"72":23,"75":19,"76":19,"78":19,"79":19,"82":2,"83":2,"84":2,"85":2,"86":2,"87":2,"88":2,"89":2,"91":17,"92":17,"93":19,"94":19,"95":19,"97":19,"98":19,"99":19,"100":19,"101":19,"102":19,"103":19,"104":19,"105":19,"107":23,"108":17,"109":1,"110":1,"111":16,"112":16,"113":16,"114":16,"115":17,"117":23,"118":5,"119":1,"120":1,"122":4,"123":4,"124":4,"125":5,"127":23,"128":7,"129":1,"130":1,"131":1,"132":1,"133":6,"134":6,"136":6,"137":6,"138":7,"139":1,"140":1,"141":1,"143":6,"144":7,"145":2,"146":2,"147":6,"148":7,"150":23,"151":4,"152":2,"153":2,"154":4,"156":1,"157":1,"158":1,"159":1,"160":2,"161":4,"168":23,"169":9,"170":2,"171":2,"172":7,"173":9,"174":1,"175":1,"176":1,"177":1,"178":1,"179":1,"180":1,"181":6,"182":9,"184":23,"185":1,"186":1,"187":1,"188":1,"189":1,"191":23,"192":45,"193":45,"194":2,"195":2,"196":43,"197":45,"199":23,"200":98,"201":19,"202":19,"203":98,"204":23},"branchMap":{"0":{"type":"branch","line":17,"loc":{"start":{"line":17,"column":14},"end":{"line":18,"column":32}},"locations":[{"start":{"line":17,"column":14},"end":{"line":18,"column":32}}]},"1":{"type":"branch","line":18,"loc":{"start":{"line":18,"column":6},"end":{"line":18,"column":16}},"locations":[{"start":{"line":18,"column":6},"end":{"line":18,"column":16}}]},"2":{"type":"branch","line":18,"loc":{"start":{"line":18,"column":11},"end":{"line":18,"column":32}},"locations":[{"start":{"line":18,"column":11},"end":{"line":18,"column":32}}]},"3":{"type":"branch","line":18,"loc":{"start":{"line":18,"column":20},"end":{"line":18,"column":30}},"locations":[{"start":{"line":18,"column":20},"end":{"line":18,"column":30}}]},"4":{"type":"branch","line":18,"loc":{"start":{"line":18,"column":25},"end":{"line":18,"column":32}},"locations":[{"start":{"line":18,"column":25},"end":{"line":18,"column":32}}]},"5":{"type":"branch","line":30,"loc":{"start":{"line":30,"column":7},"end":{"line":205,"column":1}},"locations":[{"start":{"line":30,"column":7},"end":{"line":205,"column":1}}]},"6":{"type":"branch","line":46,"loc":{"start":{"line":46,"column":2},"end":{"line":48,"column":3}},"locations":[{"start":{"line":46,"column":2},"end":{"line":48,"column":3}}]},"7":{"type":"branch","line":50,"loc":{"start":{"line":50,"column":2},"end":{"line":52,"column":3}},"locations":[{"start":{"line":50,"column":2},"end":{"line":52,"column":3}}]},"8":{"type":"branch","line":54,"loc":{"start":{"line":54,"column":2},"end":{"line":56,"column":3}},"locations":[{"start":{"line":54,"column":2},"end":{"line":56,"column":3}}]},"9":{"type":"branch","line":58,"loc":{"start":{"line":58,"column":2},"end":{"line":64,"column":3}},"locations":[{"start":{"line":58,"column":2},"end":{"line":64,"column":3}}]},"10":{"type":"branch","line":59,"loc":{"start":{"line":59,"column":43},"end":{"line":61,"column":5}},"locations":[{"start":{"line":59,"column":43},"end":{"line":61,"column":5}}]},"11":{"type":"branch","line":61,"loc":{"start":{"line":61,"column":4},"end":{"line":63,"column":86}},"locations":[{"start":{"line":61,"column":4},"end":{"line":63,"column":86}}]},"12":{"type":"branch","line":66,"loc":{"start":{"line":66,"column":2},"end":{"line":71,"column":3}},"locations":[{"start":{"line":66,"column":2},"end":{"line":71,"column":3}}]},"13":{"type":"branch","line":68,"loc":{"start":{"line":68,"column":11},"end":{"line":70,"column":6}},"locations":[{"start":{"line":68,"column":11},"end":{"line":70,"column":6}}]},"14":{"type":"branch","line":73,"loc":{"start":{"line":73,"column":2},"end":{"line":106,"column":3}},"locations":[{"start":{"line":73,"column":2},"end":{"line":106,"column":3}}]},"15":{"type":"branch","line":79,"loc":{"start":{"line":79,"column":30},"end":{"line":79,"column":46}},"locations":[{"start":{"line":79,"column":30},"end":{"line":79,"column":46}}]},"16":{"type":"branch","line":80,"loc":{"start":{"line":80,"column":57},"end":{"line":90,"column":5}},"locations":[{"start":{"line":80,"column":57},"end":{"line":90,"column":5}}]},"17":{"type":"branch","line":90,"loc":{"start":{"line":90,"column":4},"end":{"line":94,"column":36}},"locations":[{"start":{"line":90,"column":4},"end":{"line":94,"column":36}}]},"18":{"type":"branch","line":94,"loc":{"start":{"line":94,"column":26},"end":{"line":94,"column":39}},"locations":[{"start":{"line":94,"column":26},"end":{"line":94,"column":39}}]},"19":{"type":"branch","line":108,"loc":{"start":{"line":108,"column":2},"end":{"line":116,"column":3}},"locations":[{"start":{"line":108,"column":2},"end":{"line":116,"column":3}}]},"20":{"type":"branch","line":109,"loc":{"start":{"line":109,"column":43},"end":{"line":111,"column":5}},"locations":[{"start":{"line":109,"column":43},"end":{"line":111,"column":5}}]},"21":{"type":"branch","line":111,"loc":{"start":{"line":111,"column":4},"end":{"line":115,"column":65}},"locations":[{"start":{"line":111,"column":4},"end":{"line":115,"column":65}}]},"22":{"type":"branch","line":118,"loc":{"start":{"line":118,"column":2},"end":{"line":126,"column":3}},"locations":[{"start":{"line":118,"column":2},"end":{"line":126,"column":3}}]},"23":{"type":"branch","line":119,"loc":{"start":{"line":119,"column":42},"end":{"line":121,"column":5}},"locations":[{"start":{"line":119,"column":42},"end":{"line":121,"column":5}}]},"24":{"type":"branch","line":121,"loc":{"start":{"line":121,"column":4},"end":{"line":125,"column":65}},"locations":[{"start":{"line":121,"column":4},"end":{"line":125,"column":65}}]},"25":{"type":"branch","line":128,"loc":{"start":{"line":128,"column":2},"end":{"line":149,"column":3}},"locations":[{"start":{"line":128,"column":2},"end":{"line":149,"column":3}}]},"26":{"type":"branch","line":129,"loc":{"start":{"line":129,"column":43},"end":{"line":133,"column":5}},"locations":[{"start":{"line":129,"column":43},"end":{"line":133,"column":5}}]},"27":{"type":"branch","line":133,"loc":{"start":{"line":133,"column":4},"end":{"line":139,"column":20}},"locations":[{"start":{"line":133,"column":4},"end":{"line":139,"column":20}}]},"28":{"type":"branch","line":139,"loc":{"start":{"line":139,"column":20},"end":{"line":142,"column":5}},"locations":[{"start":{"line":139,"column":20},"end":{"line":142,"column":5}}]},"29":{"type":"branch","line":142,"loc":{"start":{"line":142,"column":4},"end":{"line":145,"column":25}},"locations":[{"start":{"line":142,"column":4},"end":{"line":145,"column":25}}]},"30":{"type":"branch","line":145,"loc":{"start":{"line":145,"column":25},"end":{"line":147,"column":5}},"locations":[{"start":{"line":145,"column":25},"end":{"line":147,"column":5}}]},"31":{"type":"branch","line":147,"loc":{"start":{"line":147,"column":4},"end":{"line":148,"column":55}},"locations":[{"start":{"line":147,"column":4},"end":{"line":148,"column":55}}]},"32":{"type":"branch","line":151,"loc":{"start":{"line":151,"column":2},"end":{"line":162,"column":3}},"locations":[{"start":{"line":151,"column":2},"end":{"line":162,"column":3}}]},"33":{"type":"branch","line":152,"loc":{"start":{"line":152,"column":45},"end":{"line":155,"column":43}},"locations":[{"start":{"line":152,"column":45},"end":{"line":155,"column":43}}]},"34":{"type":"branch","line":155,"loc":{"start":{"line":155,"column":43},"end":{"line":160,"column":5}},"locations":[{"start":{"line":155,"column":43},"end":{"line":160,"column":5}}]},"35":{"type":"branch","line":160,"loc":{"start":{"line":160,"column":4},"end":{"line":161,"column":23}},"locations":[{"start":{"line":160,"column":4},"end":{"line":161,"column":23}}]},"36":{"type":"branch","line":169,"loc":{"start":{"line":169,"column":2},"end":{"line":183,"column":3}},"locations":[{"start":{"line":169,"column":2},"end":{"line":183,"column":3}}]},"37":{"type":"branch","line":170,"loc":{"start":{"line":170,"column":43},"end":{"line":172,"column":5}},"locations":[{"start":{"line":170,"column":43},"end":{"line":172,"column":5}}]},"38":{"type":"branch","line":172,"loc":{"start":{"line":172,"column":4},"end":{"line":174,"column":33}},"locations":[{"start":{"line":172,"column":4},"end":{"line":174,"column":33}}]},"39":{"type":"branch","line":174,"loc":{"start":{"line":174,"column":33},"end":{"line":181,"column":5}},"locations":[{"start":{"line":174,"column":33},"end":{"line":181,"column":5}}]},"40":{"type":"branch","line":181,"loc":{"start":{"line":181,"column":4},"end":{"line":182,"column":61}},"locations":[{"start":{"line":181,"column":4},"end":{"line":182,"column":61}}]},"41":{"type":"branch","line":185,"loc":{"start":{"line":185,"column":2},"end":{"line":190,"column":3}},"locations":[{"start":{"line":185,"column":2},"end":{"line":190,"column":3}}]},"42":{"type":"branch","line":192,"loc":{"start":{"line":192,"column":2},"end":{"line":198,"column":3}},"locations":[{"start":{"line":192,"column":2},"end":{"line":198,"column":3}}]},"43":{"type":"branch","line":194,"loc":{"start":{"line":194,"column":20},"end":{"line":196,"column":5}},"locations":[{"start":{"line":194,"column":20},"end":{"line":196,"column":5}}]},"44":{"type":"branch","line":196,"loc":{"start":{"line":196,"column":4},"end":{"line":197,"column":24}},"locations":[{"start":{"line":196,"column":4},"end":{"line":197,"column":24}}]},"45":{"type":"branch","line":200,"loc":{"start":{"line":200,"column":2},"end":{"line":204,"column":3}},"locations":[{"start":{"line":200,"column":2},"end":{"line":204,"column":3}}]},"46":{"type":"branch","line":201,"loc":{"start":{"line":201,"column":49},"end":{"line":203,"column":5}},"locations":[{"start":{"line":201,"column":49},"end":{"line":203,"column":5}}]}},"b":{"0":[23],"1":[1],"2":[22],"3":[2],"4":[20],"5":[23],"6":[23],"7":[12],"8":[3],"9":[23],"10":[6],"11":[17],"12":[11],"13":[1],"14":[19],"15":[2],"16":[2],"17":[17],"18":[0],"19":[17],"20":[1],"21":[16],"22":[5],"23":[1],"24":[4],"25":[7],"26":[1],"27":[6],"28":[1],"29":[6],"30":[2],"31":[6],"32":[4],"33":[2],"34":[1],"35":[2],"36":[9],"37":[2],"38":[7],"39":[1],"40":[6],"41":[1],"42":[45],"43":[2],"44":[43],"45":[98],"46":[19]},"fnMap":{"0":{"name":"clamp","decl":{"start":{"line":17,"column":14},"end":{"line":18,"column":32}},"loc":{"start":{"line":17,"column":14},"end":{"line":18,"column":32}},"line":17},"1":{"name":"<instance_members_initializer>","decl":{"start":{"line":30,"column":7},"end":{"line":205,"column":1}},"loc":{"start":{"line":30,"column":7},"end":{"line":205,"column":1}},"line":30},"2":{"name":"FakePlayer","decl":{"start":{"line":46,"column":2},"end":{"line":48,"column":3}},"loc":{"start":{"line":46,"column":2},"end":{"line":48,"column":3}},"line":46},"3":{"name":"get state","decl":{"start":{"line":50,"column":2},"end":{"line":52,"column":3}},"loc":{"start":{"line":50,"column":2},"end":{"line":52,"column":3}},"line":50},"4":{"name":"duration","decl":{"start":{"line":54,"column":2},"end":{"line":56,"column":3}},"loc":{"start":{"line":54,"column":2},"end":{"line":56,"column":3}},"line":54},"5":{"name":"position","decl":{"start":{"line":58,"column":2},"end":{"line":64,"column":3}},"loc":{"start":{"line":58,"column":2},"end":{"line":64,"column":3}},"line":58},"6":{"name":"subscribe","decl":{"start":{"line":66,"column":2},"end":{"line":71,"column":3}},"loc":{"start":{"line":66,"column":2},"end":{"line":71,"column":3}},"line":66},"7":{"name":"open","decl":{"start":{"line":73,"column":2},"end":{"line":106,"column":3}},"loc":{"start":{"line":73,"column":2},"end":{"line":106,"column":3}},"line":73},"8":{"name":"play","decl":{"start":{"line":108,"column":2},"end":{"line":116,"column":3}},"loc":{"start":{"line":108,"column":2},"end":{"line":116,"column":3}},"line":108},"9":{"name":"pause","decl":{"start":{"line":118,"column":2},"end":{"line":126,"column":3}},"loc":{"start":{"line":118,"column":2},"end":{"line":126,"column":3}},"line":118},"10":{"name":"seek","decl":{"start":{"line":128,"column":2},"end":{"line":149,"column":3}},"loc":{"start":{"line":128,"column":2},"end":{"line":149,"column":3}},"line":128},"11":{"name":"setSpeed","decl":{"start":{"line":151,"column":2},"end":{"line":162,"column":3}},"loc":{"start":{"line":151,"column":2},"end":{"line":162,"column":3}},"line":151},"12":{"name":"tick","decl":{"start":{"line":169,"column":2},"end":{"line":183,"column":3}},"loc":{"start":{"line":169,"column":2},"end":{"line":183,"column":3}},"line":169},"13":{"name":"dispose","decl":{"start":{"line":185,"column":2},"end":{"line":190,"column":3}},"loc":{"start":{"line":185,"column":2},"end":{"line":190,"column":3}},"line":185},"14":{"name":"#dispatchOrThrow","decl":{"start":{"line":192,"column":2},"end":{"line":198,"column":3}},"loc":{"start":{"line":192,"column":2},"end":{"line":198,"column":3}},"line":192},"15":{"name":"#emit","decl":{"start":{"line":200,"column":2},"end":{"line":204,"column":3}},"loc":{"start":{"line":200,"column":2},"end":{"line":204,"column":3}},"line":200}},"f":{"0":23,"1":23,"2":23,"3":12,"4":3,"5":23,"6":11,"7":19,"8":17,"9":5,"10":7,"11":4,"12":9,"13":1,"14":45,"15":98}}
,"D:\\02_Work\\external_repo\\kokomaya\\LLPlayer\\aurora-player\\packages\\player-api\\src\\model.ts": {"path":"D:\\02_Work\\external_repo\\kokomaya\\LLPlayer\\aurora-player\\packages\\player-api\\src\\model.ts","all":true,"statementMap":{},"s":{},"branchMap":{"0":{"type":"branch","line":1,"loc":{"start":{"line":1,"column":2431},"end":{"line":75,"column":58}},"locations":[{"start":{"line":1,"column":2431},"end":{"line":75,"column":58}}]}},"b":{"0":[1]},"fnMap":{"0":{"name":"(empty-report)","decl":{"start":{"line":1,"column":2431},"end":{"line":75,"column":58}},"loc":{"start":{"line":1,"column":2431},"end":{"line":75,"column":58}},"line":1}},"f":{"0":1}}
,"D:\\02_Work\\external_repo\\kokomaya\\LLPlayer\\aurora-player\\packages\\player-api\\src\\port.ts": {"path":"D:\\02_Work\\external_repo\\kokomaya\\LLPlayer\\aurora-player\\packages\\player-api\\src\\port.ts","all":false,"statementMap":{"72":{"start":{"line":73,"column":0},"end":{"line":73,"column":33}},"73":{"start":{"line":74,"column":0},"end":{"line":74,"column":18}},"75":{"start":{"line":76,"column":0},"end":{"line":76,"column":72}},"77":{"start":{"line":78,"column":0},"end":{"line":78,"column":33}},"78":{"start":{"line":79,"column":0},"end":{"line":79,"column":18}},"80":{"start":{"line":81,"column":0},"end":{"line":81,"column":72}},"82":{"start":{"line":83,"column":0},"end":{"line":83,"column":28}},"83":{"start":{"line":84,"column":0},"end":{"line":84,"column":18}},"85":{"start":{"line":86,"column":0},"end":{"line":86,"column":69}},"86":{"start":{"line":87,"column":0},"end":{"line":87,"column":66}},"88":{"start":{"line":89,"column":0},"end":{"line":89,"column":34}},"89":{"start":{"line":90,"column":0},"end":{"line":90,"column":18}},"91":{"start":{"line":92,"column":0},"end":{"line":92,"column":81}},"92":{"start":{"line":93,"column":0},"end":{"line":93,"column":78}}},"s":{"72":1,"73":1,"75":1,"77":1,"78":2,"80":2,"82":1,"83":2,"85":2,"86":0,"88":1,"89":1,"91":1,"92":0},"branchMap":{"0":{"type":"branch","line":73,"loc":{"start":{"line":73,"column":32},"end":{"line":76,"column":72}},"locations":[{"start":{"line":73,"column":32},"end":{"line":76,"column":72}}]},"1":{"type":"branch","line":78,"loc":{"start":{"line":78,"column":32},"end":{"line":81,"column":72}},"locations":[{"start":{"line":78,"column":32},"end":{"line":81,"column":72}}]},"2":{"type":"branch","line":83,"loc":{"start":{"line":83,"column":27},"end":{"line":87,"column":66}},"locations":[{"start":{"line":83,"column":27},"end":{"line":87,"column":66}}]},"3":{"type":"branch","line":86,"loc":{"start":{"line":86,"column":56},"end":{"line":87,"column":66}},"locations":[{"start":{"line":86,"column":56},"end":{"line":87,"column":66}}]},"4":{"type":"branch","line":89,"loc":{"start":{"line":89,"column":33},"end":{"line":93,"column":78}},"locations":[{"start":{"line":89,"column":33},"end":{"line":93,"column":78}}]},"5":{"type":"branch","line":92,"loc":{"start":{"line":92,"column":68},"end":{"line":93,"column":78}},"locations":[{"start":{"line":92,"column":68},"end":{"line":93,"column":78}}]}},"b":{"0":[1],"1":[2],"2":[2],"3":[0],"4":[1],"5":[0]},"fnMap":{"0":{"name":"supportsChapters","decl":{"start":{"line":73,"column":32},"end":{"line":76,"column":72}},"loc":{"start":{"line":73,"column":32},"end":{"line":76,"column":72}},"line":73},"1":{"name":"supportsSnapshot","decl":{"start":{"line":78,"column":32},"end":{"line":81,"column":72}},"loc":{"start":{"line":78,"column":32},"end":{"line":81,"column":72}},"line":78},"2":{"name":"supportsPiP","decl":{"start":{"line":83,"column":27},"end":{"line":87,"column":66}},"loc":{"start":{"line":83,"column":27},"end":{"line":87,"column":66}},"line":83},"3":{"name":"supportsRecording","decl":{"start":{"line":89,"column":33},"end":{"line":93,"column":78}},"loc":{"start":{"line":89,"column":33},"end":{"line":93,"column":78}},"line":89}},"f":{"0":1,"1":2,"2":2,"3":1}}
,"D:\\02_Work\\external_repo\\kokomaya\\LLPlayer\\aurora-player\\packages\\player-api\\src\\resolve-source.ts": {"path":"D:\\02_Work\\external_repo\\kokomaya\\LLPlayer\\aurora-player\\packages\\player-api\\src\\resolve-source.ts","all":false,"statementMap":{"0":{"start":{"line":1,"column":0},"end":{"line":1,"column":51}},"21":{"start":{"line":22,"column":0},"end":{"line":22,"column":72}},"22":{"start":{"line":23,"column":0},"end":{"line":23,"column":33}},"23":{"start":{"line":24,"column":0},"end":{"line":24,"column":26}},"24":{"start":{"line":25,"column":0},"end":{"line":25,"column":67}},"25":{"start":{"line":26,"column":0},"end":{"line":26,"column":12}},"26":{"start":{"line":27,"column":0},"end":{"line":27,"column":17}},"27":{"start":{"line":28,"column":0},"end":{"line":28,"column":25}},"28":{"start":{"line":29,"column":0},"end":{"line":29,"column":28}},"29":{"start":{"line":30,"column":0},"end":{"line":30,"column":58}},"30":{"start":{"line":31,"column":0},"end":{"line":31,"column":6}},"31":{"start":{"line":32,"column":0},"end":{"line":32,"column":3}},"32":{"start":{"line":33,"column":0},"end":{"line":33,"column":10}},"33":{"start":{"line":34,"column":0},"end":{"line":34,"column":27}},"34":{"start":{"line":35,"column":0},"end":{"line":35,"column":19}},"35":{"start":{"line":36,"column":0},"end":{"line":36,"column":65}},"36":{"start":{"line":37,"column":0},"end":{"line":37,"column":80}},"37":{"start":{"line":38,"column":0},"end":{"line":38,"column":4}},"38":{"start":{"line":39,"column":0},"end":{"line":39,"column":2}},"47":{"start":{"line":48,"column":0},"end":{"line":48,"column":70}},"48":{"start":{"line":49,"column":0},"end":{"line":49,"column":48}}},"s":{"0":1,"21":1,"22":10,"23":5,"24":5,"25":5,"26":5,"27":5,"28":5,"29":5,"30":5,"31":5,"32":5,"33":5,"34":5,"35":10,"36":10,"37":10,"38":10,"47":1,"48":5},"branchMap":{"0":{"type":"branch","line":22,"loc":{"start":{"line":22,"column":34},"end":{"line":39,"column":2}},"locations":[{"start":{"line":22,"column":34},"end":{"line":39,"column":2}}]},"1":{"type":"branch","line":23,"loc":{"start":{"line":23,"column":32},"end":{"line":36,"column":36}},"locations":[{"start":{"line":23,"column":32},"end":{"line":36,"column":36}}]},"2":{"type":"branch","line":25,"loc":{"start":{"line":25,"column":33},"end":{"line":25,"column":67}},"locations":[{"start":{"line":25,"column":33},"end":{"line":25,"column":67}}]},"3":{"type":"branch","line":30,"loc":{"start":{"line":30,"column":25},"end":{"line":30,"column":54}},"locations":[{"start":{"line":30,"column":25},"end":{"line":30,"column":54}}]},"4":{"type":"branch","line":30,"loc":{"start":{"line":30,"column":50},"end":{"line":30,"column":58}},"locations":[{"start":{"line":30,"column":50},"end":{"line":30,"column":58}}]},"5":{"type":"branch","line":36,"loc":{"start":{"line":36,"column":24},"end":{"line":36,"column":61}},"locations":[{"start":{"line":36,"column":24},"end":{"line":36,"column":61}}]},"6":{"type":"branch","line":36,"loc":{"start":{"line":36,"column":57},"end":{"line":36,"column":65}},"locations":[{"start":{"line":36,"column":57},"end":{"line":36,"column":65}}]},"7":{"type":"branch","line":37,"loc":{"start":{"line":37,"column":29},"end":{"line":37,"column":76}},"locations":[{"start":{"line":37,"column":29},"end":{"line":37,"column":76}}]},"8":{"type":"branch","line":37,"loc":{"start":{"line":37,"column":72},"end":{"line":37,"column":80}},"locations":[{"start":{"line":37,"column":72},"end":{"line":37,"column":80}}]},"9":{"type":"branch","line":48,"loc":{"start":{"line":48,"column":38},"end":{"line":49,"column":48}},"locations":[{"start":{"line":48,"column":38},"end":{"line":49,"column":48}}]}},"b":{"0":[10],"1":[5],"2":[3],"3":[4],"4":[1],"5":[1],"6":[4],"7":[1],"8":[4],"9":[5]},"fnMap":{"0":{"name":"resolveMediaSource","decl":{"start":{"line":22,"column":34},"end":{"line":39,"column":2}},"loc":{"start":{"line":22,"column":34},"end":{"line":39,"column":2}},"line":22},"1":{"name":"requiresNetworkConsent","decl":{"start":{"line":48,"column":38},"end":{"line":49,"column":48}},"loc":{"start":{"line":48,"column":38},"end":{"line":49,"column":48}},"line":48}},"f":{"0":10,"1":5}}
,"D:\\02_Work\\external_repo\\kokomaya\\LLPlayer\\aurora-player\\packages\\player-api\\src\\source-kind.ts": {"path":"D:\\02_Work\\external_repo\\kokomaya\\LLPlayer\\aurora-player\\packages\\player-api\\src\\source-kind.ts","all":false,"statementMap":{"14":{"start":{"line":15,"column":0},"end":{"line":15,"column":81}},"19":{"start":{"line":20,"column":0},"end":{"line":20,"column":54}},"27":{"start":{"line":28,"column":0},"end":{"line":28,"column":56}},"28":{"start":{"line":29,"column":0},"end":{"line":29,"column":50}},"29":{"start":{"line":30,"column":0},"end":{"line":30,"column":23}},"30":{"start":{"line":31,"column":0},"end":{"line":31,"column":19}},"31":{"start":{"line":32,"column":0},"end":{"line":32,"column":3}},"32":{"start":{"line":33,"column":0},"end":{"line":33,"column":73}},"33":{"start":{"line":34,"column":0},"end":{"line":34,"column":2}},"39":{"start":{"line":40,"column":0},"end":{"line":40,"column":85}},"46":{"start":{"line":47,"column":0},"end":{"line":47,"column":54}},"47":{"start":{"line":48,"column":0},"end":{"line":48,"column":52}},"48":{"start":{"line":49,"column":0},"end":{"line":49,"column":46}},"49":{"start":{"line":50,"column":0},"end":{"line":50,"column":2}}},"s":{"14":1,"19":1,"27":1,"28":22,"29":22,"30":6,"31":6,"32":22,"33":22,"39":1,"46":1,"47":7,"48":7,"49":7},"branchMap":{"0":{"type":"branch","line":28,"loc":{"start":{"line":28,"column":26},"end":{"line":34,"column":2}},"locations":[{"start":{"line":28,"column":26},"end":{"line":34,"column":2}}]},"1":{"type":"branch","line":30,"loc":{"start":{"line":30,"column":22},"end":{"line":32,"column":3}},"locations":[{"start":{"line":30,"column":22},"end":{"line":32,"column":3}}]},"2":{"type":"branch","line":32,"loc":{"start":{"line":32,"column":2},"end":{"line":33,"column":54}},"locations":[{"start":{"line":32,"column":2},"end":{"line":33,"column":54}}]},"3":{"type":"branch","line":33,"loc":{"start":{"line":33,"column":50},"end":{"line":33,"column":64}},"locations":[{"start":{"line":33,"column":50},"end":{"line":33,"column":64}}]},"4":{"type":"branch","line":33,"loc":{"start":{"line":33,"column":54},"end":{"line":33,"column":73}},"locations":[{"start":{"line":33,"column":54},"end":{"line":33,"column":73}}]},"5":{"type":"branch","line":40,"loc":{"start":{"line":40,"column":30},"end":{"line":40,"column":85}},"locations":[{"start":{"line":40,"column":30},"end":{"line":40,"column":85}}]},"6":{"type":"branch","line":47,"loc":{"start":{"line":47,"column":27},"end":{"line":50,"column":2}},"locations":[{"start":{"line":47,"column":27},"end":{"line":50,"column":2}}]},"7":{"type":"branch","line":48,"loc":{"start":{"line":48,"column":44},"end":{"line":48,"column":52}},"locations":[{"start":{"line":48,"column":44},"end":{"line":48,"column":52}}]}},"b":{"0":[22],"1":[6],"2":[16],"3":[7],"4":[9],"5":[8],"6":[7],"7":[0]},"fnMap":{"0":{"name":"sourceKind","decl":{"start":{"line":28,"column":26},"end":{"line":34,"column":2}},"loc":{"start":{"line":28,"column":26},"end":{"line":34,"column":2}},"line":28},"1":{"name":"isRemoteSource","decl":{"start":{"line":40,"column":30},"end":{"line":40,"column":85}},"loc":{"start":{"line":40,"column":30},"end":{"line":40,"column":85}},"line":40},"2":{"name":"isHlsSource","decl":{"start":{"line":47,"column":27},"end":{"line":50,"column":2}},"loc":{"start":{"line":47,"column":27},"end":{"line":50,"column":2}},"line":47}},"f":{"0":22,"1":8,"2":7}}
,"D:\\02_Work\\external_repo\\kokomaya\\LLPlayer\\aurora-player\\packages\\player-api\\src\\state-machine.ts": {"path":"D:\\02_Work\\external_repo\\kokomaya\\LLPlayer\\aurora-player\\packages\\player-api\\src\\state-machine.ts","all":false,"statementMap":{"0":{"start":{"line":1,"column":0},"end":{"line":1,"column":71}},"46":{"start":{"line":47,"column":0},"end":{"line":47,"column":22}},"48":{"start":{"line":49,"column":0},"end":{"line":49,"column":5}},"49":{"start":{"line":50,"column":0},"end":{"line":50,"column":45}},"50":{"start":{"line":51,"column":0},"end":{"line":51,"column":84}},"51":{"start":{"line":52,"column":0},"end":{"line":52,"column":76}},"52":{"start":{"line":53,"column":0},"end":{"line":53,"column":12}},"53":{"start":{"line":54,"column":0},"end":{"line":54,"column":20}},"54":{"start":{"line":55,"column":0},"end":{"line":55,"column":20}},"55":{"start":{"line":56,"column":0},"end":{"line":56,"column":17}},"56":{"start":{"line":57,"column":0},"end":{"line":57,"column":18}},"57":{"start":{"line":58,"column":0},"end":{"line":58,"column":20}},"58":{"start":{"line":59,"column":0},"end":{"line":59,"column":4}},"59":{"start":{"line":60,"column":0},"end":{"line":60,"column":77}},"60":{"start":{"line":61,"column":0},"end":{"line":61,"column":59}},"61":{"start":{"line":62,"column":0},"end":{"line":62,"column":46}},"62":{"start":{"line":63,"column":0},"end":{"line":63,"column":2}},"65":{"start":{"line":66,"column":0},"end":{"line":66,"column":61}},"66":{"start":{"line":67,"column":0},"end":{"line":67,"column":34}},"73":{"start":{"line":74,"column":0},"end":{"line":74,"column":35}},"74":{"start":{"line":75,"column":0},"end":{"line":75,"column":24}},"76":{"start":{"line":77,"column":0},"end":{"line":77,"column":48}},"77":{"start":{"line":78,"column":0},"end":{"line":78,"column":26}},"78":{"start":{"line":79,"column":0},"end":{"line":79,"column":3}},"80":{"start":{"line":81,"column":0},"end":{"line":81,"column":30}},"81":{"start":{"line":82,"column":0},"end":{"line":82,"column":23}},"82":{"start":{"line":83,"column":0},"end":{"line":83,"column":3}},"85":{"start":{"line":86,"column":0},"end":{"line":86,"column":38}},"86":{"start":{"line":87,"column":0},"end":{"line":87,"column":52}},"87":{"start":{"line":88,"column":0},"end":{"line":88,"column":3}},"90":{"start":{"line":91,"column":0},"end":{"line":91,"column":57}},"91":{"start":{"line":92,"column":0},"end":{"line":92,"column":38}},"92":{"start":{"line":93,"column":0},"end":{"line":93,"column":3}},"99":{"start":{"line":100,"column":0},"end":{"line":100,"column":76}},"100":{"start":{"line":101,"column":0},"end":{"line":101,"column":42}},"101":{"start":{"line":102,"column":0},"end":{"line":102,"column":27}},"102":{"start":{"line":103,"column":0},"end":{"line":103,"column":17}},"103":{"start":{"line":104,"column":0},"end":{"line":104,"column":28}},"104":{"start":{"line":105,"column":0},"end":{"line":105,"column":80}},"105":{"start":{"line":106,"column":0},"end":{"line":106,"column":10}},"106":{"start":{"line":107,"column":0},"end":{"line":107,"column":8}},"107":{"start":{"line":108,"column":0},"end":{"line":108,"column":5}},"108":{"start":{"line":109,"column":0},"end":{"line":109,"column":29}},"109":{"start":{"line":110,"column":0},"end":{"line":110,"column":21}},"110":{"start":{"line":111,"column":0},"end":{"line":111,"column":28}},"111":{"start":{"line":112,"column":0},"end":{"line":112,"column":3}},"112":{"start":{"line":113,"column":0},"end":{"line":113,"column":1}}},"s":{"0":1,"46":1,"48":1,"49":1,"50":1,"51":1,"52":1,"53":1,"54":1,"55":1,"56":1,"57":1,"58":1,"59":1,"60":1,"61":1,"62":1,"65":1,"66":14,"73":1,"74":43,"76":43,"77":43,"78":43,"80":43,"81":107,"82":107,"85":43,"86":1,"87":1,"90":43,"91":2,"92":2,"99":43,"100":90,"101":90,"102":3,"103":3,"104":3,"105":3,"106":3,"107":3,"108":87,"109":87,"110":87,"111":90,"112":43},"branchMap":{"0":{"type":"branch","line":66,"loc":{"start":{"line":66,"column":27},"end":{"line":67,"column":34}},"locations":[{"start":{"line":66,"column":27},"end":{"line":67,"column":34}}]},"1":{"type":"branch","line":74,"loc":{"start":{"line":74,"column":7},"end":{"line":113,"column":1}},"locations":[{"start":{"line":74,"column":7},"end":{"line":113,"column":1}}]},"2":{"type":"branch","line":77,"loc":{"start":{"line":77,"column":2},"end":{"line":79,"column":3}},"locations":[{"start":{"line":77,"column":2},"end":{"line":79,"column":3}}]},"3":{"type":"branch","line":81,"loc":{"start":{"line":81,"column":2},"end":{"line":83,"column":3}},"locations":[{"start":{"line":81,"column":2},"end":{"line":83,"column":3}}]},"4":{"type":"branch","line":86,"loc":{"start":{"line":86,"column":2},"end":{"line":88,"column":3}},"locations":[{"start":{"line":86,"column":2},"end":{"line":88,"column":3}}]},"5":{"type":"branch","line":91,"loc":{"start":{"line":91,"column":2},"end":{"line":93,"column":3}},"locations":[{"start":{"line":91,"column":2},"end":{"line":93,"column":3}}]},"6":{"type":"branch","line":100,"loc":{"start":{"line":100,"column":2},"end":{"line":112,"column":3}},"locations":[{"start":{"line":100,"column":2},"end":{"line":112,"column":3}}]},"7":{"type":"branch","line":102,"loc":{"start":{"line":102,"column":26},"end":{"line":108,"column":5}},"locations":[{"start":{"line":102,"column":26},"end":{"line":108,"column":5}}]},"8":{"type":"branch","line":108,"loc":{"start":{"line":108,"column":4},"end":{"line":111,"column":28}},"locations":[{"start":{"line":108,"column":4},"end":{"line":111,"column":28}}]}},"b":{"0":[14],"1":[43],"2":[43],"3":[107],"4":[1],"5":[2],"6":[90],"7":[3],"8":[87]},"fnMap":{"0":{"name":"canSeekFrom","decl":{"start":{"line":66,"column":27},"end":{"line":67,"column":34}},"loc":{"start":{"line":66,"column":27},"end":{"line":67,"column":34}},"line":66},"1":{"name":"<instance_members_initializer>","decl":{"start":{"line":74,"column":7},"end":{"line":113,"column":1}},"loc":{"start":{"line":74,"column":7},"end":{"line":113,"column":1}},"line":74},"2":{"name":"PlaybackStateMachine","decl":{"start":{"line":77,"column":2},"end":{"line":79,"column":3}},"loc":{"start":{"line":77,"column":2},"end":{"line":79,"column":3}},"line":77},"3":{"name":"get state","decl":{"start":{"line":81,"column":2},"end":{"line":83,"column":3}},"loc":{"start":{"line":81,"column":2},"end":{"line":83,"column":3}},"line":81},"4":{"name":"can","decl":{"start":{"line":86,"column":2},"end":{"line":88,"column":3}},"loc":{"start":{"line":86,"column":2},"end":{"line":88,"column":3}},"line":86},"5":{"name":"peek","decl":{"start":{"line":91,"column":2},"end":{"line":93,"column":3}},"loc":{"start":{"line":91,"column":2},"end":{"line":93,"column":3}},"line":91},"6":{"name":"dispatch","decl":{"start":{"line":100,"column":2},"end":{"line":112,"column":3}},"loc":{"start":{"line":100,"column":2},"end":{"line":112,"column":3}},"line":100}},"f":{"0":14,"1":43,"2":43,"3":107,"4":1,"5":2,"6":90}}
}
