{"D:\\02_Work\\external_repo\\kokomaya\\LLPlayer\\aurora-player\\packages\\learning\\src\\scheduler-port.ts": {"path":"D:\\02_Work\\external_repo\\kokomaya\\LLPlayer\\aurora-player\\packages\\learning\\src\\scheduler-port.ts","all":true,"statementMap":{},"s":{},"branchMap":{"0":{"type":"branch","line":1,"loc":{"start":{"line":1,"column":778},"end":{"line":15,"column":1}},"locations":[{"start":{"line":1,"column":778},"end":{"line":15,"column":1}}]}},"b":{"0":[1]},"fnMap":{"0":{"name":"(empty-report)","decl":{"start":{"line":1,"column":778},"end":{"line":15,"column":1}},"loc":{"start":{"line":1,"column":778},"end":{"line":15,"column":1}},"line":1}},"f":{"0":1}}
,"D:\\02_Work\\external_repo\\kokomaya\\LLPlayer\\aurora-player\\packages\\learning\\src\\vocab-classify.ts": {"path":"D:\\02_Work\\external_repo\\kokomaya\\LLPlayer\\aurora-player\\packages\\learning\\src\\vocab-classify.ts","all":false,"statementMap":{"14":{"start":{"line":15,"column":0},"end":{"line":15,"column":34}},"17":{"start":{"line":18,"column":0},"end":{"line":18,"column":57}},"18":{"start":{"line":19,"column":0},"end":{"line":19,"column":34}},"24":{"start":{"line":25,"column":0},"end":{"line":25,"column":33}},"25":{"start":{"line":26,"column":0},"end":{"line":26,"column":33}},"26":{"start":{"line":27,"column":0},"end":{"line":27,"column":26}},"28":{"start":{"line":29,"column":0},"end":{"line":29,"column":53}},"34":{"start":{"line":35,"column":0},"end":{"line":35,"column":28}},"35":{"start":{"line":36,"column":0},"end":{"line":36,"column":33}},"36":{"start":{"line":37,"column":0},"end":{"line":37,"column":14}},"37":{"start":{"line":38,"column":0},"end":{"line":38,"column":82}},"44":{"start":{"line":45,"column":0},"end":{"line":45,"column":32}},"45":{"start":{"line":46,"column":0},"end":{"line":46,"column":33}},"46":{"start":{"line":47,"column":0},"end":{"line":47,"column":57}},"47":{"start":{"line":48,"column":0},"end":{"line":48,"column":53}},"48":{"start":{"line":49,"column":0},"end":{"line":49,"column":28}},"49":{"start":{"line":50,"column":0},"end":{"line":50,"column":31}},"50":{"start":{"line":51,"column":0},"end":{"line":51,"column":32}},"51":{"start":{"line":52,"column":0},"end":{"line":52,"column":31}},"52":{"start":{"line":53,"column":0},"end":{"line":53,"column":27}},"53":{"start":{"line":54,"column":0},"end":{"line":54,"column":3}},"54":{"start":{"line":55,"column":0},"end":{"line":55,"column":13}},"55":{"start":{"line":56,"column":0},"end":{"line":56,"column":2}},"58":{"start":{"line":59,"column":0},"end":{"line":59,"column":32}},"59":{"start":{"line":60,"column":0},"end":{"line":60,"column":33}},"60":{"start":{"line":61,"column":0},"end":{"line":61,"column":42}},"61":{"start":{"line":62,"column":0},"end":{"line":62,"column":47}},"62":{"start":{"line":63,"column":0},"end":{"line":63,"column":28}},"63":{"start":{"line":64,"column":0},"end":{"line":64,"column":31}},"64":{"start":{"line":65,"column":0},"end":{"line":65,"column":42}},"65":{"start":{"line":66,"column":0},"end":{"line":66,"column":3}},"66":{"start":{"line":67,"column":0},"end":{"line":67,"column":13}},"67":{"start":{"line":68,"column":0},"end":{"line":68,"column":2}},"70":{"start":{"line":71,"column":0},"end":{"line":71,"column":27}},"71":{"start":{"line":72,"column":0},"end":{"line":72,"column":33}},"72":{"start":{"line":73,"column":0},"end":{"line":73,"column":35}},"73":{"start":{"line":74,"column":0},"end":{"line":74,"column":40}},"74":{"start":{"line":75,"column":0},"end":{"line":75,"column":28}},"75":{"start":{"line":76,"column":0},"end":{"line":76,"column":46}},"76":{"start":{"line":77,"column":0},"end":{"line":77,"column":44}},"77":{"start":{"line":78,"column":0},"end":{"line":78,"column":5}},"78":{"start":{"line":79,"column":0},"end":{"line":79,"column":3}},"79":{"start":{"line":80,"column":0},"end":{"line":80,"column":13}},"80":{"start":{"line":81,"column":0},"end":{"line":81,"column":2}},"83":{"start":{"line":84,"column":0},"end":{"line":84,"column":35}},"84":{"start":{"line":85,"column":0},"end":{"line":85,"column":33}},"86":{"start":{"line":87,"column":0},"end":{"line":87,"column":3}},"87":{"start":{"line":88,"column":0},"end":{"line":88,"column":15}},"88":{"start":{"line":89,"column":0},"end":{"line":89,"column":77}},"89":{"start":{"line":90,"column":0},"end":{"line":90,"column":6}},"90":{"start":{"line":91,"column":0},"end":{"line":91,"column":11}},"93":{"start":{"line":94,"column":0},"end":{"line":94,"column":29}},"94":{"start":{"line":95,"column":0},"end":{"line":95,"column":33}},"96":{"start":{"line":97,"column":0},"end":{"line":97,"column":60}}},"s":{"14":1,"17":1,"18":40,"24":1,"25":9,"26":9,"28":9,"34":1,"35":4,"36":4,"37":4,"44":1,"45":2,"46":2,"47":2,"48":2,"49":4,"50":4,"51":4,"52":3,"53":4,"54":2,"55":2,"58":1,"59":1,"60":1,"61":1,"62":1,"63":4,"64":4,"65":4,"66":1,"67":1,"70":1,"71":1,"72":1,"73":1,"74":1,"75":5,"76":5,"77":5,"78":5,"79":1,"80":1,"83":1,"84":1,"86":1,"87":1,"88":1,"89":1,"90":1,"93":1,"94":2,"96":2},"branchMap":{"0":{"type":"branch","line":18,"loc":{"start":{"line":18,"column":20},"end":{"line":19,"column":34}},"locations":[{"start":{"line":18,"column":20},"end":{"line":19,"column":34}}]},"1":{"type":"branch","line":19,"loc":{"start":{"line":19,"column":8},"end":{"line":19,"column":34}},"locations":[{"start":{"line":19,"column":8},"end":{"line":19,"column":34}}]},"2":{"type":"branch","line":25,"loc":{"start":{"line":25,"column":32},"end":{"line":29,"column":53}},"locations":[{"start":{"line":25,"column":32},"end":{"line":29,"column":53}}]},"3":{"type":"branch","line":29,"loc":{"start":{"line":29,"column":17},"end":{"line":29,"column":51}},"locations":[{"start":{"line":29,"column":17},"end":{"line":29,"column":51}}]},"4":{"type":"branch","line":35,"loc":{"start":{"line":35,"column":27},"end":{"line":38,"column":82}},"locations":[{"start":{"line":35,"column":27},"end":{"line":38,"column":82}}]},"5":{"type":"branch","line":38,"loc":{"start":{"line":38,"column":43},"end":{"line":38,"column":80}},"locations":[{"start":{"line":38,"column":43},"end":{"line":38,"column":80}}]},"6":{"type":"branch","line":38,"loc":{"start":{"line":38,"column":52},"end":{"line":38,"column":67}},"locations":[{"start":{"line":38,"column":52},"end":{"line":38,"column":67}}]},"7":{"type":"branch","line":38,"loc":{"start":{"line":38,"column":70},"end":{"line":38,"column":80}},"locations":[{"start":{"line":38,"column":70},"end":{"line":38,"column":80}}]},"8":{"type":"branch","line":45,"loc":{"start":{"line":45,"column":31},"end":{"line":56,"column":2}},"locations":[{"start":{"line":45,"column":31},"end":{"line":56,"column":2}}]},"9":{"type":"branch","line":49,"loc":{"start":{"line":49,"column":27},"end":{"line":54,"column":3}},"locations":[{"start":{"line":49,"column":27},"end":{"line":54,"column":3}}]},"10":{"type":"branch","line":52,"loc":{"start":{"line":52,"column":16},"end":{"line":52,"column":31}},"locations":[{"start":{"line":52,"column":16},"end":{"line":52,"column":31}}]},"11":{"type":"branch","line":52,"loc":{"start":{"line":52,"column":29},"end":{"line":53,"column":27}},"locations":[{"start":{"line":52,"column":29},"end":{"line":53,"column":27}}]},"12":{"type":"branch","line":59,"loc":{"start":{"line":59,"column":31},"end":{"line":68,"column":2}},"locations":[{"start":{"line":59,"column":31},"end":{"line":68,"column":2}}]},"13":{"type":"branch","line":63,"loc":{"start":{"line":63,"column":27},"end":{"line":66,"column":3}},"locations":[{"start":{"line":63,"column":27},"end":{"line":66,"column":3}}]},"14":{"type":"branch","line":65,"loc":{"start":{"line":65,"column":29},"end":{"line":65,"column":39}},"locations":[{"start":{"line":65,"column":29},"end":{"line":65,"column":39}}]},"15":{"type":"branch","line":71,"loc":{"start":{"line":71,"column":26},"end":{"line":81,"column":2}},"locations":[{"start":{"line":71,"column":26},"end":{"line":81,"column":2}}]},"16":{"type":"branch","line":75,"loc":{"start":{"line":75,"column":27},"end":{"line":79,"column":3}},"locations":[{"start":{"line":75,"column":27},"end":{"line":79,"column":3}}]},"17":{"type":"branch","line":76,"loc":{"start":{"line":76,"column":32},"end":{"line":76,"column":42}},"locations":[{"start":{"line":76,"column":32},"end":{"line":76,"column":42}}]},"18":{"type":"branch","line":77,"loc":{"start":{"line":77,"column":31},"end":{"line":77,"column":41}},"locations":[{"start":{"line":77,"column":31},"end":{"line":77,"column":41}}]},"19":{"type":"branch","line":84,"loc":{"start":{"line":84,"column":34},"end":{"line":91,"column":11}},"locations":[{"start":{"line":84,"column":34},"end":{"line":91,"column":11}}]},"20":{"type":"branch","line":89,"loc":{"start":{"line":89,"column":22},"end":{"line":89,"column":75}},"locations":[{"start":{"line":89,"column":22},"end":{"line":89,"column":75}}]},"21":{"type":"branch","line":89,"loc":{"start":{"line":89,"column":45},"end":{"line":89,"column":72}},"locations":[{"start":{"line":89,"column":45},"end":{"line":89,"column":72}}]},"22":{"type":"branch","line":89,"loc":{"start":{"line":89,"column":68},"end":{"line":89,"column":75}},"locations":[{"start":{"line":89,"column":68},"end":{"line":89,"column":75}}]},"23":{"type":"branch","line":94,"loc":{"start":{"line":94,"column":28},"end":{"line":97,"column":60}},"locations":[{"start":{"line":94,"column":28},"end":{"line":97,"column":60}}]},"24":{"type":"branch","line":97,"loc":{"start":{"line":97,"column":30},"end":{"line":97,"column":49}},"locations":[{"start":{"line":97,"column":30},"end":{"line":97,"column":49}}]},"25":{"type":"branch","line":97,"loc":{"start":{"line":97,"column":39},"end":{"line":97,"column":49}},"locations":[{"start":{"line":97,"column":39},"end":{"line":97,"column":49}}]}},"b":{"0":[40],"1":[11],"2":[9],"3":[32],"4":[4],"5":[13],"6":[9],"7":[4],"8":[2],"9":[4],"10":[1],"11":[3],"12":[1],"13":[4],"14":[3],"15":[1],"16":[5],"17":[1],"18":[2],"19":[1],"20":[4],"21":[3],"22":[1],"23":[2],"24":[5],"25":[2]},"fnMap":{"0":{"name":"categoryKey","decl":{"start":{"line":18,"column":20},"end":{"line":19,"column":34}},"loc":{"start":{"line":18,"column":20},"end":{"line":19,"column":34}},"line":18},"1":{"name":"filterByCategory","decl":{"start":{"line":25,"column":32},"end":{"line":29,"column":53}},"loc":{"start":{"line":25,"column":32},"end":{"line":29,"column":53}},"line":25},"2":{"name":"filterByTag","decl":{"start":{"line":35,"column":27},"end":{"line":38,"column":82}},"loc":{"start":{"line":35,"column":27},"end":{"line":38,"column":82}},"line":35},"3":{"name":"groupByCategory","decl":{"start":{"line":45,"column":31},"end":{"line":56,"column":2}},"loc":{"start":{"line":45,"column":31},"end":{"line":56,"column":2}},"line":45},"4":{"name":"countByCategory","decl":{"start":{"line":59,"column":31},"end":{"line":68,"column":2}},"loc":{"start":{"line":59,"column":31},"end":{"line":68,"column":2}},"line":59},"5":{"name":"countByTag","decl":{"start":{"line":71,"column":26},"end":{"line":81,"column":2}},"loc":{"start":{"line":71,"column":26},"end":{"line":81,"column":2}},"line":71},"6":{"name":"distinctCategories","decl":{"start":{"line":84,"column":34},"end":{"line":91,"column":11}},"loc":{"start":{"line":84,"column":34},"end":{"line":91,"column":11}},"line":84},"7":{"name":"distinctTags","decl":{"start":{"line":94,"column":28},"end":{"line":97,"column":60}},"loc":{"start":{"line":94,"column":28},"end":{"line":97,"column":60}},"line":94}},"f":{"0":40,"1":9,"2":4,"3":2,"4":1,"5":1,"6":1,"7":2}}
,"D:\\02_Work\\external_repo\\kokomaya\\LLPlayer\\aurora-player\\packages\\learning\\src\\schedulers\\fsrs-scheduler.ts": {"path":"D:\\02_Work\\external_repo\\kokomaya\\LLPlayer\\aurora-player\\packages\\learning\\src\\schedulers\\fsrs-scheduler.ts","all":false,"statementMap":{"0":{"start":{"line":1,"column":0},"end":{"line":1,"column":70}},"14":{"start":{"line":15,"column":0},"end":{"line":15,"column":63}},"15":{"start":{"line":16,"column":0},"end":{"line":16,"column":21}},"16":{"start":{"line":17,"column":0},"end":{"line":17,"column":31}},"17":{"start":{"line":18,"column":0},"end":{"line":18,"column":27}},"18":{"start":{"line":19,"column":0},"end":{"line":19,"column":35}},"19":{"start":{"line":20,"column":0},"end":{"line":20,"column":2}},"21":{"start":{"line":22,"column":0},"end":{"line":22,"column":61}},"22":{"start":{"line":23,"column":0},"end":{"line":23,"column":17}},"23":{"start":{"line":24,"column":0},"end":{"line":24,"column":27}},"24":{"start":{"line":25,"column":0},"end":{"line":25,"column":23}},"25":{"start":{"line":26,"column":0},"end":{"line":26,"column":31}},"26":{"start":{"line":27,"column":0},"end":{"line":27,"column":2}},"28":{"start":{"line":29,"column":0},"end":{"line":29,"column":57}},"29":{"start":{"line":30,"column":0},"end":{"line":30,"column":26}},"30":{"start":{"line":31,"column":0},"end":{"line":31,"column":24}},"31":{"start":{"line":32,"column":0},"end":{"line":32,"column":24}},"32":{"start":{"line":33,"column":0},"end":{"line":33,"column":24}},"33":{"start":{"line":34,"column":0},"end":{"line":34,"column":2}},"36":{"start":{"line":37,"column":0},"end":{"line":37,"column":49}},"37":{"start":{"line":38,"column":0},"end":{"line":38,"column":26}},"38":{"start":{"line":39,"column":0},"end":{"line":39,"column":28}},"39":{"start":{"line":40,"column":0},"end":{"line":40,"column":30}},"40":{"start":{"line":41,"column":0},"end":{"line":41,"column":33}},"41":{"start":{"line":42,"column":0},"end":{"line":42,"column":37}},"42":{"start":{"line":43,"column":0},"end":{"line":43,"column":37}},"43":{"start":{"line":44,"column":0},"end":{"line":44,"column":18}},"44":{"start":{"line":45,"column":0},"end":{"line":45,"column":22}},"45":{"start":{"line":46,"column":0},"end":{"line":46,"column":35}},"46":{"start":{"line":47,"column":0},"end":{"line":47,"column":39}},"47":{"start":{"line":48,"column":0},"end":{"line":48,"column":52}},"48":{"start":{"line":49,"column":0},"end":{"line":49,"column":10}},"49":{"start":{"line":50,"column":0},"end":{"line":50,"column":3}},"52":{"start":{"line":53,"column":0},"end":{"line":53,"column":77}},"53":{"start":{"line":54,"column":0},"end":{"line":54,"column":5}},"54":{"start":{"line":55,"column":0},"end":{"line":55,"column":10}},"55":{"start":{"line":56,"column":0},"end":{"line":56,"column":23}},"56":{"start":{"line":57,"column":0},"end":{"line":57,"column":25}},"57":{"start":{"line":58,"column":0},"end":{"line":58,"column":27}},"58":{"start":{"line":59,"column":0},"end":{"line":59,"column":30}},"59":{"start":{"line":60,"column":0},"end":{"line":60,"column":34}},"60":{"start":{"line":61,"column":0},"end":{"line":61,"column":34}},"61":{"start":{"line":62,"column":0},"end":{"line":62,"column":15}},"62":{"start":{"line":63,"column":0},"end":{"line":63,"column":19}},"63":{"start":{"line":64,"column":0},"end":{"line":64,"column":34}},"64":{"start":{"line":65,"column":0},"end":{"line":65,"column":86}},"65":{"start":{"line":66,"column":0},"end":{"line":66,"column":3}},"75":{"start":{"line":76,"column":0},"end":{"line":76,"column":56}},"76":{"start":{"line":77,"column":0},"end":{"line":77,"column":23}},"78":{"start":{"line":79,"column":0},"end":{"line":79,"column":56}},"79":{"start":{"line":80,"column":0},"end":{"line":80,"column":81}},"80":{"start":{"line":81,"column":0},"end":{"line":81,"column":3}},"82":{"start":{"line":83,"column":0},"end":{"line":83,"column":69}},"83":{"start":{"line":84,"column":0},"end":{"line":84,"column":69}},"84":{"start":{"line":85,"column":0},"end":{"line":85,"column":3}},"86":{"start":{"line":87,"column":0},"end":{"line":87,"column":68}},"87":{"start":{"line":88,"column":0},"end":{"line":88,"column":43}},"88":{"start":{"line":89,"column":0},"end":{"line":89,"column":23}},"89":{"start":{"line":90,"column":0},"end":{"line":90,"column":20}},"90":{"start":{"line":91,"column":0},"end":{"line":91,"column":29}},"91":{"start":{"line":92,"column":0},"end":{"line":92,"column":6}},"92":{"start":{"line":93,"column":0},"end":{"line":93,"column":53}},"93":{"start":{"line":94,"column":0},"end":{"line":94,"column":3}},"94":{"start":{"line":95,"column":0},"end":{"line":95,"column":1}}},"s":{"0":1,"14":1,"15":1,"16":1,"17":1,"18":1,"19":1,"21":1,"22":1,"23":1,"24":1,"25":1,"26":1,"28":1,"29":1,"30":1,"31":1,"32":1,"33":1,"36":1,"37":16,"38":16,"39":16,"40":16,"41":16,"42":16,"43":16,"44":16,"45":16,"46":16,"47":2,"48":14,"49":16,"52":1,"53":50,"54":50,"55":50,"56":50,"57":50,"58":50,"59":50,"60":50,"61":50,"62":50,"63":50,"64":50,"65":50,"75":1,"76":23,"78":23,"79":23,"80":23,"82":23,"83":34,"84":34,"86":23,"87":16,"88":16,"89":16,"90":16,"91":16,"92":16,"93":16,"94":23},"branchMap":{"0":{"type":"branch","line":37,"loc":{"start":{"line":37,"column":19},"end":{"line":50,"column":3}},"locations":[{"start":{"line":37,"column":19},"end":{"line":50,"column":3}}]},"1":{"type":"branch","line":47,"loc":{"start":{"line":47,"column":30},"end":{"line":48,"column":52}},"locations":[{"start":{"line":47,"column":30},"end":{"line":48,"column":52}}]},"2":{"type":"branch","line":48,"loc":{"start":{"line":48,"column":51},"end":{"line":49,"column":10}},"locations":[{"start":{"line":48,"column":51},"end":{"line":49,"column":10}}]},"3":{"type":"branch","line":53,"loc":{"start":{"line":53,"column":21},"end":{"line":66,"column":3}},"locations":[{"start":{"line":53,"column":21},"end":{"line":66,"column":3}}]},"4":{"type":"branch","line":65,"loc":{"start":{"line":65,"column":24},"end":{"line":65,"column":82}},"locations":[{"start":{"line":65,"column":24},"end":{"line":65,"column":82}}]},"5":{"type":"branch","line":65,"loc":{"start":{"line":65,"column":78},"end":{"line":65,"column":86}},"locations":[{"start":{"line":65,"column":78},"end":{"line":65,"column":86}}]},"6":{"type":"branch","line":76,"loc":{"start":{"line":76,"column":7},"end":{"line":95,"column":1}},"locations":[{"start":{"line":76,"column":7},"end":{"line":95,"column":1}}]},"7":{"type":"branch","line":79,"loc":{"start":{"line":79,"column":2},"end":{"line":81,"column":3}},"locations":[{"start":{"line":79,"column":2},"end":{"line":81,"column":3}}]},"8":{"type":"branch","line":83,"loc":{"start":{"line":83,"column":2},"end":{"line":85,"column":3}},"locations":[{"start":{"line":83,"column":2},"end":{"line":85,"column":3}}]},"9":{"type":"branch","line":87,"loc":{"start":{"line":87,"column":2},"end":{"line":94,"column":3}},"locations":[{"start":{"line":87,"column":2},"end":{"line":94,"column":3}}]}},"b":{"0":[16],"1":[2],"2":[14],"3":[50],"4":[16],"5":[34],"6":[23],"7":[23],"8":[34],"9":[16]},"fnMap":{"0":{"name":"toFsrsCard","decl":{"start":{"line":37,"column":19},"end":{"line":50,"column":3}},"loc":{"start":{"line":37,"column":19},"end":{"line":50,"column":3}},"line":37},"1":{"name":"fromFsrsCard","decl":{"start":{"line":53,"column":21},"end":{"line":66,"column":3}},"loc":{"start":{"line":53,"column":21},"end":{"line":66,"column":3}},"line":53},"2":{"name":"<instance_members_initializer>","decl":{"start":{"line":76,"column":7},"end":{"line":95,"column":1}},"loc":{"start":{"line":76,"column":7},"end":{"line":95,"column":1}},"line":76},"3":{"name":"FsrsScheduler","decl":{"start":{"line":79,"column":2},"end":{"line":81,"column":3}},"loc":{"start":{"line":79,"column":2},"end":{"line":81,"column":3}},"line":79},"4":{"name":"initialCard","decl":{"start":{"line":83,"column":2},"end":{"line":85,"column":3}},"loc":{"start":{"line":83,"column":2},"end":{"line":85,"column":3}},"line":83},"5":{"name":"grade","decl":{"start":{"line":87,"column":2},"end":{"line":94,"column":3}},"loc":{"start":{"line":87,"column":2},"end":{"line":94,"column":3}},"line":87}},"f":{"0":16,"1":50,"2":23,"3":23,"4":34,"5":16}}
,"D:\\02_Work\\external_repo\\kokomaya\\LLPlayer\\aurora-player\\packages\\learning\\src\\use-cases\\add-vocabulary.ts": {"path":"D:\\02_Work\\external_repo\\kokomaya\\LLPlayer\\aurora-player\\packages\\learning\\src\\use-cases\\add-vocabulary.ts","all":false,"statementMap":{"0":{"start":{"line":1,"column":0},"end":{"line":1,"column":13}},"40":{"start":{"line":41,"column":0},"end":{"line":41,"column":36}},"41":{"start":{"line":42,"column":0},"end":{"line":42,"column":26}},"42":{"start":{"line":43,"column":0},"end":{"line":43,"column":28}},"43":{"start":{"line":44,"column":0},"end":{"line":44,"column":36}},"44":{"start":{"line":45,"column":0},"end":{"line":45,"column":46}},"45":{"start":{"line":46,"column":0},"end":{"line":46,"column":44}},"46":{"start":{"line":47,"column":0},"end":{"line":47,"column":17}},"47":{"start":{"line":48,"column":0},"end":{"line":48,"column":44}},"48":{"start":{"line":49,"column":0},"end":{"line":49,"column":108}},"49":{"start":{"line":50,"column":0},"end":{"line":50,"column":3}},"51":{"start":{"line":52,"column":0},"end":{"line":52,"column":29}},"52":{"start":{"line":53,"column":0},"end":{"line":53,"column":7}},"53":{"start":{"line":54,"column":0},"end":{"line":54,"column":23}},"54":{"start":{"line":55,"column":0},"end":{"line":55,"column":21}},"55":{"start":{"line":56,"column":0},"end":{"line":56,"column":23}},"56":{"start":{"line":57,"column":0},"end":{"line":57,"column":25}},"57":{"start":{"line":58,"column":0},"end":{"line":58,"column":71}},"58":{"start":{"line":59,"column":0},"end":{"line":59,"column":62}},"59":{"start":{"line":60,"column":0},"end":{"line":60,"column":74}},"60":{"start":{"line":61,"column":0},"end":{"line":61,"column":4}},"61":{"start":{"line":62,"column":0},"end":{"line":62,"column":61}},"62":{"start":{"line":63,"column":0},"end":{"line":63,"column":33}},"63":{"start":{"line":64,"column":0},"end":{"line":64,"column":34}},"64":{"start":{"line":65,"column":0},"end":{"line":65,"column":40}},"65":{"start":{"line":66,"column":0},"end":{"line":66,"column":2}}},"s":{"0":1,"40":1,"41":25,"42":25,"43":25,"44":25,"45":25,"46":25,"47":1,"48":1,"49":1,"51":24,"52":24,"53":24,"54":24,"55":24,"56":24,"57":25,"58":25,"59":25,"60":25,"61":25,"62":25,"63":24,"64":24,"65":24},"branchMap":{"0":{"type":"branch","line":41,"loc":{"start":{"line":41,"column":29},"end":{"line":66,"column":2}},"locations":[{"start":{"line":41,"column":29},"end":{"line":66,"column":2}}]},"1":{"type":"branch","line":47,"loc":{"start":{"line":47,"column":16},"end":{"line":50,"column":3}},"locations":[{"start":{"line":47,"column":16},"end":{"line":50,"column":3}}]},"2":{"type":"branch","line":49,"loc":{"start":{"line":49,"column":36},"end":{"line":49,"column":91}},"locations":[{"start":{"line":49,"column":36},"end":{"line":49,"column":91}}]},"3":{"type":"branch","line":50,"loc":{"start":{"line":50,"column":2},"end":{"line":58,"column":38}},"locations":[{"start":{"line":50,"column":2},"end":{"line":58,"column":38}}]},"4":{"type":"branch","line":58,"loc":{"start":{"line":58,"column":26},"end":{"line":58,"column":67}},"locations":[{"start":{"line":58,"column":26},"end":{"line":58,"column":67}}]},"5":{"type":"branch","line":58,"loc":{"start":{"line":58,"column":63},"end":{"line":58,"column":71}},"locations":[{"start":{"line":58,"column":63},"end":{"line":58,"column":71}}]},"6":{"type":"branch","line":59,"loc":{"start":{"line":59,"column":23},"end":{"line":59,"column":58}},"locations":[{"start":{"line":59,"column":23},"end":{"line":59,"column":58}}]},"7":{"type":"branch","line":59,"loc":{"start":{"line":59,"column":54},"end":{"line":59,"column":62}},"locations":[{"start":{"line":59,"column":54},"end":{"line":59,"column":62}}]},"8":{"type":"branch","line":60,"loc":{"start":{"line":60,"column":27},"end":{"line":60,"column":70}},"locations":[{"start":{"line":60,"column":27},"end":{"line":60,"column":70}}]},"9":{"type":"branch","line":60,"loc":{"start":{"line":60,"column":66},"end":{"line":60,"column":74}},"locations":[{"start":{"line":60,"column":66},"end":{"line":60,"column":74}}]},"10":{"type":"branch","line":63,"loc":{"start":{"line":63,"column":31},"end":{"line":66,"column":2}},"locations":[{"start":{"line":63,"column":31},"end":{"line":66,"column":2}}]}},"b":{"0":[25],"1":[1],"2":[0],"3":[24],"4":[1],"5":[23],"6":[0],"7":[24],"8":[15],"9":[9],"10":[24]},"fnMap":{"0":{"name":"addVocabulary","decl":{"start":{"line":41,"column":29},"end":{"line":66,"column":2}},"loc":{"start":{"line":41,"column":29},"end":{"line":66,"column":2}},"line":41}},"f":{"0":25}}
,"D:\\02_Work\\external_repo\\kokomaya\\LLPlayer\\aurora-player\\packages\\learning\\src\\use-cases\\get-due-by-category.ts": {"path":"D:\\02_Work\\external_repo\\kokomaya\\LLPlayer\\aurora-player\\packages\\learning\\src\\use-cases\\get-due-by-category.ts","all":false,"statementMap":{"0":{"start":{"line":1,"column":0},"end":{"line":1,"column":13}},"22":{"start":{"line":23,"column":0},"end":{"line":23,"column":39}},"23":{"start":{"line":24,"column":0},"end":{"line":24,"column":29}},"24":{"start":{"line":25,"column":0},"end":{"line":25,"column":14}},"25":{"start":{"line":26,"column":0},"end":{"line":26,"column":26}},"26":{"start":{"line":27,"column":0},"end":{"line":27,"column":38}},"27":{"start":{"line":28,"column":0},"end":{"line":28,"column":46}},"28":{"start":{"line":29,"column":0},"end":{"line":29,"column":29}},"29":{"start":{"line":30,"column":0},"end":{"line":30,"column":73}},"30":{"start":{"line":31,"column":0},"end":{"line":31,"column":4}},"31":{"start":{"line":32,"column":0},"end":{"line":32,"column":60}},"32":{"start":{"line":33,"column":0},"end":{"line":33,"column":2}}},"s":{"0":1,"22":1,"23":5,"24":5,"25":5,"26":5,"27":5,"28":5,"29":5,"30":5,"31":5,"32":5},"branchMap":{"0":{"type":"branch","line":23,"loc":{"start":{"line":23,"column":32},"end":{"line":33,"column":2}},"locations":[{"start":{"line":23,"column":32},"end":{"line":33,"column":2}}]},"1":{"type":"branch","line":30,"loc":{"start":{"line":30,"column":60},"end":{"line":30,"column":71}},"locations":[{"start":{"line":30,"column":60},"end":{"line":30,"column":71}}]},"2":{"type":"branch","line":32,"loc":{"start":{"line":32,"column":20},"end":{"line":32,"column":58}},"locations":[{"start":{"line":32,"column":20},"end":{"line":32,"column":58}}]}},"b":{"0":[5],"1":[7],"2":[16]},"fnMap":{"0":{"name":"getDueByCategory","decl":{"start":{"line":23,"column":32},"end":{"line":33,"column":2}},"loc":{"start":{"line":23,"column":32},"end":{"line":33,"column":2}},"line":23}},"f":{"0":5}}
,"D:\\02_Work\\external_repo\\kokomaya\\LLPlayer\\aurora-player\\packages\\learning\\src\\use-cases\\get-due.ts": {"path":"D:\\02_Work\\external_repo\\kokomaya\\LLPlayer\\aurora-player\\packages\\learning\\src\\use-cases\\get-due.ts","all":false,"statementMap":{"7":{"start":{"line":8,"column":0},"end":{"line":8,"column":23}},"8":{"start":{"line":9,"column":0},"end":{"line":9,"column":28}},"9":{"start":{"line":10,"column":0},"end":{"line":10,"column":14}},"10":{"start":{"line":11,"column":0},"end":{"line":11,"column":58}}},"s":{"7":1,"8":9,"9":9,"10":9},"branchMap":{"0":{"type":"branch","line":8,"loc":{"start":{"line":8,"column":22},"end":{"line":11,"column":58}},"locations":[{"start":{"line":8,"column":22},"end":{"line":11,"column":58}}]}},"b":{"0":[9]},"fnMap":{"0":{"name":"getDue","decl":{"start":{"line":8,"column":22},"end":{"line":11,"column":58}},"loc":{"start":{"line":8,"column":22},"end":{"line":11,"column":58}},"line":8}},"f":{"0":9}}
,"D:\\02_Work\\external_repo\\kokomaya\\LLPlayer\\aurora-player\\packages\\learning\\src\\use-cases\\grade-review.ts": {"path":"D:\\02_Work\\external_repo\\kokomaya\\LLPlayer\\aurora-player\\packages\\learning\\src\\use-cases\\grade-review.ts","all":false,"statementMap":{"0":{"start":{"line":1,"column":0},"end":{"line":1,"column":8}},"23":{"start":{"line":24,"column":0},"end":{"line":24,"column":34}},"24":{"start":{"line":25,"column":0},"end":{"line":25,"column":24}},"25":{"start":{"line":26,"column":0},"end":{"line":26,"column":26}},"26":{"start":{"line":27,"column":0},"end":{"line":27,"column":27}},"27":{"start":{"line":28,"column":0},"end":{"line":28,"column":48}},"28":{"start":{"line":29,"column":0},"end":{"line":29,"column":14}},"29":{"start":{"line":30,"column":0},"end":{"line":30,"column":68}},"30":{"start":{"line":31,"column":0},"end":{"line":31,"column":3}},"31":{"start":{"line":32,"column":0},"end":{"line":32,"column":67}},"32":{"start":{"line":33,"column":0},"end":{"line":33,"column":34}},"33":{"start":{"line":34,"column":0},"end":{"line":34,"column":14}},"34":{"start":{"line":35,"column":0},"end":{"line":35,"column":2}}},"s":{"0":1,"23":1,"24":3,"25":3,"26":3,"27":3,"28":3,"29":1,"30":1,"31":2,"32":2,"33":2,"34":2},"branchMap":{"0":{"type":"branch","line":24,"loc":{"start":{"line":24,"column":27},"end":{"line":35,"column":2}},"locations":[{"start":{"line":24,"column":27},"end":{"line":35,"column":2}}]},"1":{"type":"branch","line":29,"loc":{"start":{"line":29,"column":13},"end":{"line":31,"column":3}},"locations":[{"start":{"line":29,"column":13},"end":{"line":31,"column":3}}]},"2":{"type":"branch","line":31,"loc":{"start":{"line":31,"column":2},"end":{"line":35,"column":2}},"locations":[{"start":{"line":31,"column":2},"end":{"line":35,"column":2}}]}},"b":{"0":[3],"1":[1],"2":[2]},"fnMap":{"0":{"name":"gradeReview","decl":{"start":{"line":24,"column":27},"end":{"line":35,"column":2}},"loc":{"start":{"line":24,"column":27},"end":{"line":35,"column":2}},"line":24}},"f":{"0":3}}
,"D:\\02_Work\\external_repo\\kokomaya\\LLPlayer\\aurora-player\\packages\\learning\\src\\use-cases\\ids.ts": {"path":"D:\\02_Work\\external_repo\\kokomaya\\LLPlayer\\aurora-player\\packages\\learning\\src\\use-cases\\ids.ts","all":false,"statementMap":{"8":{"start":{"line":9,"column":0},"end":{"line":9,"column":68}},"9":{"start":{"line":10,"column":0},"end":{"line":10,"column":21}}},"s":{"8":1,"9":26},"branchMap":{"0":{"type":"branch","line":9,"loc":{"start":{"line":9,"column":23},"end":{"line":10,"column":21}},"locations":[{"start":{"line":9,"column":23},"end":{"line":10,"column":21}}]}},"b":{"0":[26]},"fnMap":{"0":{"name":"vocabId","decl":{"start":{"line":9,"column":23},"end":{"line":10,"column":21}},"loc":{"start":{"line":9,"column":23},"end":{"line":10,"column":21}},"line":9}},"f":{"0":26}}
}
