{"D:\\02_Work\\external_repo\\kokomaya\\LLPlayer\\aurora-player\\packages\\privacy\\src\\policy.ts": {"path":"D:\\02_Work\\external_repo\\kokomaya\\LLPlayer\\aurora-player\\packages\\privacy\\src\\policy.ts","all":false,"statementMap":{"0":{"start":{"line":1,"column":0},"end":{"line":1,"column":76}},"18":{"start":{"line":19,"column":0},"end":{"line":19,"column":28}},"19":{"start":{"line":20,"column":0},"end":{"line":20,"column":31}},"20":{"start":{"line":21,"column":0},"end":{"line":21,"column":22}},"21":{"start":{"line":22,"column":0},"end":{"line":22,"column":61}},"28":{"start":{"line":29,"column":0},"end":{"line":29,"column":31}},"29":{"start":{"line":30,"column":0},"end":{"line":30,"column":31}},"30":{"start":{"line":31,"column":0},"end":{"line":31,"column":22}},"31":{"start":{"line":32,"column":0},"end":{"line":32,"column":26}},"32":{"start":{"line":33,"column":0},"end":{"line":33,"column":32}},"33":{"start":{"line":34,"column":0},"end":{"line":34,"column":31}},"34":{"start":{"line":35,"column":0},"end":{"line":35,"column":59}},"35":{"start":{"line":36,"column":0},"end":{"line":36,"column":24}},"36":{"start":{"line":37,"column":0},"end":{"line":37,"column":5}},"37":{"start":{"line":38,"column":0},"end":{"line":38,"column":3}},"38":{"start":{"line":39,"column":0},"end":{"line":39,"column":17}},"39":{"start":{"line":40,"column":0},"end":{"line":40,"column":2}},"46":{"start":{"line":47,"column":0},"end":{"line":47,"column":79}}},"s":{"0":1,"18":1,"19":20,"20":20,"21":20,"28":1,"29":8,"30":8,"31":8,"32":8,"33":8,"34":12,"35":8,"36":8,"37":12,"38":8,"39":8,"46":1},"branchMap":{"0":{"type":"branch","line":19,"loc":{"start":{"line":19,"column":27},"end":{"line":22,"column":61}},"locations":[{"start":{"line":19,"column":27},"end":{"line":22,"column":61}}]},"1":{"type":"branch","line":22,"loc":{"start":{"line":22,"column":29},"end":{"line":22,"column":59}},"locations":[{"start":{"line":22,"column":29},"end":{"line":22,"column":59}}]},"2":{"type":"branch","line":29,"loc":{"start":{"line":29,"column":30},"end":{"line":40,"column":2}},"locations":[{"start":{"line":29,"column":30},"end":{"line":40,"column":2}}]},"3":{"type":"branch","line":34,"loc":{"start":{"line":34,"column":30},"end":{"line":38,"column":3}},"locations":[{"start":{"line":34,"column":30},"end":{"line":38,"column":3}}]},"4":{"type":"branch","line":35,"loc":{"start":{"line":35,"column":29},"end":{"line":35,"column":58}},"locations":[{"start":{"line":35,"column":29},"end":{"line":35,"column":58}}]},"5":{"type":"branch","line":35,"loc":{"start":{"line":35,"column":58},"end":{"line":37,"column":5}},"locations":[{"start":{"line":35,"column":58},"end":{"line":37,"column":5}}]}},"b":{"0":[20],"1":[22],"2":[8],"3":[12],"4":[9],"5":[8]},"fnMap":{"0":{"name":"isPermitted","decl":{"start":{"line":19,"column":27},"end":{"line":22,"column":61}},"loc":{"start":{"line":19,"column":27},"end":{"line":22,"column":61}},"line":19},"1":{"name":"missingConsent","decl":{"start":{"line":29,"column":30},"end":{"line":40,"column":2}},"loc":{"start":{"line":29,"column":30},"end":{"line":40,"column":2}},"line":29}},"f":{"0":20,"1":8}}
,"D:\\02_Work\\external_repo\\kokomaya\\LLPlayer\\aurora-player\\packages\\privacy\\src\\dsar\\data-subject-service.ts": {"path":"D:\\02_Work\\external_repo\\kokomaya\\LLPlayer\\aurora-player\\packages\\privacy\\src\\dsar\\data-subject-service.ts","all":false,"statementMap":{"0":{"start":{"line":1,"column":0},"end":{"line":1,"column":13}},"38":{"start":{"line":39,"column":0},"end":{"line":39,"column":33}},"39":{"start":{"line":40,"column":0},"end":{"line":40,"column":43}},"41":{"start":{"line":42,"column":0},"end":{"line":42,"column":47}},"42":{"start":{"line":43,"column":0},"end":{"line":43,"column":24}},"43":{"start":{"line":44,"column":0},"end":{"line":44,"column":3}},"50":{"start":{"line":51,"column":0},"end":{"line":51,"column":57}},"51":{"start":{"line":52,"column":0},"end":{"line":52,"column":57}},"52":{"start":{"line":53,"column":0},"end":{"line":53,"column":31}},"53":{"start":{"line":54,"column":0},"end":{"line":54,"column":33}},"54":{"start":{"line":55,"column":0},"end":{"line":55,"column":33}},"55":{"start":{"line":56,"column":0},"end":{"line":56,"column":7}},"56":{"start":{"line":57,"column":0},"end":{"line":57,"column":35}},"57":{"start":{"line":58,"column":0},"end":{"line":58,"column":12}},"58":{"start":{"line":59,"column":0},"end":{"line":59,"column":14}},"59":{"start":{"line":60,"column":0},"end":{"line":60,"column":37}},"60":{"start":{"line":61,"column":0},"end":{"line":61,"column":7}},"61":{"start":{"line":62,"column":0},"end":{"line":62,"column":3}},"68":{"start":{"line":69,"column":0},"end":{"line":69,"column":32}},"69":{"start":{"line":70,"column":0},"end":{"line":70,"column":23}},"70":{"start":{"line":71,"column":0},"end":{"line":71,"column":32}},"71":{"start":{"line":72,"column":0},"end":{"line":72,"column":34}},"72":{"start":{"line":73,"column":0},"end":{"line":73,"column":34}},"73":{"start":{"line":74,"column":0},"end":{"line":74,"column":7}},"74":{"start":{"line":75,"column":0},"end":{"line":75,"column":3}},"92":{"start":{"line":93,"column":0},"end":{"line":93,"column":15}},"93":{"start":{"line":94,"column":0},"end":{"line":94,"column":25}},"94":{"start":{"line":95,"column":0},"end":{"line":95,"column":36}},"95":{"start":{"line":96,"column":0},"end":{"line":96,"column":32}},"96":{"start":{"line":97,"column":0},"end":{"line":97,"column":48}},"97":{"start":{"line":98,"column":0},"end":{"line":98,"column":66}},"98":{"start":{"line":99,"column":0},"end":{"line":99,"column":5}},"99":{"start":{"line":100,"column":0},"end":{"line":100,"column":45}},"100":{"start":{"line":101,"column":0},"end":{"line":101,"column":18}},"101":{"start":{"line":102,"column":0},"end":{"line":102,"column":25}},"102":{"start":{"line":103,"column":0},"end":{"line":103,"column":5}},"103":{"start":{"line":104,"column":0},"end":{"line":104,"column":23}},"104":{"start":{"line":105,"column":0},"end":{"line":105,"column":72}},"105":{"start":{"line":106,"column":0},"end":{"line":106,"column":74}},"106":{"start":{"line":107,"column":0},"end":{"line":107,"column":41}},"107":{"start":{"line":108,"column":0},"end":{"line":108,"column":22}},"108":{"start":{"line":109,"column":0},"end":{"line":109,"column":60}},"109":{"start":{"line":110,"column":0},"end":{"line":110,"column":62}},"110":{"start":{"line":111,"column":0},"end":{"line":111,"column":8}},"111":{"start":{"line":112,"column":0},"end":{"line":112,"column":7}},"112":{"start":{"line":113,"column":0},"end":{"line":113,"column":12}},"113":{"start":{"line":114,"column":0},"end":{"line":114,"column":32}},"114":{"start":{"line":115,"column":0},"end":{"line":115,"column":43}},"115":{"start":{"line":116,"column":0},"end":{"line":116,"column":47}},"116":{"start":{"line":117,"column":0},"end":{"line":117,"column":47}},"117":{"start":{"line":118,"column":0},"end":{"line":118,"column":24}},"118":{"start":{"line":119,"column":0},"end":{"line":119,"column":6}},"119":{"start":{"line":120,"column":0},"end":{"line":120,"column":3}},"120":{"start":{"line":121,"column":0},"end":{"line":121,"column":1}}},"s":{"0":1,"38":1,"39":14,"41":14,"42":14,"43":14,"50":14,"51":13,"52":13,"53":13,"54":13,"55":13,"56":13,"57":13,"58":13,"59":13,"60":13,"61":13,"68":14,"69":4,"70":4,"71":4,"72":4,"73":4,"74":4,"92":14,"93":9,"94":9,"95":9,"96":9,"97":1,"98":1,"99":9,"100":9,"101":1,"102":1,"103":8,"104":8,"105":8,"106":8,"107":4,"108":3,"109":1,"110":8,"111":8,"112":8,"113":8,"114":8,"115":8,"116":8,"117":8,"118":8,"119":9,"120":14},"branchMap":{"0":{"type":"branch","line":39,"loc":{"start":{"line":39,"column":7},"end":{"line":121,"column":1}},"locations":[{"start":{"line":39,"column":7},"end":{"line":121,"column":1}}]},"1":{"type":"branch","line":42,"loc":{"start":{"line":42,"column":2},"end":{"line":44,"column":3}},"locations":[{"start":{"line":42,"column":2},"end":{"line":44,"column":3}}]},"2":{"type":"branch","line":51,"loc":{"start":{"line":51,"column":2},"end":{"line":62,"column":3}},"locations":[{"start":{"line":51,"column":2},"end":{"line":62,"column":3}}]},"3":{"type":"branch","line":69,"loc":{"start":{"line":69,"column":2},"end":{"line":75,"column":3}},"locations":[{"start":{"line":69,"column":2},"end":{"line":75,"column":3}}]},"4":{"type":"branch","line":93,"loc":{"start":{"line":93,"column":2},"end":{"line":120,"column":3}},"locations":[{"start":{"line":93,"column":2},"end":{"line":120,"column":3}}]},"5":{"type":"branch","line":97,"loc":{"start":{"line":97,"column":47},"end":{"line":99,"column":5}},"locations":[{"start":{"line":97,"column":47},"end":{"line":99,"column":5}}]},"6":{"type":"branch","line":99,"loc":{"start":{"line":99,"column":4},"end":{"line":100,"column":39}},"locations":[{"start":{"line":99,"column":4},"end":{"line":100,"column":39}}]},"7":{"type":"branch","line":100,"loc":{"start":{"line":100,"column":28},"end":{"line":100,"column":45}},"locations":[{"start":{"line":100,"column":28},"end":{"line":100,"column":45}}]},"8":{"type":"branch","line":101,"loc":{"start":{"line":101,"column":17},"end":{"line":103,"column":5}},"locations":[{"start":{"line":101,"column":17},"end":{"line":103,"column":5}}]},"9":{"type":"branch","line":103,"loc":{"start":{"line":103,"column":4},"end":{"line":119,"column":6}},"locations":[{"start":{"line":103,"column":4},"end":{"line":119,"column":6}}]},"10":{"type":"branch","line":105,"loc":{"start":{"line":105,"column":28},"end":{"line":105,"column":70}},"locations":[{"start":{"line":105,"column":28},"end":{"line":105,"column":70}}]},"11":{"type":"branch","line":106,"loc":{"start":{"line":106,"column":30},"end":{"line":106,"column":72}},"locations":[{"start":{"line":106,"column":30},"end":{"line":106,"column":72}}]},"12":{"type":"branch","line":107,"loc":{"start":{"line":107,"column":30},"end":{"line":110,"column":62}},"locations":[{"start":{"line":107,"column":30},"end":{"line":110,"column":62}}]},"13":{"type":"branch","line":108,"loc":{"start":{"line":108,"column":15},"end":{"line":109,"column":60}},"locations":[{"start":{"line":108,"column":15},"end":{"line":109,"column":60}}]},"14":{"type":"branch","line":109,"loc":{"start":{"line":109,"column":59},"end":{"line":110,"column":62}},"locations":[{"start":{"line":109,"column":59},"end":{"line":110,"column":62}}]}},"b":{"0":[14],"1":[14],"2":[13],"3":[4],"4":[9],"5":[1],"6":[8],"7":[7],"8":[1],"9":[8],"10":[6],"11":[3],"12":[4],"13":[3],"14":[1]},"fnMap":{"0":{"name":"<instance_members_initializer>","decl":{"start":{"line":39,"column":7},"end":{"line":121,"column":1}},"loc":{"start":{"line":39,"column":7},"end":{"line":121,"column":1}},"line":39},"1":{"name":"DataSubjectService","decl":{"start":{"line":42,"column":2},"end":{"line":44,"column":3}},"loc":{"start":{"line":42,"column":2},"end":{"line":44,"column":3}},"line":42},"2":{"name":"export","decl":{"start":{"line":51,"column":2},"end":{"line":62,"column":3}},"loc":{"start":{"line":51,"column":2},"end":{"line":62,"column":3}},"line":51},"3":{"name":"erase","decl":{"start":{"line":69,"column":2},"end":{"line":75,"column":3}},"loc":{"start":{"line":69,"column":2},"end":{"line":75,"column":3}},"line":69},"4":{"name":"import","decl":{"start":{"line":93,"column":2},"end":{"line":120,"column":3}},"loc":{"start":{"line":93,"column":2},"end":{"line":120,"column":3}},"line":93}},"f":{"0":14,"1":14,"2":13,"3":4,"4":9}}
,"D:\\02_Work\\external_repo\\kokomaya\\LLPlayer\\aurora-player\\packages\\privacy\\src\\dsar\\import.ts": {"path":"D:\\02_Work\\external_repo\\kokomaya\\LLPlayer\\aurora-player\\packages\\privacy\\src\\dsar\\import.ts","all":false,"statementMap":{"0":{"start":{"line":1,"column":0},"end":{"line":1,"column":53}},"34":{"start":{"line":35,"column":0},"end":{"line":35,"column":63}},"35":{"start":{"line":36,"column":0},"end":{"line":36,"column":34}},"41":{"start":{"line":42,"column":0},"end":{"line":42,"column":60}},"42":{"start":{"line":43,"column":0},"end":{"line":43,"column":27}},"44":{"start":{"line":45,"column":0},"end":{"line":45,"column":32}},"45":{"start":{"line":46,"column":0},"end":{"line":46,"column":10}},"46":{"start":{"line":47,"column":0},"end":{"line":47,"column":82}},"47":{"start":{"line":48,"column":0},"end":{"line":48,"column":6}},"48":{"start":{"line":49,"column":0},"end":{"line":49,"column":50}},"49":{"start":{"line":50,"column":0},"end":{"line":50,"column":27}},"50":{"start":{"line":51,"column":0},"end":{"line":51,"column":3}},"51":{"start":{"line":52,"column":0},"end":{"line":52,"column":1}}},"s":{"0":1,"34":1,"35":9,"41":1,"42":1,"44":1,"45":1,"46":1,"47":1,"48":1,"49":1,"50":1,"51":1},"branchMap":{"0":{"type":"branch","line":35,"loc":{"start":{"line":35,"column":34},"end":{"line":36,"column":34}},"locations":[{"start":{"line":35,"column":34},"end":{"line":36,"column":34}}]},"1":{"type":"branch","line":42,"loc":{"start":{"line":42,"column":7},"end":{"line":52,"column":1}},"locations":[{"start":{"line":42,"column":7},"end":{"line":52,"column":1}}]},"2":{"type":"branch","line":45,"loc":{"start":{"line":45,"column":2},"end":{"line":51,"column":3}},"locations":[{"start":{"line":45,"column":2},"end":{"line":51,"column":3}}]}},"b":{"0":[9],"1":[1],"2":[1]},"fnMap":{"0":{"name":"isSupportedVersion","decl":{"start":{"line":35,"column":34},"end":{"line":36,"column":34}},"loc":{"start":{"line":35,"column":34},"end":{"line":36,"column":34}},"line":35},"1":{"name":"<instance_members_initializer>","decl":{"start":{"line":42,"column":7},"end":{"line":52,"column":1}},"loc":{"start":{"line":42,"column":7},"end":{"line":52,"column":1}},"line":42},"2":{"name":"UnsupportedSnapshotVersionError","decl":{"start":{"line":45,"column":2},"end":{"line":51,"column":3}},"loc":{"start":{"line":45,"column":2},"end":{"line":51,"column":3}},"line":45}},"f":{"0":9,"1":1,"2":1}}
,"D:\\02_Work\\external_repo\\kokomaya\\LLPlayer\\aurora-player\\packages\\privacy\\src\\retention\\policy.ts": {"path":"D:\\02_Work\\external_repo\\kokomaya\\LLPlayer\\aurora-player\\packages\\privacy\\src\\retention\\policy.ts","all":false,"statementMap":{"34":{"start":{"line":35,"column":0},"end":{"line":35,"column":72}},"35":{"start":{"line":36,"column":0},"end":{"line":36,"column":22}}},"s":{"34":1,"35":6},"branchMap":{"0":{"type":"branch","line":35,"loc":{"start":{"line":35,"column":25},"end":{"line":36,"column":22}},"locations":[{"start":{"line":35,"column":25},"end":{"line":36,"column":22}}]}},"b":{"0":[6]},"fnMap":{"0":{"name":"isExpired","decl":{"start":{"line":35,"column":25},"end":{"line":36,"column":22}},"loc":{"start":{"line":35,"column":25},"end":{"line":36,"column":22}},"line":35}},"f":{"0":6}}
,"D:\\02_Work\\external_repo\\kokomaya\\LLPlayer\\aurora-player\\packages\\privacy\\src\\retention\\retention-service.ts": {"path":"D:\\02_Work\\external_repo\\kokomaya\\LLPlayer\\aurora-player\\packages\\privacy\\src\\retention\\retention-service.ts","all":false,"statementMap":{"0":{"start":{"line":1,"column":0},"end":{"line":1,"column":77}},"32":{"start":{"line":33,"column":0},"end":{"line":33,"column":31}},"33":{"start":{"line":34,"column":0},"end":{"line":34,"column":41}},"35":{"start":{"line":36,"column":0},"end":{"line":36,"column":45}},"36":{"start":{"line":37,"column":0},"end":{"line":37,"column":24}},"37":{"start":{"line":38,"column":0},"end":{"line":38,"column":3}},"39":{"start":{"line":40,"column":0},"end":{"line":40,"column":14}},"40":{"start":{"line":41,"column":0},"end":{"line":41,"column":16}},"41":{"start":{"line":42,"column":0},"end":{"line":42,"column":28}},"42":{"start":{"line":43,"column":0},"end":{"line":43,"column":31}},"43":{"start":{"line":44,"column":0},"end":{"line":44,"column":31}},"44":{"start":{"line":45,"column":0},"end":{"line":45,"column":41}},"45":{"start":{"line":46,"column":0},"end":{"line":46,"column":48}},"46":{"start":{"line":47,"column":0},"end":{"line":47,"column":31}},"47":{"start":{"line":48,"column":0},"end":{"line":48,"column":33}},"48":{"start":{"line":49,"column":0},"end":{"line":49,"column":7}},"50":{"start":{"line":51,"column":0},"end":{"line":51,"column":77}},"51":{"start":{"line":52,"column":0},"end":{"line":52,"column":62}},"52":{"start":{"line":53,"column":0},"end":{"line":53,"column":75}},"54":{"start":{"line":55,"column":0},"end":{"line":55,"column":43}},"55":{"start":{"line":56,"column":0},"end":{"line":56,"column":18}},"56":{"start":{"line":57,"column":0},"end":{"line":57,"column":25}},"57":{"start":{"line":58,"column":0},"end":{"line":58,"column":67}},"58":{"start":{"line":59,"column":0},"end":{"line":59,"column":70}},"59":{"start":{"line":60,"column":0},"end":{"line":60,"column":9}},"60":{"start":{"line":61,"column":0},"end":{"line":61,"column":5}},"62":{"start":{"line":63,"column":0},"end":{"line":63,"column":12}},"63":{"start":{"line":64,"column":0},"end":{"line":64,"column":13}},"64":{"start":{"line":65,"column":0},"end":{"line":65,"column":50}},"65":{"start":{"line":66,"column":0},"end":{"line":66,"column":53}},"66":{"start":{"line":67,"column":0},"end":{"line":67,"column":56}},"67":{"start":{"line":68,"column":0},"end":{"line":68,"column":13}},"68":{"start":{"line":69,"column":0},"end":{"line":69,"column":6}},"69":{"start":{"line":70,"column":0},"end":{"line":70,"column":3}},"70":{"start":{"line":71,"column":0},"end":{"line":71,"column":1}}},"s":{"0":1,"32":1,"33":5,"35":5,"36":5,"37":5,"39":5,"40":5,"41":5,"42":5,"43":5,"44":5,"45":5,"46":5,"47":5,"48":5,"50":5,"51":5,"52":5,"54":5,"55":5,"56":4,"57":4,"58":4,"59":4,"60":4,"62":5,"63":5,"64":5,"65":5,"66":5,"67":5,"68":5,"69":5,"70":5},"branchMap":{"0":{"type":"branch","line":33,"loc":{"start":{"line":33,"column":7},"end":{"line":71,"column":1}},"locations":[{"start":{"line":33,"column":7},"end":{"line":71,"column":1}}]},"1":{"type":"branch","line":36,"loc":{"start":{"line":36,"column":2},"end":{"line":38,"column":3}},"locations":[{"start":{"line":36,"column":2},"end":{"line":38,"column":3}}]},"2":{"type":"branch","line":40,"loc":{"start":{"line":40,"column":2},"end":{"line":70,"column":3}},"locations":[{"start":{"line":40,"column":2},"end":{"line":70,"column":3}}]},"3":{"type":"branch","line":55,"loc":{"start":{"line":55,"column":27},"end":{"line":55,"column":43}},"locations":[{"start":{"line":55,"column":27},"end":{"line":55,"column":43}}]},"4":{"type":"branch","line":56,"loc":{"start":{"line":56,"column":17},"end":{"line":61,"column":5}},"locations":[{"start":{"line":56,"column":17},"end":{"line":61,"column":5}}]},"5":{"type":"branch","line":51,"loc":{"start":{"line":51,"column":38},"end":{"line":51,"column":75}},"locations":[{"start":{"line":51,"column":38},"end":{"line":51,"column":75}}]},"6":{"type":"branch","line":52,"loc":{"start":{"line":52,"column":48},"end":{"line":52,"column":59}},"locations":[{"start":{"line":52,"column":48},"end":{"line":52,"column":59}}]},"7":{"type":"branch","line":53,"loc":{"start":{"line":53,"column":41},"end":{"line":53,"column":73}},"locations":[{"start":{"line":53,"column":41},"end":{"line":53,"column":73}}]},"8":{"type":"branch","line":58,"loc":{"start":{"line":58,"column":28},"end":{"line":58,"column":65}},"locations":[{"start":{"line":58,"column":28},"end":{"line":58,"column":65}}]},"9":{"type":"branch","line":59,"loc":{"start":{"line":59,"column":29},"end":{"line":59,"column":68}},"locations":[{"start":{"line":59,"column":29},"end":{"line":59,"column":68}}]},"10":{"type":"branch","line":65,"loc":{"start":{"line":65,"column":37},"end":{"line":65,"column":48}},"locations":[{"start":{"line":65,"column":37},"end":{"line":65,"column":48}}]},"11":{"type":"branch","line":66,"loc":{"start":{"line":66,"column":40},"end":{"line":66,"column":51}},"locations":[{"start":{"line":66,"column":40},"end":{"line":66,"column":51}}]}},"b":{"0":[5],"1":[5],"2":[5],"3":[4],"4":[4],"5":[6],"6":[4],"7":[3],"8":[3],"9":[1],"10":[4],"11":[2]},"fnMap":{"0":{"name":"<instance_members_initializer>","decl":{"start":{"line":33,"column":7},"end":{"line":71,"column":1}},"loc":{"start":{"line":33,"column":7},"end":{"line":71,"column":1}},"line":33},"1":{"name":"RetentionService","decl":{"start":{"line":36,"column":2},"end":{"line":38,"column":3}},"loc":{"start":{"line":36,"column":2},"end":{"line":38,"column":3}},"line":36},"2":{"name":"prune","decl":{"start":{"line":40,"column":2},"end":{"line":70,"column":3}},"loc":{"start":{"line":40,"column":2},"end":{"line":70,"column":3}},"line":40}},"f":{"0":5,"1":5,"2":5}}
,"D:\\02_Work\\external_repo\\kokomaya\\LLPlayer\\aurora-player\\packages\\privacy\\src\\telemetry\\consent-gated-telemetry.ts": {"path":"D:\\02_Work\\external_repo\\kokomaya\\LLPlayer\\aurora-player\\packages\\privacy\\src\\telemetry\\consent-gated-telemetry.ts","all":false,"statementMap":{"0":{"start":{"line":1,"column":0},"end":{"line":1,"column":13}},"12":{"start":{"line":13,"column":0},"end":{"line":13,"column":69}},"32":{"start":{"line":33,"column":0},"end":{"line":33,"column":62}},"33":{"start":{"line":34,"column":0},"end":{"line":34,"column":34}},"34":{"start":{"line":35,"column":0},"end":{"line":35,"column":39}},"36":{"start":{"line":37,"column":0},"end":{"line":37,"column":66}},"37":{"start":{"line":38,"column":0},"end":{"line":38,"column":24}},"38":{"start":{"line":39,"column":0},"end":{"line":39,"column":28}},"39":{"start":{"line":40,"column":0},"end":{"line":40,"column":3}},"42":{"start":{"line":43,"column":0},"end":{"line":43,"column":52}},"43":{"start":{"line":44,"column":0},"end":{"line":44,"column":45}},"44":{"start":{"line":45,"column":0},"end":{"line":45,"column":51}},"45":{"start":{"line":46,"column":0},"end":{"line":46,"column":65}},"46":{"start":{"line":47,"column":0},"end":{"line":47,"column":5}},"47":{"start":{"line":48,"column":0},"end":{"line":48,"column":34}},"48":{"start":{"line":49,"column":0},"end":{"line":49,"column":3}},"49":{"start":{"line":50,"column":0},"end":{"line":50,"column":1}}},"s":{"0":1,"12":1,"32":1,"33":5,"34":5,"36":5,"37":5,"38":5,"39":5,"42":5,"43":8,"44":8,"45":5,"46":5,"47":3,"48":8,"49":5},"branchMap":{"0":{"type":"branch","line":33,"loc":{"start":{"line":33,"column":7},"end":{"line":50,"column":1}},"locations":[{"start":{"line":33,"column":7},"end":{"line":50,"column":1}}]},"1":{"type":"branch","line":37,"loc":{"start":{"line":37,"column":2},"end":{"line":40,"column":3}},"locations":[{"start":{"line":37,"column":2},"end":{"line":40,"column":3}}]},"2":{"type":"branch","line":43,"loc":{"start":{"line":43,"column":2},"end":{"line":49,"column":3}},"locations":[{"start":{"line":43,"column":2},"end":{"line":49,"column":3}}]},"3":{"type":"branch","line":45,"loc":{"start":{"line":45,"column":50},"end":{"line":47,"column":5}},"locations":[{"start":{"line":45,"column":50},"end":{"line":47,"column":5}}]},"4":{"type":"branch","line":47,"loc":{"start":{"line":47,"column":4},"end":{"line":48,"column":34}},"locations":[{"start":{"line":47,"column":4},"end":{"line":48,"column":34}}]}},"b":{"0":[5],"1":[5],"2":[8],"3":[5],"4":[3]},"fnMap":{"0":{"name":"<instance_members_initializer>","decl":{"start":{"line":33,"column":7},"end":{"line":50,"column":1}},"loc":{"start":{"line":33,"column":7},"end":{"line":50,"column":1}},"line":33},"1":{"name":"ConsentGatedTelemetry","decl":{"start":{"line":37,"column":2},"end":{"line":40,"column":3}},"loc":{"start":{"line":37,"column":2},"end":{"line":40,"column":3}},"line":37},"2":{"name":"emit","decl":{"start":{"line":43,"column":2},"end":{"line":49,"column":3}},"loc":{"start":{"line":43,"column":2},"end":{"line":49,"column":3}},"line":43}},"f":{"0":5,"1":5,"2":8}}
,"D:\\02_Work\\external_repo\\kokomaya\\LLPlayer\\aurora-player\\packages\\privacy\\src\\telemetry\\in-memory-telemetry-sink.ts": {"path":"D:\\02_Work\\external_repo\\kokomaya\\LLPlayer\\aurora-player\\packages\\privacy\\src\\telemetry\\in-memory-telemetry-sink.ts","all":false,"statementMap":{"10":{"start":{"line":11,"column":0},"end":{"line":11,"column":62}},"11":{"start":{"line":12,"column":0},"end":{"line":12,"column":42}},"13":{"start":{"line":14,"column":0},"end":{"line":14,"column":46}},"14":{"start":{"line":15,"column":0},"end":{"line":15,"column":29}},"15":{"start":{"line":16,"column":0},"end":{"line":16,"column":29}},"16":{"start":{"line":17,"column":0},"end":{"line":17,"column":3}},"19":{"start":{"line":20,"column":0},"end":{"line":20,"column":43}},"20":{"start":{"line":21,"column":0},"end":{"line":21,"column":24}},"21":{"start":{"line":22,"column":0},"end":{"line":22,"column":3}},"22":{"start":{"line":23,"column":0},"end":{"line":23,"column":1}}},"s":{"10":1,"11":2,"13":2,"14":3,"15":3,"16":3,"19":2,"20":4,"21":4,"22":2},"branchMap":{"0":{"type":"branch","line":11,"loc":{"start":{"line":11,"column":7},"end":{"line":23,"column":1}},"locations":[{"start":{"line":11,"column":7},"end":{"line":23,"column":1}}]},"1":{"type":"branch","line":14,"loc":{"start":{"line":14,"column":2},"end":{"line":17,"column":3}},"locations":[{"start":{"line":14,"column":2},"end":{"line":17,"column":3}}]},"2":{"type":"branch","line":20,"loc":{"start":{"line":20,"column":2},"end":{"line":22,"column":3}},"locations":[{"start":{"line":20,"column":2},"end":{"line":22,"column":3}}]}},"b":{"0":[2],"1":[3],"2":[4]},"fnMap":{"0":{"name":"<instance_members_initializer>","decl":{"start":{"line":11,"column":7},"end":{"line":23,"column":1}},"loc":{"start":{"line":11,"column":7},"end":{"line":23,"column":1}},"line":11},"1":{"name":"emit","decl":{"start":{"line":14,"column":2},"end":{"line":17,"column":3}},"loc":{"start":{"line":14,"column":2},"end":{"line":17,"column":3}},"line":14},"2":{"name":"get events","decl":{"start":{"line":20,"column":2},"end":{"line":22,"column":3}},"loc":{"start":{"line":20,"column":2},"end":{"line":22,"column":3}},"line":20}},"f":{"0":2,"1":3,"2":4}}
}
