<?xml version="1.0" encoding="UTF-8"?>
<coverage generated="1785077585092" clover="3.2.0">
  <project timestamp="1785077585092" name="All files">
    <metrics statements="283" coveredstatements="276" conditionals="141" coveredconditionals="136" methods="29" coveredmethods="27" elements="453" coveredelements="439" complexity="0" loc="283" ncloc="283" packages="1" files="5" classes="5"/>
    <file name="binary-search.ts" path="D:\02_Work\external_repo\kokomaya\LLPlayer\aurora-player\packages\timeline\src\binary-search.ts">
      <metrics statements="20" coveredstatements="20" conditionals="7" coveredconditionals="7" methods="1" coveredmethods="1"/>
      <line num="14" count="1" type="cond" truecount="1" falsecount="0"/>
      <line num="15" count="26" type="stmt"/>
      <line num="16" count="26" type="stmt"/>
      <line num="17" count="26" type="stmt"/>
      <line num="18" count="26" type="stmt"/>
      <line num="19" count="26" type="stmt"/>
      <line num="20" count="26" type="cond" truecount="1" falsecount="0"/>
      <line num="21" count="53" type="stmt"/>
      <line num="22" count="53" type="stmt"/>
      <line num="23" count="53" type="cond" truecount="1" falsecount="0"/>
      <line num="24" count="8" type="stmt"/>
      <line num="25" count="8" type="cond" truecount="1" falsecount="0"/>
      <line num="26" count="45" type="cond" truecount="1" falsecount="0"/>
      <line num="27" count="24" type="stmt"/>
      <line num="28" count="45" type="cond" truecount="1" falsecount="0"/>
      <line num="29" count="21" type="stmt"/>
      <line num="30" count="21" type="stmt"/>
      <line num="31" count="53" type="cond" truecount="1" falsecount="0"/>
      <line num="32" count="18" type="stmt"/>
      <line num="33" count="18" type="stmt"/>
    </file>
    <file name="model.ts" path="D:\02_Work\external_repo\kokomaya\LLPlayer\aurora-player\packages\timeline\src\model.ts">
      <metrics statements="0" coveredstatements="0" conditionals="1" coveredconditionals="1" methods="1" coveredmethods="1"/>
    </file>
    <file name="timeline.ts" path="D:\02_Work\external_repo\kokomaya\LLPlayer\aurora-player\packages\timeline\src\timeline.ts">
      <metrics statements="88" coveredstatements="85" conditionals="51" coveredconditionals="50" methods="10" coveredmethods="9"/>
      <line num="1" count="1" type="stmt"/>
      <line num="13" count="1" type="cond" truecount="1" falsecount="0"/>
      <line num="14" count="16" type="stmt"/>
      <line num="15" count="16" type="stmt"/>
      <line num="16" count="16" type="stmt"/>
      <line num="22" count="16" type="cond" truecount="1" falsecount="0"/>
      <line num="23" count="16" type="cond" truecount="1" falsecount="0"/>
      <line num="24" count="16" type="stmt"/>
      <line num="26" count="16" type="stmt"/>
      <line num="27" count="0" type="stmt"/>
      <line num="28" count="0" type="stmt"/>
      <line num="30" count="16" type="cond" truecount="1" falsecount="0"/>
      <line num="31" count="11" type="stmt"/>
      <line num="32" count="11" type="stmt"/>
      <line num="35" count="16" type="cond" truecount="1" falsecount="0"/>
      <line num="36" count="13" type="stmt"/>
      <line num="37" count="13" type="stmt"/>
      <line num="43" count="16" type="cond" truecount="1" falsecount="0"/>
      <line num="44" count="20" type="cond" truecount="1" falsecount="0"/>
      <line num="45" count="1" type="stmt"/>
      <line num="46" count="1" type="cond" truecount="1" falsecount="0"/>
      <line num="50" count="19" type="stmt"/>
      <line num="51" count="20" type="cond" truecount="3" falsecount="0"/>
      <line num="52" count="1" type="stmt"/>
      <line num="53" count="1" type="cond" truecount="1" falsecount="0"/>
      <line num="55" count="18" type="stmt"/>
      <line num="58" count="20" type="cond" truecount="1" falsecount="0"/>
      <line num="59" count="3" type="stmt"/>
      <line num="60" count="3" type="stmt"/>
      <line num="61" count="3" type="stmt"/>
      <line num="62" count="3" type="cond" truecount="1" falsecount="0"/>
      <line num="66" count="20" type="cond" truecount="2" falsecount="0"/>
      <line num="67" count="20" type="stmt"/>
      <line num="69" count="20" type="cond" truecount="1" falsecount="0"/>
      <line num="71" count="3" type="stmt"/>
      <line num="72" count="3" type="cond" truecount="2" falsecount="0"/>
      <line num="73" count="3" type="stmt"/>
      <line num="74" count="3" type="cond" truecount="1" falsecount="0"/>
      <line num="79" count="12" type="stmt"/>
      <line num="80" count="20" type="cond" truecount="2" falsecount="0"/>
      <line num="81" count="20" type="stmt"/>
      <line num="82" count="20" type="stmt"/>
      <line num="85" count="16" type="cond" truecount="1" falsecount="0"/>
      <line num="86" count="27" type="cond" truecount="2" falsecount="0"/>
      <line num="87" count="18" type="stmt"/>
      <line num="88" count="18" type="cond" truecount="1" falsecount="0"/>
      <line num="89" count="27" type="cond" truecount="2" falsecount="0"/>
      <line num="90" count="27" type="stmt"/>
      <line num="93" count="16" type="cond" truecount="1" falsecount="0"/>
      <line num="94" count="11" type="cond" truecount="1" falsecount="0"/>
      <line num="95" count="2" type="stmt"/>
      <line num="96" count="2" type="cond" truecount="1" falsecount="0"/>
      <line num="97" count="9" type="stmt"/>
      <line num="98" count="11" type="cond" truecount="1" falsecount="0"/>
      <line num="99" count="2" type="stmt"/>
      <line num="100" count="11" type="cond" truecount="1" falsecount="0"/>
      <line num="101" count="11" type="cond" truecount="1" falsecount="0"/>
      <line num="102" count="5" type="cond" truecount="1" falsecount="0"/>
      <line num="103" count="4" type="cond" truecount="1" falsecount="0"/>
      <line num="104" count="1" type="stmt"/>
      <line num="105" count="11" type="cond" truecount="1" falsecount="0"/>
      <line num="106" count="2" type="stmt"/>
      <line num="107" count="11" type="stmt"/>
      <line num="108" count="11" type="stmt"/>
      <line num="111" count="16" type="cond" truecount="1" falsecount="0"/>
      <line num="112" count="9" type="cond" truecount="2" falsecount="0"/>
      <line num="113" count="3" type="stmt"/>
      <line num="114" count="3" type="cond" truecount="1" falsecount="0"/>
      <line num="115" count="6" type="stmt"/>
      <line num="116" count="9" type="cond" truecount="1" falsecount="0"/>
      <line num="117" count="4" type="cond" truecount="2" falsecount="0"/>
      <line num="118" count="9" type="cond" truecount="1" falsecount="0"/>
      <line num="120" count="1" type="stmt"/>
      <line num="121" count="9" type="cond" truecount="1" falsecount="0"/>
      <line num="122" count="1" type="stmt"/>
      <line num="123" count="9" type="cond" truecount="0" falsecount="1"/>
      <line num="124" count="0" type="stmt"/>
      <line num="125" count="9" type="stmt"/>
      <line num="126" count="9" type="stmt"/>
      <line num="134" count="16" type="cond" truecount="1" falsecount="0"/>
      <line num="135" count="6" type="cond" truecount="2" falsecount="0"/>
      <line num="136" count="6" type="cond" truecount="1" falsecount="0"/>
      <line num="137" count="3" type="stmt"/>
      <line num="138" count="3" type="stmt"/>
      <line num="139" count="3" type="stmt"/>
      <line num="140" count="3" type="stmt"/>
      <line num="141" count="6" type="stmt"/>
      <line num="142" count="16" type="stmt"/>
    </file>
    <file name="word-cursor.ts" path="D:\02_Work\external_repo\kokomaya\LLPlayer\aurora-player\packages\timeline\src\word-cursor.ts">
      <metrics statements="139" coveredstatements="135" conditionals="68" coveredconditionals="64" methods="13" coveredmethods="12"/>
      <line num="11" count="1" type="cond" truecount="1" falsecount="0"/>
      <line num="12" count="9" type="stmt"/>
      <line num="13" count="9" type="stmt"/>
      <line num="14" count="9" type="cond" truecount="1" falsecount="0"/>
      <line num="15" count="9" type="cond" truecount="1" falsecount="0"/>
      <line num="22" count="1" type="cond" truecount="1" falsecount="0"/>
      <line num="23" count="10" type="stmt"/>
      <line num="24" count="10" type="cond" truecount="1" falsecount="0"/>
      <line num="25" count="10" type="cond" truecount="1" falsecount="1"/>
      <line num="26" count="10" type="cond" truecount="1" falsecount="0"/>
      <line num="28" count="10" type="stmt"/>
      <line num="29" count="10" type="stmt"/>
      <line num="30" count="10" type="cond" truecount="1" falsecount="0"/>
      <line num="31" count="29" type="stmt"/>
      <line num="32" count="29" type="stmt"/>
      <line num="33" count="29" type="stmt"/>
      <line num="34" count="29" type="cond" truecount="1" falsecount="0"/>
      <line num="35" count="10" type="cond" truecount="1" falsecount="0"/>
      <line num="36" count="19" type="stmt"/>
      <line num="37" count="29" type="stmt"/>
      <line num="38" count="10" type="stmt"/>
      <line num="39" count="10" type="stmt"/>
      <line num="40" count="10" type="stmt"/>
      <line num="48" count="1" type="cond" truecount="1" falsecount="0"/>
      <line num="49" count="34" type="stmt"/>
      <line num="50" count="34" type="cond" truecount="2" falsecount="0"/>
      <line num="51" count="25" type="cond" truecount="2" falsecount="0"/>
      <line num="52" count="9" type="cond" truecount="1" falsecount="0"/>
      <line num="54" count="34" type="cond" truecount="0" falsecount="1"/>
      <line num="55" count="0" type="stmt"/>
      <line num="56" count="0" type="stmt"/>
      <line num="58" count="34" type="cond" truecount="1" falsecount="0"/>
      <line num="59" count="34" type="cond" truecount="1" falsecount="0"/>
      <line num="60" count="24" type="cond" truecount="1" falsecount="0"/>
      <line num="61" count="64" type="stmt"/>
      <line num="62" count="64" type="stmt"/>
      <line num="63" count="64" type="stmt"/>
      <line num="64" count="24" type="stmt"/>
      <line num="65" count="24" type="cond" truecount="1" falsecount="0"/>
      <line num="66" count="10" type="stmt"/>
      <line num="67" count="10" type="cond" truecount="1" falsecount="0"/>
      <line num="68" count="10" type="stmt"/>
      <line num="69" count="10" type="stmt"/>
      <line num="70" count="10" type="stmt"/>
      <line num="82" count="1" type="cond" truecount="1" falsecount="0"/>
      <line num="83" count="21" type="stmt"/>
      <line num="84" count="21" type="stmt"/>
      <line num="85" count="21" type="stmt"/>
      <line num="87" count="21" type="cond" truecount="1" falsecount="0"/>
      <line num="88" count="21" type="cond" truecount="1" falsecount="0"/>
      <line num="89" count="21" type="stmt"/>
      <line num="90" count="21" type="cond" truecount="1" falsecount="0"/>
      <line num="91" count="34" type="cond" truecount="1" falsecount="0"/>
      <line num="92" count="93" type="stmt"/>
      <line num="93" count="93" type="stmt"/>
      <line num="94" count="93" type="stmt"/>
      <line num="95" count="93" type="stmt"/>
      <line num="96" count="93" type="stmt"/>
      <line num="97" count="93" type="stmt"/>
      <line num="98" count="93" type="stmt"/>
      <line num="99" count="34" type="stmt"/>
      <line num="100" count="34" type="stmt"/>
      <line num="102" count="21" type="cond" truecount="1" falsecount="0"/>
      <line num="103" count="21" type="stmt"/>
      <line num="104" count="21" type="stmt"/>
      <line num="107" count="21" type="cond" truecount="1" falsecount="0"/>
      <line num="108" count="14" type="stmt"/>
      <line num="109" count="14" type="stmt"/>
      <line num="112" count="21" type="stmt"/>
      <line num="113" count="0" type="stmt"/>
      <line num="114" count="0" type="stmt"/>
      <line num="117" count="21" type="cond" truecount="1" falsecount="0"/>
      <line num="118" count="5" type="cond" truecount="2" falsecount="1"/>
      <line num="119" count="5" type="stmt"/>
      <line num="125" count="21" type="cond" truecount="1" falsecount="0"/>
      <line num="126" count="5" type="stmt"/>
      <line num="127" count="5" type="cond" truecount="1" falsecount="0"/>
      <line num="128" count="1" type="stmt"/>
      <line num="129" count="1" type="cond" truecount="1" falsecount="0"/>
      <line num="130" count="4" type="stmt"/>
      <line num="131" count="5" type="cond" truecount="2" falsecount="0"/>
      <line num="132" count="5" type="stmt"/>
      <line num="139" count="21" type="cond" truecount="1" falsecount="0"/>
      <line num="140" count="9" type="cond" truecount="1" falsecount="0"/>
      <line num="141" count="2" type="stmt"/>
      <line num="142" count="2" type="cond" truecount="1" falsecount="0"/>
      <line num="143" count="7" type="stmt"/>
      <line num="144" count="9" type="cond" truecount="1" falsecount="0"/>
      <line num="145" count="1" type="stmt"/>
      <line num="146" count="1" type="cond" truecount="1" falsecount="0"/>
      <line num="147" count="6" type="stmt"/>
      <line num="148" count="9" type="cond" truecount="1" falsecount="0"/>
      <line num="149" count="3" type="stmt"/>
      <line num="150" count="3" type="stmt"/>
      <line num="151" count="3" type="stmt"/>
      <line num="152" count="9" type="cond" truecount="1" falsecount="0"/>
      <line num="153" count="2" type="stmt"/>
      <line num="154" count="2" type="cond" truecount="1" falsecount="0"/>
      <line num="155" count="1" type="stmt"/>
      <line num="156" count="1" type="stmt"/>
      <line num="157" count="9" type="cond" truecount="1" falsecount="1"/>
      <line num="158" count="9" type="stmt"/>
      <line num="161" count="21" type="cond" truecount="1" falsecount="0"/>
      <line num="162" count="4" type="stmt"/>
      <line num="163" count="4" type="cond" truecount="2" falsecount="0"/>
      <line num="164" count="4" type="stmt"/>
      <line num="165" count="4" type="stmt"/>
      <line num="172" count="21" type="cond" truecount="1" falsecount="0"/>
      <line num="173" count="6" type="cond" truecount="1" falsecount="0"/>
      <line num="174" count="1" type="stmt"/>
      <line num="175" count="1" type="cond" truecount="1" falsecount="0"/>
      <line num="176" count="5" type="stmt"/>
      <line num="177" count="5" type="cond" truecount="1" falsecount="0"/>
      <line num="178" count="2" type="cond" truecount="1" falsecount="0"/>
      <line num="179" count="1" type="cond" truecount="1" falsecount="0"/>
      <line num="180" count="1" type="cond" truecount="1" falsecount="0"/>
      <line num="181" count="3" type="cond" truecount="2" falsecount="0"/>
      <line num="182" count="6" type="cond" truecount="2" falsecount="0"/>
      <line num="183" count="2" type="stmt"/>
      <line num="184" count="2" type="cond" truecount="1" falsecount="0"/>
      <line num="185" count="3" type="stmt"/>
      <line num="186" count="3" type="stmt"/>
      <line num="187" count="6" type="stmt"/>
      <line num="190" count="21" type="cond" truecount="1" falsecount="0"/>
      <line num="191" count="12" type="stmt"/>
      <line num="192" count="12" type="stmt"/>
      <line num="193" count="12" type="stmt"/>
      <line num="194" count="12" type="cond" truecount="1" falsecount="0"/>
      <line num="195" count="32" type="stmt"/>
      <line num="196" count="32" type="cond" truecount="1" falsecount="0"/>
      <line num="197" count="17" type="stmt"/>
      <line num="198" count="17" type="stmt"/>
      <line num="199" count="32" type="cond" truecount="1" falsecount="0"/>
      <line num="200" count="15" type="stmt"/>
      <line num="201" count="15" type="stmt"/>
      <line num="202" count="32" type="stmt"/>
      <line num="203" count="12" type="stmt"/>
      <line num="204" count="12" type="stmt"/>
      <line num="205" count="21" type="stmt"/>
    </file>
    <file name="word-step.ts" path="D:\02_Work\external_repo\kokomaya\LLPlayer\aurora-player\packages\timeline\src\word-step.ts">
      <metrics statements="36" coveredstatements="36" conditionals="14" coveredconditionals="14" methods="4" coveredmethods="4"/>
      <line num="1" count="1" type="stmt"/>
      <line num="28" count="1" type="cond" truecount="1" falsecount="0"/>
      <line num="29" count="11" type="stmt"/>
      <line num="30" count="11" type="stmt"/>
      <line num="31" count="11" type="stmt"/>
      <line num="32" count="11" type="stmt"/>
      <line num="33" count="11" type="cond" truecount="1" falsecount="0"/>
      <line num="34" count="6" type="cond" truecount="2" falsecount="0"/>
      <line num="35" count="6" type="cond" truecount="1" falsecount="0"/>
      <line num="36" count="5" type="stmt"/>
      <line num="37" count="11" type="cond" truecount="1" falsecount="0"/>
      <line num="38" count="7" type="cond" truecount="1" falsecount="0"/>
      <line num="39" count="4" type="stmt"/>
      <line num="40" count="4" type="cond" truecount="1" falsecount="0"/>
      <line num="41" count="3" type="stmt"/>
      <line num="42" count="3" type="cond" truecount="1" falsecount="0"/>
      <line num="43" count="5" type="stmt"/>
      <line num="44" count="5" type="stmt"/>
      <line num="51" count="1" type="cond" truecount="1" falsecount="0"/>
      <line num="52" count="11" type="stmt"/>
      <line num="53" count="11" type="stmt"/>
      <line num="54" count="11" type="stmt"/>
      <line num="55" count="11" type="stmt"/>
      <line num="56" count="11" type="stmt"/>
      <line num="57" count="11" type="cond" truecount="1" falsecount="0"/>
      <line num="58" count="5" type="cond" truecount="1" falsecount="0"/>
      <line num="59" count="6" type="stmt"/>
      <line num="60" count="11" type="stmt"/>
      <line num="63" count="1" type="cond" truecount="1" falsecount="0"/>
      <line num="64" count="5" type="stmt"/>
      <line num="65" count="5" type="stmt"/>
      <line num="66" count="5" type="stmt"/>
      <line num="69" count="1" type="cond" truecount="1" falsecount="0"/>
      <line num="70" count="4" type="stmt"/>
      <line num="71" count="4" type="stmt"/>
      <line num="72" count="4" type="stmt"/>
    </file>
  </project>
</coverage>
