{"D:\\02_Work\\external_repo\\kokomaya\\LLPlayer\\aurora-player\\packages\\timeline\\src\\binary-search.ts": {"path":"D:\\02_Work\\external_repo\\kokomaya\\LLPlayer\\aurora-player\\packages\\timeline\\src\\binary-search.ts","all":false,"statementMap":{"13":{"start":{"line":14,"column":0},"end":{"line":14,"column":30}},"14":{"start":{"line":15,"column":0},"end":{"line":15,"column":30}},"15":{"start":{"line":16,"column":0},"end":{"line":16,"column":17}},"16":{"start":{"line":17,"column":0},"end":{"line":17,"column":14}},"17":{"start":{"line":18,"column":0},"end":{"line":18,"column":13}},"18":{"start":{"line":19,"column":0},"end":{"line":19,"column":28}},"19":{"start":{"line":20,"column":0},"end":{"line":20,"column":20}},"20":{"start":{"line":21,"column":0},"end":{"line":21,"column":32}},"21":{"start":{"line":22,"column":0},"end":{"line":22,"column":44}},"22":{"start":{"line":23,"column":0},"end":{"line":23,"column":27}},"23":{"start":{"line":24,"column":0},"end":{"line":24,"column":17}},"24":{"start":{"line":25,"column":0},"end":{"line":25,"column":5}},"25":{"start":{"line":26,"column":0},"end":{"line":26,"column":25}},"26":{"start":{"line":27,"column":0},"end":{"line":27,"column":19}},"27":{"start":{"line":28,"column":0},"end":{"line":28,"column":12}},"28":{"start":{"line":29,"column":0},"end":{"line":29,"column":19}},"29":{"start":{"line":30,"column":0},"end":{"line":30,"column":5}},"30":{"start":{"line":31,"column":0},"end":{"line":31,"column":3}},"31":{"start":{"line":32,"column":0},"end":{"line":32,"column":13}},"32":{"start":{"line":33,"column":0},"end":{"line":33,"column":2}}},"s":{"13":1,"14":26,"15":26,"16":26,"17":26,"18":26,"19":26,"20":53,"21":53,"22":53,"23":8,"24":8,"25":45,"26":24,"27":45,"28":21,"29":21,"30":53,"31":18,"32":18},"branchMap":{"0":{"type":"branch","line":14,"loc":{"start":{"line":14,"column":29},"end":{"line":33,"column":2}},"locations":[{"start":{"line":14,"column":29},"end":{"line":33,"column":2}}]},"1":{"type":"branch","line":20,"loc":{"start":{"line":20,"column":19},"end":{"line":31,"column":3}},"locations":[{"start":{"line":20,"column":19},"end":{"line":31,"column":3}}]},"2":{"type":"branch","line":23,"loc":{"start":{"line":23,"column":26},"end":{"line":25,"column":5}},"locations":[{"start":{"line":23,"column":26},"end":{"line":25,"column":5}}]},"3":{"type":"branch","line":25,"loc":{"start":{"line":25,"column":4},"end":{"line":30,"column":5}},"locations":[{"start":{"line":25,"column":4},"end":{"line":30,"column":5}}]},"4":{"type":"branch","line":26,"loc":{"start":{"line":26,"column":24},"end":{"line":28,"column":11}},"locations":[{"start":{"line":26,"column":24},"end":{"line":28,"column":11}}]},"5":{"type":"branch","line":28,"loc":{"start":{"line":28,"column":4},"end":{"line":30,"column":5}},"locations":[{"start":{"line":28,"column":4},"end":{"line":30,"column":5}}]},"6":{"type":"branch","line":31,"loc":{"start":{"line":31,"column":2},"end":{"line":33,"column":2}},"locations":[{"start":{"line":31,"column":2},"end":{"line":33,"column":2}}]}},"b":{"0":[26],"1":[53],"2":[8],"3":[45],"4":[24],"5":[21],"6":[18]},"fnMap":{"0":{"name":"locateByStart","decl":{"start":{"line":14,"column":29},"end":{"line":33,"column":2}},"loc":{"start":{"line":14,"column":29},"end":{"line":33,"column":2}},"line":14}},"f":{"0":26}}
,"D:\\02_Work\\external_repo\\kokomaya\\LLPlayer\\aurora-player\\packages\\timeline\\src\\model.ts": {"path":"D:\\02_Work\\external_repo\\kokomaya\\LLPlayer\\aurora-player\\packages\\timeline\\src\\model.ts","all":true,"statementMap":{},"s":{},"branchMap":{"0":{"type":"branch","line":1,"loc":{"start":{"line":1,"column":2384},"end":{"line":62,"column":68}},"locations":[{"start":{"line":1,"column":2384},"end":{"line":62,"column":68}}]}},"b":{"0":[1]},"fnMap":{"0":{"name":"(empty-report)","decl":{"start":{"line":1,"column":2384},"end":{"line":62,"column":68}},"loc":{"start":{"line":1,"column":2384},"end":{"line":62,"column":68}},"line":1}},"f":{"0":1}}
,"D:\\02_Work\\external_repo\\kokomaya\\LLPlayer\\aurora-player\\packages\\timeline\\src\\timeline.ts": {"path":"D:\\02_Work\\external_repo\\kokomaya\\LLPlayer\\aurora-player\\packages\\timeline\\src\\timeline.ts","all":false,"statementMap":{"0":{"start":{"line":1,"column":0},"end":{"line":1,"column":51}},"12":{"start":{"line":13,"column":0},"end":{"line":13,"column":31}},"13":{"start":{"line":14,"column":0},"end":{"line":14,"column":40}},"14":{"start":{"line":15,"column":0},"end":{"line":15,"column":21}},"15":{"start":{"line":16,"column":0},"end":{"line":16,"column":34}},"21":{"start":{"line":22,"column":0},"end":{"line":22,"column":44}},"22":{"start":{"line":23,"column":0},"end":{"line":23,"column":79}},"23":{"start":{"line":24,"column":0},"end":{"line":24,"column":3}},"25":{"start":{"line":26,"column":0},"end":{"line":26,"column":37}},"26":{"start":{"line":27,"column":0},"end":{"line":27,"column":23}},"27":{"start":{"line":28,"column":0},"end":{"line":28,"column":3}},"29":{"start":{"line":30,"column":0},"end":{"line":30,"column":30}},"30":{"start":{"line":31,"column":0},"end":{"line":31,"column":23}},"31":{"start":{"line":32,"column":0},"end":{"line":32,"column":3}},"34":{"start":{"line":35,"column":0},"end":{"line":35,"column":30}},"35":{"start":{"line":36,"column":0},"end":{"line":36,"column":30}},"36":{"start":{"line":37,"column":0},"end":{"line":37,"column":3}},"42":{"start":{"line":43,"column":0},"end":{"line":43,"column":30}},"43":{"start":{"line":44,"column":0},"end":{"line":44,"column":35}},"44":{"start":{"line":45,"column":0},"end":{"line":45,"column":18}},"45":{"start":{"line":46,"column":0},"end":{"line":46,"column":5}},"49":{"start":{"line":50,"column":0},"end":{"line":50,"column":35}},"50":{"start":{"line":51,"column":0},"end":{"line":51,"column":72}},"51":{"start":{"line":52,"column":0},"end":{"line":52,"column":18}},"52":{"start":{"line":53,"column":0},"end":{"line":53,"column":5}},"54":{"start":{"line":55,"column":0},"end":{"line":55,"column":51}},"57":{"start":{"line":58,"column":0},"end":{"line":58,"column":21}},"58":{"start":{"line":59,"column":0},"end":{"line":59,"column":30}},"59":{"start":{"line":60,"column":0},"end":{"line":60,"column":28}},"60":{"start":{"line":61,"column":0},"end":{"line":61,"column":18}},"61":{"start":{"line":62,"column":0},"end":{"line":62,"column":5}},"65":{"start":{"line":66,"column":0},"end":{"line":66,"column":41}},"66":{"start":{"line":67,"column":0},"end":{"line":67,"column":35}},"68":{"start":{"line":69,"column":0},"end":{"line":69,"column":41}},"70":{"start":{"line":71,"column":0},"end":{"line":71,"column":31}},"71":{"start":{"line":72,"column":0},"end":{"line":72,"column":67}},"72":{"start":{"line":73,"column":0},"end":{"line":73,"column":18}},"73":{"start":{"line":74,"column":0},"end":{"line":74,"column":5}},"78":{"start":{"line":79,"column":0},"end":{"line":79,"column":29}},"79":{"start":{"line":80,"column":0},"end":{"line":80,"column":68}},"80":{"start":{"line":81,"column":0},"end":{"line":81,"column":16}},"81":{"start":{"line":82,"column":0},"end":{"line":82,"column":3}},"84":{"start":{"line":85,"column":0},"end":{"line":85,"column":35}},"85":{"start":{"line":86,"column":0},"end":{"line":86,"column":64}},"86":{"start":{"line":87,"column":0},"end":{"line":87,"column":18}},"87":{"start":{"line":88,"column":0},"end":{"line":88,"column":5}},"88":{"start":{"line":89,"column":0},"end":{"line":89,"column":79}},"89":{"start":{"line":90,"column":0},"end":{"line":90,"column":3}},"92":{"start":{"line":93,"column":0},"end":{"line":93,"column":32}},"93":{"start":{"line":94,"column":0},"end":{"line":94,"column":35}},"94":{"start":{"line":95,"column":0},"end":{"line":95,"column":18}},"95":{"start":{"line":96,"column":0},"end":{"line":96,"column":5}},"96":{"start":{"line":97,"column":0},"end":{"line":97,"column":26}},"97":{"start":{"line":98,"column":0},"end":{"line":98,"column":19}},"98":{"start":{"line":99,"column":0},"end":{"line":99,"column":31}},"99":{"start":{"line":100,"column":0},"end":{"line":100,"column":21}},"100":{"start":{"line":101,"column":0},"end":{"line":101,"column":20}},"101":{"start":{"line":102,"column":0},"end":{"line":102,"column":58}},"102":{"start":{"line":103,"column":0},"end":{"line":103,"column":48}},"103":{"start":{"line":104,"column":0},"end":{"line":104,"column":17}},"104":{"start":{"line":105,"column":0},"end":{"line":105,"column":18}},"105":{"start":{"line":106,"column":0},"end":{"line":106,"column":20}},"106":{"start":{"line":107,"column":0},"end":{"line":107,"column":5}},"107":{"start":{"line":108,"column":0},"end":{"line":108,"column":3}},"110":{"start":{"line":111,"column":0},"end":{"line":111,"column":32}},"111":{"start":{"line":112,"column":0},"end":{"line":112,"column":64}},"112":{"start":{"line":113,"column":0},"end":{"line":113,"column":18}},"113":{"start":{"line":114,"column":0},"end":{"line":114,"column":5}},"114":{"start":{"line":115,"column":0},"end":{"line":115,"column":26}},"115":{"start":{"line":116,"column":0},"end":{"line":116,"column":21}},"116":{"start":{"line":117,"column":0},"end":{"line":117,"column":84}},"117":{"start":{"line":118,"column":0},"end":{"line":118,"column":20}},"119":{"start":{"line":120,"column":0},"end":{"line":120,"column":48}},"120":{"start":{"line":121,"column":0},"end":{"line":121,"column":18}},"121":{"start":{"line":122,"column":0},"end":{"line":122,"column":52}},"122":{"start":{"line":123,"column":0},"end":{"line":123,"column":19}},"123":{"start":{"line":124,"column":0},"end":{"line":124,"column":20}},"124":{"start":{"line":125,"column":0},"end":{"line":125,"column":5}},"125":{"start":{"line":126,"column":0},"end":{"line":126,"column":3}},"133":{"start":{"line":134,"column":0},"end":{"line":134,"column":60}},"134":{"start":{"line":135,"column":0},"end":{"line":135,"column":76}},"135":{"start":{"line":136,"column":0},"end":{"line":136,"column":18}},"136":{"start":{"line":137,"column":0},"end":{"line":137,"column":18}},"137":{"start":{"line":138,"column":0},"end":{"line":138,"column":5}},"138":{"start":{"line":139,"column":0},"end":{"line":139,"column":36}},"139":{"start":{"line":140,"column":0},"end":{"line":140,"column":18}},"140":{"start":{"line":141,"column":0},"end":{"line":141,"column":3}},"141":{"start":{"line":142,"column":0},"end":{"line":142,"column":1}}},"s":{"0":1,"12":1,"13":16,"14":16,"15":16,"21":16,"22":16,"23":16,"25":16,"26":0,"27":0,"29":16,"30":11,"31":11,"34":16,"35":13,"36":13,"42":16,"43":20,"44":1,"45":1,"49":19,"50":20,"51":1,"52":1,"54":18,"57":20,"58":3,"59":3,"60":3,"61":3,"65":20,"66":20,"68":20,"70":3,"71":3,"72":3,"73":3,"78":12,"79":20,"80":20,"81":20,"84":16,"85":27,"86":18,"87":18,"88":27,"89":27,"92":16,"93":11,"94":2,"95":2,"96":9,"97":11,"98":2,"99":11,"100":11,"101":5,"102":4,"103":1,"104":11,"105":2,"106":11,"107":11,"110":16,"111":9,"112":3,"113":3,"114":6,"115":9,"116":4,"117":9,"119":1,"120":9,"121":1,"122":9,"123":0,"124":9,"125":9,"133":16,"134":6,"135":6,"136":3,"137":3,"138":3,"139":3,"140":6,"141":16},"branchMap":{"0":{"type":"branch","line":13,"loc":{"start":{"line":13,"column":7},"end":{"line":142,"column":1}},"locations":[{"start":{"line":13,"column":7},"end":{"line":142,"column":1}}]},"1":{"type":"branch","line":22,"loc":{"start":{"line":22,"column":2},"end":{"line":24,"column":3}},"locations":[{"start":{"line":22,"column":2},"end":{"line":24,"column":3}}]},"2":{"type":"branch","line":23,"loc":{"start":{"line":23,"column":34},"end":{"line":23,"column":77}},"locations":[{"start":{"line":23,"column":34},"end":{"line":23,"column":77}}]},"3":{"type":"branch","line":30,"loc":{"start":{"line":30,"column":2},"end":{"line":32,"column":3}},"locations":[{"start":{"line":30,"column":2},"end":{"line":32,"column":3}}]},"4":{"type":"branch","line":35,"loc":{"start":{"line":35,"column":2},"end":{"line":37,"column":3}},"locations":[{"start":{"line":35,"column":2},"end":{"line":37,"column":3}}]},"5":{"type":"branch","line":43,"loc":{"start":{"line":43,"column":2},"end":{"line":82,"column":3}},"locations":[{"start":{"line":43,"column":2},"end":{"line":82,"column":3}}]},"6":{"type":"branch","line":44,"loc":{"start":{"line":44,"column":34},"end":{"line":46,"column":5}},"locations":[{"start":{"line":44,"column":34},"end":{"line":46,"column":5}}]},"7":{"type":"branch","line":46,"loc":{"start":{"line":46,"column":4},"end":{"line":51,"column":15}},"locations":[{"start":{"line":46,"column":4},"end":{"line":51,"column":15}}]},"8":{"type":"branch","line":51,"loc":{"start":{"line":51,"column":8},"end":{"line":51,"column":45}},"locations":[{"start":{"line":51,"column":8},"end":{"line":51,"column":45}}]},"9":{"type":"branch","line":51,"loc":{"start":{"line":51,"column":35},"end":{"line":51,"column":71}},"locations":[{"start":{"line":51,"column":35},"end":{"line":51,"column":71}}]},"10":{"type":"branch","line":51,"loc":{"start":{"line":51,"column":71},"end":{"line":53,"column":5}},"locations":[{"start":{"line":51,"column":71},"end":{"line":53,"column":5}}]},"11":{"type":"branch","line":53,"loc":{"start":{"line":53,"column":4},"end":{"line":58,"column":20}},"locations":[{"start":{"line":53,"column":4},"end":{"line":58,"column":20}}]},"12":{"type":"branch","line":58,"loc":{"start":{"line":58,"column":20},"end":{"line":62,"column":5}},"locations":[{"start":{"line":58,"column":20},"end":{"line":62,"column":5}}]},"13":{"type":"branch","line":62,"loc":{"start":{"line":62,"column":4},"end":{"line":66,"column":26}},"locations":[{"start":{"line":62,"column":4},"end":{"line":66,"column":26}}]},"14":{"type":"branch","line":66,"loc":{"start":{"line":66,"column":22},"end":{"line":66,"column":37}},"locations":[{"start":{"line":66,"column":22},"end":{"line":66,"column":37}}]},"15":{"type":"branch","line":66,"loc":{"start":{"line":66,"column":33},"end":{"line":66,"column":41}},"locations":[{"start":{"line":66,"column":33},"end":{"line":66,"column":41}}]},"16":{"type":"branch","line":69,"loc":{"start":{"line":69,"column":40},"end":{"line":74,"column":5}},"locations":[{"start":{"line":69,"column":40},"end":{"line":74,"column":5}}]},"17":{"type":"branch","line":72,"loc":{"start":{"line":72,"column":39},"end":{"line":72,"column":57}},"locations":[{"start":{"line":72,"column":39},"end":{"line":72,"column":57}}]},"18":{"type":"branch","line":72,"loc":{"start":{"line":72,"column":48},"end":{"line":72,"column":67}},"locations":[{"start":{"line":72,"column":48},"end":{"line":72,"column":67}}]},"19":{"type":"branch","line":74,"loc":{"start":{"line":74,"column":4},"end":{"line":80,"column":47}},"locations":[{"start":{"line":74,"column":4},"end":{"line":80,"column":47}}]},"20":{"type":"branch","line":80,"loc":{"start":{"line":80,"column":38},"end":{"line":80,"column":59}},"locations":[{"start":{"line":80,"column":38},"end":{"line":80,"column":59}}]},"21":{"type":"branch","line":80,"loc":{"start":{"line":80,"column":47},"end":{"line":80,"column":68}},"locations":[{"start":{"line":80,"column":47},"end":{"line":80,"column":68}}]},"22":{"type":"branch","line":85,"loc":{"start":{"line":85,"column":2},"end":{"line":90,"column":3}},"locations":[{"start":{"line":85,"column":2},"end":{"line":90,"column":3}}]},"23":{"type":"branch","line":86,"loc":{"start":{"line":86,"column":31},"end":{"line":86,"column":63}},"locations":[{"start":{"line":86,"column":31},"end":{"line":86,"column":63}}]},"24":{"type":"branch","line":86,"loc":{"start":{"line":86,"column":63},"end":{"line":88,"column":5}},"locations":[{"start":{"line":86,"column":63},"end":{"line":88,"column":5}}]},"25":{"type":"branch","line":88,"loc":{"start":{"line":88,"column":4},"end":{"line":89,"column":39}},"locations":[{"start":{"line":88,"column":4},"end":{"line":89,"column":39}}]},"26":{"type":"branch","line":89,"loc":{"start":{"line":89,"column":27},"end":{"line":89,"column":74}},"locations":[{"start":{"line":89,"column":27},"end":{"line":89,"column":74}}]},"27":{"type":"branch","line":89,"loc":{"start":{"line":89,"column":69},"end":{"line":89,"column":79}},"locations":[{"start":{"line":89,"column":69},"end":{"line":89,"column":79}}]},"28":{"type":"branch","line":93,"loc":{"start":{"line":93,"column":2},"end":{"line":108,"column":3}},"locations":[{"start":{"line":93,"column":2},"end":{"line":108,"column":3}}]},"29":{"type":"branch","line":94,"loc":{"start":{"line":94,"column":34},"end":{"line":96,"column":5}},"locations":[{"start":{"line":94,"column":34},"end":{"line":96,"column":5}}]},"30":{"type":"branch","line":96,"loc":{"start":{"line":96,"column":4},"end":{"line":97,"column":26}},"locations":[{"start":{"line":96,"column":4},"end":{"line":97,"column":26}}]},"31":{"type":"branch","line":98,"loc":{"start":{"line":98,"column":6},"end":{"line":99,"column":31}},"locations":[{"start":{"line":98,"column":6},"end":{"line":99,"column":31}}]},"32":{"type":"branch","line":100,"loc":{"start":{"line":100,"column":6},"end":{"line":100,"column":21}},"locations":[{"start":{"line":100,"column":6},"end":{"line":100,"column":21}}]},"33":{"type":"branch","line":101,"loc":{"start":{"line":101,"column":6},"end":{"line":104,"column":17}},"locations":[{"start":{"line":101,"column":6},"end":{"line":104,"column":17}}]},"34":{"type":"branch","line":102,"loc":{"start":{"line":102,"column":57},"end":{"line":103,"column":48}},"locations":[{"start":{"line":102,"column":57},"end":{"line":103,"column":48}}]},"35":{"type":"branch","line":103,"loc":{"start":{"line":103,"column":46},"end":{"line":104,"column":17}},"locations":[{"start":{"line":103,"column":46},"end":{"line":104,"column":17}}]},"36":{"type":"branch","line":105,"loc":{"start":{"line":105,"column":6},"end":{"line":106,"column":20}},"locations":[{"start":{"line":105,"column":6},"end":{"line":106,"column":20}}]},"37":{"type":"branch","line":111,"loc":{"start":{"line":111,"column":2},"end":{"line":126,"column":3}},"locations":[{"start":{"line":111,"column":2},"end":{"line":126,"column":3}}]},"38":{"type":"branch","line":112,"loc":{"start":{"line":112,"column":31},"end":{"line":112,"column":63}},"locations":[{"start":{"line":112,"column":31},"end":{"line":112,"column":63}}]},"39":{"type":"branch","line":112,"loc":{"start":{"line":112,"column":63},"end":{"line":114,"column":5}},"locations":[{"start":{"line":112,"column":63},"end":{"line":114,"column":5}}]},"40":{"type":"branch","line":114,"loc":{"start":{"line":114,"column":4},"end":{"line":115,"column":26}},"locations":[{"start":{"line":114,"column":4},"end":{"line":115,"column":26}}]},"41":{"type":"branch","line":116,"loc":{"start":{"line":116,"column":6},"end":{"line":117,"column":84}},"locations":[{"start":{"line":116,"column":6},"end":{"line":117,"column":84}}]},"42":{"type":"branch","line":117,"loc":{"start":{"line":117,"column":36},"end":{"line":117,"column":79}},"locations":[{"start":{"line":117,"column":36},"end":{"line":117,"column":79}}]},"43":{"type":"branch","line":117,"loc":{"start":{"line":117,"column":74},"end":{"line":117,"column":84}},"locations":[{"start":{"line":117,"column":74},"end":{"line":117,"column":84}}]},"44":{"type":"branch","line":118,"loc":{"start":{"line":118,"column":6},"end":{"line":120,"column":48}},"locations":[{"start":{"line":118,"column":6},"end":{"line":120,"column":48}}]},"45":{"type":"branch","line":121,"loc":{"start":{"line":121,"column":6},"end":{"line":122,"column":52}},"locations":[{"start":{"line":121,"column":6},"end":{"line":122,"column":52}}]},"46":{"type":"branch","line":123,"loc":{"start":{"line":123,"column":6},"end":{"line":124,"column":20}},"locations":[{"start":{"line":123,"column":6},"end":{"line":124,"column":20}}]},"47":{"type":"branch","line":134,"loc":{"start":{"line":134,"column":2},"end":{"line":141,"column":3}},"locations":[{"start":{"line":134,"column":2},"end":{"line":141,"column":3}}]},"48":{"type":"branch","line":135,"loc":{"start":{"line":135,"column":33},"end":{"line":135,"column":60}},"locations":[{"start":{"line":135,"column":33},"end":{"line":135,"column":60}}]},"49":{"type":"branch","line":135,"loc":{"start":{"line":135,"column":56},"end":{"line":135,"column":76}},"locations":[{"start":{"line":135,"column":56},"end":{"line":135,"column":76}}]},"50":{"type":"branch","line":136,"loc":{"start":{"line":136,"column":17},"end":{"line":140,"column":18}},"locations":[{"start":{"line":136,"column":17},"end":{"line":140,"column":18}}]}},"b":{"0":[16],"1":[16],"2":[63],"3":[11],"4":[13],"5":[20],"6":[1],"7":[19],"8":[3],"9":[2],"10":[1],"11":[18],"12":[3],"13":[15],"14":[10],"15":[5],"16":[3],"17":[2],"18":[1],"19":[12],"20":[11],"21":[1],"22":[27],"23":[26],"24":[18],"25":[9],"26":[7],"27":[2],"28":[11],"29":[2],"30":[9],"31":[2],"32":[4],"33":[5],"34":[4],"35":[1],"36":[2],"37":[9],"38":[8],"39":[3],"40":[6],"41":[4],"42":[3],"43":[1],"44":[1],"45":[1],"46":[0],"47":[6],"48":[4],"49":[2],"50":[3]},"fnMap":{"0":{"name":"<instance_members_initializer>","decl":{"start":{"line":13,"column":7},"end":{"line":142,"column":1}},"loc":{"start":{"line":13,"column":7},"end":{"line":142,"column":1}},"line":13},"1":{"name":"SubtitleTimeline","decl":{"start":{"line":22,"column":2},"end":{"line":24,"column":3}},"loc":{"start":{"line":22,"column":2},"end":{"line":24,"column":3}},"line":22},"2":{"name":"get lines","decl":{"start":{"line":26,"column":2},"end":{"line":28,"column":3}},"loc":{"start":{"line":26,"column":2},"end":{"line":28,"column":3}},"line":26},"3":{"name":"get state","decl":{"start":{"line":30,"column":2},"end":{"line":32,"column":3}},"loc":{"start":{"line":30,"column":2},"end":{"line":32,"column":3}},"line":30},"4":{"name":"get currentIndex","decl":{"start":{"line":35,"column":2},"end":{"line":37,"column":3}},"loc":{"start":{"line":35,"column":2},"end":{"line":37,"column":3}},"line":35},"5":{"name":"seek","decl":{"start":{"line":43,"column":2},"end":{"line":82,"column":3}},"loc":{"start":{"line":43,"column":2},"end":{"line":82,"column":3}},"line":43},"6":{"name":"currentLine","decl":{"start":{"line":85,"column":2},"end":{"line":90,"column":3}},"loc":{"start":{"line":85,"column":2},"end":{"line":90,"column":3}},"line":85},"7":{"name":"nextLine","decl":{"start":{"line":93,"column":2},"end":{"line":108,"column":3}},"loc":{"start":{"line":93,"column":2},"end":{"line":108,"column":3}},"line":93},"8":{"name":"prevLine","decl":{"start":{"line":111,"column":2},"end":{"line":126,"column":3}},"loc":{"start":{"line":111,"column":2},"end":{"line":126,"column":3}},"line":111},"9":{"name":"jumpSentence","decl":{"start":{"line":134,"column":2},"end":{"line":141,"column":3}},"loc":{"start":{"line":134,"column":2},"end":{"line":141,"column":3}},"line":134}},"f":{"0":16,"1":16,"2":0,"3":11,"4":13,"5":20,"6":27,"7":11,"8":9,"9":6}}
,"D:\\02_Work\\external_repo\\kokomaya\\LLPlayer\\aurora-player\\packages\\timeline\\src\\word-cursor.ts": {"path":"D:\\02_Work\\external_repo\\kokomaya\\LLPlayer\\aurora-player\\packages\\timeline\\src\\word-cursor.ts","all":false,"statementMap":{"10":{"start":{"line":11,"column":0},"end":{"line":11,"column":45}},"11":{"start":{"line":12,"column":0},"end":{"line":12,"column":6}},"12":{"start":{"line":13,"column":0},"end":{"line":13,"column":17}},"13":{"start":{"line":14,"column":0},"end":{"line":14,"column":25}},"14":{"start":{"line":15,"column":0},"end":{"line":15,"column":33}},"21":{"start":{"line":22,"column":0},"end":{"line":22,"column":85}},"22":{"start":{"line":23,"column":0},"end":{"line":23,"column":56}},"23":{"start":{"line":24,"column":0},"end":{"line":24,"column":51}},"24":{"start":{"line":25,"column":0},"end":{"line":25,"column":62}},"25":{"start":{"line":26,"column":0},"end":{"line":26,"column":51}},"27":{"start":{"line":28,"column":0},"end":{"line":28,"column":33}},"28":{"start":{"line":29,"column":0},"end":{"line":29,"column":14}},"29":{"start":{"line":30,"column":0},"end":{"line":30,"column":30}},"30":{"start":{"line":31,"column":0},"end":{"line":31,"column":69}},"31":{"start":{"line":32,"column":0},"end":{"line":32,"column":23}},"32":{"start":{"line":33,"column":0},"end":{"line":33,"column":17}},"33":{"start":{"line":34,"column":0},"end":{"line":34,"column":28}},"34":{"start":{"line":35,"column":0},"end":{"line":35,"column":21}},"35":{"start":{"line":36,"column":0},"end":{"line":36,"column":59}},"36":{"start":{"line":37,"column":0},"end":{"line":37,"column":93}},"37":{"start":{"line":38,"column":0},"end":{"line":38,"column":5}},"38":{"start":{"line":39,"column":0},"end":{"line":39,"column":13}},"39":{"start":{"line":40,"column":0},"end":{"line":40,"column":2}},"47":{"start":{"line":48,"column":0},"end":{"line":48,"column":59}},"48":{"start":{"line":49,"column":0},"end":{"line":49,"column":40}},"49":{"start":{"line":50,"column":0},"end":{"line":50,"column":39}},"50":{"start":{"line":51,"column":0},"end":{"line":51,"column":58}},"51":{"start":{"line":52,"column":0},"end":{"line":52,"column":55}},"53":{"start":{"line":54,"column":0},"end":{"line":54,"column":30}},"54":{"start":{"line":55,"column":0},"end":{"line":55,"column":14}},"55":{"start":{"line":56,"column":0},"end":{"line":56,"column":3}},"57":{"start":{"line":58,"column":0},"end":{"line":58,"column":64}},"58":{"start":{"line":59,"column":0},"end":{"line":59,"column":17}},"59":{"start":{"line":60,"column":0},"end":{"line":60,"column":33}},"60":{"start":{"line":61,"column":0},"end":{"line":61,"column":19}},"61":{"start":{"line":62,"column":0},"end":{"line":62,"column":22}},"62":{"start":{"line":63,"column":0},"end":{"line":63,"column":23}},"63":{"start":{"line":64,"column":0},"end":{"line":64,"column":8}},"64":{"start":{"line":65,"column":0},"end":{"line":65,"column":3}},"65":{"start":{"line":66,"column":0},"end":{"line":66,"column":21}},"66":{"start":{"line":67,"column":0},"end":{"line":67,"column":32}},"67":{"start":{"line":68,"column":0},"end":{"line":68,"column":15}},"68":{"start":{"line":69,"column":0},"end":{"line":69,"column":4}},"69":{"start":{"line":70,"column":0},"end":{"line":70,"column":2}},"81":{"start":{"line":82,"column":0},"end":{"line":82,"column":25}},"82":{"start":{"line":83,"column":0},"end":{"line":83,"column":40}},"83":{"start":{"line":84,"column":0},"end":{"line":84,"column":38}},"84":{"start":{"line":85,"column":0},"end":{"line":85,"column":14}},"86":{"start":{"line":87,"column":0},"end":{"line":87,"column":44}},"87":{"start":{"line":88,"column":0},"end":{"line":88,"column":79}},"88":{"start":{"line":89,"column":0},"end":{"line":89,"column":31}},"89":{"start":{"line":90,"column":0},"end":{"line":90,"column":37}},"90":{"start":{"line":91,"column":0},"end":{"line":91,"column":52}},"91":{"start":{"line":92,"column":0},"end":{"line":92,"column":19}},"92":{"start":{"line":93,"column":0},"end":{"line":93,"column":15}},"93":{"start":{"line":94,"column":0},"end":{"line":94,"column":20}},"94":{"start":{"line":95,"column":0},"end":{"line":95,"column":23}},"95":{"start":{"line":96,"column":0},"end":{"line":96,"column":25}},"96":{"start":{"line":97,"column":0},"end":{"line":97,"column":33}},"97":{"start":{"line":98,"column":0},"end":{"line":98,"column":11}},"98":{"start":{"line":99,"column":0},"end":{"line":99,"column":9}},"99":{"start":{"line":100,"column":0},"end":{"line":100,"column":5}},"101":{"start":{"line":102,"column":0},"end":{"line":102,"column":59}},"102":{"start":{"line":103,"column":0},"end":{"line":103,"column":23}},"103":{"start":{"line":104,"column":0},"end":{"line":104,"column":3}},"106":{"start":{"line":107,"column":0},"end":{"line":107,"column":35}},"107":{"start":{"line":108,"column":0},"end":{"line":108,"column":23}},"108":{"start":{"line":109,"column":0},"end":{"line":109,"column":3}},"111":{"start":{"line":112,"column":0},"end":{"line":112,"column":30}},"112":{"start":{"line":113,"column":0},"end":{"line":113,"column":23}},"113":{"start":{"line":114,"column":0},"end":{"line":114,"column":3}},"116":{"start":{"line":117,"column":0},"end":{"line":117,"column":29}},"117":{"start":{"line":118,"column":0},"end":{"line":118,"column":71}},"118":{"start":{"line":119,"column":0},"end":{"line":119,"column":3}},"124":{"start":{"line":125,"column":0},"end":{"line":125,"column":47}},"125":{"start":{"line":126,"column":0},"end":{"line":126,"column":35}},"126":{"start":{"line":127,"column":0},"end":{"line":127,"column":16}},"127":{"start":{"line":128,"column":0},"end":{"line":128,"column":18}},"128":{"start":{"line":129,"column":0},"end":{"line":129,"column":5}},"129":{"start":{"line":130,"column":0},"end":{"line":130,"column":33}},"130":{"start":{"line":131,"column":0},"end":{"line":131,"column":52}},"131":{"start":{"line":132,"column":0},"end":{"line":132,"column":3}},"138":{"start":{"line":139,"column":0},"end":{"line":139,"column":47}},"139":{"start":{"line":140,"column":0},"end":{"line":140,"column":35}},"140":{"start":{"line":141,"column":0},"end":{"line":141,"column":18}},"141":{"start":{"line":142,"column":0},"end":{"line":142,"column":5}},"142":{"start":{"line":143,"column":0},"end":{"line":143,"column":35}},"143":{"start":{"line":144,"column":0},"end":{"line":144,"column":16}},"144":{"start":{"line":145,"column":0},"end":{"line":145,"column":54}},"145":{"start":{"line":146,"column":0},"end":{"line":146,"column":5}},"146":{"start":{"line":147,"column":0},"end":{"line":147,"column":35}},"147":{"start":{"line":148,"column":0},"end":{"line":148,"column":39}},"148":{"start":{"line":149,"column":0},"end":{"line":149,"column":37}},"149":{"start":{"line":150,"column":0},"end":{"line":150,"column":5}},"150":{"start":{"line":151,"column":0},"end":{"line":151,"column":37}},"151":{"start":{"line":152,"column":0},"end":{"line":152,"column":17}},"152":{"start":{"line":153,"column":0},"end":{"line":153,"column":42}},"153":{"start":{"line":154,"column":0},"end":{"line":154,"column":5}},"154":{"start":{"line":155,"column":0},"end":{"line":155,"column":51}},"155":{"start":{"line":156,"column":0},"end":{"line":156,"column":51}},"156":{"start":{"line":157,"column":0},"end":{"line":157,"column":51}},"157":{"start":{"line":158,"column":0},"end":{"line":158,"column":3}},"160":{"start":{"line":161,"column":0},"end":{"line":161,"column":30}},"161":{"start":{"line":162,"column":0},"end":{"line":162,"column":41}},"162":{"start":{"line":163,"column":0},"end":{"line":163,"column":54}},"163":{"start":{"line":164,"column":0},"end":{"line":164,"column":16}},"164":{"start":{"line":165,"column":0},"end":{"line":165,"column":3}},"171":{"start":{"line":172,"column":0},"end":{"line":172,"column":54}},"172":{"start":{"line":173,"column":0},"end":{"line":173,"column":35}},"173":{"start":{"line":174,"column":0},"end":{"line":174,"column":18}},"174":{"start":{"line":175,"column":0},"end":{"line":175,"column":5}},"175":{"start":{"line":176,"column":0},"end":{"line":176,"column":18}},"176":{"start":{"line":177,"column":0},"end":{"line":177,"column":21}},"177":{"start":{"line":178,"column":0},"end":{"line":178,"column":30}},"178":{"start":{"line":179,"column":0},"end":{"line":179,"column":13}},"179":{"start":{"line":180,"column":0},"end":{"line":180,"column":14}},"180":{"start":{"line":181,"column":0},"end":{"line":181,"column":56}},"181":{"start":{"line":182,"column":0},"end":{"line":182,"column":53}},"182":{"start":{"line":183,"column":0},"end":{"line":183,"column":18}},"183":{"start":{"line":184,"column":0},"end":{"line":184,"column":5}},"184":{"start":{"line":185,"column":0},"end":{"line":185,"column":25}},"185":{"start":{"line":186,"column":0},"end":{"line":186,"column":32}},"186":{"start":{"line":187,"column":0},"end":{"line":187,"column":3}},"189":{"start":{"line":190,"column":0},"end":{"line":190,"column":35}},"190":{"start":{"line":191,"column":0},"end":{"line":191,"column":15}},"191":{"start":{"line":192,"column":0},"end":{"line":192,"column":36}},"192":{"start":{"line":193,"column":0},"end":{"line":193,"column":17}},"193":{"start":{"line":194,"column":0},"end":{"line":194,"column":22}},"194":{"start":{"line":195,"column":0},"end":{"line":195,"column":34}},"195":{"start":{"line":196,"column":0},"end":{"line":196,"column":54}},"196":{"start":{"line":197,"column":0},"end":{"line":197,"column":18}},"197":{"start":{"line":198,"column":0},"end":{"line":198,"column":21}},"198":{"start":{"line":199,"column":0},"end":{"line":199,"column":14}},"199":{"start":{"line":200,"column":0},"end":{"line":200,"column":21}},"200":{"start":{"line":201,"column":0},"end":{"line":201,"column":7}},"201":{"start":{"line":202,"column":0},"end":{"line":202,"column":5}},"202":{"start":{"line":203,"column":0},"end":{"line":203,"column":15}},"203":{"start":{"line":204,"column":0},"end":{"line":204,"column":3}},"204":{"start":{"line":205,"column":0},"end":{"line":205,"column":1}}},"s":{"10":1,"11":9,"12":9,"13":9,"14":9,"21":1,"22":10,"23":10,"24":10,"25":10,"27":10,"28":10,"29":10,"30":29,"31":29,"32":29,"33":29,"34":10,"35":19,"36":29,"37":10,"38":10,"39":10,"47":1,"48":34,"49":34,"50":25,"51":9,"53":34,"54":0,"55":0,"57":34,"58":34,"59":24,"60":64,"61":64,"62":64,"63":24,"64":24,"65":10,"66":10,"67":10,"68":10,"69":10,"81":1,"82":21,"83":21,"84":21,"86":21,"87":21,"88":21,"89":21,"90":34,"91":93,"92":93,"93":93,"94":93,"95":93,"96":93,"97":93,"98":34,"99":34,"101":21,"102":21,"103":21,"106":21,"107":14,"108":14,"111":21,"112":0,"113":0,"116":21,"117":5,"118":5,"124":21,"125":5,"126":5,"127":1,"128":1,"129":4,"130":5,"131":5,"138":21,"139":9,"140":2,"141":2,"142":7,"143":9,"144":1,"145":1,"146":6,"147":9,"148":3,"149":3,"150":3,"151":9,"152":2,"153":2,"154":1,"155":1,"156":9,"157":9,"160":21,"161":4,"162":4,"163":4,"164":4,"171":21,"172":6,"173":1,"174":1,"175":5,"176":5,"177":2,"178":1,"179":1,"180":3,"181":6,"182":2,"183":2,"184":3,"185":3,"186":6,"189":21,"190":12,"191":12,"192":12,"193":12,"194":32,"195":32,"196":17,"197":17,"198":32,"199":15,"200":15,"201":32,"202":12,"203":12,"204":21},"branchMap":{"0":{"type":"branch","line":11,"loc":{"start":{"line":11,"column":18},"end":{"line":15,"column":33}},"locations":[{"start":{"line":11,"column":18},"end":{"line":15,"column":33}}]},"1":{"type":"branch","line":14,"loc":{"start":{"line":14,"column":9},"end":{"line":14,"column":24}},"locations":[{"start":{"line":14,"column":9},"end":{"line":14,"column":24}}]},"2":{"type":"branch","line":15,"loc":{"start":{"line":15,"column":12},"end":{"line":15,"column":31}},"locations":[{"start":{"line":15,"column":12},"end":{"line":15,"column":31}}]},"3":{"type":"branch","line":22,"loc":{"start":{"line":22,"column":20},"end":{"line":40,"column":2}},"locations":[{"start":{"line":22,"column":20},"end":{"line":40,"column":2}}]},"4":{"type":"branch","line":24,"loc":{"start":{"line":24,"column":30},"end":{"line":24,"column":49}},"locations":[{"start":{"line":24,"column":30},"end":{"line":24,"column":49}}]},"5":{"type":"branch","line":25,"loc":{"start":{"line":25,"column":28},"end":{"line":25,"column":60}},"locations":[{"start":{"line":25,"column":28},"end":{"line":25,"column":60}}]},"6":{"type":"branch","line":25,"loc":{"start":{"line":25,"column":49},"end":{"line":25,"column":60}},"locations":[{"start":{"line":25,"column":49},"end":{"line":25,"column":60}}]},"7":{"type":"branch","line":26,"loc":{"start":{"line":26,"column":31},"end":{"line":26,"column":48}},"locations":[{"start":{"line":26,"column":31},"end":{"line":26,"column":48}}]},"8":{"type":"branch","line":30,"loc":{"start":{"line":30,"column":16},"end":{"line":38,"column":3}},"locations":[{"start":{"line":30,"column":16},"end":{"line":38,"column":3}}]},"9":{"type":"branch","line":34,"loc":{"start":{"line":34,"column":27},"end":{"line":35,"column":21}},"locations":[{"start":{"line":34,"column":27},"end":{"line":35,"column":21}}]},"10":{"type":"branch","line":35,"loc":{"start":{"line":35,"column":16},"end":{"line":36,"column":59}},"locations":[{"start":{"line":35,"column":16},"end":{"line":36,"column":59}}]},"11":{"type":"branch","line":48,"loc":{"start":{"line":48,"column":21},"end":{"line":70,"column":2}},"locations":[{"start":{"line":48,"column":21},"end":{"line":70,"column":2}}]},"12":{"type":"branch","line":50,"loc":{"start":{"line":50,"column":9},"end":{"line":50,"column":39}},"locations":[{"start":{"line":50,"column":9},"end":{"line":50,"column":39}}]},"13":{"type":"branch","line":50,"loc":{"start":{"line":50,"column":38},"end":{"line":51,"column":58}},"locations":[{"start":{"line":50,"column":38},"end":{"line":51,"column":58}}]},"14":{"type":"branch","line":51,"loc":{"start":{"line":51,"column":57},"end":{"line":52,"column":55}},"locations":[{"start":{"line":51,"column":57},"end":{"line":52,"column":55}}]},"15":{"type":"branch","line":54,"loc":{"start":{"line":54,"column":29},"end":{"line":56,"column":3}},"locations":[{"start":{"line":54,"column":29},"end":{"line":56,"column":3}}]},"16":{"type":"branch","line":59,"loc":{"start":{"line":59,"column":16},"end":{"line":65,"column":3}},"locations":[{"start":{"line":59,"column":16},"end":{"line":65,"column":3}}]},"17":{"type":"branch","line":65,"loc":{"start":{"line":65,"column":2},"end":{"line":70,"column":2}},"locations":[{"start":{"line":65,"column":2},"end":{"line":70,"column":2}}]},"18":{"type":"branch","line":51,"loc":{"start":{"line":51,"column":26},"end":{"line":51,"column":57}},"locations":[{"start":{"line":51,"column":26},"end":{"line":51,"column":57}}]},"19":{"type":"branch","line":52,"loc":{"start":{"line":52,"column":33},"end":{"line":52,"column":53}},"locations":[{"start":{"line":52,"column":33},"end":{"line":52,"column":53}}]},"20":{"type":"branch","line":58,"loc":{"start":{"line":58,"column":34},"end":{"line":58,"column":62}},"locations":[{"start":{"line":58,"column":34},"end":{"line":58,"column":62}}]},"21":{"type":"branch","line":60,"loc":{"start":{"line":60,"column":24},"end":{"line":64,"column":6}},"locations":[{"start":{"line":60,"column":24},"end":{"line":64,"column":6}}]},"22":{"type":"branch","line":67,"loc":{"start":{"line":67,"column":17},"end":{"line":67,"column":30}},"locations":[{"start":{"line":67,"column":17},"end":{"line":67,"column":30}}]},"23":{"type":"branch","line":82,"loc":{"start":{"line":82,"column":7},"end":{"line":205,"column":1}},"locations":[{"start":{"line":82,"column":7},"end":{"line":205,"column":1}}]},"24":{"type":"branch","line":87,"loc":{"start":{"line":87,"column":2},"end":{"line":104,"column":3}},"locations":[{"start":{"line":87,"column":2},"end":{"line":104,"column":3}}]},"25":{"type":"branch","line":90,"loc":{"start":{"line":90,"column":36},"end":{"line":100,"column":5}},"locations":[{"start":{"line":90,"column":36},"end":{"line":100,"column":5}}]},"26":{"type":"branch","line":88,"loc":{"start":{"line":88,"column":34},"end":{"line":88,"column":77}},"locations":[{"start":{"line":88,"column":34},"end":{"line":88,"column":77}}]},"27":{"type":"branch","line":91,"loc":{"start":{"line":91,"column":33},"end":{"line":99,"column":7}},"locations":[{"start":{"line":91,"column":33},"end":{"line":99,"column":7}}]},"28":{"type":"branch","line":102,"loc":{"start":{"line":102,"column":14},"end":{"line":102,"column":57}},"locations":[{"start":{"line":102,"column":14},"end":{"line":102,"column":57}}]},"29":{"type":"branch","line":107,"loc":{"start":{"line":107,"column":2},"end":{"line":109,"column":3}},"locations":[{"start":{"line":107,"column":2},"end":{"line":109,"column":3}}]},"30":{"type":"branch","line":117,"loc":{"start":{"line":117,"column":2},"end":{"line":119,"column":3}},"locations":[{"start":{"line":117,"column":2},"end":{"line":119,"column":3}}]},"31":{"type":"branch","line":118,"loc":{"start":{"line":118,"column":25},"end":{"line":118,"column":37}},"locations":[{"start":{"line":118,"column":25},"end":{"line":118,"column":37}}]},"32":{"type":"branch","line":118,"loc":{"start":{"line":118,"column":29},"end":{"line":118,"column":71}},"locations":[{"start":{"line":118,"column":29},"end":{"line":118,"column":71}}]},"33":{"type":"branch","line":118,"loc":{"start":{"line":118,"column":60},"end":{"line":118,"column":71}},"locations":[{"start":{"line":118,"column":60},"end":{"line":118,"column":71}}]},"34":{"type":"branch","line":125,"loc":{"start":{"line":125,"column":2},"end":{"line":132,"column":3}},"locations":[{"start":{"line":125,"column":2},"end":{"line":132,"column":3}}]},"35":{"type":"branch","line":127,"loc":{"start":{"line":127,"column":15},"end":{"line":129,"column":5}},"locations":[{"start":{"line":127,"column":15},"end":{"line":129,"column":5}}]},"36":{"type":"branch","line":129,"loc":{"start":{"line":129,"column":4},"end":{"line":131,"column":40}},"locations":[{"start":{"line":129,"column":4},"end":{"line":131,"column":40}}]},"37":{"type":"branch","line":131,"loc":{"start":{"line":131,"column":31},"end":{"line":131,"column":47}},"locations":[{"start":{"line":131,"column":31},"end":{"line":131,"column":47}}]},"38":{"type":"branch","line":131,"loc":{"start":{"line":131,"column":40},"end":{"line":131,"column":52}},"locations":[{"start":{"line":131,"column":40},"end":{"line":131,"column":52}}]},"39":{"type":"branch","line":139,"loc":{"start":{"line":139,"column":2},"end":{"line":158,"column":3}},"locations":[{"start":{"line":139,"column":2},"end":{"line":158,"column":3}}]},"40":{"type":"branch","line":140,"loc":{"start":{"line":140,"column":34},"end":{"line":142,"column":5}},"locations":[{"start":{"line":140,"column":34},"end":{"line":142,"column":5}}]},"41":{"type":"branch","line":142,"loc":{"start":{"line":142,"column":4},"end":{"line":144,"column":15}},"locations":[{"start":{"line":142,"column":4},"end":{"line":144,"column":15}}]},"42":{"type":"branch","line":144,"loc":{"start":{"line":144,"column":15},"end":{"line":146,"column":5}},"locations":[{"start":{"line":144,"column":15},"end":{"line":146,"column":5}}]},"43":{"type":"branch","line":146,"loc":{"start":{"line":146,"column":4},"end":{"line":148,"column":38}},"locations":[{"start":{"line":146,"column":4},"end":{"line":148,"column":38}}]},"44":{"type":"branch","line":148,"loc":{"start":{"line":148,"column":38},"end":{"line":152,"column":16}},"locations":[{"start":{"line":148,"column":38},"end":{"line":152,"column":16}}]},"45":{"type":"branch","line":152,"loc":{"start":{"line":152,"column":16},"end":{"line":154,"column":5}},"locations":[{"start":{"line":152,"column":16},"end":{"line":154,"column":5}}]},"46":{"type":"branch","line":154,"loc":{"start":{"line":154,"column":4},"end":{"line":157,"column":36}},"locations":[{"start":{"line":154,"column":4},"end":{"line":157,"column":36}}]},"47":{"type":"branch","line":157,"loc":{"start":{"line":157,"column":23},"end":{"line":157,"column":44}},"locations":[{"start":{"line":157,"column":23},"end":{"line":157,"column":44}}]},"48":{"type":"branch","line":157,"loc":{"start":{"line":157,"column":36},"end":{"line":157,"column":51}},"locations":[{"start":{"line":157,"column":36},"end":{"line":157,"column":51}}]},"49":{"type":"branch","line":161,"loc":{"start":{"line":161,"column":2},"end":{"line":165,"column":3}},"locations":[{"start":{"line":161,"column":2},"end":{"line":165,"column":3}}]},"50":{"type":"branch","line":163,"loc":{"start":{"line":163,"column":18},"end":{"line":163,"column":51}},"locations":[{"start":{"line":163,"column":18},"end":{"line":163,"column":51}}]},"51":{"type":"branch","line":163,"loc":{"start":{"line":163,"column":47},"end":{"line":163,"column":54}},"locations":[{"start":{"line":163,"column":47},"end":{"line":163,"column":54}}]},"52":{"type":"branch","line":172,"loc":{"start":{"line":172,"column":2},"end":{"line":187,"column":3}},"locations":[{"start":{"line":172,"column":2},"end":{"line":187,"column":3}}]},"53":{"type":"branch","line":173,"loc":{"start":{"line":173,"column":34},"end":{"line":175,"column":5}},"locations":[{"start":{"line":173,"column":34},"end":{"line":175,"column":5}}]},"54":{"type":"branch","line":175,"loc":{"start":{"line":175,"column":4},"end":{"line":177,"column":21}},"locations":[{"start":{"line":175,"column":4},"end":{"line":177,"column":21}}]},"55":{"type":"branch","line":177,"loc":{"start":{"line":177,"column":20},"end":{"line":180,"column":14}},"locations":[{"start":{"line":177,"column":20},"end":{"line":180,"column":14}}]},"56":{"type":"branch","line":178,"loc":{"start":{"line":178,"column":24},"end":{"line":179,"column":13}},"locations":[{"start":{"line":178,"column":24},"end":{"line":179,"column":13}}]},"57":{"type":"branch","line":179,"loc":{"start":{"line":179,"column":12},"end":{"line":180,"column":14}},"locations":[{"start":{"line":179,"column":12},"end":{"line":180,"column":14}}]},"58":{"type":"branch","line":180,"loc":{"start":{"line":180,"column":12},"end":{"line":181,"column":56}},"locations":[{"start":{"line":180,"column":12},"end":{"line":181,"column":56}}]},"59":{"type":"branch","line":181,"loc":{"start":{"line":181,"column":39},"end":{"line":181,"column":52}},"locations":[{"start":{"line":181,"column":39},"end":{"line":181,"column":52}}]},"60":{"type":"branch","line":181,"loc":{"start":{"line":181,"column":48},"end":{"line":181,"column":56}},"locations":[{"start":{"line":181,"column":48},"end":{"line":181,"column":56}}]},"61":{"type":"branch","line":182,"loc":{"start":{"line":182,"column":17},"end":{"line":182,"column":52}},"locations":[{"start":{"line":182,"column":17},"end":{"line":182,"column":52}}]},"62":{"type":"branch","line":182,"loc":{"start":{"line":182,"column":52},"end":{"line":184,"column":5}},"locations":[{"start":{"line":182,"column":52},"end":{"line":184,"column":5}}]},"63":{"type":"branch","line":184,"loc":{"start":{"line":184,"column":4},"end":{"line":186,"column":32}},"locations":[{"start":{"line":184,"column":4},"end":{"line":186,"column":32}}]},"64":{"type":"branch","line":190,"loc":{"start":{"line":190,"column":2},"end":{"line":204,"column":3}},"locations":[{"start":{"line":190,"column":2},"end":{"line":204,"column":3}}]},"65":{"type":"branch","line":194,"loc":{"start":{"line":194,"column":21},"end":{"line":202,"column":5}},"locations":[{"start":{"line":194,"column":21},"end":{"line":202,"column":5}}]},"66":{"type":"branch","line":196,"loc":{"start":{"line":196,"column":53},"end":{"line":199,"column":13}},"locations":[{"start":{"line":196,"column":53},"end":{"line":199,"column":13}}]},"67":{"type":"branch","line":199,"loc":{"start":{"line":199,"column":6},"end":{"line":201,"column":7}},"locations":[{"start":{"line":199,"column":6},"end":{"line":201,"column":7}}]}},"b":{"0":[9],"1":[26],"2":[26],"3":[10],"4":[10],"5":[29],"6":[0],"7":[29],"8":[29],"9":[10],"10":[19],"11":[34],"12":[25],"13":[25],"14":[9],"15":[0],"16":[24],"17":[10],"18":[67],"19":[26],"20":[75],"21":[64],"22":[29],"23":[21],"24":[21],"25":[34],"26":[16],"27":[93],"28":[75],"29":[14],"30":[5],"31":[2],"32":[3],"33":[0],"34":[5],"35":[1],"36":[4],"37":[3],"38":[1],"39":[9],"40":[2],"41":[7],"42":[1],"43":[6],"44":[3],"45":[2],"46":[1],"47":[0],"48":[1],"49":[4],"50":[3],"51":[1],"52":[6],"53":[1],"54":[5],"55":[2],"56":[1],"57":[1],"58":[3],"59":[2],"60":[1],"61":[4],"62":[2],"63":[3],"64":[12],"65":[32],"66":[17],"67":[15]},"fnMap":{"0":{"name":"splitText","decl":{"start":{"line":11,"column":18},"end":{"line":15,"column":33}},"loc":{"start":{"line":11,"column":18},"end":{"line":15,"column":33}},"line":11},"1":{"name":"interpolate","decl":{"start":{"line":22,"column":20},"end":{"line":40,"column":2}},"loc":{"start":{"line":22,"column":20},"end":{"line":40,"column":2}},"line":22},"2":{"name":"resolveWords","decl":{"start":{"line":48,"column":21},"end":{"line":70,"column":2}},"loc":{"start":{"line":48,"column":21},"end":{"line":70,"column":2}},"line":48},"3":{"name":"<instance_members_initializer>","decl":{"start":{"line":82,"column":7},"end":{"line":205,"column":1}},"loc":{"start":{"line":82,"column":7},"end":{"line":205,"column":1}},"line":82},"4":{"name":"WordCursor","decl":{"start":{"line":87,"column":2},"end":{"line":104,"column":3}},"loc":{"start":{"line":87,"column":2},"end":{"line":104,"column":3}},"line":87},"5":{"name":"get words","decl":{"start":{"line":107,"column":2},"end":{"line":109,"column":3}},"loc":{"start":{"line":107,"column":2},"end":{"line":109,"column":3}},"line":107},"6":{"name":"get currentIndex","decl":{"start":{"line":112,"column":2},"end":{"line":114,"column":3}},"loc":{"start":{"line":112,"column":2},"end":{"line":114,"column":3}},"line":112},"7":{"name":"current","decl":{"start":{"line":117,"column":2},"end":{"line":119,"column":3}},"loc":{"start":{"line":117,"column":2},"end":{"line":119,"column":3}},"line":117},"8":{"name":"currentWord","decl":{"start":{"line":125,"column":2},"end":{"line":132,"column":3}},"loc":{"start":{"line":125,"column":2},"end":{"line":132,"column":3}},"line":125},"9":{"name":"nearestWord","decl":{"start":{"line":139,"column":2},"end":{"line":158,"column":3}},"loc":{"start":{"line":139,"column":2},"end":{"line":158,"column":3}},"line":139},"10":{"name":"seek","decl":{"start":{"line":161,"column":2},"end":{"line":165,"column":3}},"loc":{"start":{"line":161,"column":2},"end":{"line":165,"column":3}},"line":161},"11":{"name":"jumpWord","decl":{"start":{"line":172,"column":2},"end":{"line":187,"column":3}},"loc":{"start":{"line":172,"column":2},"end":{"line":187,"column":3}},"line":172},"12":{"name":"#locate","decl":{"start":{"line":190,"column":2},"end":{"line":204,"column":3}},"loc":{"start":{"line":190,"column":2},"end":{"line":204,"column":3}},"line":190}},"f":{"0":9,"1":10,"2":34,"3":21,"4":21,"5":14,"6":0,"7":5,"8":5,"9":9,"10":4,"11":6,"12":12}}
,"D:\\02_Work\\external_repo\\kokomaya\\LLPlayer\\aurora-player\\packages\\timeline\\src\\word-step.ts": {"path":"D:\\02_Work\\external_repo\\kokomaya\\LLPlayer\\aurora-player\\packages\\timeline\\src\\word-step.ts","all":false,"statementMap":{"0":{"start":{"line":1,"column":0},"end":{"line":1,"column":76}},"27":{"start":{"line":28,"column":0},"end":{"line":28,"column":14}},"28":{"start":{"line":29,"column":0},"end":{"line":29,"column":28}},"29":{"start":{"line":30,"column":0},"end":{"line":30,"column":21}},"30":{"start":{"line":31,"column":0},"end":{"line":31,"column":27}},"31":{"start":{"line":32,"column":0},"end":{"line":32,"column":22}},"32":{"start":{"line":33,"column":0},"end":{"line":33,"column":29}},"33":{"start":{"line":34,"column":0},"end":{"line":34,"column":67}},"34":{"start":{"line":35,"column":0},"end":{"line":35,"column":3}},"35":{"start":{"line":36,"column":0},"end":{"line":36,"column":35}},"36":{"start":{"line":37,"column":0},"end":{"line":37,"column":26}},"37":{"start":{"line":38,"column":0},"end":{"line":38,"column":40}},"38":{"start":{"line":39,"column":0},"end":{"line":39,"column":12}},"39":{"start":{"line":40,"column":0},"end":{"line":40,"column":5}},"40":{"start":{"line":41,"column":0},"end":{"line":41,"column":14}},"41":{"start":{"line":42,"column":0},"end":{"line":42,"column":3}},"42":{"start":{"line":43,"column":0},"end":{"line":43,"column":15}},"43":{"start":{"line":44,"column":0},"end":{"line":44,"column":2}},"50":{"start":{"line":51,"column":0},"end":{"line":51,"column":25}},"51":{"start":{"line":52,"column":0},"end":{"line":52,"column":30}},"52":{"start":{"line":53,"column":0},"end":{"line":53,"column":21}},"53":{"start":{"line":54,"column":0},"end":{"line":54,"column":27}},"54":{"start":{"line":55,"column":0},"end":{"line":55,"column":23}},"55":{"start":{"line":56,"column":0},"end":{"line":56,"column":71}},"56":{"start":{"line":57,"column":0},"end":{"line":57,"column":21}},"57":{"start":{"line":58,"column":0},"end":{"line":58,"column":10}},"58":{"start":{"line":59,"column":0},"end":{"line":59,"column":75}},"59":{"start":{"line":60,"column":0},"end":{"line":60,"column":2}},"62":{"start":{"line":63,"column":0},"end":{"line":63,"column":31}},"63":{"start":{"line":64,"column":0},"end":{"line":64,"column":30}},"64":{"start":{"line":65,"column":0},"end":{"line":65,"column":21}},"65":{"start":{"line":66,"column":0},"end":{"line":66,"column":58}},"68":{"start":{"line":69,"column":0},"end":{"line":69,"column":31}},"69":{"start":{"line":70,"column":0},"end":{"line":70,"column":30}},"70":{"start":{"line":71,"column":0},"end":{"line":71,"column":21}},"71":{"start":{"line":72,"column":0},"end":{"line":72,"column":58}}},"s":{"0":1,"27":1,"28":11,"29":11,"30":11,"31":11,"32":11,"33":6,"34":6,"35":5,"36":11,"37":7,"38":4,"39":4,"40":3,"41":3,"42":5,"43":5,"50":1,"51":11,"52":11,"53":11,"54":11,"55":11,"56":11,"57":5,"58":6,"59":11,"62":1,"63":5,"64":5,"65":5,"68":1,"69":4,"70":4,"71":4},"branchMap":{"0":{"type":"branch","line":28,"loc":{"start":{"line":28,"column":13},"end":{"line":44,"column":2}},"locations":[{"start":{"line":28,"column":13},"end":{"line":44,"column":2}}]},"1":{"type":"branch","line":33,"loc":{"start":{"line":33,"column":28},"end":{"line":35,"column":3}},"locations":[{"start":{"line":33,"column":28},"end":{"line":35,"column":3}}]},"2":{"type":"branch","line":34,"loc":{"start":{"line":34,"column":57},"end":{"line":34,"column":67}},"locations":[{"start":{"line":34,"column":57},"end":{"line":34,"column":67}}]},"3":{"type":"branch","line":35,"loc":{"start":{"line":35,"column":2},"end":{"line":37,"column":25}},"locations":[{"start":{"line":35,"column":2},"end":{"line":37,"column":25}}]},"4":{"type":"branch","line":37,"loc":{"start":{"line":37,"column":25},"end":{"line":42,"column":3}},"locations":[{"start":{"line":37,"column":25},"end":{"line":42,"column":3}}]},"5":{"type":"branch","line":38,"loc":{"start":{"line":38,"column":39},"end":{"line":40,"column":5}},"locations":[{"start":{"line":38,"column":39},"end":{"line":40,"column":5}}]},"6":{"type":"branch","line":40,"loc":{"start":{"line":40,"column":4},"end":{"line":42,"column":3}},"locations":[{"start":{"line":40,"column":4},"end":{"line":42,"column":3}}]},"7":{"type":"branch","line":42,"loc":{"start":{"line":42,"column":2},"end":{"line":44,"column":2}},"locations":[{"start":{"line":42,"column":2},"end":{"line":44,"column":2}}]},"8":{"type":"branch","line":34,"loc":{"start":{"line":34,"column":22},"end":{"line":34,"column":57}},"locations":[{"start":{"line":34,"column":22},"end":{"line":34,"column":57}}]},"9":{"type":"branch","line":51,"loc":{"start":{"line":51,"column":24},"end":{"line":60,"column":2}},"locations":[{"start":{"line":51,"column":24},"end":{"line":60,"column":2}}]},"10":{"type":"branch","line":57,"loc":{"start":{"line":57,"column":17},"end":{"line":58,"column":10}},"locations":[{"start":{"line":57,"column":17},"end":{"line":58,"column":10}}]},"11":{"type":"branch","line":58,"loc":{"start":{"line":58,"column":6},"end":{"line":59,"column":75}},"locations":[{"start":{"line":58,"column":6},"end":{"line":59,"column":75}}]},"12":{"type":"branch","line":63,"loc":{"start":{"line":63,"column":30},"end":{"line":66,"column":58}},"locations":[{"start":{"line":63,"column":30},"end":{"line":66,"column":58}}]},"13":{"type":"branch","line":69,"loc":{"start":{"line":69,"column":30},"end":{"line":72,"column":58}},"locations":[{"start":{"line":69,"column":30},"end":{"line":72,"column":58}}]}},"b":{"0":[11],"1":[6],"2":[2],"3":[5],"4":[7],"5":[4],"6":[3],"7":[5],"8":[14],"9":[11],"10":[5],"11":[6],"12":[5],"13":[4]},"fnMap":{"0":{"name":"pick","decl":{"start":{"line":28,"column":13},"end":{"line":44,"column":2}},"loc":{"start":{"line":28,"column":13},"end":{"line":44,"column":2}},"line":28},"1":{"name":"wordSeek","decl":{"start":{"line":51,"column":24},"end":{"line":60,"column":2}},"loc":{"start":{"line":51,"column":24},"end":{"line":60,"column":2}},"line":51},"2":{"name":"nextWordSeekMs","decl":{"start":{"line":63,"column":30},"end":{"line":66,"column":58}},"loc":{"start":{"line":63,"column":30},"end":{"line":66,"column":58}},"line":63},"3":{"name":"prevWordSeekMs","decl":{"start":{"line":69,"column":30},"end":{"line":72,"column":58}},"loc":{"start":{"line":69,"column":30},"end":{"line":72,"column":58}},"line":69}},"f":{"0":11,"1":11,"2":5,"3":4}}
}
